<?xml version="1.0" encoding="UTF-8"?>
<!-- Generated by org.testng.reporters.JUnitXMLReporter -->
<testsuite hostname="swuni-QA-04" name="HGHWebApplicationTesting" tests="13" failures="0" timestamp="30 Mar 2016 07:04:39 GMT" time="465.156" errors="0">
  <testcase name="tc011_HGH_AccountsDashboard" time="9.378" classname="org.hgh.modules.HGHAccountDashboardModule"/>
  <testcase name="tc015_HGH_requestForQuote" time="16.091" classname="org.hgh.modules.HGHRequestForQuoteModule"/>
  <testcase name="TS_Login_001_TS_Login_006_TC_Login_001_TC_Login_002_TC_Login_024_TC_Login_025_TC_Login_026_TC_Login_027_HGH" time="6.924" classname="org.hgh.modules.HGHLoginModule"/>
  <testcase name="TS_ShoppingCart_001_TC_ShoppingCart_002_TC_ShoppingCart_019_TC_ShoppingCart_020_TC_ShoppingCart_021_HGH_signedUserAddingItemToCart" time="26.063" classname="org.hgh.modules.HGHShoppingCartModule"/>
  <testcase name="TS_ShoppingCart_002_TC_ShoppingCart_011_HGH_saveCart" time="53.402" classname="org.hgh.modules.HGHShoppingCartModule"/>
  <testcase name="tc013_HGH_cartFileUpload" time="65.859" classname="org.hgh.modules.HGHCartFileUploadModule"/>
  <testcase name="tc008_verifyHeaderAndFooter" time="1.304" classname="org.hgh.modules.HGHHomePageModule"/>
  <testcase name="tc007_HGH_MyProductGroupCreateAndDelete" time="34.561" classname="org.hgh.modules.HGHMyProductGroupModule"/>
  <testcase name="tc004_HGH_generalSearch" time="5.095" classname="org.hgh.modules.HGHProductDetailsModule"/>
  <testcase name="tc005_HGH_ListViewGridView" time="4.028" classname="org.hgh.modules.HGHProductListModule"/>
  <testcase name="tc006_HGH_ProductListPage" time="4.254" classname="org.hgh.modules.HGHProductListModule"/>
  <testcase name="tc009_compareFunctionality" time="7.444" classname="org.hgh.modules.HGHProductsCompareModule"/>
  <testcase name="tc014_HGH_quickOrderPad" time="16.241" classname="org.hgh.modules.HGHQuickOrderPadModule"/>
</testsuite> <!-- HGHWebApplicationTesting -->
