<?xml version="1.0" encoding="UTF-8"?>
<!-- Generated by org.testng.reporters.JUnitXMLReporter -->
<testsuite hostname="swuni-QA-04" name="SmokeTesting" tests="13" failures="0" timestamp="21 Mar 2016 10:15:37 GMT" time="240.134" errors="0">
  <testcase name="tc002_HGH_login" time="7.152" classname="org.hgh.testmethods.HGHTestCustomer"/>
  <testcase name="tc004_HGH_generalSearch" time="7.93" classname="org.hgh.testmethods.HGHTestCustomer"/>
  <testcase name="tc005_HGH_ListViewGridView" time="2.097" classname="org.hgh.testmethods.HGHTestCustomer"/>
  <testcase name="tc006_HGH_ProductListPage" time="3.074" classname="org.hgh.testmethods.HGHTestCustomer"/>
  <testcase name="tc007_HGH_MyProductGroupCreateAndDelete" time="25.609" classname="org.hgh.testmethods.HGHTestCustomer"/>
  <testcase name="tc008_verifyHeaderAndFooter" time="1.389" classname="org.hgh.testmethods.HGHTestCustomer"/>
  <testcase name="tc009_compareFunctionality" time="3.994" classname="org.hgh.testmethods.HGHTestCustomer"/>
  <testcase name="tc010_HGH_saveCart" time="49.27" classname="org.hgh.testmethods.HGHTestCustomer"/>
  <testcase name="tc011_HGH_AccountsDashboard" time="6.926" classname="org.hgh.testmethods.HGHTestCustomer"/>
  <testcase name="tc012_HGH_shoppingCartPage" time="15.807" classname="org.hgh.testmethods.HGHTestCustomer"/>
  <testcase name="tc013_HGH_cartFileUpload" time="36.628" classname="org.hgh.testmethods.HGHTestCustomer"/>
  <testcase name="tc014_HGH_quickOrderPad" time="9.783" classname="org.hgh.testmethods.HGHTestCustomer"/>
  <testcase name="tc015_HGH_requestForQuote" time="17.822" classname="org.hgh.testmethods.HGHTestCustomer"/>
</testsuite> <!-- SmokeTesting -->
