<?xml version="1.0" encoding="UTF-8"?>
<!-- Generated by org.testng.reporters.JUnitXMLReporter -->
<testsuite hostname="BlaBlaBla" name="Default test" tests="2" failures="0" timestamp="26 Feb 2016 10:39:01 GMT" time="19.184" errors="0">
  <testcase name="tc001_collective_login" time="3.653" classname="org.collective.testmethods.CollectiveSmokeTestCustomer"/>
  <testcase name="tc001_collective_login" time="2.996" classname="org.collective.testmethods.CollectiveSmokeTestCustomer"/>
</testsuite> <!-- Default test -->
