<?xml version="1.0" encoding="UTF-8"?>
<!-- Generated by org.testng.reporters.JUnitXMLReporter -->
<testsuite hostname="BlaBlaBla" name="SmokeTesting" tests="3" failures="1" timestamp="4 Mar 2016 10:08:21 GMT" time="14.091" errors="0">
  <testcase name="tc001_collective_login" time="0.32" classname="org.collective.testmethods.CollectiveSmokeTestCustomer"/>
  <testcase name="tc001_collective_login" time="0.528" classname="org.collective.testmethods.CollectiveSmokeTestCustomer"/>
  <testcase name="tc001_collective_login" time="5.729" classname="org.collective.testmethods.CollectiveSmokeTestCustomer">
    <failure type="org.openqa.selenium.TimeoutException" message="Timed out after 5 seconds waiting for visibility of [[ChromeDriver: chrome on WIN8_1 (eec08acf477691e97fa3c9d7b655778d)] -&amp;gt; xpath: //button[@class=&amp;apos;lsb&amp;apos;]]
Build info: version: &amp;apos;2.44.0&amp;apos;, revision: &amp;apos;76d78cf323ce037c5f92db6c1bba601c2ac43ad8&amp;apos;, time: &amp;apos;2014-10-23 13:11:40&amp;apos;
System info: host: &amp;apos;BlaBlaBla&amp;apos;, ip: &amp;apos;192.168.2.2&amp;apos;, os.name: &amp;apos;Windows 8.1&amp;apos;, os.arch: &amp;apos;amd64&amp;apos;, os.version: &amp;apos;6.3&amp;apos;, java.version: &amp;apos;1.8.0_20&amp;apos;
Driver info: org.openqa.selenium.chrome.ChromeDriver
Capabilities [{applicationCacheEnabled=false, rotatable=false, mobileEmulationEnabled=false, chrome={userDataDir=C:\Users\Hemanth\AppData\Local\Temp\scoped_dir3604_23840}, takesHeapSnapshot=true, databaseEnabled=false, handlesAlerts=true, hasTouchScreen=false, version=48.0.2564.116, platform=WIN8_1, browserConnectionEnabled=false, nativeEvents=true, acceptSslCerts=true, locationContextEnabled=true, webStorageEnabled=true, browserName=chrome, takesScreenshot=true, javascriptEnabled=true, cssSelectorsEnabled=true}]
Session ID: eec08acf477691e97fa3c9d7b655778d">
      <![CDATA[org.openqa.selenium.TimeoutException: Timed out after 5 seconds waiting for visibility of [[ChromeDriver: chrome on WIN8_1 (eec08acf477691e97fa3c9d7b655778d)] -> xpath: //button[@class='lsb']]
Build info: version: '2.44.0', revision: '76d78cf323ce037c5f92db6c1bba601c2ac43ad8', time: '2014-10-23 13:11:40'
System info: host: 'BlaBlaBla', ip: '192.168.2.2', os.name: 'Windows 8.1', os.arch: 'amd64', os.version: '6.3', java.version: '1.8.0_20'
Driver info: org.openqa.selenium.chrome.ChromeDriver
Capabilities [{applicationCacheEnabled=false, rotatable=false, mobileEmulationEnabled=false, chrome={userDataDir=C:\Users\Hemanth\AppData\Local\Temp\scoped_dir3604_23840}, takesHeapSnapshot=true, databaseEnabled=false, handlesAlerts=true, hasTouchScreen=false, version=48.0.2564.116, platform=WIN8_1, browserConnectionEnabled=false, nativeEvents=true, acceptSslCerts=true, locationContextEnabled=true, webStorageEnabled=true, browserName=chrome, takesScreenshot=true, javascriptEnabled=true, cssSelectorsEnabled=true}]
Session ID: eec08acf477691e97fa3c9d7b655778d
	at org.openqa.selenium.support.ui.WebDriverWait.timeoutException(WebDriverWait.java:79)
	at org.openqa.selenium.support.ui.FluentWait.until(FluentWait.java:228)
	at org.collective.utils.Waiting.explicitWaitVisibilityOfElement(Waiting.java:36)
	at org.collective.customer.pageobjects.CollectiveHomePageObjects.verifyButton(CollectiveHomePageObjects.java:130)
	at org.collective.testmethods.CollectiveSmokeTestCustomer.tc001_collective_login(CollectiveSmokeTestCustomer.java:20)
... Removed 24 stack frames]]>
    </failure>
  </testcase> <!-- tc001_collective_login -->
</testsuite> <!-- SmokeTesting -->
