<?xml version="1.0" encoding="UTF-8"?>
<!-- Generated by org.testng.reporters.JUnitXMLReporter -->
<testsuite hostname="codebrahma" name="SmokeTesting" tests="23" failures="1" timestamp="17 Dec 2015 07:27:34 GMT" time="4.623" errors="0">
  <testcase name="@AfterMethod takeScreenshot" time="0.0" classname="org.collective.testmethods.CollectiveSanityTestCustomer">
    <failure type="org.openqa.selenium.NoSuchWindowException" message="no such window: target window already closed
from unknown error: web view not found
  (Session info: chrome=47.0.2526.80)
  (Driver info: chromedriver=2.20.353145 (343b531d31eeb933ec778dbcf7081628a1396067),platform=Windows NT 6.3 x86_64) (WARNING: The server did not provide any stacktrace information)
Command duration or timeout: 7 milliseconds
Build info: version: &amp;apos;2.44.0&amp;apos;, revision: &amp;apos;76d78cf323ce037c5f92db6c1bba601c2ac43ad8&amp;apos;, time: &amp;apos;2014-10-23 13:11:40&amp;apos;
System info: host: &amp;apos;codebrahma&amp;apos;, ip: &amp;apos;192.168.56.1&amp;apos;, os.name: &amp;apos;Windows 8.1&amp;apos;, os.arch: &amp;apos;amd64&amp;apos;, os.version: &amp;apos;6.3&amp;apos;, java.version: &amp;apos;1.8.0_60&amp;apos;
Driver info: org.openqa.selenium.chrome.ChromeDriver
Capabilities [{applicationCacheEnabled=false, rotatable=false, mobileEmulationEnabled=false, chrome={userDataDir=C:\Users\codeb\AppData\Local\Temp\scoped_dir8584_11011}, takesHeapSnapshot=true, databaseEnabled=false, handlesAlerts=true, hasTouchScreen=false, version=47.0.2526.80, platform=WIN8_1, browserConnectionEnabled=false, nativeEvents=true, acceptSslCerts=true, locationContextEnabled=true, webStorageEnabled=true, browserName=chrome, takesScreenshot=true, javascriptEnabled=true, cssSelectorsEnabled=true}]
Session ID: e45cd6cfa171cdfc8d39ac6b65fa4950">
      <![CDATA[org.openqa.selenium.NoSuchWindowException: no such window: target window already closed
from unknown error: web view not found
  (Session info: chrome=47.0.2526.80)
  (Driver info: chromedriver=2.20.353145 (343b531d31eeb933ec778dbcf7081628a1396067),platform=Windows NT 6.3 x86_64) (WARNING: The server did not provide any stacktrace information)
Command duration or timeout: 7 milliseconds
Build info: version: '2.44.0', revision: '76d78cf323ce037c5f92db6c1bba601c2ac43ad8', time: '2014-10-23 13:11:40'
System info: host: 'codebrahma', ip: '192.168.56.1', os.name: 'Windows 8.1', os.arch: 'amd64', os.version: '6.3', java.version: '1.8.0_60'
Driver info: org.openqa.selenium.chrome.ChromeDriver
Capabilities [{applicationCacheEnabled=false, rotatable=false, mobileEmulationEnabled=false, chrome={userDataDir=C:\Users\codeb\AppData\Local\Temp\scoped_dir8584_11011}, takesHeapSnapshot=true, databaseEnabled=false, handlesAlerts=true, hasTouchScreen=false, version=47.0.2526.80, platform=WIN8_1, browserConnectionEnabled=false, nativeEvents=true, acceptSslCerts=true, locationContextEnabled=true, webStorageEnabled=true, browserName=chrome, takesScreenshot=true, javascriptEnabled=true, cssSelectorsEnabled=true}]
Session ID: e45cd6cfa171cdfc8d39ac6b65fa4950
	at org.openqa.selenium.remote.ErrorHandler.createThrowable(ErrorHandler.java:204)
	at org.openqa.selenium.remote.ErrorHandler.throwIfResponseFailed(ErrorHandler.java:156)
	at org.openqa.selenium.remote.RemoteWebDriver.execute(RemoteWebDriver.java:599)
	at org.openqa.selenium.remote.RemoteWebDriver.execute(RemoteWebDriver.java:614)
	at org.openqa.selenium.remote.RemoteWebDriver.getScreenshotAs(RemoteWebDriver.java:324)
	at org.collective.utils.Screenshot.captureScreenShot(Screenshot.java:20)
	at org.collective.maincontroller.MainController.takeScreenshot(MainController.java:128)
... Removed 30 stack frames]]>
    </failure>
  </testcase> <!-- @AfterMethod takeScreenshot -->
  <testcase name="@BeforeMethod checkForLogin" time="0.0" classname="org.collective.testmethods.CollectiveSanityTestCustomer">
    <skipped/>
  </testcase> <!-- @BeforeMethod checkForLogin -->
  <testcase name="@BeforeMethod setUp" time="0.0" classname="org.collective.testmethods.CollectiveSanityTestCustomer">
    <skipped/>
  </testcase> <!-- @BeforeMethod setUp -->
  <testcase name="@AfterMethod checkForAdminLogout" time="0.0" classname="org.collective.testmethods.CollectiveSanityTestCustomer">
    <skipped/>
  </testcase> <!-- @AfterMethod checkForAdminLogout -->
  <testcase name="@AfterMethod takeScreenshot" time="0.0" classname="org.collective.testmethods.CollectiveSanityTestCustomer">
    <skipped/>
  </testcase> <!-- @AfterMethod takeScreenshot -->
  <testcase name="@BeforeMethod checkForLogin" time="0.0" classname="org.collective.testmethods.CollectiveSanityTestCustomer">
    <skipped/>
  </testcase> <!-- @BeforeMethod checkForLogin -->
  <testcase name="@BeforeMethod setUp" time="0.0" classname="org.collective.testmethods.CollectiveSanityTestCustomer">
    <skipped/>
  </testcase> <!-- @BeforeMethod setUp -->
  <testcase name="@AfterMethod checkForAdminLogout" time="0.0" classname="org.collective.testmethods.CollectiveSanityTestCustomer">
    <skipped/>
  </testcase> <!-- @AfterMethod checkForAdminLogout -->
  <testcase name="@AfterMethod takeScreenshot" time="0.0" classname="org.collective.testmethods.CollectiveSanityTestCustomer">
    <skipped/>
  </testcase> <!-- @AfterMethod takeScreenshot -->
  <testcase name="@BeforeMethod checkForLogin" time="0.0" classname="org.collective.testmethods.CollectiveSanityTestCustomer">
    <skipped/>
  </testcase> <!-- @BeforeMethod checkForLogin -->
  <testcase name="@BeforeMethod setUp" time="0.0" classname="org.collective.testmethods.CollectiveSanityTestCustomer">
    <skipped/>
  </testcase> <!-- @BeforeMethod setUp -->
  <testcase name="@AfterMethod checkForAdminLogout" time="0.0" classname="org.collective.testmethods.CollectiveSanityTestCustomer">
    <skipped/>
  </testcase> <!-- @AfterMethod checkForAdminLogout -->
  <testcase name="@AfterMethod takeScreenshot" time="0.0" classname="org.collective.testmethods.CollectiveSanityTestCustomer">
    <skipped/>
  </testcase> <!-- @AfterMethod takeScreenshot -->
  <testcase name="@BeforeMethod checkForLogin" time="0.0" classname="org.collective.testmethods.CollectiveSanityTestCustomer">
    <skipped/>
  </testcase> <!-- @BeforeMethod checkForLogin -->
  <testcase name="@BeforeMethod setUp" time="0.0" classname="org.collective.testmethods.CollectiveSanityTestCustomer">
    <skipped/>
  </testcase> <!-- @BeforeMethod setUp -->
  <testcase name="@AfterMethod checkForAdminLogout" time="0.0" classname="org.collective.testmethods.CollectiveSanityTestCustomer">
    <skipped/>
  </testcase> <!-- @AfterMethod checkForAdminLogout -->
  <testcase name="@AfterMethod takeScreenshot" time="0.0" classname="org.collective.testmethods.CollectiveSanityTestCustomer">
    <skipped/>
  </testcase> <!-- @AfterMethod takeScreenshot -->
  <testcase name="@BeforeMethod checkForLogin" time="0.0" classname="org.collective.testmethods.CollectiveSanityTestCustomer">
    <skipped/>
  </testcase> <!-- @BeforeMethod checkForLogin -->
  <testcase name="@BeforeMethod setUp" time="0.0" classname="org.collective.testmethods.CollectiveSanityTestCustomer">
    <skipped/>
  </testcase> <!-- @BeforeMethod setUp -->
  <testcase name="@AfterMethod checkForAdminLogout" time="0.0" classname="org.collective.testmethods.CollectiveSanityTestCustomer">
    <skipped/>
  </testcase> <!-- @AfterMethod checkForAdminLogout -->
  <testcase name="@AfterMethod takeScreenshot" time="0.0" classname="org.collective.testmethods.CollectiveSanityTestCustomer">
    <skipped/>
  </testcase> <!-- @AfterMethod takeScreenshot -->
  <testcase name="@BeforeMethod checkForLogin" time="0.0" classname="org.collective.testmethods.CollectiveSanityTestCustomer">
    <skipped/>
  </testcase> <!-- @BeforeMethod checkForLogin -->
  <testcase name="@BeforeMethod setUp" time="0.0" classname="org.collective.testmethods.CollectiveSanityTestCustomer">
    <skipped/>
  </testcase> <!-- @BeforeMethod setUp -->
  <testcase name="@AfterMethod checkForAdminLogout" time="0.0" classname="org.collective.testmethods.CollectiveSanityTestCustomer">
    <skipped/>
  </testcase> <!-- @AfterMethod checkForAdminLogout -->
  <testcase name="@AfterMethod takeScreenshot" time="0.0" classname="org.collective.testmethods.CollectiveSanityTestCustomer">
    <skipped/>
  </testcase> <!-- @AfterMethod takeScreenshot -->
  <testcase name="@BeforeMethod checkForLogin" time="0.0" classname="org.collective.testmethods.CollectiveSanityTestCustomer">
    <skipped/>
  </testcase> <!-- @BeforeMethod checkForLogin -->
  <testcase name="@BeforeMethod setUp" time="0.0" classname="org.collective.testmethods.CollectiveSanityTestCustomer">
    <skipped/>
  </testcase> <!-- @BeforeMethod setUp -->
  <testcase name="@AfterMethod checkForAdminLogout" time="0.0" classname="org.collective.testmethods.CollectiveSanityTestCustomer">
    <skipped/>
  </testcase> <!-- @AfterMethod checkForAdminLogout -->
  <testcase name="@AfterMethod takeScreenshot" time="0.0" classname="org.collective.testmethods.CollectiveSanityTestCustomer">
    <skipped/>
  </testcase> <!-- @AfterMethod takeScreenshot -->
  <testcase name="@BeforeMethod checkForLogin" time="0.0" classname="org.collective.testmethods.CollectiveSanityTestCustomer">
    <skipped/>
  </testcase> <!-- @BeforeMethod checkForLogin -->
  <testcase name="@BeforeMethod setUp" time="0.0" classname="org.collective.testmethods.CollectiveSanityTestCustomer">
    <skipped/>
  </testcase> <!-- @BeforeMethod setUp -->
  <testcase name="@AfterMethod checkForAdminLogout" time="0.0" classname="org.collective.testmethods.CollectiveSanityTestCustomer">
    <skipped/>
  </testcase> <!-- @AfterMethod checkForAdminLogout -->
  <testcase name="@AfterMethod takeScreenshot" time="0.0" classname="org.collective.testmethods.CollectiveSanityTestCustomer">
    <skipped/>
  </testcase> <!-- @AfterMethod takeScreenshot -->
  <testcase name="@BeforeMethod checkForLogin" time="0.0" classname="org.collective.testmethods.CollectiveSanityTestCustomer">
    <skipped/>
  </testcase> <!-- @BeforeMethod checkForLogin -->
  <testcase name="@BeforeMethod setUp" time="0.0" classname="org.collective.testmethods.CollectiveSanityTestCustomer">
    <skipped/>
  </testcase> <!-- @BeforeMethod setUp -->
  <testcase name="@AfterMethod checkForAdminLogout" time="0.0" classname="org.collective.testmethods.CollectiveSanityTestCustomer">
    <skipped/>
  </testcase> <!-- @AfterMethod checkForAdminLogout -->
  <testcase name="@AfterMethod takeScreenshot" time="0.0" classname="org.collective.testmethods.CollectiveSanityTestCustomer">
    <skipped/>
  </testcase> <!-- @AfterMethod takeScreenshot -->
  <testcase name="@BeforeMethod checkForLogin" time="0.0" classname="org.collective.testmethods.CollectiveSanityTestCustomer">
    <skipped/>
  </testcase> <!-- @BeforeMethod checkForLogin -->
  <testcase name="@BeforeMethod setUp" time="0.0" classname="org.collective.testmethods.CollectiveSanityTestCustomer">
    <skipped/>
  </testcase> <!-- @BeforeMethod setUp -->
  <testcase name="@AfterMethod checkForAdminLogout" time="0.0" classname="org.collective.testmethods.CollectiveSanityTestCustomer">
    <skipped/>
  </testcase> <!-- @AfterMethod checkForAdminLogout -->
  <testcase name="@AfterMethod takeScreenshot" time="0.0" classname="org.collective.testmethods.CollectiveSanityTestCustomer">
    <skipped/>
  </testcase> <!-- @AfterMethod takeScreenshot -->
  <testcase name="@BeforeMethod checkForLogin" time="0.0" classname="org.collective.testmethods.CollectiveSanityTestAdmin">
    <skipped/>
  </testcase> <!-- @BeforeMethod checkForLogin -->
  <testcase name="@BeforeMethod setUp" time="0.0" classname="org.collective.testmethods.CollectiveSanityTestAdmin">
    <skipped/>
  </testcase> <!-- @BeforeMethod setUp -->
  <testcase name="@AfterMethod checkForAdminLogout" time="0.0" classname="org.collective.testmethods.CollectiveSanityTestAdmin">
    <skipped/>
  </testcase> <!-- @AfterMethod checkForAdminLogout -->
  <testcase name="@AfterMethod takeScreenshot" time="0.0" classname="org.collective.testmethods.CollectiveSanityTestAdmin">
    <skipped/>
  </testcase> <!-- @AfterMethod takeScreenshot -->
  <testcase name="@BeforeMethod checkForLogin" time="0.0" classname="org.collective.testmethods.CollectiveSanityTestAdmin">
    <skipped/>
  </testcase> <!-- @BeforeMethod checkForLogin -->
  <testcase name="@BeforeMethod setUp" time="0.0" classname="org.collective.testmethods.CollectiveSanityTestAdmin">
    <skipped/>
  </testcase> <!-- @BeforeMethod setUp -->
  <testcase name="@AfterMethod checkForAdminLogout" time="0.0" classname="org.collective.testmethods.CollectiveSanityTestAdmin">
    <skipped/>
  </testcase> <!-- @AfterMethod checkForAdminLogout -->
  <testcase name="@AfterMethod takeScreenshot" time="0.0" classname="org.collective.testmethods.CollectiveSanityTestAdmin">
    <skipped/>
  </testcase> <!-- @AfterMethod takeScreenshot -->
  <testcase name="@BeforeMethod checkForLogin" time="0.0" classname="org.collective.testmethods.CollectiveSanityTestAdmin">
    <skipped/>
  </testcase> <!-- @BeforeMethod checkForLogin -->
  <testcase name="@BeforeMethod setUp" time="0.0" classname="org.collective.testmethods.CollectiveSanityTestAdmin">
    <skipped/>
  </testcase> <!-- @BeforeMethod setUp -->
  <testcase name="@AfterMethod checkForAdminLogout" time="0.0" classname="org.collective.testmethods.CollectiveSanityTestAdmin">
    <skipped/>
  </testcase> <!-- @AfterMethod checkForAdminLogout -->
  <testcase name="@AfterMethod takeScreenshot" time="0.0" classname="org.collective.testmethods.CollectiveSanityTestAdmin">
    <skipped/>
  </testcase> <!-- @AfterMethod takeScreenshot -->
  <testcase name="@BeforeMethod checkForLogin" time="0.0" classname="org.collective.testmethods.CollectiveSanityTestAdmin">
    <skipped/>
  </testcase> <!-- @BeforeMethod checkForLogin -->
  <testcase name="@BeforeMethod setUp" time="0.0" classname="org.collective.testmethods.CollectiveSanityTestAdmin">
    <skipped/>
  </testcase> <!-- @BeforeMethod setUp -->
  <testcase name="@AfterMethod checkForAdminLogout" time="0.0" classname="org.collective.testmethods.CollectiveSanityTestAdmin">
    <skipped/>
  </testcase> <!-- @AfterMethod checkForAdminLogout -->
  <testcase name="@AfterMethod takeScreenshot" time="0.0" classname="org.collective.testmethods.CollectiveSanityTestAdmin">
    <skipped/>
  </testcase> <!-- @AfterMethod takeScreenshot -->
  <testcase name="@BeforeMethod checkForLogin" time="0.0" classname="org.collective.testmethods.CollectiveSanityTestAdmin">
    <skipped/>
  </testcase> <!-- @BeforeMethod checkForLogin -->
  <testcase name="@BeforeMethod setUp" time="0.0" classname="org.collective.testmethods.CollectiveSanityTestAdmin">
    <skipped/>
  </testcase> <!-- @BeforeMethod setUp -->
  <testcase name="@AfterMethod checkForAdminLogout" time="0.0" classname="org.collective.testmethods.CollectiveSanityTestAdmin">
    <skipped/>
  </testcase> <!-- @AfterMethod checkForAdminLogout -->
  <testcase name="@AfterMethod takeScreenshot" time="0.0" classname="org.collective.testmethods.CollectiveSanityTestAdmin">
    <skipped/>
  </testcase> <!-- @AfterMethod takeScreenshot -->
  <testcase name="@BeforeMethod checkForLogin" time="0.0" classname="org.collective.testmethods.CollectiveSanityTestAdmin">
    <skipped/>
  </testcase> <!-- @BeforeMethod checkForLogin -->
  <testcase name="@BeforeMethod setUp" time="0.0" classname="org.collective.testmethods.CollectiveSanityTestAdmin">
    <skipped/>
  </testcase> <!-- @BeforeMethod setUp -->
  <testcase name="@AfterMethod checkForAdminLogout" time="0.0" classname="org.collective.testmethods.CollectiveSanityTestAdmin">
    <skipped/>
  </testcase> <!-- @AfterMethod checkForAdminLogout -->
  <testcase name="@AfterMethod takeScreenshot" time="0.0" classname="org.collective.testmethods.CollectiveSanityTestAdmin">
    <skipped/>
  </testcase> <!-- @AfterMethod takeScreenshot -->
  <testcase name="@BeforeMethod checkForLogin" time="0.0" classname="org.collective.testmethods.CollectiveSanityTestAdmin">
    <skipped/>
  </testcase> <!-- @BeforeMethod checkForLogin -->
  <testcase name="@BeforeMethod setUp" time="0.0" classname="org.collective.testmethods.CollectiveSanityTestAdmin">
    <skipped/>
  </testcase> <!-- @BeforeMethod setUp -->
  <testcase name="@AfterMethod checkForAdminLogout" time="0.0" classname="org.collective.testmethods.CollectiveSanityTestAdmin">
    <skipped/>
  </testcase> <!-- @AfterMethod checkForAdminLogout -->
  <testcase name="@AfterMethod takeScreenshot" time="0.0" classname="org.collective.testmethods.CollectiveSanityTestAdmin">
    <skipped/>
  </testcase> <!-- @AfterMethod takeScreenshot -->
  <testcase name="@BeforeMethod checkForLogin" time="0.0" classname="org.collective.testmethods.CollectiveSanityTestAdmin">
    <skipped/>
  </testcase> <!-- @BeforeMethod checkForLogin -->
  <testcase name="@BeforeMethod setUp" time="0.0" classname="org.collective.testmethods.CollectiveSanityTestAdmin">
    <skipped/>
  </testcase> <!-- @BeforeMethod setUp -->
  <testcase name="@AfterMethod checkForAdminLogout" time="0.0" classname="org.collective.testmethods.CollectiveSanityTestAdmin">
    <skipped/>
  </testcase> <!-- @AfterMethod checkForAdminLogout -->
  <testcase name="@AfterMethod takeScreenshot" time="0.0" classname="org.collective.testmethods.CollectiveSanityTestAdmin">
    <skipped/>
  </testcase> <!-- @AfterMethod takeScreenshot -->
  <testcase name="@BeforeMethod checkForLogin" time="0.0" classname="org.collective.testmethods.CollectiveSanityTestAdmin">
    <skipped/>
  </testcase> <!-- @BeforeMethod checkForLogin -->
  <testcase name="@BeforeMethod setUp" time="0.0" classname="org.collective.testmethods.CollectiveSanityTestAdmin">
    <skipped/>
  </testcase> <!-- @BeforeMethod setUp -->
  <testcase name="@AfterMethod checkForAdminLogout" time="0.0" classname="org.collective.testmethods.CollectiveSanityTestAdmin">
    <skipped/>
  </testcase> <!-- @AfterMethod checkForAdminLogout -->
  <testcase name="@AfterMethod takeScreenshot" time="0.0" classname="org.collective.testmethods.CollectiveSanityTestAdmin">
    <skipped/>
  </testcase> <!-- @AfterMethod takeScreenshot -->
  <testcase name="@BeforeMethod checkForLogin" time="0.0" classname="org.collective.testmethods.CollectiveSanityTestAdmin">
    <skipped/>
  </testcase> <!-- @BeforeMethod checkForLogin -->
  <testcase name="@BeforeMethod setUp" time="0.0" classname="org.collective.testmethods.CollectiveSanityTestAdmin">
    <skipped/>
  </testcase> <!-- @BeforeMethod setUp -->
  <testcase name="@AfterMethod checkForAdminLogout" time="0.0" classname="org.collective.testmethods.CollectiveSanityTestAdmin">
    <skipped/>
  </testcase> <!-- @AfterMethod checkForAdminLogout -->
  <testcase name="@AfterMethod takeScreenshot" time="0.0" classname="org.collective.testmethods.CollectiveSanityTestAdmin">
    <skipped/>
  </testcase> <!-- @AfterMethod takeScreenshot -->
  <testcase name="@BeforeMethod checkForLogin" time="0.0" classname="org.collective.testmethods.CollectiveSanityTestAdmin">
    <skipped/>
  </testcase> <!-- @BeforeMethod checkForLogin -->
  <testcase name="@BeforeMethod setUp" time="0.0" classname="org.collective.testmethods.CollectiveSanityTestAdmin">
    <skipped/>
  </testcase> <!-- @BeforeMethod setUp -->
  <testcase name="@AfterMethod checkForAdminLogout" time="0.0" classname="org.collective.testmethods.CollectiveSanityTestAdmin">
    <skipped/>
  </testcase> <!-- @AfterMethod checkForAdminLogout -->
  <testcase name="@AfterMethod takeScreenshot" time="0.0" classname="org.collective.testmethods.CollectiveSanityTestAdmin">
    <skipped/>
  </testcase> <!-- @AfterMethod takeScreenshot -->
  <testcase name="@BeforeMethod checkForLogin" time="0.0" classname="org.collective.testmethods.CollectiveSanityTestAdmin">
    <skipped/>
  </testcase> <!-- @BeforeMethod checkForLogin -->
  <testcase name="@BeforeMethod setUp" time="0.0" classname="org.collective.testmethods.CollectiveSanityTestAdmin">
    <skipped/>
  </testcase> <!-- @BeforeMethod setUp -->
  <testcase name="@AfterMethod checkForAdminLogout" time="0.0" classname="org.collective.testmethods.CollectiveSanityTestAdmin">
    <skipped/>
  </testcase> <!-- @AfterMethod checkForAdminLogout -->
  <testcase name="@AfterMethod takeScreenshot" time="0.0" classname="org.collective.testmethods.CollectiveSanityTestAdmin">
    <skipped/>
  </testcase> <!-- @AfterMethod takeScreenshot -->
  <testcase name="tc001_collective_signup" time="0.09" classname="org.collective.testmethods.CollectiveSanityTestCustomer">
    <failure type="org.openqa.selenium.NoSuchWindowException" message="no such window: target window already closed
from unknown error: web view not found
  (Session info: chrome=47.0.2526.80)
  (Driver info: chromedriver=2.20.353145 (343b531d31eeb933ec778dbcf7081628a1396067),platform=Windows NT 6.3 x86_64) (WARNING: The server did not provide any stacktrace information)
Command duration or timeout: 18 milliseconds
Build info: version: &amp;apos;2.44.0&amp;apos;, revision: &amp;apos;76d78cf323ce037c5f92db6c1bba601c2ac43ad8&amp;apos;, time: &amp;apos;2014-10-23 13:11:40&amp;apos;
System info: host: &amp;apos;codebrahma&amp;apos;, ip: &amp;apos;192.168.56.1&amp;apos;, os.name: &amp;apos;Windows 8.1&amp;apos;, os.arch: &amp;apos;amd64&amp;apos;, os.version: &amp;apos;6.3&amp;apos;, java.version: &amp;apos;1.8.0_60&amp;apos;
Driver info: org.openqa.selenium.chrome.ChromeDriver
Capabilities [{applicationCacheEnabled=false, rotatable=false, mobileEmulationEnabled=false, chrome={userDataDir=C:\Users\codeb\AppData\Local\Temp\scoped_dir8584_11011}, takesHeapSnapshot=true, databaseEnabled=false, handlesAlerts=true, hasTouchScreen=false, version=47.0.2526.80, platform=WIN8_1, browserConnectionEnabled=false, nativeEvents=true, acceptSslCerts=true, locationContextEnabled=true, webStorageEnabled=true, browserName=chrome, takesScreenshot=true, javascriptEnabled=true, cssSelectorsEnabled=true}]
Session ID: e45cd6cfa171cdfc8d39ac6b65fa4950">
      <![CDATA[org.openqa.selenium.NoSuchWindowException: no such window: target window already closed
from unknown error: web view not found
  (Session info: chrome=47.0.2526.80)
  (Driver info: chromedriver=2.20.353145 (343b531d31eeb933ec778dbcf7081628a1396067),platform=Windows NT 6.3 x86_64) (WARNING: The server did not provide any stacktrace information)
Command duration or timeout: 18 milliseconds
Build info: version: '2.44.0', revision: '76d78cf323ce037c5f92db6c1bba601c2ac43ad8', time: '2014-10-23 13:11:40'
System info: host: 'codebrahma', ip: '192.168.56.1', os.name: 'Windows 8.1', os.arch: 'amd64', os.version: '6.3', java.version: '1.8.0_60'
Driver info: org.openqa.selenium.chrome.ChromeDriver
Capabilities [{applicationCacheEnabled=false, rotatable=false, mobileEmulationEnabled=false, chrome={userDataDir=C:\Users\codeb\AppData\Local\Temp\scoped_dir8584_11011}, takesHeapSnapshot=true, databaseEnabled=false, handlesAlerts=true, hasTouchScreen=false, version=47.0.2526.80, platform=WIN8_1, browserConnectionEnabled=false, nativeEvents=true, acceptSslCerts=true, locationContextEnabled=true, webStorageEnabled=true, browserName=chrome, takesScreenshot=true, javascriptEnabled=true, cssSelectorsEnabled=true}]
Session ID: e45cd6cfa171cdfc8d39ac6b65fa4950
	at org.openqa.selenium.remote.ErrorHandler.createThrowable(ErrorHandler.java:204)
	at org.openqa.selenium.remote.ErrorHandler.throwIfResponseFailed(ErrorHandler.java:156)
	at org.openqa.selenium.remote.RemoteWebDriver.execute(RemoteWebDriver.java:599)
	at org.openqa.selenium.remote.RemoteWebDriver.findElement(RemoteWebDriver.java:352)
	at org.openqa.selenium.remote.RemoteWebDriver.findElementByCssSelector(RemoteWebDriver.java:441)
	at org.openqa.selenium.By$ByCssSelector.findElement(By.java:425)
	at org.openqa.selenium.remote.RemoteWebDriver.findElement(RemoteWebDriver.java:344)
	at org.collective.customer.pageobjects.CollectiveHomePageObjects.emailSignUpBtnClick(CollectiveHomePageObjects.java:53)
	at org.collective.testmethods.CollectiveSanityTestCustomer.tc001_collective_signup(CollectiveSanityTestCustomer.java:25)
... Removed 28 stack frames]]>
    </failure>
  </testcase> <!-- tc001_collective_signup -->
  <testcase name="tc002_collective_login" time="0.001" classname="org.collective.testmethods.CollectiveSanityTestCustomer">
    <skipped/>
  </testcase> <!-- tc002_collective_login -->
  <testcase name="tc003_collective_blog" time="0.001" classname="org.collective.testmethods.CollectiveSanityTestCustomer">
    <skipped/>
  </testcase> <!-- tc003_collective_blog -->
  <testcase name="tc004_collective_accessories" time="0.001" classname="org.collective.testmethods.CollectiveSanityTestCustomer">
    <skipped/>
  </testcase> <!-- tc004_collective_accessories -->
  <testcase name="tc005_collective_accessories_Filter_Brand" time="0.003" classname="org.collective.testmethods.CollectiveSanityTestCustomer">
    <skipped/>
  </testcase> <!-- tc005_collective_accessories_Filter_Brand -->
  <testcase name="tc006_collective_accessories_pagination" time="0.001" classname="org.collective.testmethods.CollectiveSanityTestCustomer">
    <skipped/>
  </testcase> <!-- tc006_collective_accessories_pagination -->
  <testcase name="tc007_collective_sales" time="0.004" classname="org.collective.testmethods.CollectiveSanityTestCustomer">
    <skipped/>
  </testcase> <!-- tc007_collective_sales -->
  <testcase name="tc008_collective_orderGreaterThan20000" time="0.006" classname="org.collective.testmethods.CollectiveSanityTestCustomer">
    <skipped/>
  </testcase> <!-- tc008_collective_orderGreaterThan20000 -->
  <testcase name="tc009_collective_orderLessOrEqualThan20000" time="0.001" classname="org.collective.testmethods.CollectiveSanityTestCustomer">
    <skipped/>
  </testcase> <!-- tc009_collective_orderLessOrEqualThan20000 -->
  <testcase name="tc010_collective_orderPlacement" time="0.005" classname="org.collective.testmethods.CollectiveSanityTestCustomer">
    <skipped/>
  </testcase> <!-- tc010_collective_orderPlacement -->
  <testcase name="tc011_collective_womenTab" time="0.001" classname="org.collective.testmethods.CollectiveSanityTestCustomer">
    <skipped/>
  </testcase> <!-- tc011_collective_womenTab -->
  <testcase name="tc012_collective_adminLogin" time="0.001" classname="org.collective.testmethods.CollectiveSanityTestAdmin">
    <skipped/>
  </testcase> <!-- tc012_collective_adminLogin -->
  <testcase name="tc013_collective_admin_reports_OrderTotalsSheet" time="0.0" classname="org.collective.testmethods.CollectiveSanityTestAdmin">
    <skipped/>
  </testcase> <!-- tc013_collective_admin_reports_OrderTotalsSheet -->
  <testcase name="tc014_evaluateAdminTabs_Returns" time="0.001" classname="org.collective.testmethods.CollectiveSanityTestAdmin">
    <skipped/>
  </testcase> <!-- tc014_evaluateAdminTabs_Returns -->
  <testcase name="tc015_evaluateAdminTabs_Carousel" time="0.0" classname="org.collective.testmethods.CollectiveSanityTestAdmin">
    <skipped/>
  </testcase> <!-- tc015_evaluateAdminTabs_Carousel -->
  <testcase name="tc016_evaluateAdminTabs_Orders" time="0.0" classname="org.collective.testmethods.CollectiveSanityTestAdmin">
    <skipped/>
  </testcase> <!-- tc016_evaluateAdminTabs_Orders -->
  <testcase name="tc017_evaluateAdminTabs_Products" time="0.0" classname="org.collective.testmethods.CollectiveSanityTestAdmin">
    <skipped/>
  </testcase> <!-- tc017_evaluateAdminTabs_Products -->
  <testcase name="tc018_evaluateAdminTabs_Settings" time="0.001" classname="org.collective.testmethods.CollectiveSanityTestAdmin">
    <skipped/>
  </testcase> <!-- tc018_evaluateAdminTabs_Settings -->
  <testcase name="tc019_evaluateAdminTabs_Promotions" time="0.001" classname="org.collective.testmethods.CollectiveSanityTestAdmin">
    <skipped/>
  </testcase> <!-- tc019_evaluateAdminTabs_Promotions -->
  <testcase name="tc020_evaluateAdminTabs_Users" time="0.001" classname="org.collective.testmethods.CollectiveSanityTestAdmin">
    <skipped/>
  </testcase> <!-- tc020_evaluateAdminTabs_Users -->
  <testcase name="tc021_evaluateAdminTabs_Blog" time="0.001" classname="org.collective.testmethods.CollectiveSanityTestAdmin">
    <skipped/>
  </testcase> <!-- tc021_evaluateAdminTabs_Blog -->
  <testcase name="tc022_evaluateAdminTabs_Store" time="0.001" classname="org.collective.testmethods.CollectiveSanityTestAdmin">
    <skipped/>
  </testcase> <!-- tc022_evaluateAdminTabs_Store -->
  <testcase name="tc023_evaluateAdminTabs_FeatureCollection" time="0.0" classname="org.collective.testmethods.CollectiveSanityTestAdmin">
    <skipped/>
  </testcase> <!-- tc023_evaluateAdminTabs_FeatureCollection -->
</testsuite> <!-- SmokeTesting -->
