<?xml version="1.0" encoding="UTF-8"?>
<!-- Generated by org.testng.reporters.JUnitXMLReporter -->
<testsuite hostname="swuni-QA-04" name="EtnaWebApplicationTesting" tests="26" failures="1" timestamp="14 Apr 2016 16:04:30 GMT" time="133.365" errors="0">
  <testcase name="TS_Login_001_TC_Login_004_005_006_007_ErrorScenarios" time="1.558" classname="org.etna.modules.LoginModule"/>
  <testcase name="TS_Login_001_TC_Login_004_005_006_007_ErrorScenarios" time="0.829" classname="org.etna.modules.LoginModule"/>
  <testcase name="TS_Login_001_TC_Login_004_005_006_007_ErrorScenarios" time="0.893" classname="org.etna.modules.LoginModule"/>
  <testcase name="TS_Login_001_TC_Login_004_005_006_007_ErrorScenarios" time="0.81" classname="org.etna.modules.LoginModule"/>
  <testcase name="TS_Login_001_TC_Login_004_005_006_007_ErrorScenarios" time="1.327" classname="org.etna.modules.LoginModule"/>
  <testcase name="TS_Login_001_TC_Login_004_005_006_007_ErrorScenarios" time="1.344" classname="org.etna.modules.LoginModule"/>
  <testcase name="TS_Login_001_TC_Login_008_Verify_Tab_focus" time="0.0" classname="org.etna.modules.LoginModule">
    <skipped/>
  </testcase> <!-- TS_Login_001_TC_Login_008_Verify_Tab_focus -->
  <testcase name="TS_Login_001_TS_Login_006_TC_Login_001_AsASuperUser_PurchaseAgent_GeneralUser" time="7.256" classname="org.etna.modules.LoginModule"/>
  <testcase name="TS_Login_001_TS_Login_006_TC_Login_001_AsASuperUser_PurchaseAgent_GeneralUser" time="3.071" classname="org.etna.modules.LoginModule"/>
  <testcase name="TS_Login_001_TS_Login_006_TC_Login_001_AsASuperUser_PurchaseAgent_GeneralUser" time="2.947" classname="org.etna.modules.LoginModule"/>
  <testcase name="TS_Login_001_TS_Login_006_TC_Login_001_TC_Login_002_TC_Login_024_TC_Login_025_TC_Login_026_TC_Login_027" time="4.685" classname="org.etna.modules.LoginModule"/>
  <testcase name="TS_Login_002_TC_Login_009_010_RememberPassword_UserNameAndPasswordRefill" time="4.966" classname="org.etna.modules.LoginModule"/>
  <testcase name="TS_Login_002_TC_Login_011_AutofillLogin" time="6.87" classname="org.etna.modules.LoginModule"/>
  <testcase name="TS_Login_002_TC_Login_012_uncheckRememberMeWhenInAutoFillForm" time="9.268" classname="org.etna.modules.LoginModule"/>
  <testcase name="TS_Login_002_TC_Login_014_myProductGroupLoginPopupRememberMeClickCheck" time="1.95" classname="org.etna.modules.LoginModule">
    <failure type="java.lang.IndexOutOfBoundsException" message="Index: 1, Size: 1">
      <![CDATA[java.lang.IndexOutOfBoundsException: Index: 1, Size: 1
	at java.util.ArrayList.rangeCheck(Unknown Source)
	at java.util.ArrayList.get(Unknown Source)
	at org.openqa.selenium.support.pagefactory.internal.LocatingElementListHandler.invoke(LocatingElementListHandler.java:39)
	at com.sun.proxy.$Proxy11.get(Unknown Source)
	at org.etna.customer.pageobjects.ProductsListPageObjects.clickOnMyProductGroup(ProductsListPageObjects.java:214)
	at org.etna.modules.LoginModule.TS_Login_002_TC_Login_014_myProductGroupLoginPopupRememberMeClickCheck(LoginModule.java:211)
... Removed 28 stack frames]]>
    </failure>
  </testcase> <!-- TS_Login_002_TC_Login_014_myProductGroupLoginPopupRememberMeClickCheck -->
  <testcase name="TS_Login_002_TC_Login_015_rememberMeAsALink" time="1.678" classname="org.etna.modules.LoginModule"/>
  <testcase name="TS_Login_002_TC_Login_016_017_018_rememberMeCheckboxTest" time="6.218" classname="org.etna.modules.LoginModule"/>
  <testcase name="TS_Login_003_TC_Login_019_verifyRegisterPage" time="0.001" classname="org.etna.modules.LoginModule">
    <skipped/>
  </testcase> <!-- TS_Login_003_TC_Login_019_verifyRegisterPage -->
  <testcase name="TS_Login_004_TC_Login_020_verifyForgotPasswordPage" time="1.23" classname="org.etna.modules.LoginModule"/>
  <testcase name="TS_Login_005_TC_Login_021_loginVerifyOrderTopToBottom" time="0.0" classname="org.etna.modules.LoginModule">
    <skipped/>
  </testcase> <!-- TS_Login_005_TC_Login_021_loginVerifyOrderTopToBottom -->
  <testcase name="TS_Login_005_TC_Login_022_loginVerifyOrderBottomToTop" time="0.002" classname="org.etna.modules.LoginModule">
    <skipped/>
  </testcase> <!-- TS_Login_005_TC_Login_022_loginVerifyOrderBottomToTop -->
  <testcase name="tc009_verifyAllSectionOptionPages" time="0.0" classname="org.etna.modules.HomePageModule">
    <skipped/>
  </testcase> <!-- tc009_verifyAllSectionOptionPages -->
  <testcase name="tc010_verifyAllFooterSectionPages" time="0.002" classname="org.etna.modules.HomePageModule">
    <skipped/>
  </testcase> <!-- tc010_verifyAllFooterSectionPages -->
  <testcase name="tc011_clickOnLogoNavigateBackToHomePage" time="2.443" classname="org.etna.modules.HomePageModule"/>
  <testcase name="tc005_HGH_ListViewGridView" time="1.598" classname="org.etna.modules.ProductListModule"/>
  <testcase name="tc006_verifyProductListPage" time="4.768" classname="org.etna.modules.ProductListModule"/>
</testsuite> <!-- EtnaWebApplicationTesting -->
