<?xml version="1.0" encoding="UTF-8"?>
<testng-results skipped="16" failed="2" total="26" passed="8">
  <reporter-output>
  </reporter-output>
  <suite name="CollectiveSuite" duration-ms="572385" started-at="2016-02-09T10:09:26Z" finished-at="2016-02-09T10:18:59Z">
    <groups>
    </groups>
    <test name="SmokeTesting" duration-ms="572385" started-at="2016-02-09T10:09:26Z" finished-at="2016-02-09T10:18:59Z">
      <class name="org.collective.testmethods.CollectiveSanityTestCustomer">
        <test-method status="SKIP" signature="checkForAdminLogout()[pri:0, instance:org.collective.testmethods.CollectiveSanityTestCustomer@2f943d71]" name="checkForAdminLogout" is-config="true" duration-ms="0" started-at="2016-02-09T15:45:44Z" finished-at="2016-02-09T15:45:44Z">
          <reporter-output>
          </reporter-output>
        </test-method> <!-- checkForAdminLogout -->
        <test-method status="SKIP" signature="checkForLogin()[pri:0, instance:org.collective.testmethods.CollectiveSanityTestCustomer@2f943d71]" name="checkForLogin" is-config="true" duration-ms="0" started-at="2016-02-09T15:45:44Z" finished-at="2016-02-09T15:45:44Z">
          <reporter-output>
          </reporter-output>
        </test-method> <!-- checkForLogin -->
        <test-method status="SKIP" signature="checkForAdminLogout()[pri:0, instance:org.collective.testmethods.CollectiveSanityTestCustomer@2f943d71]" name="checkForAdminLogout" is-config="true" duration-ms="0" started-at="2016-02-09T15:45:44Z" finished-at="2016-02-09T15:45:44Z">
          <reporter-output>
          </reporter-output>
        </test-method> <!-- checkForAdminLogout -->
        <test-method status="SKIP" signature="tc002_collective_login()[pri:0, instance:org.collective.testmethods.CollectiveSanityTestCustomer@2f943d71]" name="tc002_collective_login" duration-ms="0" started-at="2016-02-09T15:45:44Z" finished-at="2016-02-09T15:45:44Z">
          <reporter-output>
          </reporter-output>
        </test-method> <!-- tc002_collective_login -->
        <test-method status="SKIP" signature="checkForLogin()[pri:0, instance:org.collective.testmethods.CollectiveSanityTestCustomer@2f943d71]" name="checkForLogin" is-config="true" duration-ms="0" started-at="2016-02-09T15:45:44Z" finished-at="2016-02-09T15:45:44Z">
          <reporter-output>
          </reporter-output>
        </test-method> <!-- checkForLogin -->
        <test-method status="SKIP" signature="tc001_collective_signup()[pri:0, instance:org.collective.testmethods.CollectiveSanityTestCustomer@2f943d71]" name="tc001_collective_signup" duration-ms="0" started-at="2016-02-09T15:45:44Z" finished-at="2016-02-09T15:45:44Z">
          <reporter-output>
          </reporter-output>
        </test-method> <!-- tc001_collective_signup -->
        <test-method status="SKIP" signature="takeScreenshot(org.testng.ITestResult)[pri:0, instance:org.collective.testmethods.CollectiveSanityTestCustomer@2f943d71]" name="takeScreenshot" is-config="true" duration-ms="0" started-at="2016-02-09T15:45:44Z" finished-at="2016-02-09T15:45:44Z">
          <reporter-output>
          </reporter-output>
        </test-method> <!-- takeScreenshot -->
        <test-method status="SKIP" signature="startRecording(java.lang.reflect.Method)[pri:0, instance:org.collective.testmethods.CollectiveSanityTestCustomer@2f943d71]" name="startRecording" is-config="true" duration-ms="0" started-at="2016-02-09T15:45:44Z" finished-at="2016-02-09T15:45:44Z">
          <reporter-output>
          </reporter-output>
        </test-method> <!-- startRecording -->
        <test-method status="SKIP" signature="setUp()[pri:0, instance:org.collective.testmethods.CollectiveSanityTestCustomer@2f943d71]" name="setUp" is-config="true" duration-ms="0" started-at="2016-02-09T15:45:44Z" finished-at="2016-02-09T15:45:44Z">
          <reporter-output>
          </reporter-output>
        </test-method> <!-- setUp -->
        <test-method status="SKIP" signature="tc003_collective_blog()[pri:0, instance:org.collective.testmethods.CollectiveSanityTestCustomer@2f943d71]" name="tc003_collective_blog" duration-ms="16" started-at="2016-02-09T15:45:44Z" finished-at="2016-02-09T15:45:44Z">
          <reporter-output>
          </reporter-output>
        </test-method> <!-- tc003_collective_blog -->
        <test-method status="SKIP" signature="startRecording(java.lang.reflect.Method)[pri:0, instance:org.collective.testmethods.CollectiveSanityTestCustomer@2f943d71]" name="startRecording" is-config="true" duration-ms="0" started-at="2016-02-09T15:45:44Z" finished-at="2016-02-09T15:45:44Z">
          <reporter-output>
          </reporter-output>
        </test-method> <!-- startRecording -->
        <test-method status="SKIP" signature="setUp()[pri:0, instance:org.collective.testmethods.CollectiveSanityTestCustomer@2f943d71]" name="setUp" is-config="true" duration-ms="0" started-at="2016-02-09T15:45:44Z" finished-at="2016-02-09T15:45:44Z">
          <reporter-output>
          </reporter-output>
        </test-method> <!-- setUp -->
        <test-method status="SKIP" signature="takeScreenshot(org.testng.ITestResult)[pri:0, instance:org.collective.testmethods.CollectiveSanityTestCustomer@2f943d71]" name="takeScreenshot" is-config="true" duration-ms="0" started-at="2016-02-09T15:45:44Z" finished-at="2016-02-09T15:45:44Z">
          <reporter-output>
          </reporter-output>
        </test-method> <!-- takeScreenshot -->
        <test-method status="SKIP" signature="startRecording(java.lang.reflect.Method)[pri:0, instance:org.collective.testmethods.CollectiveSanityTestCustomer@2f943d71]" name="startRecording" is-config="true" duration-ms="0" started-at="2016-02-09T15:45:44Z" finished-at="2016-02-09T15:45:44Z">
          <reporter-output>
          </reporter-output>
        </test-method> <!-- startRecording -->
        <test-method status="SKIP" signature="setUp()[pri:0, instance:org.collective.testmethods.CollectiveSanityTestCustomer@2f943d71]" name="setUp" is-config="true" duration-ms="0" started-at="2016-02-09T15:45:44Z" finished-at="2016-02-09T15:45:44Z">
          <reporter-output>
          </reporter-output>
        </test-method> <!-- setUp -->
        <test-method status="SKIP" signature="checkForLogin()[pri:0, instance:org.collective.testmethods.CollectiveSanityTestCustomer@2f943d71]" name="checkForLogin" is-config="true" duration-ms="0" started-at="2016-02-09T15:45:44Z" finished-at="2016-02-09T15:45:44Z">
          <reporter-output>
          </reporter-output>
        </test-method> <!-- checkForLogin -->
        <test-method status="SKIP" signature="setUp()[pri:0, instance:org.collective.testmethods.CollectiveSanityTestCustomer@2f943d71]" name="setUp" is-config="true" duration-ms="0" started-at="2016-02-09T15:45:44Z" finished-at="2016-02-09T15:45:44Z">
          <reporter-output>
          </reporter-output>
        </test-method> <!-- setUp -->
        <test-method status="SKIP" signature="tc004_collective_accessories()[pri:0, instance:org.collective.testmethods.CollectiveSanityTestCustomer@2f943d71]" name="tc004_collective_accessories" duration-ms="0" started-at="2016-02-09T15:45:44Z" finished-at="2016-02-09T15:45:44Z">
          <reporter-output>
          </reporter-output>
        </test-method> <!-- tc004_collective_accessories -->
        <test-method status="SKIP" signature="checkForLogin()[pri:0, instance:org.collective.testmethods.CollectiveSanityTestCustomer@2f943d71]" name="checkForLogin" is-config="true" duration-ms="0" started-at="2016-02-09T15:45:44Z" finished-at="2016-02-09T15:45:44Z">
          <reporter-output>
          </reporter-output>
        </test-method> <!-- checkForLogin -->
        <test-method status="SKIP" signature="takeScreenshot(org.testng.ITestResult)[pri:0, instance:org.collective.testmethods.CollectiveSanityTestCustomer@2f943d71]" name="takeScreenshot" is-config="true" duration-ms="0" started-at="2016-02-09T15:45:44Z" finished-at="2016-02-09T15:45:44Z">
          <reporter-output>
          </reporter-output>
        </test-method> <!-- takeScreenshot -->
        <test-method status="SKIP" signature="checkForAdminLogout()[pri:0, instance:org.collective.testmethods.CollectiveSanityTestCustomer@2f943d71]" name="checkForAdminLogout" is-config="true" duration-ms="0" started-at="2016-02-09T15:45:44Z" finished-at="2016-02-09T15:45:44Z">
          <reporter-output>
          </reporter-output>
        </test-method> <!-- checkForAdminLogout -->
        <test-method status="SKIP" signature="tc006_collective_pagination()[pri:0, instance:org.collective.testmethods.CollectiveSanityTestCustomer@2f943d71]" name="tc006_collective_pagination" duration-ms="0" started-at="2016-02-09T15:45:44Z" finished-at="2016-02-09T15:45:44Z">
          <reporter-output>
          </reporter-output>
        </test-method> <!-- tc006_collective_pagination -->
        <test-method status="SKIP" signature="setUp()[pri:0, instance:org.collective.testmethods.CollectiveSanityTestCustomer@2f943d71]" name="setUp" is-config="true" duration-ms="0" started-at="2016-02-09T15:45:44Z" finished-at="2016-02-09T15:45:44Z">
          <reporter-output>
          </reporter-output>
        </test-method> <!-- setUp -->
        <test-method status="SKIP" signature="startRecording(java.lang.reflect.Method)[pri:0, instance:org.collective.testmethods.CollectiveSanityTestCustomer@2f943d71]" name="startRecording" is-config="true" duration-ms="0" started-at="2016-02-09T15:45:44Z" finished-at="2016-02-09T15:45:44Z">
          <reporter-output>
          </reporter-output>
        </test-method> <!-- startRecording -->
        <test-method status="SKIP" signature="setUp()[pri:0, instance:org.collective.testmethods.CollectiveSanityTestCustomer@2f943d71]" name="setUp" is-config="true" duration-ms="0" started-at="2016-02-09T15:45:44Z" finished-at="2016-02-09T15:45:44Z">
          <reporter-output>
          </reporter-output>
        </test-method> <!-- setUp -->
        <test-method status="SKIP" signature="takeScreenshot(org.testng.ITestResult)[pri:0, instance:org.collective.testmethods.CollectiveSanityTestCustomer@2f943d71]" name="takeScreenshot" is-config="true" duration-ms="0" started-at="2016-02-09T15:45:44Z" finished-at="2016-02-09T15:45:44Z">
          <reporter-output>
          </reporter-output>
        </test-method> <!-- takeScreenshot -->
        <test-method status="SKIP" signature="setUp()[pri:0, instance:org.collective.testmethods.CollectiveSanityTestCustomer@2f943d71]" name="setUp" is-config="true" duration-ms="0" started-at="2016-02-09T15:45:44Z" finished-at="2016-02-09T15:45:44Z">
          <reporter-output>
          </reporter-output>
        </test-method> <!-- setUp -->
        <test-method status="SKIP" signature="tc005_collective_accessories_Filter_Brand()[pri:0, instance:org.collective.testmethods.CollectiveSanityTestCustomer@2f943d71]" name="tc005_collective_accessories_Filter_Brand" duration-ms="0" started-at="2016-02-09T15:45:44Z" finished-at="2016-02-09T15:45:44Z">
          <reporter-output>
          </reporter-output>
        </test-method> <!-- tc005_collective_accessories_Filter_Brand -->
        <test-method status="SKIP" signature="startRecording(java.lang.reflect.Method)[pri:0, instance:org.collective.testmethods.CollectiveSanityTestCustomer@2f943d71]" name="startRecording" is-config="true" duration-ms="0" started-at="2016-02-09T15:45:44Z" finished-at="2016-02-09T15:45:44Z">
          <reporter-output>
          </reporter-output>
        </test-method> <!-- startRecording -->
        <test-method status="SKIP" signature="checkForAdminLogout()[pri:0, instance:org.collective.testmethods.CollectiveSanityTestCustomer@2f943d71]" name="checkForAdminLogout" is-config="true" duration-ms="0" started-at="2016-02-09T15:45:44Z" finished-at="2016-02-09T15:45:44Z">
          <reporter-output>
          </reporter-output>
        </test-method> <!-- checkForAdminLogout -->
        <test-method status="SKIP" signature="takeScreenshot(org.testng.ITestResult)[pri:0, instance:org.collective.testmethods.CollectiveSanityTestCustomer@2f943d71]" name="takeScreenshot" is-config="true" duration-ms="0" started-at="2016-02-09T15:45:44Z" finished-at="2016-02-09T15:45:44Z">
          <reporter-output>
          </reporter-output>
        </test-method> <!-- takeScreenshot -->
        <test-method status="SKIP" signature="checkForAdminLogout()[pri:0, instance:org.collective.testmethods.CollectiveSanityTestCustomer@2f943d71]" name="checkForAdminLogout" is-config="true" duration-ms="0" started-at="2016-02-09T15:45:44Z" finished-at="2016-02-09T15:45:44Z">
          <reporter-output>
          </reporter-output>
        </test-method> <!-- checkForAdminLogout -->
        <test-method status="SKIP" signature="checkForAdminLogout()[pri:0, instance:org.collective.testmethods.CollectiveSanityTestCustomer@2f943d71]" name="checkForAdminLogout" is-config="true" duration-ms="0" started-at="2016-02-09T15:45:44Z" finished-at="2016-02-09T15:45:44Z">
          <reporter-output>
          </reporter-output>
        </test-method> <!-- checkForAdminLogout -->
        <test-method status="SKIP" signature="takeScreenshot(org.testng.ITestResult)[pri:0, instance:org.collective.testmethods.CollectiveSanityTestCustomer@2f943d71]" name="takeScreenshot" is-config="true" duration-ms="0" started-at="2016-02-09T15:45:44Z" finished-at="2016-02-09T15:45:44Z">
          <reporter-output>
          </reporter-output>
        </test-method> <!-- takeScreenshot -->
        <test-method status="SKIP" signature="checkForLogin()[pri:0, instance:org.collective.testmethods.CollectiveSanityTestCustomer@2f943d71]" name="checkForLogin" is-config="true" duration-ms="0" started-at="2016-02-09T15:45:44Z" finished-at="2016-02-09T15:45:44Z">
          <reporter-output>
          </reporter-output>
        </test-method> <!-- checkForLogin -->
        <test-method status="SKIP" signature="checkForLogin()[pri:0, instance:org.collective.testmethods.CollectiveSanityTestCustomer@2f943d71]" name="checkForLogin" is-config="true" duration-ms="0" started-at="2016-02-09T15:45:44Z" finished-at="2016-02-09T15:45:44Z">
          <reporter-output>
          </reporter-output>
        </test-method> <!-- checkForLogin -->
        <test-method status="SKIP" signature="startRecording(java.lang.reflect.Method)[pri:0, instance:org.collective.testmethods.CollectiveSanityTestCustomer@2f943d71]" name="startRecording" is-config="true" duration-ms="0" started-at="2016-02-09T15:45:44Z" finished-at="2016-02-09T15:45:44Z">
          <reporter-output>
          </reporter-output>
        </test-method> <!-- startRecording -->
        <test-method status="SKIP" signature="checkForLogin()[pri:0, instance:org.collective.testmethods.CollectiveSanityTestCustomer@2f943d71]" name="checkForLogin" is-config="true" duration-ms="0" started-at="2016-02-09T15:45:44Z" finished-at="2016-02-09T15:45:44Z">
          <reporter-output>
          </reporter-output>
        </test-method> <!-- checkForLogin -->
        <test-method status="SKIP" signature="checkForAdminLogout()[pri:0, instance:org.collective.testmethods.CollectiveSanityTestCustomer@2f943d71]" name="checkForAdminLogout" is-config="true" duration-ms="0" started-at="2016-02-09T15:45:44Z" finished-at="2016-02-09T15:45:44Z">
          <reporter-output>
          </reporter-output>
        </test-method> <!-- checkForAdminLogout -->
        <test-method status="SKIP" signature="takeScreenshot(org.testng.ITestResult)[pri:0, instance:org.collective.testmethods.CollectiveSanityTestCustomer@2f943d71]" name="takeScreenshot" is-config="true" duration-ms="0" started-at="2016-02-09T15:45:44Z" finished-at="2016-02-09T15:45:44Z">
          <reporter-output>
          </reporter-output>
        </test-method> <!-- takeScreenshot -->
        <test-method status="SKIP" signature="checkForAdminLogout()[pri:0, instance:org.collective.testmethods.CollectiveSanityTestCustomer@2f943d71]" name="checkForAdminLogout" is-config="true" duration-ms="0" started-at="2016-02-09T15:45:44Z" finished-at="2016-02-09T15:45:44Z">
          <reporter-output>
          </reporter-output>
        </test-method> <!-- checkForAdminLogout -->
        <test-method status="SKIP" signature="tc009_collective_orderLessOrEqualThan20000()[pri:0, instance:org.collective.testmethods.CollectiveSanityTestCustomer@2f943d71]" name="tc009_collective_orderLessOrEqualThan20000" duration-ms="0" started-at="2016-02-09T15:45:44Z" finished-at="2016-02-09T15:45:44Z">
          <reporter-output>
          </reporter-output>
        </test-method> <!-- tc009_collective_orderLessOrEqualThan20000 -->
        <test-method status="SKIP" signature="checkForLogin()[pri:0, instance:org.collective.testmethods.CollectiveSanityTestCustomer@2f943d71]" name="checkForLogin" is-config="true" duration-ms="0" started-at="2016-02-09T15:45:44Z" finished-at="2016-02-09T15:45:44Z">
          <reporter-output>
          </reporter-output>
        </test-method> <!-- checkForLogin -->
        <test-method status="SKIP" signature="takeScreenshot(org.testng.ITestResult)[pri:0, instance:org.collective.testmethods.CollectiveSanityTestCustomer@2f943d71]" name="takeScreenshot" is-config="true" duration-ms="0" started-at="2016-02-09T15:45:44Z" finished-at="2016-02-09T15:45:44Z">
          <reporter-output>
          </reporter-output>
        </test-method> <!-- takeScreenshot -->
        <test-method status="SKIP" signature="checkForAdminLogout()[pri:0, instance:org.collective.testmethods.CollectiveSanityTestCustomer@2f943d71]" name="checkForAdminLogout" is-config="true" duration-ms="0" started-at="2016-02-09T15:45:44Z" finished-at="2016-02-09T15:45:44Z">
          <reporter-output>
          </reporter-output>
        </test-method> <!-- checkForAdminLogout -->
        <test-method status="SKIP" signature="tc010_collective_orderPlacement()[pri:0, instance:org.collective.testmethods.CollectiveSanityTestCustomer@2f943d71]" name="tc010_collective_orderPlacement" duration-ms="0" started-at="2016-02-09T15:45:44Z" finished-at="2016-02-09T15:45:44Z">
          <reporter-output>
          </reporter-output>
        </test-method> <!-- tc010_collective_orderPlacement -->
        <test-method status="SKIP" signature="startRecording(java.lang.reflect.Method)[pri:0, instance:org.collective.testmethods.CollectiveSanityTestCustomer@2f943d71]" name="startRecording" is-config="true" duration-ms="0" started-at="2016-02-09T15:45:44Z" finished-at="2016-02-09T15:45:44Z">
          <reporter-output>
          </reporter-output>
        </test-method> <!-- startRecording -->
        <test-method status="SKIP" signature="startRecording(java.lang.reflect.Method)[pri:0, instance:org.collective.testmethods.CollectiveSanityTestCustomer@2f943d71]" name="startRecording" is-config="true" duration-ms="0" started-at="2016-02-09T15:45:44Z" finished-at="2016-02-09T15:45:44Z">
          <reporter-output>
          </reporter-output>
        </test-method> <!-- startRecording -->
        <test-method status="SKIP" signature="setUp()[pri:0, instance:org.collective.testmethods.CollectiveSanityTestCustomer@2f943d71]" name="setUp" is-config="true" duration-ms="0" started-at="2016-02-09T15:45:44Z" finished-at="2016-02-09T15:45:44Z">
          <reporter-output>
          </reporter-output>
        </test-method> <!-- setUp -->
        <test-method status="SKIP" signature="tc008_collective_orderGreaterThan20000()[pri:0, instance:org.collective.testmethods.CollectiveSanityTestCustomer@2f943d71]" name="tc008_collective_orderGreaterThan20000" duration-ms="0" started-at="2016-02-09T15:45:44Z" finished-at="2016-02-09T15:45:44Z">
          <reporter-output>
          </reporter-output>
        </test-method> <!-- tc008_collective_orderGreaterThan20000 -->
        <test-method status="SKIP" signature="takeScreenshot(org.testng.ITestResult)[pri:0, instance:org.collective.testmethods.CollectiveSanityTestCustomer@2f943d71]" name="takeScreenshot" is-config="true" duration-ms="0" started-at="2016-02-09T15:45:44Z" finished-at="2016-02-09T15:45:44Z">
          <reporter-output>
          </reporter-output>
        </test-method> <!-- takeScreenshot -->
        <test-method status="SKIP" signature="checkForLogin()[pri:0, instance:org.collective.testmethods.CollectiveSanityTestCustomer@2f943d71]" name="checkForLogin" is-config="true" duration-ms="0" started-at="2016-02-09T15:45:44Z" finished-at="2016-02-09T15:45:44Z">
          <reporter-output>
          </reporter-output>
        </test-method> <!-- checkForLogin -->
        <test-method status="SKIP" signature="tc007_collective_sales()[pri:0, instance:org.collective.testmethods.CollectiveSanityTestCustomer@2f943d71]" name="tc007_collective_sales" duration-ms="0" started-at="2016-02-09T15:45:44Z" finished-at="2016-02-09T15:45:44Z">
          <reporter-output>
          </reporter-output>
        </test-method> <!-- tc007_collective_sales -->
        <test-method status="SKIP" signature="setUp()[pri:0, instance:org.collective.testmethods.CollectiveSanityTestCustomer@2f943d71]" name="setUp" is-config="true" duration-ms="0" started-at="2016-02-09T15:45:44Z" finished-at="2016-02-09T15:45:44Z">
          <reporter-output>
          </reporter-output>
        </test-method> <!-- setUp -->
        <test-method status="SKIP" signature="checkForLogin()[pri:0, instance:org.collective.testmethods.CollectiveSanityTestCustomer@2f943d71]" name="checkForLogin" is-config="true" duration-ms="0" started-at="2016-02-09T15:45:44Z" finished-at="2016-02-09T15:45:44Z">
          <reporter-output>
          </reporter-output>
        </test-method> <!-- checkForLogin -->
        <test-method status="SKIP" signature="takeScreenshot(org.testng.ITestResult)[pri:0, instance:org.collective.testmethods.CollectiveSanityTestCustomer@2f943d71]" name="takeScreenshot" is-config="true" duration-ms="0" started-at="2016-02-09T15:45:44Z" finished-at="2016-02-09T15:45:44Z">
          <reporter-output>
          </reporter-output>
        </test-method> <!-- takeScreenshot -->
        <test-method status="SKIP" signature="startRecording(java.lang.reflect.Method)[pri:0, instance:org.collective.testmethods.CollectiveSanityTestCustomer@2f943d71]" name="startRecording" is-config="true" duration-ms="0" started-at="2016-02-09T15:45:44Z" finished-at="2016-02-09T15:45:44Z">
          <reporter-output>
          </reporter-output>
        </test-method> <!-- startRecording -->
        <test-method status="SKIP" signature="setUp()[pri:0, instance:org.collective.testmethods.CollectiveSanityTestCustomer@2f943d71]" name="setUp" is-config="true" duration-ms="0" started-at="2016-02-09T15:45:44Z" finished-at="2016-02-09T15:45:44Z">
          <reporter-output>
          </reporter-output>
        </test-method> <!-- setUp -->
        <test-method status="SKIP" signature="startRecording(java.lang.reflect.Method)[pri:0, instance:org.collective.testmethods.CollectiveSanityTestCustomer@2f943d71]" name="startRecording" is-config="true" duration-ms="0" started-at="2016-02-09T15:45:44Z" finished-at="2016-02-09T15:45:44Z">
          <reporter-output>
          </reporter-output>
        </test-method> <!-- startRecording -->
        <test-method status="SKIP" signature="checkForAdminLogout()[pri:0, instance:org.collective.testmethods.CollectiveSanityTestCustomer@2f943d71]" name="checkForAdminLogout" is-config="true" duration-ms="0" started-at="2016-02-09T15:45:44Z" finished-at="2016-02-09T15:45:44Z">
          <reporter-output>
          </reporter-output>
        </test-method> <!-- checkForAdminLogout -->
        <test-method status="SKIP" signature="tc011_collective_placeorder_OrderCancellation()[pri:0, instance:org.collective.testmethods.CollectiveSanityTestCustomer@2f943d71]" name="tc011_collective_placeorder_OrderCancellation" duration-ms="0" started-at="2016-02-09T15:45:44Z" finished-at="2016-02-09T15:45:44Z">
          <reporter-output>
          </reporter-output>
        </test-method> <!-- tc011_collective_placeorder_OrderCancellation -->
        <test-method status="SKIP" signature="startRecording(java.lang.reflect.Method)[pri:0, instance:org.collective.testmethods.CollectiveSanityTestCustomer@2f943d71]" name="startRecording" is-config="true" duration-ms="0" started-at="2016-02-09T15:45:44Z" finished-at="2016-02-09T15:45:44Z">
          <reporter-output>
          </reporter-output>
        </test-method> <!-- startRecording -->
        <test-method status="SKIP" signature="checkForAdminLogout()[pri:0, instance:org.collective.testmethods.CollectiveSanityTestCustomer@2f943d71]" name="checkForAdminLogout" is-config="true" duration-ms="0" started-at="2016-02-09T15:45:44Z" finished-at="2016-02-09T15:45:44Z">
          <reporter-output>
          </reporter-output>
        </test-method> <!-- checkForAdminLogout -->
        <test-method status="SKIP" signature="setUp()[pri:0, instance:org.collective.testmethods.CollectiveSanityTestCustomer@2f943d71]" name="setUp" is-config="true" duration-ms="0" started-at="2016-02-09T15:45:44Z" finished-at="2016-02-09T15:45:44Z">
          <reporter-output>
          </reporter-output>
        </test-method> <!-- setUp -->
        <test-method status="SKIP" signature="checkForLogin()[pri:0, instance:org.collective.testmethods.CollectiveSanityTestCustomer@2f943d71]" name="checkForLogin" is-config="true" duration-ms="0" started-at="2016-02-09T15:45:44Z" finished-at="2016-02-09T15:45:44Z">
          <reporter-output>
          </reporter-output>
        </test-method> <!-- checkForLogin -->
        <test-method status="SKIP" signature="takeScreenshot(org.testng.ITestResult)[pri:0, instance:org.collective.testmethods.CollectiveSanityTestCustomer@2f943d71]" name="takeScreenshot" is-config="true" duration-ms="0" started-at="2016-02-09T15:45:44Z" finished-at="2016-02-09T15:45:44Z">
          <reporter-output>
          </reporter-output>
        </test-method> <!-- takeScreenshot -->
      </class> <!-- org.collective.testmethods.CollectiveSanityTestCustomer -->
      <class name="org.collective.testmethods.CollectiveSanityTestURL">
        <test-method status="FAIL" signature="tc023_PageURLsStaging()[pri:0, instance:org.collective.testmethods.CollectiveSanityTestURL@80503]" name="tc023_PageURLsStaging" duration-ms="194970" started-at="2016-02-09T15:45:44Z" finished-at="2016-02-09T15:48:59Z">
          <exception class="java.lang.AssertionError">
            <message>
              <![CDATA[/static_pages/press failed  with status 500
/store_locator failed  with status 500
/static_pages/shippingpolicy failed  with status 500
/static_pages/about failed  with status 500
/events failed  with status 500
/static_pages/privacypolicy failed  with status 500
/prive failed  with status 500
/static_pages/faqs failed  with status 500
/static_pages/returnpolicy failed  with status 500
/static_pages/careers failed  with status 500
 expected [/static_pages/press failed  with status 500
/store_locator failed  with status 500
/static_pages/shippingpolicy failed  with status 500
/static_pages/about failed  with status 500
/events failed  with status 500
/static_pages/privacypolicy failed  with status 500
/prive failed  with status 500
/static_pages/faqs failed  with status 500
/static_pages/returnpolicy failed  with status 500
/static_pages/careers failed  with status 500
] but found []]]>
            </message>
            <full-stacktrace>
              <![CDATA[java.lang.AssertionError: /static_pages/press failed  with status 500
/store_locator failed  with status 500
/static_pages/shippingpolicy failed  with status 500
/static_pages/about failed  with status 500
/events failed  with status 500
/static_pages/privacypolicy failed  with status 500
/prive failed  with status 500
/static_pages/faqs failed  with status 500
/static_pages/returnpolicy failed  with status 500
/static_pages/careers failed  with status 500
 expected [/static_pages/press failed  with status 500
/store_locator failed  with status 500
/static_pages/shippingpolicy failed  with status 500
/static_pages/about failed  with status 500
/events failed  with status 500
/static_pages/privacypolicy failed  with status 500
/prive failed  with status 500
/static_pages/faqs failed  with status 500
/static_pages/returnpolicy failed  with status 500
/static_pages/careers failed  with status 500
] but found []
	at org.testng.Assert.fail(Assert.java:94)
	at org.testng.Assert.failNotEquals(Assert.java:496)
	at org.testng.Assert.assertEquals(Assert.java:125)
	at org.testng.Assert.assertEquals(Assert.java:178)
	at org.collective.testmethods.CollectiveSanityTestURL.tc023_PageURLsStaging(CollectiveSanityTestURL.java:21)
	at sun.reflect.NativeMethodAccessorImpl.invoke0(Native Method)
	at sun.reflect.NativeMethodAccessorImpl.invoke(NativeMethodAccessorImpl.java:62)
	at sun.reflect.DelegatingMethodAccessorImpl.invoke(DelegatingMethodAccessorImpl.java:43)
	at java.lang.reflect.Method.invoke(Method.java:497)
	at org.testng.internal.MethodInvocationHelper.invokeMethod(MethodInvocationHelper.java:85)
	at org.testng.internal.Invoker.invokeMethod(Invoker.java:639)
	at org.testng.internal.Invoker.invokeTestMethod(Invoker.java:821)
	at org.testng.internal.Invoker.invokeTestMethods(Invoker.java:1131)
	at org.testng.internal.TestMethodWorker.invokeTestMethods(TestMethodWorker.java:124)
	at org.testng.internal.TestMethodWorker.run(TestMethodWorker.java:108)
	at org.testng.TestRunner.privateRun(TestRunner.java:773)
	at org.testng.TestRunner.run(TestRunner.java:623)
	at org.testng.SuiteRunner.runTest(SuiteRunner.java:357)
	at org.testng.SuiteRunner.runSequentially(SuiteRunner.java:352)
	at org.testng.SuiteRunner.privateRun(SuiteRunner.java:310)
	at org.testng.SuiteRunner.run(SuiteRunner.java:259)
	at org.testng.SuiteRunnerWorker.runSuite(SuiteRunnerWorker.java:52)
	at org.testng.SuiteRunnerWorker.run(SuiteRunnerWorker.java:86)
	at org.testng.TestNG.runSuitesSequentially(TestNG.java:1185)
	at org.testng.TestNG.runSuitesLocally(TestNG.java:1110)
	at org.testng.TestNG.run(TestNG.java:1018)
	at org.apache.maven.surefire.testng.TestNGExecutor.run(TestNGExecutor.java:295)
	at org.apache.maven.surefire.testng.TestNGXmlTestSuite.execute(TestNGXmlTestSuite.java:84)
	at org.apache.maven.surefire.testng.TestNGProvider.invoke(TestNGProvider.java:90)
	at org.apache.maven.surefire.booter.ForkedBooter.invokeProviderInSameClassLoader(ForkedBooter.java:203)
	at org.apache.maven.surefire.booter.ForkedBooter.runSuitesInProcess(ForkedBooter.java:155)
	at org.apache.maven.surefire.booter.ForkedBooter.main(ForkedBooter.java:103)
]]>
            </full-stacktrace>
          </exception> <!-- java.lang.AssertionError -->
          <reporter-output>
          </reporter-output>
        </test-method> <!-- tc023_PageURLsStaging -->
      </class> <!-- org.collective.testmethods.CollectiveSanityTestURL -->
      <class name="org.collective.testmethods.CollectiveSanityTestAdmin">
        <test-method status="PASS" signature="beforeSuite()[pri:0, instance:org.collective.testmethods.CollectiveSanityTestAdmin@5faeada1]" name="beforeSuite" is-config="true" duration-ms="47" started-at="2016-02-09T15:39:26Z" finished-at="2016-02-09T15:39:26Z">
          <reporter-output>
          </reporter-output>
        </test-method> <!-- beforeSuite -->
        <test-method status="PASS" signature="beforeTest()[pri:0, instance:org.collective.testmethods.CollectiveSanityTestAdmin@5faeada1]" name="beforeTest" is-config="true" duration-ms="8206" started-at="2016-02-09T15:39:26Z" finished-at="2016-02-09T15:39:35Z">
          <reporter-output>
          </reporter-output>
        </test-method> <!-- beforeTest -->
        <test-method status="PASS" signature="checkForLogin()[pri:0, instance:org.collective.testmethods.CollectiveSanityTestAdmin@5faeada1]" name="checkForLogin" is-config="true" duration-ms="94" started-at="2016-02-09T15:39:35Z" finished-at="2016-02-09T15:39:35Z">
          <reporter-output>
          </reporter-output>
        </test-method> <!-- checkForLogin -->
        <test-method status="PASS" signature="setUp()[pri:0, instance:org.collective.testmethods.CollectiveSanityTestAdmin@5faeada1]" name="setUp" is-config="true" duration-ms="6203" started-at="2016-02-09T15:39:35Z" finished-at="2016-02-09T15:39:41Z">
          <reporter-output>
          </reporter-output>
        </test-method> <!-- setUp -->
        <test-method status="PASS" signature="startRecording(java.lang.reflect.Method)[pri:0, instance:org.collective.testmethods.CollectiveSanityTestAdmin@5faeada1]" name="startRecording" is-config="true" duration-ms="174" started-at="2016-02-09T15:39:41Z" finished-at="2016-02-09T15:39:41Z">
          <params>
            <param index="0">
              <value>
                <![CDATA[public void org.collective.testmethods.CollectiveSanityTestAdmin.tc012_collective_adminLogin() throws java.io.IOException,java.lang.InterruptedException,java.awt.AWTException]]>
              </value>
            </param>
          </params>
          <reporter-output>
          </reporter-output>
        </test-method> <!-- startRecording -->
        <test-method status="PASS" signature="tc012_collective_adminLogin()[pri:0, instance:org.collective.testmethods.CollectiveSanityTestAdmin@5faeada1]" name="tc012_collective_adminLogin" duration-ms="6530" started-at="2016-02-09T15:39:41Z" finished-at="2016-02-09T15:39:48Z">
          <reporter-output>
          </reporter-output>
        </test-method> <!-- tc012_collective_adminLogin -->
        <test-method status="PASS" signature="checkForAdminLogout()[pri:0, instance:org.collective.testmethods.CollectiveSanityTestAdmin@5faeada1]" name="checkForAdminLogout" is-config="true" duration-ms="1936" started-at="2016-02-09T15:39:48Z" finished-at="2016-02-09T15:39:50Z">
          <reporter-output>
          </reporter-output>
        </test-method> <!-- checkForAdminLogout -->
        <test-method status="PASS" signature="takeScreenshot(org.testng.ITestResult)[pri:0, instance:org.collective.testmethods.CollectiveSanityTestAdmin@5faeada1]" name="takeScreenshot" is-config="true" duration-ms="1" started-at="2016-02-09T15:39:50Z" finished-at="2016-02-09T15:39:50Z">
          <params>
            <param index="0">
              <value>
                <![CDATA[[TestResult name=tc012_collective_adminLogin status=SUCCESS method=CollectiveSanityTestAdmin.tc012_collective_adminLogin()[pri:0, instance:org.collective.testmethods.CollectiveSanityTestAdmin@5faeada1] output={null}]]]>
              </value>
            </param>
          </params>
          <reporter-output>
          </reporter-output>
        </test-method> <!-- takeScreenshot -->
        <test-method status="PASS" signature="checkForLogin()[pri:0, instance:org.collective.testmethods.CollectiveSanityTestAdmin@5faeada1]" name="checkForLogin" is-config="true" duration-ms="49" started-at="2016-02-09T15:39:50Z" finished-at="2016-02-09T15:39:50Z">
          <reporter-output>
          </reporter-output>
        </test-method> <!-- checkForLogin -->
        <test-method status="PASS" signature="setUp()[pri:0, instance:org.collective.testmethods.CollectiveSanityTestAdmin@5faeada1]" name="setUp" is-config="true" duration-ms="1951" started-at="2016-02-09T15:39:50Z" finished-at="2016-02-09T15:39:52Z">
          <reporter-output>
          </reporter-output>
        </test-method> <!-- setUp -->
        <test-method status="PASS" signature="startRecording(java.lang.reflect.Method)[pri:0, instance:org.collective.testmethods.CollectiveSanityTestAdmin@5faeada1]" name="startRecording" is-config="true" duration-ms="46" started-at="2016-02-09T15:39:52Z" finished-at="2016-02-09T15:39:52Z">
          <params>
            <param index="0">
              <value>
                <![CDATA[public void org.collective.testmethods.CollectiveSanityTestAdmin.tc013_collective_admin_reports_OrderTotalsSheet() throws java.lang.InterruptedException,java.io.IOException]]>
              </value>
            </param>
          </params>
          <reporter-output>
          </reporter-output>
        </test-method> <!-- startRecording -->
        <test-method status="PASS" signature="tc013_collective_admin_reports_OrderTotalsSheet()[pri:0, instance:org.collective.testmethods.CollectiveSanityTestAdmin@5faeada1]" name="tc013_collective_admin_reports_OrderTotalsSheet" duration-ms="13667" started-at="2016-02-09T15:39:52Z" finished-at="2016-02-09T15:40:05Z">
          <reporter-output>
          </reporter-output>
        </test-method> <!-- tc013_collective_admin_reports_OrderTotalsSheet -->
        <test-method status="PASS" signature="checkForAdminLogout()[pri:0, instance:org.collective.testmethods.CollectiveSanityTestAdmin@5faeada1]" name="checkForAdminLogout" is-config="true" duration-ms="3523" started-at="2016-02-09T15:40:05Z" finished-at="2016-02-09T15:40:09Z">
          <reporter-output>
          </reporter-output>
        </test-method> <!-- checkForAdminLogout -->
        <test-method status="PASS" signature="takeScreenshot(org.testng.ITestResult)[pri:0, instance:org.collective.testmethods.CollectiveSanityTestAdmin@5faeada1]" name="takeScreenshot" is-config="true" duration-ms="0" started-at="2016-02-09T15:40:09Z" finished-at="2016-02-09T15:40:09Z">
          <params>
            <param index="0">
              <value>
                <![CDATA[[TestResult name=tc013_collective_admin_reports_OrderTotalsSheet status=SUCCESS method=CollectiveSanityTestAdmin.tc013_collective_admin_reports_OrderTotalsSheet()[pri:0, instance:org.collective.testmethods.CollectiveSanityTestAdmin@5faeada1] output={null}]]]>
              </value>
            </param>
          </params>
          <reporter-output>
          </reporter-output>
        </test-method> <!-- takeScreenshot -->
        <test-method status="PASS" signature="checkForLogin()[pri:0, instance:org.collective.testmethods.CollectiveSanityTestAdmin@5faeada1]" name="checkForLogin" is-config="true" duration-ms="100" started-at="2016-02-09T15:40:09Z" finished-at="2016-02-09T15:40:09Z">
          <reporter-output>
          </reporter-output>
        </test-method> <!-- checkForLogin -->
        <test-method status="PASS" signature="setUp()[pri:0, instance:org.collective.testmethods.CollectiveSanityTestAdmin@5faeada1]" name="setUp" is-config="true" duration-ms="2140" started-at="2016-02-09T15:40:09Z" finished-at="2016-02-09T15:40:11Z">
          <reporter-output>
          </reporter-output>
        </test-method> <!-- setUp -->
        <test-method status="PASS" signature="startRecording(java.lang.reflect.Method)[pri:0, instance:org.collective.testmethods.CollectiveSanityTestAdmin@5faeada1]" name="startRecording" is-config="true" duration-ms="94" started-at="2016-02-09T15:40:11Z" finished-at="2016-02-09T15:40:11Z">
          <params>
            <param index="0">
              <value>
                <![CDATA[public void org.collective.testmethods.CollectiveSanityTestAdmin.tc014_evaluateAdminTabs_Returns() throws java.io.IOException]]>
              </value>
            </param>
          </params>
          <reporter-output>
          </reporter-output>
        </test-method> <!-- startRecording -->
        <test-method status="PASS" signature="tc014_evaluateAdminTabs_Returns()[pri:0, instance:org.collective.testmethods.CollectiveSanityTestAdmin@5faeada1]" name="tc014_evaluateAdminTabs_Returns" duration-ms="13756" started-at="2016-02-09T15:40:11Z" finished-at="2016-02-09T15:40:25Z">
          <reporter-output>
          </reporter-output>
        </test-method> <!-- tc014_evaluateAdminTabs_Returns -->
        <test-method status="PASS" signature="checkForAdminLogout()[pri:0, instance:org.collective.testmethods.CollectiveSanityTestAdmin@5faeada1]" name="checkForAdminLogout" is-config="true" duration-ms="4153" started-at="2016-02-09T15:40:25Z" finished-at="2016-02-09T15:40:29Z">
          <reporter-output>
          </reporter-output>
        </test-method> <!-- checkForAdminLogout -->
        <test-method status="PASS" signature="takeScreenshot(org.testng.ITestResult)[pri:0, instance:org.collective.testmethods.CollectiveSanityTestAdmin@5faeada1]" name="takeScreenshot" is-config="true" duration-ms="1" started-at="2016-02-09T15:40:29Z" finished-at="2016-02-09T15:40:29Z">
          <params>
            <param index="0">
              <value>
                <![CDATA[[TestResult name=tc014_evaluateAdminTabs_Returns status=SUCCESS method=CollectiveSanityTestAdmin.tc014_evaluateAdminTabs_Returns()[pri:0, instance:org.collective.testmethods.CollectiveSanityTestAdmin@5faeada1] output={null}]]]>
              </value>
            </param>
          </params>
          <reporter-output>
          </reporter-output>
        </test-method> <!-- takeScreenshot -->
        <test-method status="PASS" signature="checkForLogin()[pri:0, instance:org.collective.testmethods.CollectiveSanityTestAdmin@5faeada1]" name="checkForLogin" is-config="true" duration-ms="96" started-at="2016-02-09T15:40:29Z" finished-at="2016-02-09T15:40:29Z">
          <reporter-output>
          </reporter-output>
        </test-method> <!-- checkForLogin -->
        <test-method status="PASS" signature="setUp()[pri:0, instance:org.collective.testmethods.CollectiveSanityTestAdmin@5faeada1]" name="setUp" is-config="true" duration-ms="3186" started-at="2016-02-09T15:40:29Z" finished-at="2016-02-09T15:40:32Z">
          <reporter-output>
          </reporter-output>
        </test-method> <!-- setUp -->
        <test-method status="PASS" signature="startRecording(java.lang.reflect.Method)[pri:0, instance:org.collective.testmethods.CollectiveSanityTestAdmin@5faeada1]" name="startRecording" is-config="true" duration-ms="47" started-at="2016-02-09T15:40:32Z" finished-at="2016-02-09T15:40:32Z">
          <params>
            <param index="0">
              <value>
                <![CDATA[public void org.collective.testmethods.CollectiveSanityTestAdmin.tc015_evaluateAdminTabs_Carousel() throws java.io.IOException]]>
              </value>
            </param>
          </params>
          <reporter-output>
          </reporter-output>
        </test-method> <!-- startRecording -->
        <test-method status="PASS" signature="tc015_evaluateAdminTabs_Carousel()[pri:0, instance:org.collective.testmethods.CollectiveSanityTestAdmin@5faeada1]" name="tc015_evaluateAdminTabs_Carousel" duration-ms="17585" started-at="2016-02-09T15:40:32Z" finished-at="2016-02-09T15:40:50Z">
          <reporter-output>
          </reporter-output>
        </test-method> <!-- tc015_evaluateAdminTabs_Carousel -->
        <test-method status="PASS" signature="checkForAdminLogout()[pri:0, instance:org.collective.testmethods.CollectiveSanityTestAdmin@5faeada1]" name="checkForAdminLogout" is-config="true" duration-ms="6238" started-at="2016-02-09T15:40:50Z" finished-at="2016-02-09T15:40:56Z">
          <reporter-output>
          </reporter-output>
        </test-method> <!-- checkForAdminLogout -->
        <test-method status="PASS" signature="takeScreenshot(org.testng.ITestResult)[pri:0, instance:org.collective.testmethods.CollectiveSanityTestAdmin@5faeada1]" name="takeScreenshot" is-config="true" duration-ms="2" started-at="2016-02-09T15:40:56Z" finished-at="2016-02-09T15:40:56Z">
          <params>
            <param index="0">
              <value>
                <![CDATA[[TestResult name=tc015_evaluateAdminTabs_Carousel status=SUCCESS method=CollectiveSanityTestAdmin.tc015_evaluateAdminTabs_Carousel()[pri:0, instance:org.collective.testmethods.CollectiveSanityTestAdmin@5faeada1] output={null}]]]>
              </value>
            </param>
          </params>
          <reporter-output>
          </reporter-output>
        </test-method> <!-- takeScreenshot -->
        <test-method status="PASS" signature="checkForLogin()[pri:0, instance:org.collective.testmethods.CollectiveSanityTestAdmin@5faeada1]" name="checkForLogin" is-config="true" duration-ms="390" started-at="2016-02-09T15:40:56Z" finished-at="2016-02-09T15:40:57Z">
          <reporter-output>
          </reporter-output>
        </test-method> <!-- checkForLogin -->
        <test-method status="PASS" signature="setUp()[pri:0, instance:org.collective.testmethods.CollectiveSanityTestAdmin@5faeada1]" name="setUp" is-config="true" duration-ms="3486" started-at="2016-02-09T15:40:57Z" finished-at="2016-02-09T15:41:00Z">
          <reporter-output>
          </reporter-output>
        </test-method> <!-- setUp -->
        <test-method status="PASS" signature="startRecording(java.lang.reflect.Method)[pri:0, instance:org.collective.testmethods.CollectiveSanityTestAdmin@5faeada1]" name="startRecording" is-config="true" duration-ms="79" started-at="2016-02-09T15:41:00Z" finished-at="2016-02-09T15:41:00Z">
          <params>
            <param index="0">
              <value>
                <![CDATA[public void org.collective.testmethods.CollectiveSanityTestAdmin.tc016_evaluateAdminTabs_Orders() throws java.io.IOException]]>
              </value>
            </param>
          </params>
          <reporter-output>
          </reporter-output>
        </test-method> <!-- startRecording -->
        <test-method status="PASS" signature="tc016_evaluateAdminTabs_Orders()[pri:0, instance:org.collective.testmethods.CollectiveSanityTestAdmin@5faeada1]" name="tc016_evaluateAdminTabs_Orders" duration-ms="28134" started-at="2016-02-09T15:41:00Z" finished-at="2016-02-09T15:41:28Z">
          <reporter-output>
          </reporter-output>
        </test-method> <!-- tc016_evaluateAdminTabs_Orders -->
        <test-method status="PASS" signature="checkForAdminLogout()[pri:0, instance:org.collective.testmethods.CollectiveSanityTestAdmin@5faeada1]" name="checkForAdminLogout" is-config="true" duration-ms="7518" started-at="2016-02-09T15:41:28Z" finished-at="2016-02-09T15:41:36Z">
          <reporter-output>
          </reporter-output>
        </test-method> <!-- checkForAdminLogout -->
        <test-method status="PASS" signature="takeScreenshot(org.testng.ITestResult)[pri:0, instance:org.collective.testmethods.CollectiveSanityTestAdmin@5faeada1]" name="takeScreenshot" is-config="true" duration-ms="0" started-at="2016-02-09T15:41:36Z" finished-at="2016-02-09T15:41:36Z">
          <params>
            <param index="0">
              <value>
                <![CDATA[[TestResult name=tc016_evaluateAdminTabs_Orders status=SUCCESS method=CollectiveSanityTestAdmin.tc016_evaluateAdminTabs_Orders()[pri:0, instance:org.collective.testmethods.CollectiveSanityTestAdmin@5faeada1] output={null}]]]>
              </value>
            </param>
          </params>
          <reporter-output>
          </reporter-output>
        </test-method> <!-- takeScreenshot -->
        <test-method status="PASS" signature="checkForLogin()[pri:0, instance:org.collective.testmethods.CollectiveSanityTestAdmin@5faeada1]" name="checkForLogin" is-config="true" duration-ms="581" started-at="2016-02-09T15:41:36Z" finished-at="2016-02-09T15:41:36Z">
          <reporter-output>
          </reporter-output>
        </test-method> <!-- checkForLogin -->
        <test-method status="PASS" signature="setUp()[pri:0, instance:org.collective.testmethods.CollectiveSanityTestAdmin@5faeada1]" name="setUp" is-config="true" duration-ms="4330" started-at="2016-02-09T15:41:36Z" finished-at="2016-02-09T15:41:41Z">
          <reporter-output>
          </reporter-output>
        </test-method> <!-- setUp -->
        <test-method status="PASS" signature="startRecording(java.lang.reflect.Method)[pri:0, instance:org.collective.testmethods.CollectiveSanityTestAdmin@5faeada1]" name="startRecording" is-config="true" duration-ms="334" started-at="2016-02-09T15:41:41Z" finished-at="2016-02-09T15:41:41Z">
          <params>
            <param index="0">
              <value>
                <![CDATA[public void org.collective.testmethods.CollectiveSanityTestAdmin.tc017_evaluateAdminTabs_Products() throws java.io.IOException]]>
              </value>
            </param>
          </params>
          <reporter-output>
          </reporter-output>
        </test-method> <!-- startRecording -->
        <test-method status="PASS" signature="tc017_evaluateAdminTabs_Products()[pri:0, instance:org.collective.testmethods.CollectiveSanityTestAdmin@5faeada1]" name="tc017_evaluateAdminTabs_Products" duration-ms="31803" started-at="2016-02-09T15:41:41Z" finished-at="2016-02-09T15:42:13Z">
          <reporter-output>
          </reporter-output>
        </test-method> <!-- tc017_evaluateAdminTabs_Products -->
        <test-method status="PASS" signature="checkForAdminLogout()[pri:0, instance:org.collective.testmethods.CollectiveSanityTestAdmin@5faeada1]" name="checkForAdminLogout" is-config="true" duration-ms="8378" started-at="2016-02-09T15:42:13Z" finished-at="2016-02-09T15:42:21Z">
          <reporter-output>
          </reporter-output>
        </test-method> <!-- checkForAdminLogout -->
        <test-method status="PASS" signature="takeScreenshot(org.testng.ITestResult)[pri:0, instance:org.collective.testmethods.CollectiveSanityTestAdmin@5faeada1]" name="takeScreenshot" is-config="true" duration-ms="1" started-at="2016-02-09T15:42:21Z" finished-at="2016-02-09T15:42:21Z">
          <params>
            <param index="0">
              <value>
                <![CDATA[[TestResult name=tc017_evaluateAdminTabs_Products status=SUCCESS method=CollectiveSanityTestAdmin.tc017_evaluateAdminTabs_Products()[pri:0, instance:org.collective.testmethods.CollectiveSanityTestAdmin@5faeada1] output={null}]]]>
              </value>
            </param>
          </params>
          <reporter-output>
          </reporter-output>
        </test-method> <!-- takeScreenshot -->
        <test-method status="PASS" signature="checkForLogin()[pri:0, instance:org.collective.testmethods.CollectiveSanityTestAdmin@5faeada1]" name="checkForLogin" is-config="true" duration-ms="563" started-at="2016-02-09T15:42:21Z" finished-at="2016-02-09T15:42:22Z">
          <reporter-output>
          </reporter-output>
        </test-method> <!-- checkForLogin -->
        <test-method status="PASS" signature="setUp()[pri:0, instance:org.collective.testmethods.CollectiveSanityTestAdmin@5faeada1]" name="setUp" is-config="true" duration-ms="4639" started-at="2016-02-09T15:42:22Z" finished-at="2016-02-09T15:42:26Z">
          <reporter-output>
          </reporter-output>
        </test-method> <!-- setUp -->
        <test-method status="PASS" signature="startRecording(java.lang.reflect.Method)[pri:0, instance:org.collective.testmethods.CollectiveSanityTestAdmin@5faeada1]" name="startRecording" is-config="true" duration-ms="445" started-at="2016-02-09T15:42:26Z" finished-at="2016-02-09T15:42:27Z">
          <params>
            <param index="0">
              <value>
                <![CDATA[public void org.collective.testmethods.CollectiveSanityTestAdmin.tc018_evaluateAdminTabs_Settings() throws java.io.IOException]]>
              </value>
            </param>
          </params>
          <reporter-output>
          </reporter-output>
        </test-method> <!-- startRecording -->
        <test-method status="PASS" signature="tc018_evaluateAdminTabs_Settings()[pri:0, instance:org.collective.testmethods.CollectiveSanityTestAdmin@5faeada1]" name="tc018_evaluateAdminTabs_Settings" duration-ms="49647" started-at="2016-02-09T15:42:27Z" finished-at="2016-02-09T15:43:17Z">
          <reporter-output>
          </reporter-output>
        </test-method> <!-- tc018_evaluateAdminTabs_Settings -->
        <test-method status="PASS" signature="checkForAdminLogout()[pri:0, instance:org.collective.testmethods.CollectiveSanityTestAdmin@5faeada1]" name="checkForAdminLogout" is-config="true" duration-ms="9824" started-at="2016-02-09T15:43:17Z" finished-at="2016-02-09T15:43:26Z">
          <reporter-output>
          </reporter-output>
        </test-method> <!-- checkForAdminLogout -->
        <test-method status="PASS" signature="checkForLogin()[pri:0, instance:org.collective.testmethods.CollectiveSanityTestAdmin@5faeada1]" name="checkForLogin" is-config="true" duration-ms="912" started-at="2016-02-09T15:43:26Z" finished-at="2016-02-09T15:43:27Z">
          <reporter-output>
          </reporter-output>
        </test-method> <!-- checkForLogin -->
        <test-method status="PASS" signature="takeScreenshot(org.testng.ITestResult)[pri:0, instance:org.collective.testmethods.CollectiveSanityTestAdmin@5faeada1]" name="takeScreenshot" is-config="true" duration-ms="0" started-at="2016-02-09T15:43:26Z" finished-at="2016-02-09T15:43:26Z">
          <params>
            <param index="0">
              <value>
                <![CDATA[[TestResult name=tc018_evaluateAdminTabs_Settings status=SUCCESS method=CollectiveSanityTestAdmin.tc018_evaluateAdminTabs_Settings()[pri:0, instance:org.collective.testmethods.CollectiveSanityTestAdmin@5faeada1] output={null}]]]>
              </value>
            </param>
          </params>
          <reporter-output>
          </reporter-output>
        </test-method> <!-- takeScreenshot -->
        <test-method status="PASS" signature="setUp()[pri:0, instance:org.collective.testmethods.CollectiveSanityTestAdmin@5faeada1]" name="setUp" is-config="true" duration-ms="5533" started-at="2016-02-09T15:43:27Z" finished-at="2016-02-09T15:43:33Z">
          <reporter-output>
          </reporter-output>
        </test-method> <!-- setUp -->
        <test-method status="PASS" signature="startRecording(java.lang.reflect.Method)[pri:0, instance:org.collective.testmethods.CollectiveSanityTestAdmin@5faeada1]" name="startRecording" is-config="true" duration-ms="653" started-at="2016-02-09T15:43:33Z" finished-at="2016-02-09T15:43:34Z">
          <params>
            <param index="0">
              <value>
                <![CDATA[public void org.collective.testmethods.CollectiveSanityTestAdmin.tc019_evaluateAdminTabs_Promotions() throws java.io.IOException]]>
              </value>
            </param>
          </params>
          <reporter-output>
          </reporter-output>
        </test-method> <!-- startRecording -->
        <test-method status="PASS" signature="tc019_evaluateAdminTabs_Promotions()[pri:0, instance:org.collective.testmethods.CollectiveSanityTestAdmin@5faeada1]" name="tc019_evaluateAdminTabs_Promotions" duration-ms="47787" started-at="2016-02-09T15:43:34Z" finished-at="2016-02-09T15:44:21Z">
          <reporter-output>
          </reporter-output>
        </test-method> <!-- tc019_evaluateAdminTabs_Promotions -->
        <test-method status="PASS" signature="checkForAdminLogout()[pri:0, instance:org.collective.testmethods.CollectiveSanityTestAdmin@5faeada1]" name="checkForAdminLogout" is-config="true" duration-ms="12244" started-at="2016-02-09T15:44:21Z" finished-at="2016-02-09T15:44:34Z">
          <reporter-output>
          </reporter-output>
        </test-method> <!-- checkForAdminLogout -->
        <test-method status="PASS" signature="takeScreenshot(org.testng.ITestResult)[pri:0, instance:org.collective.testmethods.CollectiveSanityTestAdmin@5faeada1]" name="takeScreenshot" is-config="true" duration-ms="1" started-at="2016-02-09T15:44:34Z" finished-at="2016-02-09T15:44:34Z">
          <params>
            <param index="0">
              <value>
                <![CDATA[[TestResult name=tc019_evaluateAdminTabs_Promotions status=SUCCESS method=CollectiveSanityTestAdmin.tc019_evaluateAdminTabs_Promotions()[pri:0, instance:org.collective.testmethods.CollectiveSanityTestAdmin@5faeada1] output={null}]]]>
              </value>
            </param>
          </params>
          <reporter-output>
          </reporter-output>
        </test-method> <!-- takeScreenshot -->
        <test-method status="PASS" signature="checkForLogin()[pri:0, instance:org.collective.testmethods.CollectiveSanityTestAdmin@5faeada1]" name="checkForLogin" is-config="true" duration-ms="1115" started-at="2016-02-09T15:44:34Z" finished-at="2016-02-09T15:44:35Z">
          <reporter-output>
          </reporter-output>
        </test-method> <!-- checkForLogin -->
        <test-method status="PASS" signature="setUp()[pri:0, instance:org.collective.testmethods.CollectiveSanityTestAdmin@5faeada1]" name="setUp" is-config="true" duration-ms="6615" started-at="2016-02-09T15:44:35Z" finished-at="2016-02-09T15:44:41Z">
          <reporter-output>
          </reporter-output>
        </test-method> <!-- setUp -->
        <test-method status="PASS" signature="startRecording(java.lang.reflect.Method)[pri:0, instance:org.collective.testmethods.CollectiveSanityTestAdmin@5faeada1]" name="startRecording" is-config="true" duration-ms="665" started-at="2016-02-09T15:44:41Z" finished-at="2016-02-09T15:44:42Z">
          <params>
            <param index="0">
              <value>
                <![CDATA[public void org.collective.testmethods.CollectiveSanityTestAdmin.tc020_evaluateAdminTabs_Users() throws java.io.IOException]]>
              </value>
            </param>
          </params>
          <reporter-output>
          </reporter-output>
        </test-method> <!-- startRecording -->
        <test-method status="FAIL" signature="tc020_evaluateAdminTabs_Users()[pri:0, instance:org.collective.testmethods.CollectiveSanityTestAdmin@5faeada1]" name="tc020_evaluateAdminTabs_Users" duration-ms="57181" started-at="2016-02-09T15:44:42Z" finished-at="2016-02-09T15:45:39Z">
          <exception class="java.lang.NullPointerException">
            <full-stacktrace>
              <![CDATA[java.lang.NullPointerException
	at sun.reflect.GeneratedMethodAccessor5.invoke(Unknown Source)
	at sun.reflect.DelegatingMethodAccessorImpl.invoke(DelegatingMethodAccessorImpl.java:43)
	at java.lang.reflect.Method.invoke(Method.java:497)
	at org.openqa.selenium.support.pagefactory.internal.LocatingElementHandler.invoke(LocatingElementHandler.java:50)
	at com.sun.proxy.$Proxy10.isDisplayed(Unknown Source)
	at org.collective.admin.pageobjects.CollectiveAdminUsersPageObjects.verifyPromotionsPage(CollectiveAdminUsersPageObjects.java:43)
	at org.collective.testmethods.CollectiveSanityTestAdmin.tc020_evaluateAdminTabs_Users(CollectiveSanityTestAdmin.java:161)
	at sun.reflect.NativeMethodAccessorImpl.invoke0(Native Method)
	at sun.reflect.NativeMethodAccessorImpl.invoke(NativeMethodAccessorImpl.java:62)
	at sun.reflect.DelegatingMethodAccessorImpl.invoke(DelegatingMethodAccessorImpl.java:43)
	at java.lang.reflect.Method.invoke(Method.java:497)
	at org.testng.internal.MethodInvocationHelper.invokeMethod(MethodInvocationHelper.java:85)
	at org.testng.internal.Invoker.invokeMethod(Invoker.java:639)
	at org.testng.internal.Invoker.invokeTestMethod(Invoker.java:821)
	at org.testng.internal.Invoker.invokeTestMethods(Invoker.java:1131)
	at org.testng.internal.TestMethodWorker.invokeTestMethods(TestMethodWorker.java:124)
	at org.testng.internal.TestMethodWorker.run(TestMethodWorker.java:108)
	at org.testng.TestRunner.privateRun(TestRunner.java:773)
	at org.testng.TestRunner.run(TestRunner.java:623)
	at org.testng.SuiteRunner.runTest(SuiteRunner.java:357)
	at org.testng.SuiteRunner.runSequentially(SuiteRunner.java:352)
	at org.testng.SuiteRunner.privateRun(SuiteRunner.java:310)
	at org.testng.SuiteRunner.run(SuiteRunner.java:259)
	at org.testng.SuiteRunnerWorker.runSuite(SuiteRunnerWorker.java:52)
	at org.testng.SuiteRunnerWorker.run(SuiteRunnerWorker.java:86)
	at org.testng.TestNG.runSuitesSequentially(TestNG.java:1185)
	at org.testng.TestNG.runSuitesLocally(TestNG.java:1110)
	at org.testng.TestNG.run(TestNG.java:1018)
	at org.apache.maven.surefire.testng.TestNGExecutor.run(TestNGExecutor.java:295)
	at org.apache.maven.surefire.testng.TestNGXmlTestSuite.execute(TestNGXmlTestSuite.java:84)
	at org.apache.maven.surefire.testng.TestNGProvider.invoke(TestNGProvider.java:90)
	at org.apache.maven.surefire.booter.ForkedBooter.invokeProviderInSameClassLoader(ForkedBooter.java:203)
	at org.apache.maven.surefire.booter.ForkedBooter.runSuitesInProcess(ForkedBooter.java:155)
	at org.apache.maven.surefire.booter.ForkedBooter.main(ForkedBooter.java:103)
]]>
            </full-stacktrace>
          </exception> <!-- java.lang.NullPointerException -->
          <reporter-output>
          </reporter-output>
        </test-method> <!-- tc020_evaluateAdminTabs_Users -->
        <test-method status="PASS" signature="checkForAdminLogout()[pri:0, instance:org.collective.testmethods.CollectiveSanityTestAdmin@5faeada1]" name="checkForAdminLogout" is-config="true" duration-ms="2116" started-at="2016-02-09T15:45:39Z" finished-at="2016-02-09T15:45:41Z">
          <reporter-output>
          </reporter-output>
        </test-method> <!-- checkForAdminLogout -->
        <test-method status="FAIL" signature="takeScreenshot(org.testng.ITestResult)[pri:0, instance:org.collective.testmethods.CollectiveSanityTestAdmin@5faeada1]" name="takeScreenshot" is-config="true" duration-ms="0" started-at="2016-02-09T15:45:41Z" finished-at="2016-02-09T15:45:41Z">
          <params>
            <param index="0">
              <value>
                <![CDATA[[TestResult name=tc020_evaluateAdminTabs_Users status=FAILURE method=CollectiveSanityTestAdmin.tc020_evaluateAdminTabs_Users()[pri:0, instance:org.collective.testmethods.CollectiveSanityTestAdmin@5faeada1] output={null}]]]>
              </value>
            </param>
          </params>
          <exception class="org.openqa.selenium.WebDriverException">
            <message>
              <![CDATA[chrome not reachable
  (Session info: chrome=48.0.2564.103)
  (Driver info: chromedriver=2.20.353145 (343b531d31eeb933ec778dbcf7081628a1396067),platform=Windows NT 6.3 x86_64) (WARNING: The server did not provide any stacktrace information)
Command duration or timeout: 2.19 seconds
Build info: version: '2.44.0', revision: '76d78cf323ce037c5f92db6c1bba601c2ac43ad8', time: '2014-10-23 13:11:40'
System info: host: 'codebrahma', ip: '192.168.56.1', os.name: 'Windows 8.1', os.arch: 'amd64', os.version: '6.3', java.version: '1.8.0_60'
Driver info: org.openqa.selenium.chrome.ChromeDriver
Capabilities [{applicationCacheEnabled=false, rotatable=false, mobileEmulationEnabled=false, chrome={userDataDir=C:\Users\codeb\AppData\Local\Temp\scoped_dir1844_8915}, takesHeapSnapshot=true, databaseEnabled=false, handlesAlerts=true, hasTouchScreen=false, version=48.0.2564.103, platform=WIN8_1, browserConnectionEnabled=false, nativeEvents=true, acceptSslCerts=true, locationContextEnabled=true, webStorageEnabled=true, browserName=chrome, takesScreenshot=true, javascriptEnabled=true, cssSelectorsEnabled=true}]
Session ID: 1533b662f1eae80af2d050bac1adfe71]]>
            </message>
            <full-stacktrace>
              <![CDATA[org.openqa.selenium.WebDriverException: chrome not reachable
  (Session info: chrome=48.0.2564.103)
  (Driver info: chromedriver=2.20.353145 (343b531d31eeb933ec778dbcf7081628a1396067),platform=Windows NT 6.3 x86_64) (WARNING: The server did not provide any stacktrace information)
Command duration or timeout: 2.19 seconds
Build info: version: '2.44.0', revision: '76d78cf323ce037c5f92db6c1bba601c2ac43ad8', time: '2014-10-23 13:11:40'
System info: host: 'codebrahma', ip: '192.168.56.1', os.name: 'Windows 8.1', os.arch: 'amd64', os.version: '6.3', java.version: '1.8.0_60'
Driver info: org.openqa.selenium.chrome.ChromeDriver
Capabilities [{applicationCacheEnabled=false, rotatable=false, mobileEmulationEnabled=false, chrome={userDataDir=C:\Users\codeb\AppData\Local\Temp\scoped_dir1844_8915}, takesHeapSnapshot=true, databaseEnabled=false, handlesAlerts=true, hasTouchScreen=false, version=48.0.2564.103, platform=WIN8_1, browserConnectionEnabled=false, nativeEvents=true, acceptSslCerts=true, locationContextEnabled=true, webStorageEnabled=true, browserName=chrome, takesScreenshot=true, javascriptEnabled=true, cssSelectorsEnabled=true}]
Session ID: 1533b662f1eae80af2d050bac1adfe71
	at sun.reflect.NativeConstructorAccessorImpl.newInstance0(Native Method)
	at sun.reflect.NativeConstructorAccessorImpl.newInstance(NativeConstructorAccessorImpl.java:62)
	at sun.reflect.DelegatingConstructorAccessorImpl.newInstance(DelegatingConstructorAccessorImpl.java:45)
	at java.lang.reflect.Constructor.newInstance(Constructor.java:422)
	at org.openqa.selenium.remote.ErrorHandler.createThrowable(ErrorHandler.java:204)
	at org.openqa.selenium.remote.ErrorHandler.throwIfResponseFailed(ErrorHandler.java:156)
	at org.openqa.selenium.remote.RemoteWebDriver.execute(RemoteWebDriver.java:599)
	at org.openqa.selenium.remote.RemoteWebDriver.execute(RemoteWebDriver.java:614)
	at org.openqa.selenium.remote.RemoteWebDriver.getScreenshotAs(RemoteWebDriver.java:324)
	at org.collective.utils.Screenshot.captureScreenShot(Screenshot.java:20)
	at org.collective.maincontroller.MainController.takeScreenshot(MainController.java:182)
	at sun.reflect.NativeMethodAccessorImpl.invoke0(Native Method)
	at sun.reflect.NativeMethodAccessorImpl.invoke(NativeMethodAccessorImpl.java:62)
	at sun.reflect.DelegatingMethodAccessorImpl.invoke(DelegatingMethodAccessorImpl.java:43)
	at java.lang.reflect.Method.invoke(Method.java:497)
	at org.testng.internal.MethodInvocationHelper.invokeMethod(MethodInvocationHelper.java:85)
	at org.testng.internal.Invoker.invokeConfigurationMethod(Invoker.java:510)
	at org.testng.internal.Invoker.invokeConfigurations(Invoker.java:211)
	at org.testng.internal.Invoker.invokeMethod(Invoker.java:708)
	at org.testng.internal.Invoker.invokeTestMethod(Invoker.java:821)
	at org.testng.internal.Invoker.invokeTestMethods(Invoker.java:1131)
	at org.testng.internal.TestMethodWorker.invokeTestMethods(TestMethodWorker.java:124)
	at org.testng.internal.TestMethodWorker.run(TestMethodWorker.java:108)
	at org.testng.TestRunner.privateRun(TestRunner.java:773)
	at org.testng.TestRunner.run(TestRunner.java:623)
	at org.testng.SuiteRunner.runTest(SuiteRunner.java:357)
	at org.testng.SuiteRunner.runSequentially(SuiteRunner.java:352)
	at org.testng.SuiteRunner.privateRun(SuiteRunner.java:310)
	at org.testng.SuiteRunner.run(SuiteRunner.java:259)
	at org.testng.SuiteRunnerWorker.runSuite(SuiteRunnerWorker.java:52)
	at org.testng.SuiteRunnerWorker.run(SuiteRunnerWorker.java:86)
	at org.testng.TestNG.runSuitesSequentially(TestNG.java:1185)
	at org.testng.TestNG.runSuitesLocally(TestNG.java:1110)
	at org.testng.TestNG.run(TestNG.java:1018)
	at org.apache.maven.surefire.testng.TestNGExecutor.run(TestNGExecutor.java:295)
	at org.apache.maven.surefire.testng.TestNGXmlTestSuite.execute(TestNGXmlTestSuite.java:84)
	at org.apache.maven.surefire.testng.TestNGProvider.invoke(TestNGProvider.java:90)
	at org.apache.maven.surefire.booter.ForkedBooter.invokeProviderInSameClassLoader(ForkedBooter.java:203)
	at org.apache.maven.surefire.booter.ForkedBooter.runSuitesInProcess(ForkedBooter.java:155)
	at org.apache.maven.surefire.booter.ForkedBooter.main(ForkedBooter.java:103)
]]>
            </full-stacktrace>
          </exception> <!-- org.openqa.selenium.WebDriverException -->
          <reporter-output>
          </reporter-output>
        </test-method> <!-- takeScreenshot -->
        <test-method status="SKIP" signature="startRecording(java.lang.reflect.Method)[pri:0, instance:org.collective.testmethods.CollectiveSanityTestAdmin@5faeada1]" name="startRecording" is-config="true" duration-ms="0" started-at="2016-02-09T15:45:43Z" finished-at="2016-02-09T15:45:43Z">
          <reporter-output>
          </reporter-output>
        </test-method> <!-- startRecording -->
        <test-method status="SKIP" signature="setUp()[pri:0, instance:org.collective.testmethods.CollectiveSanityTestAdmin@5faeada1]" name="setUp" is-config="true" duration-ms="0" started-at="2016-02-09T15:45:43Z" finished-at="2016-02-09T15:45:43Z">
          <reporter-output>
          </reporter-output>
        </test-method> <!-- setUp -->
        <test-method status="SKIP" signature="checkForLogin()[pri:0, instance:org.collective.testmethods.CollectiveSanityTestAdmin@5faeada1]" name="checkForLogin" is-config="true" duration-ms="0" started-at="2016-02-09T15:45:43Z" finished-at="2016-02-09T15:45:43Z">
          <reporter-output>
          </reporter-output>
        </test-method> <!-- checkForLogin -->
        <test-method status="SKIP" signature="tc021_evaluateAdminTabs_Blog()[pri:0, instance:org.collective.testmethods.CollectiveSanityTestAdmin@5faeada1]" name="tc021_evaluateAdminTabs_Blog" duration-ms="94" started-at="2016-02-09T15:45:43Z" finished-at="2016-02-09T15:45:44Z">
          <reporter-output>
          </reporter-output>
        </test-method> <!-- tc021_evaluateAdminTabs_Blog -->
        <test-method status="SKIP" signature="tc022_evaluateAdminTabs_Store()[pri:0, instance:org.collective.testmethods.CollectiveSanityTestAdmin@5faeada1]" name="tc022_evaluateAdminTabs_Store" duration-ms="0" started-at="2016-02-09T15:45:44Z" finished-at="2016-02-09T15:45:44Z">
          <reporter-output>
          </reporter-output>
        </test-method> <!-- tc022_evaluateAdminTabs_Store -->
        <test-method status="SKIP" signature="tc023_evaluateAdminTabs_AnalyticScript()[pri:0, instance:org.collective.testmethods.CollectiveSanityTestAdmin@5faeada1]" name="tc023_evaluateAdminTabs_AnalyticScript" duration-ms="0" started-at="2016-02-09T15:45:44Z" finished-at="2016-02-09T15:45:44Z">
          <reporter-output>
          </reporter-output>
        </test-method> <!-- tc023_evaluateAdminTabs_AnalyticScript -->
        <test-method status="SKIP" signature="takeScreenshot(org.testng.ITestResult)[pri:0, instance:org.collective.testmethods.CollectiveSanityTestAdmin@5faeada1]" name="takeScreenshot" is-config="true" duration-ms="0" started-at="2016-02-09T15:45:44Z" finished-at="2016-02-09T15:45:44Z">
          <reporter-output>
          </reporter-output>
        </test-method> <!-- takeScreenshot -->
        <test-method status="SKIP" signature="setUp()[pri:0, instance:org.collective.testmethods.CollectiveSanityTestAdmin@5faeada1]" name="setUp" is-config="true" duration-ms="0" started-at="2016-02-09T15:45:44Z" finished-at="2016-02-09T15:45:44Z">
          <reporter-output>
          </reporter-output>
        </test-method> <!-- setUp -->
        <test-method status="SKIP" signature="setUp()[pri:0, instance:org.collective.testmethods.CollectiveSanityTestAdmin@5faeada1]" name="setUp" is-config="true" duration-ms="0" started-at="2016-02-09T15:45:44Z" finished-at="2016-02-09T15:45:44Z">
          <reporter-output>
          </reporter-output>
        </test-method> <!-- setUp -->
        <test-method status="SKIP" signature="startRecording(java.lang.reflect.Method)[pri:0, instance:org.collective.testmethods.CollectiveSanityTestAdmin@5faeada1]" name="startRecording" is-config="true" duration-ms="0" started-at="2016-02-09T15:45:44Z" finished-at="2016-02-09T15:45:44Z">
          <reporter-output>
          </reporter-output>
        </test-method> <!-- startRecording -->
        <test-method status="SKIP" signature="checkForLogin()[pri:0, instance:org.collective.testmethods.CollectiveSanityTestAdmin@5faeada1]" name="checkForLogin" is-config="true" duration-ms="0" started-at="2016-02-09T15:45:44Z" finished-at="2016-02-09T15:45:44Z">
          <reporter-output>
          </reporter-output>
        </test-method> <!-- checkForLogin -->
        <test-method status="SKIP" signature="takeScreenshot(org.testng.ITestResult)[pri:0, instance:org.collective.testmethods.CollectiveSanityTestAdmin@5faeada1]" name="takeScreenshot" is-config="true" duration-ms="0" started-at="2016-02-09T15:45:44Z" finished-at="2016-02-09T15:45:44Z">
          <reporter-output>
          </reporter-output>
        </test-method> <!-- takeScreenshot -->
        <test-method status="SKIP" signature="checkForAdminLogout()[pri:0, instance:org.collective.testmethods.CollectiveSanityTestAdmin@5faeada1]" name="checkForAdminLogout" is-config="true" duration-ms="0" started-at="2016-02-09T15:45:44Z" finished-at="2016-02-09T15:45:44Z">
          <reporter-output>
          </reporter-output>
        </test-method> <!-- checkForAdminLogout -->
        <test-method status="SKIP" signature="checkForLogin()[pri:0, instance:org.collective.testmethods.CollectiveSanityTestAdmin@5faeada1]" name="checkForLogin" is-config="true" duration-ms="0" started-at="2016-02-09T15:45:44Z" finished-at="2016-02-09T15:45:44Z">
          <reporter-output>
          </reporter-output>
        </test-method> <!-- checkForLogin -->
        <test-method status="SKIP" signature="checkForAdminLogout()[pri:0, instance:org.collective.testmethods.CollectiveSanityTestAdmin@5faeada1]" name="checkForAdminLogout" is-config="true" duration-ms="0" started-at="2016-02-09T15:45:44Z" finished-at="2016-02-09T15:45:44Z">
          <reporter-output>
          </reporter-output>
        </test-method> <!-- checkForAdminLogout -->
        <test-method status="SKIP" signature="startRecording(java.lang.reflect.Method)[pri:0, instance:org.collective.testmethods.CollectiveSanityTestAdmin@5faeada1]" name="startRecording" is-config="true" duration-ms="0" started-at="2016-02-09T15:45:44Z" finished-at="2016-02-09T15:45:44Z">
          <reporter-output>
          </reporter-output>
        </test-method> <!-- startRecording -->
        <test-method status="SKIP" signature="checkForAdminLogout()[pri:0, instance:org.collective.testmethods.CollectiveSanityTestAdmin@5faeada1]" name="checkForAdminLogout" is-config="true" duration-ms="0" started-at="2016-02-09T15:45:44Z" finished-at="2016-02-09T15:45:44Z">
          <reporter-output>
          </reporter-output>
        </test-method> <!-- checkForAdminLogout -->
        <test-method status="SKIP" signature="takeScreenshot(org.testng.ITestResult)[pri:0, instance:org.collective.testmethods.CollectiveSanityTestAdmin@5faeada1]" name="takeScreenshot" is-config="true" duration-ms="0" started-at="2016-02-09T15:45:44Z" finished-at="2016-02-09T15:45:44Z">
          <reporter-output>
          </reporter-output>
        </test-method> <!-- takeScreenshot -->
        <test-method status="SKIP" signature="takeScreenshot(org.testng.ITestResult)[pri:0, instance:org.collective.testmethods.CollectiveSanityTestAdmin@5faeada1]" name="takeScreenshot" is-config="true" duration-ms="0" started-at="2016-02-09T15:45:44Z" finished-at="2016-02-09T15:45:44Z">
          <reporter-output>
          </reporter-output>
        </test-method> <!-- takeScreenshot -->
        <test-method status="SKIP" signature="tc024_Reports_UserList()[pri:0, instance:org.collective.testmethods.CollectiveSanityTestAdmin@5faeada1]" name="tc024_Reports_UserList" duration-ms="0" started-at="2016-02-09T15:45:44Z" finished-at="2016-02-09T15:45:44Z">
          <reporter-output>
          </reporter-output>
        </test-method> <!-- tc024_Reports_UserList -->
        <test-method status="SKIP" signature="setUp()[pri:0, instance:org.collective.testmethods.CollectiveSanityTestAdmin@5faeada1]" name="setUp" is-config="true" duration-ms="0" started-at="2016-02-09T15:45:44Z" finished-at="2016-02-09T15:45:44Z">
          <reporter-output>
          </reporter-output>
        </test-method> <!-- setUp -->
        <test-method status="SKIP" signature="checkForLogin()[pri:0, instance:org.collective.testmethods.CollectiveSanityTestAdmin@5faeada1]" name="checkForLogin" is-config="true" duration-ms="0" started-at="2016-02-09T15:45:44Z" finished-at="2016-02-09T15:45:44Z">
          <reporter-output>
          </reporter-output>
        </test-method> <!-- checkForLogin -->
        <test-method status="SKIP" signature="startRecording(java.lang.reflect.Method)[pri:0, instance:org.collective.testmethods.CollectiveSanityTestAdmin@5faeada1]" name="startRecording" is-config="true" duration-ms="0" started-at="2016-02-09T15:45:44Z" finished-at="2016-02-09T15:45:44Z">
          <reporter-output>
          </reporter-output>
        </test-method> <!-- startRecording -->
        <test-method status="SKIP" signature="checkForAdminLogout()[pri:0, instance:org.collective.testmethods.CollectiveSanityTestAdmin@5faeada1]" name="checkForAdminLogout" is-config="true" duration-ms="0" started-at="2016-02-09T15:45:44Z" finished-at="2016-02-09T15:45:44Z">
          <reporter-output>
          </reporter-output>
        </test-method> <!-- checkForAdminLogout -->
        <test-method status="SKIP" signature="tc025_Reports_returnList()[pri:0, instance:org.collective.testmethods.CollectiveSanityTestAdmin@5faeada1]" name="tc025_Reports_returnList" duration-ms="0" started-at="2016-02-09T15:45:44Z" finished-at="2016-02-09T15:45:44Z">
          <reporter-output>
          </reporter-output>
        </test-method> <!-- tc025_Reports_returnList -->
        <test-method status="SKIP" signature="setUp()[pri:0, instance:org.collective.testmethods.CollectiveSanityTestAdmin@5faeada1]" name="setUp" is-config="true" duration-ms="0" started-at="2016-02-09T15:45:44Z" finished-at="2016-02-09T15:45:44Z">
          <reporter-output>
          </reporter-output>
        </test-method> <!-- setUp -->
        <test-method status="SKIP" signature="takeScreenshot(org.testng.ITestResult)[pri:0, instance:org.collective.testmethods.CollectiveSanityTestAdmin@5faeada1]" name="takeScreenshot" is-config="true" duration-ms="0" started-at="2016-02-09T15:45:44Z" finished-at="2016-02-09T15:45:44Z">
          <reporter-output>
          </reporter-output>
        </test-method> <!-- takeScreenshot -->
        <test-method status="SKIP" signature="checkForLogin()[pri:0, instance:org.collective.testmethods.CollectiveSanityTestAdmin@5faeada1]" name="checkForLogin" is-config="true" duration-ms="0" started-at="2016-02-09T15:45:44Z" finished-at="2016-02-09T15:45:44Z">
          <reporter-output>
          </reporter-output>
        </test-method> <!-- checkForLogin -->
        <test-method status="SKIP" signature="checkForAdminLogout()[pri:0, instance:org.collective.testmethods.CollectiveSanityTestAdmin@5faeada1]" name="checkForAdminLogout" is-config="true" duration-ms="0" started-at="2016-02-09T15:45:44Z" finished-at="2016-02-09T15:45:44Z">
          <reporter-output>
          </reporter-output>
        </test-method> <!-- checkForAdminLogout -->
        <test-method status="SKIP" signature="startRecording(java.lang.reflect.Method)[pri:0, instance:org.collective.testmethods.CollectiveSanityTestAdmin@5faeada1]" name="startRecording" is-config="true" duration-ms="0" started-at="2016-02-09T15:45:44Z" finished-at="2016-02-09T15:45:44Z">
          <reporter-output>
          </reporter-output>
        </test-method> <!-- startRecording -->
        <test-method status="SKIP" signature="tearDownClass()[pri:0, instance:org.collective.testmethods.CollectiveSanityTestAdmin@5faeada1]" name="tearDownClass" is-config="true" duration-ms="0" started-at="2016-02-09T15:49:03Z" finished-at="2016-02-09T15:49:03Z">
          <reporter-output>
          </reporter-output>
        </test-method> <!-- tearDownClass -->
      </class> <!-- org.collective.testmethods.CollectiveSanityTestAdmin -->
    </test> <!-- SmokeTesting -->
  </suite> <!-- CollectiveSuite -->
</testng-results>
