<?xml version="1.0" encoding="UTF-8"?>
<testng-results skipped="15" failed="1" total="49" passed="33">
  <reporter-output>
  </reporter-output>
  <suite name="CollectiveSuite" duration-ms="527444" started-at="2015-12-21T09:19:51Z" finished-at="2015-12-21T09:28:38Z">
    <groups>
    </groups>
    <test name="SmokeTesting" duration-ms="527444" started-at="2015-12-21T09:19:51Z" finished-at="2015-12-21T09:28:38Z">
      <class name="org.collective.testmethods.CollectiveSanityTestCustomer">
        <test-method status="PASS" signature="screenshotCleanUp()[pri:0, instance:org.collective.testmethods.CollectiveSanityTestCustomer@528931cf]" name="screenshotCleanUp" is-config="true" duration-ms="82" started-at="2015-12-21T14:49:51Z" finished-at="2015-12-21T14:49:51Z">
          <reporter-output>
          </reporter-output>
        </test-method> <!-- screenshotCleanUp -->
        <test-method status="PASS" signature="beforeTest()[pri:0, instance:org.collective.testmethods.CollectiveSanityTestCustomer@528931cf]" name="beforeTest" is-config="true" duration-ms="8149" started-at="2015-12-21T14:49:51Z" finished-at="2015-12-21T14:49:59Z">
          <reporter-output>
          </reporter-output>
        </test-method> <!-- beforeTest -->
        <test-method status="PASS" signature="checkForLogin()[pri:0, instance:org.collective.testmethods.CollectiveSanityTestCustomer@528931cf]" name="checkForLogin" is-config="true" duration-ms="95" started-at="2015-12-21T14:50:19Z" finished-at="2015-12-21T14:50:19Z">
          <reporter-output>
          </reporter-output>
        </test-method> <!-- checkForLogin -->
        <test-method status="PASS" signature="setUp()[pri:0, instance:org.collective.testmethods.CollectiveSanityTestCustomer@528931cf]" name="setUp" is-config="true" duration-ms="15629" started-at="2015-12-21T14:50:19Z" finished-at="2015-12-21T14:50:35Z">
          <reporter-output>
          </reporter-output>
        </test-method> <!-- setUp -->
        <test-method status="PASS" signature="tc001_collective_signup()[pri:0, instance:org.collective.testmethods.CollectiveSanityTestCustomer@528931cf]" name="tc001_collective_signup" duration-ms="4640" started-at="2015-12-21T14:50:35Z" finished-at="2015-12-21T14:50:40Z">
          <reporter-output>
          </reporter-output>
        </test-method> <!-- tc001_collective_signup -->
        <test-method status="PASS" signature="checkForAdminLogout()[pri:0, instance:org.collective.testmethods.CollectiveSanityTestCustomer@528931cf]" name="checkForAdminLogout" is-config="true" duration-ms="57" started-at="2015-12-21T14:50:40Z" finished-at="2015-12-21T14:50:40Z">
          <reporter-output>
          </reporter-output>
        </test-method> <!-- checkForAdminLogout -->
        <test-method status="PASS" signature="takeScreenshot(org.testng.ITestResult)[pri:0, instance:org.collective.testmethods.CollectiveSanityTestCustomer@528931cf]" name="takeScreenshot" is-config="true" duration-ms="2" started-at="2015-12-21T14:50:40Z" finished-at="2015-12-21T14:50:40Z">
          <params>
            <param index="0">
              <value>
                <![CDATA[[TestResult name=tc001_collective_signup status=SUCCESS method=CollectiveSanityTestCustomer.tc001_collective_signup()[pri:0, instance:org.collective.testmethods.CollectiveSanityTestCustomer@528931cf] output={null}]]]>
              </value>
            </param>
          </params>
          <reporter-output>
          </reporter-output>
        </test-method> <!-- takeScreenshot -->
        <test-method status="PASS" signature="checkForLogin()[pri:0, instance:org.collective.testmethods.CollectiveSanityTestCustomer@528931cf]" name="checkForLogin" is-config="true" duration-ms="38" started-at="2015-12-21T14:50:40Z" finished-at="2015-12-21T14:50:40Z">
          <reporter-output>
          </reporter-output>
        </test-method> <!-- checkForLogin -->
        <test-method status="PASS" signature="setUp()[pri:0, instance:org.collective.testmethods.CollectiveSanityTestCustomer@528931cf]" name="setUp" is-config="true" duration-ms="784" started-at="2015-12-21T14:50:40Z" finished-at="2015-12-21T14:50:41Z">
          <reporter-output>
          </reporter-output>
        </test-method> <!-- setUp -->
        <test-method status="PASS" signature="tc002_collective_login()[pri:0, instance:org.collective.testmethods.CollectiveSanityTestCustomer@528931cf]" name="tc002_collective_login" duration-ms="2812" started-at="2015-12-21T14:50:41Z" finished-at="2015-12-21T14:50:43Z">
          <reporter-output>
          </reporter-output>
        </test-method> <!-- tc002_collective_login -->
        <test-method status="PASS" signature="checkForAdminLogout()[pri:0, instance:org.collective.testmethods.CollectiveSanityTestCustomer@528931cf]" name="checkForAdminLogout" is-config="true" duration-ms="20136" started-at="2015-12-21T14:50:43Z" finished-at="2015-12-21T14:51:03Z">
          <reporter-output>
          </reporter-output>
        </test-method> <!-- checkForAdminLogout -->
        <test-method status="PASS" signature="takeScreenshot(org.testng.ITestResult)[pri:0, instance:org.collective.testmethods.CollectiveSanityTestCustomer@528931cf]" name="takeScreenshot" is-config="true" duration-ms="0" started-at="2015-12-21T14:51:03Z" finished-at="2015-12-21T14:51:03Z">
          <params>
            <param index="0">
              <value>
                <![CDATA[[TestResult name=tc002_collective_login status=SUCCESS method=CollectiveSanityTestCustomer.tc002_collective_login()[pri:0, instance:org.collective.testmethods.CollectiveSanityTestCustomer@528931cf] output={null}]]]>
              </value>
            </param>
          </params>
          <reporter-output>
          </reporter-output>
        </test-method> <!-- takeScreenshot -->
        <test-method status="PASS" signature="checkForLogin()[pri:0, instance:org.collective.testmethods.CollectiveSanityTestCustomer@528931cf]" name="checkForLogin" is-config="true" duration-ms="20026" started-at="2015-12-21T14:51:03Z" finished-at="2015-12-21T14:51:24Z">
          <reporter-output>
          </reporter-output>
        </test-method> <!-- checkForLogin -->
        <test-method status="PASS" signature="setUp()[pri:0, instance:org.collective.testmethods.CollectiveSanityTestCustomer@528931cf]" name="setUp" is-config="true" duration-ms="25894" started-at="2015-12-21T14:51:24Z" finished-at="2015-12-21T14:51:49Z">
          <reporter-output>
          </reporter-output>
        </test-method> <!-- setUp -->
        <test-method status="PASS" signature="tc003_collective_blog()[pri:0, instance:org.collective.testmethods.CollectiveSanityTestCustomer@528931cf]" name="tc003_collective_blog" duration-ms="10787" started-at="2015-12-21T14:51:49Z" finished-at="2015-12-21T14:52:00Z">
          <reporter-output>
          </reporter-output>
        </test-method> <!-- tc003_collective_blog -->
        <test-method status="PASS" signature="checkForAdminLogout()[pri:0, instance:org.collective.testmethods.CollectiveSanityTestCustomer@528931cf]" name="checkForAdminLogout" is-config="true" duration-ms="20079" started-at="2015-12-21T14:52:00Z" finished-at="2015-12-21T14:52:20Z">
          <reporter-output>
          </reporter-output>
        </test-method> <!-- checkForAdminLogout -->
        <test-method status="PASS" signature="takeScreenshot(org.testng.ITestResult)[pri:0, instance:org.collective.testmethods.CollectiveSanityTestCustomer@528931cf]" name="takeScreenshot" is-config="true" duration-ms="0" started-at="2015-12-21T14:52:20Z" finished-at="2015-12-21T14:52:20Z">
          <params>
            <param index="0">
              <value>
                <![CDATA[[TestResult name=tc003_collective_blog status=SUCCESS method=CollectiveSanityTestCustomer.tc003_collective_blog()[pri:0, instance:org.collective.testmethods.CollectiveSanityTestCustomer@528931cf] output={null}]]]>
              </value>
            </param>
          </params>
          <reporter-output>
          </reporter-output>
        </test-method> <!-- takeScreenshot -->
        <test-method status="PASS" signature="checkForLogin()[pri:0, instance:org.collective.testmethods.CollectiveSanityTestCustomer@528931cf]" name="checkForLogin" is-config="true" duration-ms="20053" started-at="2015-12-21T14:52:20Z" finished-at="2015-12-21T14:52:40Z">
          <reporter-output>
          </reporter-output>
        </test-method> <!-- checkForLogin -->
        <test-method status="PASS" signature="setUp()[pri:0, instance:org.collective.testmethods.CollectiveSanityTestCustomer@528931cf]" name="setUp" is-config="true" duration-ms="19674" started-at="2015-12-21T14:52:40Z" finished-at="2015-12-21T14:53:00Z">
          <reporter-output>
          </reporter-output>
        </test-method> <!-- setUp -->
        <test-method status="PASS" signature="tc004_collective_accessories()[pri:0, instance:org.collective.testmethods.CollectiveSanityTestCustomer@528931cf]" name="tc004_collective_accessories" duration-ms="2210" started-at="2015-12-21T14:53:00Z" finished-at="2015-12-21T14:53:02Z">
          <reporter-output>
          </reporter-output>
        </test-method> <!-- tc004_collective_accessories -->
        <test-method status="PASS" signature="checkForAdminLogout()[pri:0, instance:org.collective.testmethods.CollectiveSanityTestCustomer@528931cf]" name="checkForAdminLogout" is-config="true" duration-ms="20063" started-at="2015-12-21T14:53:02Z" finished-at="2015-12-21T14:53:22Z">
          <reporter-output>
          </reporter-output>
        </test-method> <!-- checkForAdminLogout -->
        <test-method status="PASS" signature="takeScreenshot(org.testng.ITestResult)[pri:0, instance:org.collective.testmethods.CollectiveSanityTestCustomer@528931cf]" name="takeScreenshot" is-config="true" duration-ms="0" started-at="2015-12-21T14:53:22Z" finished-at="2015-12-21T14:53:22Z">
          <params>
            <param index="0">
              <value>
                <![CDATA[[TestResult name=tc004_collective_accessories status=SUCCESS method=CollectiveSanityTestCustomer.tc004_collective_accessories()[pri:0, instance:org.collective.testmethods.CollectiveSanityTestCustomer@528931cf] output={null}]]]>
              </value>
            </param>
          </params>
          <reporter-output>
          </reporter-output>
        </test-method> <!-- takeScreenshot -->
        <test-method status="PASS" signature="checkForLogin()[pri:0, instance:org.collective.testmethods.CollectiveSanityTestCustomer@528931cf]" name="checkForLogin" is-config="true" duration-ms="20038" started-at="2015-12-21T14:53:22Z" finished-at="2015-12-21T14:53:42Z">
          <reporter-output>
          </reporter-output>
        </test-method> <!-- checkForLogin -->
        <test-method status="PASS" signature="setUp()[pri:0, instance:org.collective.testmethods.CollectiveSanityTestCustomer@528931cf]" name="setUp" is-config="true" duration-ms="25583" started-at="2015-12-21T14:53:42Z" finished-at="2015-12-21T14:54:08Z">
          <reporter-output>
          </reporter-output>
        </test-method> <!-- setUp -->
        <test-method status="PASS" signature="tc005_collective_accessories_Filter_Brand()[pri:0, instance:org.collective.testmethods.CollectiveSanityTestCustomer@528931cf]" name="tc005_collective_accessories_Filter_Brand" duration-ms="1945" started-at="2015-12-21T14:54:08Z" finished-at="2015-12-21T14:54:10Z">
          <reporter-output>
          </reporter-output>
        </test-method> <!-- tc005_collective_accessories_Filter_Brand -->
        <test-method status="PASS" signature="checkForAdminLogout()[pri:0, instance:org.collective.testmethods.CollectiveSanityTestCustomer@528931cf]" name="checkForAdminLogout" is-config="true" duration-ms="20061" started-at="2015-12-21T14:54:10Z" finished-at="2015-12-21T14:54:30Z">
          <reporter-output>
          </reporter-output>
        </test-method> <!-- checkForAdminLogout -->
        <test-method status="PASS" signature="takeScreenshot(org.testng.ITestResult)[pri:0, instance:org.collective.testmethods.CollectiveSanityTestCustomer@528931cf]" name="takeScreenshot" is-config="true" duration-ms="0" started-at="2015-12-21T14:54:30Z" finished-at="2015-12-21T14:54:30Z">
          <params>
            <param index="0">
              <value>
                <![CDATA[[TestResult name=tc005_collective_accessories_Filter_Brand status=SUCCESS method=CollectiveSanityTestCustomer.tc005_collective_accessories_Filter_Brand()[pri:0, instance:org.collective.testmethods.CollectiveSanityTestCustomer@528931cf] output={null}]]]>
              </value>
            </param>
          </params>
          <reporter-output>
          </reporter-output>
        </test-method> <!-- takeScreenshot -->
        <test-method status="PASS" signature="checkForLogin()[pri:0, instance:org.collective.testmethods.CollectiveSanityTestCustomer@528931cf]" name="checkForLogin" is-config="true" duration-ms="20053" started-at="2015-12-21T14:54:30Z" finished-at="2015-12-21T14:54:50Z">
          <reporter-output>
          </reporter-output>
        </test-method> <!-- checkForLogin -->
        <test-method status="PASS" signature="setUp()[pri:0, instance:org.collective.testmethods.CollectiveSanityTestCustomer@528931cf]" name="setUp" is-config="true" duration-ms="19306" started-at="2015-12-21T14:54:50Z" finished-at="2015-12-21T14:55:09Z">
          <reporter-output>
          </reporter-output>
        </test-method> <!-- setUp -->
        <test-method status="PASS" signature="tc006_collective_accessories_pagination()[pri:0, instance:org.collective.testmethods.CollectiveSanityTestCustomer@528931cf]" name="tc006_collective_accessories_pagination" duration-ms="1952" started-at="2015-12-21T14:55:09Z" finished-at="2015-12-21T14:55:11Z">
          <reporter-output>
          </reporter-output>
        </test-method> <!-- tc006_collective_accessories_pagination -->
        <test-method status="PASS" signature="checkForAdminLogout()[pri:0, instance:org.collective.testmethods.CollectiveSanityTestCustomer@528931cf]" name="checkForAdminLogout" is-config="true" duration-ms="20024" started-at="2015-12-21T14:55:11Z" finished-at="2015-12-21T14:55:31Z">
          <reporter-output>
          </reporter-output>
        </test-method> <!-- checkForAdminLogout -->
        <test-method status="PASS" signature="takeScreenshot(org.testng.ITestResult)[pri:0, instance:org.collective.testmethods.CollectiveSanityTestCustomer@528931cf]" name="takeScreenshot" is-config="true" duration-ms="0" started-at="2015-12-21T14:55:31Z" finished-at="2015-12-21T14:55:31Z">
          <params>
            <param index="0">
              <value>
                <![CDATA[[TestResult name=tc006_collective_accessories_pagination status=SUCCESS method=CollectiveSanityTestCustomer.tc006_collective_accessories_pagination()[pri:0, instance:org.collective.testmethods.CollectiveSanityTestCustomer@528931cf] output={null}]]]>
              </value>
            </param>
          </params>
          <reporter-output>
          </reporter-output>
        </test-method> <!-- takeScreenshot -->
        <test-method status="PASS" signature="checkForLogin()[pri:0, instance:org.collective.testmethods.CollectiveSanityTestCustomer@528931cf]" name="checkForLogin" is-config="true" duration-ms="20065" started-at="2015-12-21T14:55:31Z" finished-at="2015-12-21T14:55:51Z">
          <reporter-output>
          </reporter-output>
        </test-method> <!-- checkForLogin -->
        <test-method status="PASS" signature="setUp()[pri:0, instance:org.collective.testmethods.CollectiveSanityTestCustomer@528931cf]" name="setUp" is-config="true" duration-ms="20215" started-at="2015-12-21T14:55:51Z" finished-at="2015-12-21T14:56:12Z">
          <reporter-output>
          </reporter-output>
        </test-method> <!-- setUp -->
        <test-method status="PASS" signature="tc007_collective_sales()[pri:0, instance:org.collective.testmethods.CollectiveSanityTestCustomer@528931cf]" name="tc007_collective_sales" duration-ms="2436" started-at="2015-12-21T14:56:12Z" finished-at="2015-12-21T14:56:14Z">
          <reporter-output>
          </reporter-output>
        </test-method> <!-- tc007_collective_sales -->
        <test-method status="PASS" signature="checkForAdminLogout()[pri:0, instance:org.collective.testmethods.CollectiveSanityTestCustomer@528931cf]" name="checkForAdminLogout" is-config="true" duration-ms="20022" started-at="2015-12-21T14:56:14Z" finished-at="2015-12-21T14:56:34Z">
          <reporter-output>
          </reporter-output>
        </test-method> <!-- checkForAdminLogout -->
        <test-method status="PASS" signature="takeScreenshot(org.testng.ITestResult)[pri:0, instance:org.collective.testmethods.CollectiveSanityTestCustomer@528931cf]" name="takeScreenshot" is-config="true" duration-ms="0" started-at="2015-12-21T14:56:34Z" finished-at="2015-12-21T14:56:34Z">
          <params>
            <param index="0">
              <value>
                <![CDATA[[TestResult name=tc007_collective_sales status=SUCCESS method=CollectiveSanityTestCustomer.tc007_collective_sales()[pri:0, instance:org.collective.testmethods.CollectiveSanityTestCustomer@528931cf] output={null}]]]>
              </value>
            </param>
          </params>
          <reporter-output>
          </reporter-output>
        </test-method> <!-- takeScreenshot -->
        <test-method status="PASS" signature="checkForLogin()[pri:0, instance:org.collective.testmethods.CollectiveSanityTestCustomer@528931cf]" name="checkForLogin" is-config="true" duration-ms="20075" started-at="2015-12-21T14:56:34Z" finished-at="2015-12-21T14:56:54Z">
          <reporter-output>
          </reporter-output>
        </test-method> <!-- checkForLogin -->
        <test-method status="PASS" signature="setUp()[pri:0, instance:org.collective.testmethods.CollectiveSanityTestCustomer@528931cf]" name="setUp" is-config="true" duration-ms="83833" started-at="2015-12-21T14:56:54Z" finished-at="2015-12-21T14:58:18Z">
          <reporter-output>
          </reporter-output>
        </test-method> <!-- setUp -->
        <test-method status="FAIL" signature="tc008_collective_orderGreaterThan20000()[pri:0, instance:org.collective.testmethods.CollectiveSanityTestCustomer@528931cf]" name="tc008_collective_orderGreaterThan20000" duration-ms="3" started-at="2015-12-21T14:58:18Z" finished-at="2015-12-21T14:58:18Z">
          <exception class="java.lang.NoClassDefFoundError">
            <message>
              <![CDATA[org/collective/customer/pageobjects/CollectiveAdrianoGoldschmiedPageObjects]]>
            </message>
            <full-stacktrace>
              <![CDATA[java.lang.NoClassDefFoundError: org/collective/customer/pageobjects/CollectiveAdrianoGoldschmiedPageObjects
	at org.collective.testmethods.CollectiveSanityTestCustomer.tc008_collective_orderGreaterThan20000(CollectiveSanityTestCustomer.java:106)
	at sun.reflect.NativeMethodAccessorImpl.invoke0(Native Method)
	at sun.reflect.NativeMethodAccessorImpl.invoke(NativeMethodAccessorImpl.java:62)
	at sun.reflect.DelegatingMethodAccessorImpl.invoke(DelegatingMethodAccessorImpl.java:43)
	at java.lang.reflect.Method.invoke(Method.java:497)
	at org.testng.internal.MethodInvocationHelper.invokeMethod(MethodInvocationHelper.java:85)
	at org.testng.internal.Invoker.invokeMethod(Invoker.java:639)
	at org.testng.internal.Invoker.invokeTestMethod(Invoker.java:821)
	at org.testng.internal.Invoker.invokeTestMethods(Invoker.java:1131)
	at org.testng.internal.TestMethodWorker.invokeTestMethods(TestMethodWorker.java:124)
	at org.testng.internal.TestMethodWorker.run(TestMethodWorker.java:108)
	at org.testng.TestRunner.privateRun(TestRunner.java:773)
	at org.testng.TestRunner.run(TestRunner.java:623)
	at org.testng.SuiteRunner.runTest(SuiteRunner.java:357)
	at org.testng.SuiteRunner.runSequentially(SuiteRunner.java:352)
	at org.testng.SuiteRunner.privateRun(SuiteRunner.java:310)
	at org.testng.SuiteRunner.run(SuiteRunner.java:259)
	at org.testng.SuiteRunnerWorker.runSuite(SuiteRunnerWorker.java:52)
	at org.testng.SuiteRunnerWorker.run(SuiteRunnerWorker.java:86)
	at org.testng.TestNG.runSuitesSequentially(TestNG.java:1185)
	at org.testng.TestNG.runSuitesLocally(TestNG.java:1110)
	at org.testng.TestNG.run(TestNG.java:1018)
	at org.apache.maven.surefire.testng.TestNGExecutor.run(TestNGExecutor.java:295)
	at org.apache.maven.surefire.testng.TestNGXmlTestSuite.execute(TestNGXmlTestSuite.java:84)
	at org.apache.maven.surefire.testng.TestNGProvider.invoke(TestNGProvider.java:90)
	at org.apache.maven.surefire.booter.ForkedBooter.invokeProviderInSameClassLoader(ForkedBooter.java:203)
	at org.apache.maven.surefire.booter.ForkedBooter.runSuitesInProcess(ForkedBooter.java:155)
	at org.apache.maven.surefire.booter.ForkedBooter.main(ForkedBooter.java:103)
Caused by: java.lang.ClassNotFoundException: org.collective.customer.pageobjects.CollectiveAdrianoGoldschmiedPageObjects
	at java.net.URLClassLoader.findClass(URLClassLoader.java:381)
	at java.lang.ClassLoader.loadClass(ClassLoader.java:424)
	at sun.misc.Launcher$AppClassLoader.loadClass(Launcher.java:331)
	at java.lang.ClassLoader.loadClass(ClassLoader.java:357)
	... 28 more
]]>
            </full-stacktrace>
          </exception> <!-- java.lang.NoClassDefFoundError -->
          <reporter-output>
          </reporter-output>
        </test-method> <!-- tc008_collective_orderGreaterThan20000 -->
        <test-method status="PASS" signature="checkForAdminLogout()[pri:0, instance:org.collective.testmethods.CollectiveSanityTestCustomer@528931cf]" name="checkForAdminLogout" is-config="true" duration-ms="20050" started-at="2015-12-21T14:58:18Z" finished-at="2015-12-21T14:58:38Z">
          <reporter-output>
          </reporter-output>
        </test-method> <!-- checkForAdminLogout -->
        <test-method status="FAIL" signature="takeScreenshot(org.testng.ITestResult)[pri:0, instance:org.collective.testmethods.CollectiveSanityTestCustomer@528931cf]" name="takeScreenshot" is-config="true" duration-ms="0" started-at="2015-12-21T14:58:38Z" finished-at="2015-12-21T14:58:38Z">
          <params>
            <param index="0">
              <value>
                <![CDATA[[TestResult name=tc008_collective_orderGreaterThan20000 status=FAILURE method=CollectiveSanityTestCustomer.tc008_collective_orderGreaterThan20000()[pri:0, instance:org.collective.testmethods.CollectiveSanityTestCustomer@528931cf] output={null}]]]>
              </value>
            </param>
          </params>
          <exception class="java.lang.NoClassDefFoundError">
            <message>
              <![CDATA[org/collective/utils/Screenshot]]>
            </message>
            <full-stacktrace>
              <![CDATA[java.lang.NoClassDefFoundError: org/collective/utils/Screenshot
	at org.collective.maincontroller.MainController.takeScreenshot(MainController.java:127)
	at sun.reflect.NativeMethodAccessorImpl.invoke0(Native Method)
	at sun.reflect.NativeMethodAccessorImpl.invoke(NativeMethodAccessorImpl.java:62)
	at sun.reflect.DelegatingMethodAccessorImpl.invoke(DelegatingMethodAccessorImpl.java:43)
	at java.lang.reflect.Method.invoke(Method.java:497)
	at org.testng.internal.MethodInvocationHelper.invokeMethod(MethodInvocationHelper.java:85)
	at org.testng.internal.Invoker.invokeConfigurationMethod(Invoker.java:510)
	at org.testng.internal.Invoker.invokeConfigurations(Invoker.java:211)
	at org.testng.internal.Invoker.invokeMethod(Invoker.java:708)
	at org.testng.internal.Invoker.invokeTestMethod(Invoker.java:821)
	at org.testng.internal.Invoker.invokeTestMethods(Invoker.java:1131)
	at org.testng.internal.TestMethodWorker.invokeTestMethods(TestMethodWorker.java:124)
	at org.testng.internal.TestMethodWorker.run(TestMethodWorker.java:108)
	at org.testng.TestRunner.privateRun(TestRunner.java:773)
	at org.testng.TestRunner.run(TestRunner.java:623)
	at org.testng.SuiteRunner.runTest(SuiteRunner.java:357)
	at org.testng.SuiteRunner.runSequentially(SuiteRunner.java:352)
	at org.testng.SuiteRunner.privateRun(SuiteRunner.java:310)
	at org.testng.SuiteRunner.run(SuiteRunner.java:259)
	at org.testng.SuiteRunnerWorker.runSuite(SuiteRunnerWorker.java:52)
	at org.testng.SuiteRunnerWorker.run(SuiteRunnerWorker.java:86)
	at org.testng.TestNG.runSuitesSequentially(TestNG.java:1185)
	at org.testng.TestNG.runSuitesLocally(TestNG.java:1110)
	at org.testng.TestNG.run(TestNG.java:1018)
	at org.apache.maven.surefire.testng.TestNGExecutor.run(TestNGExecutor.java:295)
	at org.apache.maven.surefire.testng.TestNGXmlTestSuite.execute(TestNGXmlTestSuite.java:84)
	at org.apache.maven.surefire.testng.TestNGProvider.invoke(TestNGProvider.java:90)
	at org.apache.maven.surefire.booter.ForkedBooter.invokeProviderInSameClassLoader(ForkedBooter.java:203)
	at org.apache.maven.surefire.booter.ForkedBooter.runSuitesInProcess(ForkedBooter.java:155)
	at org.apache.maven.surefire.booter.ForkedBooter.main(ForkedBooter.java:103)
Caused by: java.lang.ClassNotFoundException: org.collective.utils.Screenshot
	at java.net.URLClassLoader.findClass(URLClassLoader.java:381)
	at java.lang.ClassLoader.loadClass(ClassLoader.java:424)
	at sun.misc.Launcher$AppClassLoader.loadClass(Launcher.java:331)
	at java.lang.ClassLoader.loadClass(ClassLoader.java:357)
	... 30 more
]]>
            </full-stacktrace>
          </exception> <!-- java.lang.NoClassDefFoundError -->
          <reporter-output>
          </reporter-output>
        </test-method> <!-- takeScreenshot -->
        <test-method status="SKIP" signature="tc009_collective_orderLessOrEqualThan20000()[pri:0, instance:org.collective.testmethods.CollectiveSanityTestCustomer@528931cf]" name="tc009_collective_orderLessOrEqualThan20000" duration-ms="1" started-at="2015-12-21T14:58:38Z" finished-at="2015-12-21T14:58:38Z">
          <reporter-output>
          </reporter-output>
        </test-method> <!-- tc009_collective_orderLessOrEqualThan20000 -->
        <test-method status="SKIP" signature="setUp()[pri:0, instance:org.collective.testmethods.CollectiveSanityTestCustomer@528931cf]" name="setUp" is-config="true" duration-ms="0" started-at="2015-12-21T14:58:38Z" finished-at="2015-12-21T14:58:38Z">
          <reporter-output>
          </reporter-output>
        </test-method> <!-- setUp -->
        <test-method status="SKIP" signature="checkForLogin()[pri:0, instance:org.collective.testmethods.CollectiveSanityTestCustomer@528931cf]" name="checkForLogin" is-config="true" duration-ms="0" started-at="2015-12-21T14:58:38Z" finished-at="2015-12-21T14:58:38Z">
          <reporter-output>
          </reporter-output>
        </test-method> <!-- checkForLogin -->
        <test-method status="SKIP" signature="takeScreenshot(org.testng.ITestResult)[pri:0, instance:org.collective.testmethods.CollectiveSanityTestCustomer@528931cf]" name="takeScreenshot" is-config="true" duration-ms="0" started-at="2015-12-21T14:58:38Z" finished-at="2015-12-21T14:58:38Z">
          <reporter-output>
          </reporter-output>
        </test-method> <!-- takeScreenshot -->
        <test-method status="SKIP" signature="checkForAdminLogout()[pri:0, instance:org.collective.testmethods.CollectiveSanityTestCustomer@528931cf]" name="checkForAdminLogout" is-config="true" duration-ms="0" started-at="2015-12-21T14:58:38Z" finished-at="2015-12-21T14:58:38Z">
          <reporter-output>
          </reporter-output>
        </test-method> <!-- checkForAdminLogout -->
        <test-method status="SKIP" signature="checkForLogin()[pri:0, instance:org.collective.testmethods.CollectiveSanityTestCustomer@528931cf]" name="checkForLogin" is-config="true" duration-ms="0" started-at="2015-12-21T14:58:38Z" finished-at="2015-12-21T14:58:38Z">
          <reporter-output>
          </reporter-output>
        </test-method> <!-- checkForLogin -->
        <test-method status="SKIP" signature="tc010_collective_orderPlacement()[pri:0, instance:org.collective.testmethods.CollectiveSanityTestCustomer@528931cf]" name="tc010_collective_orderPlacement" duration-ms="0" started-at="2015-12-21T14:58:38Z" finished-at="2015-12-21T14:58:38Z">
          <reporter-output>
          </reporter-output>
        </test-method> <!-- tc010_collective_orderPlacement -->
        <test-method status="SKIP" signature="setUp()[pri:0, instance:org.collective.testmethods.CollectiveSanityTestCustomer@528931cf]" name="setUp" is-config="true" duration-ms="0" started-at="2015-12-21T14:58:38Z" finished-at="2015-12-21T14:58:38Z">
          <reporter-output>
          </reporter-output>
        </test-method> <!-- setUp -->
        <test-method status="SKIP" signature="setUp()[pri:0, instance:org.collective.testmethods.CollectiveSanityTestCustomer@528931cf]" name="setUp" is-config="true" duration-ms="0" started-at="2015-12-21T14:58:38Z" finished-at="2015-12-21T14:58:38Z">
          <reporter-output>
          </reporter-output>
        </test-method> <!-- setUp -->
        <test-method status="SKIP" signature="checkForAdminLogout()[pri:0, instance:org.collective.testmethods.CollectiveSanityTestCustomer@528931cf]" name="checkForAdminLogout" is-config="true" duration-ms="0" started-at="2015-12-21T14:58:38Z" finished-at="2015-12-21T14:58:38Z">
          <reporter-output>
          </reporter-output>
        </test-method> <!-- checkForAdminLogout -->
        <test-method status="SKIP" signature="takeScreenshot(org.testng.ITestResult)[pri:0, instance:org.collective.testmethods.CollectiveSanityTestCustomer@528931cf]" name="takeScreenshot" is-config="true" duration-ms="0" started-at="2015-12-21T14:58:38Z" finished-at="2015-12-21T14:58:38Z">
          <reporter-output>
          </reporter-output>
        </test-method> <!-- takeScreenshot -->
        <test-method status="SKIP" signature="tc011_collective_womenTab()[pri:0, instance:org.collective.testmethods.CollectiveSanityTestCustomer@528931cf]" name="tc011_collective_womenTab" duration-ms="1" started-at="2015-12-21T14:58:38Z" finished-at="2015-12-21T14:58:38Z">
          <reporter-output>
          </reporter-output>
        </test-method> <!-- tc011_collective_womenTab -->
        <test-method status="SKIP" signature="checkForLogin()[pri:0, instance:org.collective.testmethods.CollectiveSanityTestCustomer@528931cf]" name="checkForLogin" is-config="true" duration-ms="0" started-at="2015-12-21T14:58:38Z" finished-at="2015-12-21T14:58:38Z">
          <reporter-output>
          </reporter-output>
        </test-method> <!-- checkForLogin -->
        <test-method status="SKIP" signature="takeScreenshot(org.testng.ITestResult)[pri:0, instance:org.collective.testmethods.CollectiveSanityTestCustomer@528931cf]" name="takeScreenshot" is-config="true" duration-ms="0" started-at="2015-12-21T14:58:38Z" finished-at="2015-12-21T14:58:38Z">
          <reporter-output>
          </reporter-output>
        </test-method> <!-- takeScreenshot -->
        <test-method status="SKIP" signature="checkForAdminLogout()[pri:0, instance:org.collective.testmethods.CollectiveSanityTestCustomer@528931cf]" name="checkForAdminLogout" is-config="true" duration-ms="0" started-at="2015-12-21T14:58:38Z" finished-at="2015-12-21T14:58:38Z">
          <reporter-output>
          </reporter-output>
        </test-method> <!-- checkForAdminLogout -->
        <test-method status="SKIP" signature="tearDownClass()[pri:0, instance:org.collective.testmethods.CollectiveSanityTestCustomer@528931cf]" name="tearDownClass" is-config="true" duration-ms="0" started-at="2015-12-21T14:58:42Z" finished-at="2015-12-21T14:58:42Z">
          <reporter-output>
          </reporter-output>
        </test-method> <!-- tearDownClass -->
      </class> <!-- org.collective.testmethods.CollectiveSanityTestCustomer -->
      <class name="org.collective.testmethods.CollectiveSanityTestURL">
        <test-method status="PASS" signature="init()[pri:0, instance:org.collective.testmethods.CollectiveSanityTestURL@e320068]" name="init" is-config="true" duration-ms="624" started-at="2015-12-21T14:49:59Z" finished-at="2015-12-21T14:50:00Z">
          <reporter-output>
          </reporter-output>
        </test-method> <!-- init -->
        <test-method status="PASS" signature="testGetRequest_Men_Clothing_5_Pkt_Denim_Jeans()[pri:0, instance:org.collective.testmethods.CollectiveSanityTestURL@e320068]" name="testGetRequest_Men_Clothing_5_Pkt_Denim_Jeans" duration-ms="2935" started-at="2015-12-21T14:50:00Z" finished-at="2015-12-21T14:50:03Z">
          <reporter-output>
          </reporter-output>
        </test-method> <!-- testGetRequest_Men_Clothing_5_Pkt_Denim_Jeans -->
        <test-method status="PASS" signature="testGetRequest_Men_Clothing_5_Pkt_Non_Denim_Jean()[pri:0, instance:org.collective.testmethods.CollectiveSanityTestURL@e320068]" name="testGetRequest_Men_Clothing_5_Pkt_Non_Denim_Jean" duration-ms="1263" started-at="2015-12-21T14:50:03Z" finished-at="2015-12-21T14:50:04Z">
          <reporter-output>
          </reporter-output>
        </test-method> <!-- testGetRequest_Men_Clothing_5_Pkt_Non_Denim_Jean -->
        <test-method status="PASS" signature="testGetRequest_Men_Clothing_CasualBlazer()[pri:0, instance:org.collective.testmethods.CollectiveSanityTestURL@e320068]" name="testGetRequest_Men_Clothing_CasualBlazer" duration-ms="648" started-at="2015-12-21T14:50:04Z" finished-at="2015-12-21T14:50:04Z">
          <reporter-output>
          </reporter-output>
        </test-method> <!-- testGetRequest_Men_Clothing_CasualBlazer -->
        <test-method status="PASS" signature="testGetRequest_Men_Clothing_CasualOutwear()[pri:0, instance:org.collective.testmethods.CollectiveSanityTestURL@e320068]" name="testGetRequest_Men_Clothing_CasualOutwear" duration-ms="668" started-at="2015-12-21T14:50:04Z" finished-at="2015-12-21T14:50:05Z">
          <reporter-output>
          </reporter-output>
        </test-method> <!-- testGetRequest_Men_Clothing_CasualOutwear -->
        <test-method status="PASS" signature="testGetRequest_Men_Clothing_CasualTrouser()[pri:0, instance:org.collective.testmethods.CollectiveSanityTestURL@e320068]" name="testGetRequest_Men_Clothing_CasualTrouser" duration-ms="947" started-at="2015-12-21T14:50:05Z" finished-at="2015-12-21T14:50:06Z">
          <reporter-output>
          </reporter-output>
        </test-method> <!-- testGetRequest_Men_Clothing_CasualTrouser -->
        <test-method status="PASS" signature="testGetRequest_Men_Clothing_Casual_Jacket()[pri:0, instance:org.collective.testmethods.CollectiveSanityTestURL@e320068]" name="testGetRequest_Men_Clothing_Casual_Jacket" duration-ms="513" started-at="2015-12-21T14:50:06Z" finished-at="2015-12-21T14:50:07Z">
          <reporter-output>
          </reporter-output>
        </test-method> <!-- testGetRequest_Men_Clothing_Casual_Jacket -->
        <test-method status="PASS" signature="testGetRequest_Men_Clothing_Casual_Shirt()[pri:0, instance:org.collective.testmethods.CollectiveSanityTestURL@e320068]" name="testGetRequest_Men_Clothing_Casual_Shirt" duration-ms="736" started-at="2015-12-21T14:50:07Z" finished-at="2015-12-21T14:50:07Z">
          <reporter-output>
          </reporter-output>
        </test-method> <!-- testGetRequest_Men_Clothing_Casual_Shirt -->
        <test-method status="PASS" signature="testGetRequest_Men_Clothing_Dress_Shirts()[pri:0, instance:org.collective.testmethods.CollectiveSanityTestURL@e320068]" name="testGetRequest_Men_Clothing_Dress_Shirts" duration-ms="973" started-at="2015-12-21T14:50:07Z" finished-at="2015-12-21T14:50:08Z">
          <reporter-output>
          </reporter-output>
        </test-method> <!-- testGetRequest_Men_Clothing_Dress_Shirts -->
        <test-method status="PASS" signature="testGetRequest_Men_Clothing_FormalJacket()[pri:0, instance:org.collective.testmethods.CollectiveSanityTestURL@e320068]" name="testGetRequest_Men_Clothing_FormalJacket" duration-ms="619" started-at="2015-12-21T14:50:08Z" finished-at="2015-12-21T14:50:09Z">
          <reporter-output>
          </reporter-output>
        </test-method> <!-- testGetRequest_Men_Clothing_FormalJacket -->
        <test-method status="PASS" signature="testGetRequest_Men_Clothing_Formal_Trousers()[pri:0, instance:org.collective.testmethods.CollectiveSanityTestURL@e320068]" name="testGetRequest_Men_Clothing_Formal_Trousers" duration-ms="752" started-at="2015-12-21T14:50:09Z" finished-at="2015-12-21T14:50:10Z">
          <reporter-output>
          </reporter-output>
        </test-method> <!-- testGetRequest_Men_Clothing_Formal_Trousers -->
        <test-method status="PASS" signature="testGetRequest_Men_Clothing_Knitwear()[pri:0, instance:org.collective.testmethods.CollectiveSanityTestURL@e320068]" name="testGetRequest_Men_Clothing_Knitwear" duration-ms="687" started-at="2015-12-21T14:50:10Z" finished-at="2015-12-21T14:50:10Z">
          <reporter-output>
          </reporter-output>
        </test-method> <!-- testGetRequest_Men_Clothing_Knitwear -->
        <test-method status="PASS" signature="testGetRequest_Men_Clothing_Pocket_Squares()[pri:0, instance:org.collective.testmethods.CollectiveSanityTestURL@e320068]" name="testGetRequest_Men_Clothing_Pocket_Squares" duration-ms="705" started-at="2015-12-21T14:50:10Z" finished-at="2015-12-21T14:50:11Z">
          <reporter-output>
          </reporter-output>
        </test-method> <!-- testGetRequest_Men_Clothing_Pocket_Squares -->
        <test-method status="PASS" signature="testGetRequest_Men_Clothing_Polo()[pri:0, instance:org.collective.testmethods.CollectiveSanityTestURL@e320068]" name="testGetRequest_Men_Clothing_Polo" duration-ms="784" started-at="2015-12-21T14:50:11Z" finished-at="2015-12-21T14:50:12Z">
          <reporter-output>
          </reporter-output>
        </test-method> <!-- testGetRequest_Men_Clothing_Polo -->
        <test-method status="PASS" signature="testGetRequest_Men_Clothing_Rugby()[pri:0, instance:org.collective.testmethods.CollectiveSanityTestURL@e320068]" name="testGetRequest_Men_Clothing_Rugby" duration-ms="806" started-at="2015-12-21T14:50:12Z" finished-at="2015-12-21T14:50:13Z">
          <reporter-output>
          </reporter-output>
        </test-method> <!-- testGetRequest_Men_Clothing_Rugby -->
        <test-method status="PASS" signature="testGetRequest_Men_Clothing_Scarves()[pri:0, instance:org.collective.testmethods.CollectiveSanityTestURL@e320068]" name="testGetRequest_Men_Clothing_Scarves" duration-ms="485" started-at="2015-12-21T14:50:13Z" finished-at="2015-12-21T14:50:13Z">
          <reporter-output>
          </reporter-output>
        </test-method> <!-- testGetRequest_Men_Clothing_Scarves -->
        <test-method status="PASS" signature="testGetRequest_Men_Clothing_Semi_Formal_Jacket()[pri:0, instance:org.collective.testmethods.CollectiveSanityTestURL@e320068]" name="testGetRequest_Men_Clothing_Semi_Formal_Jacket" duration-ms="331" started-at="2015-12-21T14:50:13Z" finished-at="2015-12-21T14:50:13Z">
          <reporter-output>
          </reporter-output>
        </test-method> <!-- testGetRequest_Men_Clothing_Semi_Formal_Jacket -->
        <test-method status="PASS" signature="testGetRequest_Men_Clothing_Shorts()[pri:0, instance:org.collective.testmethods.CollectiveSanityTestURL@e320068]" name="testGetRequest_Men_Clothing_Shorts" duration-ms="680" started-at="2015-12-21T14:50:13Z" finished-at="2015-12-21T14:50:14Z">
          <reporter-output>
          </reporter-output>
        </test-method> <!-- testGetRequest_Men_Clothing_Shorts -->
        <test-method status="PASS" signature="testGetRequest_Men_Clothing_Suits()[pri:0, instance:org.collective.testmethods.CollectiveSanityTestURL@e320068]" name="testGetRequest_Men_Clothing_Suits" duration-ms="992" started-at="2015-12-21T14:50:14Z" finished-at="2015-12-21T14:50:15Z">
          <reporter-output>
          </reporter-output>
        </test-method> <!-- testGetRequest_Men_Clothing_Suits -->
        <test-method status="PASS" signature="testGetRequest_Men_Clothing_Sweater()[pri:0, instance:org.collective.testmethods.CollectiveSanityTestURL@e320068]" name="testGetRequest_Men_Clothing_Sweater" duration-ms="271" started-at="2015-12-21T14:50:15Z" finished-at="2015-12-21T14:50:15Z">
          <reporter-output>
          </reporter-output>
        </test-method> <!-- testGetRequest_Men_Clothing_Sweater -->
        <test-method status="PASS" signature="testGetRequest_Men_Clothing_Sweatshirt()[pri:0, instance:org.collective.testmethods.CollectiveSanityTestURL@e320068]" name="testGetRequest_Men_Clothing_Sweatshirt" duration-ms="662" started-at="2015-12-21T14:50:15Z" finished-at="2015-12-21T14:50:16Z">
          <reporter-output>
          </reporter-output>
        </test-method> <!-- testGetRequest_Men_Clothing_Sweatshirt -->
        <test-method status="PASS" signature="testGetRequest_Men_Clothing_Swimshorts()[pri:0, instance:org.collective.testmethods.CollectiveSanityTestURL@e320068]" name="testGetRequest_Men_Clothing_Swimshorts" duration-ms="372" started-at="2015-12-21T14:50:16Z" finished-at="2015-12-21T14:50:16Z">
          <reporter-output>
          </reporter-output>
        </test-method> <!-- testGetRequest_Men_Clothing_Swimshorts -->
        <test-method status="PASS" signature="testGetRequest_Men_Clothing_Ties()[pri:0, instance:org.collective.testmethods.CollectiveSanityTestURL@e320068]" name="testGetRequest_Men_Clothing_Ties" duration-ms="902" started-at="2015-12-21T14:50:16Z" finished-at="2015-12-21T14:50:17Z">
          <reporter-output>
          </reporter-output>
        </test-method> <!-- testGetRequest_Men_Clothing_Ties -->
        <test-method status="PASS" signature="testGetRequest_Men_Clothing_Trackpant()[pri:0, instance:org.collective.testmethods.CollectiveSanityTestURL@e320068]" name="testGetRequest_Men_Clothing_Trackpant" duration-ms="710" started-at="2015-12-21T14:50:17Z" finished-at="2015-12-21T14:50:18Z">
          <reporter-output>
          </reporter-output>
        </test-method> <!-- testGetRequest_Men_Clothing_Trackpant -->
        <test-method status="PASS" signature="testGetRequest_Men_Clothing_Tracktop()[pri:0, instance:org.collective.testmethods.CollectiveSanityTestURL@e320068]" name="testGetRequest_Men_Clothing_Tracktop" duration-ms="212" started-at="2015-12-21T14:50:18Z" finished-at="2015-12-21T14:50:18Z">
          <reporter-output>
          </reporter-output>
        </test-method> <!-- testGetRequest_Men_Clothing_Tracktop -->
        <test-method status="PASS" signature="testGetRequest_Men_Clothing_Tshirt()[pri:0, instance:org.collective.testmethods.CollectiveSanityTestURL@e320068]" name="testGetRequest_Men_Clothing_Tshirt" duration-ms="727" started-at="2015-12-21T14:50:18Z" finished-at="2015-12-21T14:50:19Z">
          <reporter-output>
          </reporter-output>
        </test-method> <!-- testGetRequest_Men_Clothing_Tshirt -->
        <test-method status="PASS" signature="testGetRequest_Men_Clothing_Waistcoat()[pri:0, instance:org.collective.testmethods.CollectiveSanityTestURL@e320068]" name="testGetRequest_Men_Clothing_Waistcoat" duration-ms="241" started-at="2015-12-21T14:50:19Z" finished-at="2015-12-21T14:50:19Z">
          <reporter-output>
          </reporter-output>
        </test-method> <!-- testGetRequest_Men_Clothing_Waistcoat -->
      </class> <!-- org.collective.testmethods.CollectiveSanityTestURL -->
      <class name="org.collective.testmethods.CollectiveSanityTestAdmin">
        <test-method status="SKIP" signature="setUp()[pri:0, instance:org.collective.testmethods.CollectiveSanityTestAdmin@ea1a8d5]" name="setUp" is-config="true" duration-ms="0" started-at="2015-12-21T14:58:38Z" finished-at="2015-12-21T14:58:38Z">
          <reporter-output>
          </reporter-output>
        </test-method> <!-- setUp -->
        <test-method status="SKIP" signature="tc012_collective_adminLogin()[pri:0, instance:org.collective.testmethods.CollectiveSanityTestAdmin@ea1a8d5]" name="tc012_collective_adminLogin" duration-ms="0" started-at="2015-12-21T14:58:38Z" finished-at="2015-12-21T14:58:38Z">
          <reporter-output>
          </reporter-output>
        </test-method> <!-- tc012_collective_adminLogin -->
        <test-method status="SKIP" signature="checkForLogin()[pri:0, instance:org.collective.testmethods.CollectiveSanityTestAdmin@ea1a8d5]" name="checkForLogin" is-config="true" duration-ms="0" started-at="2015-12-21T14:58:38Z" finished-at="2015-12-21T14:58:38Z">
          <reporter-output>
          </reporter-output>
        </test-method> <!-- checkForLogin -->
        <test-method status="SKIP" signature="checkForAdminLogout()[pri:0, instance:org.collective.testmethods.CollectiveSanityTestAdmin@ea1a8d5]" name="checkForAdminLogout" is-config="true" duration-ms="0" started-at="2015-12-21T14:58:38Z" finished-at="2015-12-21T14:58:38Z">
          <reporter-output>
          </reporter-output>
        </test-method> <!-- checkForAdminLogout -->
        <test-method status="SKIP" signature="takeScreenshot(org.testng.ITestResult)[pri:0, instance:org.collective.testmethods.CollectiveSanityTestAdmin@ea1a8d5]" name="takeScreenshot" is-config="true" duration-ms="0" started-at="2015-12-21T14:58:38Z" finished-at="2015-12-21T14:58:38Z">
          <reporter-output>
          </reporter-output>
        </test-method> <!-- takeScreenshot -->
        <test-method status="SKIP" signature="setUp()[pri:0, instance:org.collective.testmethods.CollectiveSanityTestAdmin@ea1a8d5]" name="setUp" is-config="true" duration-ms="0" started-at="2015-12-21T14:58:38Z" finished-at="2015-12-21T14:58:38Z">
          <reporter-output>
          </reporter-output>
        </test-method> <!-- setUp -->
        <test-method status="SKIP" signature="checkForLogin()[pri:0, instance:org.collective.testmethods.CollectiveSanityTestAdmin@ea1a8d5]" name="checkForLogin" is-config="true" duration-ms="0" started-at="2015-12-21T14:58:38Z" finished-at="2015-12-21T14:58:38Z">
          <reporter-output>
          </reporter-output>
        </test-method> <!-- checkForLogin -->
        <test-method status="SKIP" signature="tc013_collective_admin_reports_OrderTotalsSheet()[pri:0, instance:org.collective.testmethods.CollectiveSanityTestAdmin@ea1a8d5]" name="tc013_collective_admin_reports_OrderTotalsSheet" duration-ms="0" started-at="2015-12-21T14:58:38Z" finished-at="2015-12-21T14:58:38Z">
          <reporter-output>
          </reporter-output>
        </test-method> <!-- tc013_collective_admin_reports_OrderTotalsSheet -->
        <test-method status="SKIP" signature="setUp()[pri:0, instance:org.collective.testmethods.CollectiveSanityTestAdmin@ea1a8d5]" name="setUp" is-config="true" duration-ms="0" started-at="2015-12-21T14:58:38Z" finished-at="2015-12-21T14:58:38Z">
          <reporter-output>
          </reporter-output>
        </test-method> <!-- setUp -->
        <test-method status="SKIP" signature="takeScreenshot(org.testng.ITestResult)[pri:0, instance:org.collective.testmethods.CollectiveSanityTestAdmin@ea1a8d5]" name="takeScreenshot" is-config="true" duration-ms="0" started-at="2015-12-21T14:58:38Z" finished-at="2015-12-21T14:58:38Z">
          <reporter-output>
          </reporter-output>
        </test-method> <!-- takeScreenshot -->
        <test-method status="SKIP" signature="checkForAdminLogout()[pri:0, instance:org.collective.testmethods.CollectiveSanityTestAdmin@ea1a8d5]" name="checkForAdminLogout" is-config="true" duration-ms="0" started-at="2015-12-21T14:58:38Z" finished-at="2015-12-21T14:58:38Z">
          <reporter-output>
          </reporter-output>
        </test-method> <!-- checkForAdminLogout -->
        <test-method status="SKIP" signature="checkForLogin()[pri:0, instance:org.collective.testmethods.CollectiveSanityTestAdmin@ea1a8d5]" name="checkForLogin" is-config="true" duration-ms="0" started-at="2015-12-21T14:58:38Z" finished-at="2015-12-21T14:58:38Z">
          <reporter-output>
          </reporter-output>
        </test-method> <!-- checkForLogin -->
        <test-method status="SKIP" signature="tc014_evaluateAdminTabs_Returns()[pri:0, instance:org.collective.testmethods.CollectiveSanityTestAdmin@ea1a8d5]" name="tc014_evaluateAdminTabs_Returns" duration-ms="0" started-at="2015-12-21T14:58:38Z" finished-at="2015-12-21T14:58:38Z">
          <reporter-output>
          </reporter-output>
        </test-method> <!-- tc014_evaluateAdminTabs_Returns -->
        <test-method status="SKIP" signature="checkForAdminLogout()[pri:0, instance:org.collective.testmethods.CollectiveSanityTestAdmin@ea1a8d5]" name="checkForAdminLogout" is-config="true" duration-ms="0" started-at="2015-12-21T14:58:38Z" finished-at="2015-12-21T14:58:38Z">
          <reporter-output>
          </reporter-output>
        </test-method> <!-- checkForAdminLogout -->
        <test-method status="SKIP" signature="takeScreenshot(org.testng.ITestResult)[pri:0, instance:org.collective.testmethods.CollectiveSanityTestAdmin@ea1a8d5]" name="takeScreenshot" is-config="true" duration-ms="0" started-at="2015-12-21T14:58:38Z" finished-at="2015-12-21T14:58:38Z">
          <reporter-output>
          </reporter-output>
        </test-method> <!-- takeScreenshot -->
        <test-method status="SKIP" signature="checkForLogin()[pri:0, instance:org.collective.testmethods.CollectiveSanityTestAdmin@ea1a8d5]" name="checkForLogin" is-config="true" duration-ms="0" started-at="2015-12-21T14:58:38Z" finished-at="2015-12-21T14:58:38Z">
          <reporter-output>
          </reporter-output>
        </test-method> <!-- checkForLogin -->
        <test-method status="SKIP" signature="tc015_evaluateAdminTabs_Carousel()[pri:0, instance:org.collective.testmethods.CollectiveSanityTestAdmin@ea1a8d5]" name="tc015_evaluateAdminTabs_Carousel" duration-ms="0" started-at="2015-12-21T14:58:38Z" finished-at="2015-12-21T14:58:38Z">
          <reporter-output>
          </reporter-output>
        </test-method> <!-- tc015_evaluateAdminTabs_Carousel -->
        <test-method status="SKIP" signature="setUp()[pri:0, instance:org.collective.testmethods.CollectiveSanityTestAdmin@ea1a8d5]" name="setUp" is-config="true" duration-ms="0" started-at="2015-12-21T14:58:38Z" finished-at="2015-12-21T14:58:38Z">
          <reporter-output>
          </reporter-output>
        </test-method> <!-- setUp -->
        <test-method status="SKIP" signature="checkForLogin()[pri:0, instance:org.collective.testmethods.CollectiveSanityTestAdmin@ea1a8d5]" name="checkForLogin" is-config="true" duration-ms="0" started-at="2015-12-21T14:58:38Z" finished-at="2015-12-21T14:58:38Z">
          <reporter-output>
          </reporter-output>
        </test-method> <!-- checkForLogin -->
        <test-method status="SKIP" signature="takeScreenshot(org.testng.ITestResult)[pri:0, instance:org.collective.testmethods.CollectiveSanityTestAdmin@ea1a8d5]" name="takeScreenshot" is-config="true" duration-ms="0" started-at="2015-12-21T14:58:38Z" finished-at="2015-12-21T14:58:38Z">
          <reporter-output>
          </reporter-output>
        </test-method> <!-- takeScreenshot -->
        <test-method status="SKIP" signature="checkForAdminLogout()[pri:0, instance:org.collective.testmethods.CollectiveSanityTestAdmin@ea1a8d5]" name="checkForAdminLogout" is-config="true" duration-ms="0" started-at="2015-12-21T14:58:38Z" finished-at="2015-12-21T14:58:38Z">
          <reporter-output>
          </reporter-output>
        </test-method> <!-- checkForAdminLogout -->
        <test-method status="SKIP" signature="setUp()[pri:0, instance:org.collective.testmethods.CollectiveSanityTestAdmin@ea1a8d5]" name="setUp" is-config="true" duration-ms="0" started-at="2015-12-21T14:58:38Z" finished-at="2015-12-21T14:58:38Z">
          <reporter-output>
          </reporter-output>
        </test-method> <!-- setUp -->
        <test-method status="SKIP" signature="tc016_evaluateAdminTabs_Orders()[pri:0, instance:org.collective.testmethods.CollectiveSanityTestAdmin@ea1a8d5]" name="tc016_evaluateAdminTabs_Orders" duration-ms="0" started-at="2015-12-21T14:58:38Z" finished-at="2015-12-21T14:58:38Z">
          <reporter-output>
          </reporter-output>
        </test-method> <!-- tc016_evaluateAdminTabs_Orders -->
        <test-method status="SKIP" signature="checkForLogin()[pri:0, instance:org.collective.testmethods.CollectiveSanityTestAdmin@ea1a8d5]" name="checkForLogin" is-config="true" duration-ms="0" started-at="2015-12-21T14:58:38Z" finished-at="2015-12-21T14:58:38Z">
          <reporter-output>
          </reporter-output>
        </test-method> <!-- checkForLogin -->
        <test-method status="SKIP" signature="setUp()[pri:0, instance:org.collective.testmethods.CollectiveSanityTestAdmin@ea1a8d5]" name="setUp" is-config="true" duration-ms="0" started-at="2015-12-21T14:58:38Z" finished-at="2015-12-21T14:58:38Z">
          <reporter-output>
          </reporter-output>
        </test-method> <!-- setUp -->
        <test-method status="SKIP" signature="takeScreenshot(org.testng.ITestResult)[pri:0, instance:org.collective.testmethods.CollectiveSanityTestAdmin@ea1a8d5]" name="takeScreenshot" is-config="true" duration-ms="0" started-at="2015-12-21T14:58:38Z" finished-at="2015-12-21T14:58:38Z">
          <reporter-output>
          </reporter-output>
        </test-method> <!-- takeScreenshot -->
        <test-method status="SKIP" signature="tc017_evaluateAdminTabs_Products()[pri:0, instance:org.collective.testmethods.CollectiveSanityTestAdmin@ea1a8d5]" name="tc017_evaluateAdminTabs_Products" duration-ms="1" started-at="2015-12-21T14:58:38Z" finished-at="2015-12-21T14:58:38Z">
          <reporter-output>
          </reporter-output>
        </test-method> <!-- tc017_evaluateAdminTabs_Products -->
        <test-method status="SKIP" signature="checkForAdminLogout()[pri:0, instance:org.collective.testmethods.CollectiveSanityTestAdmin@ea1a8d5]" name="checkForAdminLogout" is-config="true" duration-ms="0" started-at="2015-12-21T14:58:38Z" finished-at="2015-12-21T14:58:38Z">
          <reporter-output>
          </reporter-output>
        </test-method> <!-- checkForAdminLogout -->
        <test-method status="SKIP" signature="checkForAdminLogout()[pri:0, instance:org.collective.testmethods.CollectiveSanityTestAdmin@ea1a8d5]" name="checkForAdminLogout" is-config="true" duration-ms="0" started-at="2015-12-21T14:58:38Z" finished-at="2015-12-21T14:58:38Z">
          <reporter-output>
          </reporter-output>
        </test-method> <!-- checkForAdminLogout -->
        <test-method status="SKIP" signature="takeScreenshot(org.testng.ITestResult)[pri:0, instance:org.collective.testmethods.CollectiveSanityTestAdmin@ea1a8d5]" name="takeScreenshot" is-config="true" duration-ms="0" started-at="2015-12-21T14:58:38Z" finished-at="2015-12-21T14:58:38Z">
          <reporter-output>
          </reporter-output>
        </test-method> <!-- takeScreenshot -->
        <test-method status="SKIP" signature="checkForLogin()[pri:0, instance:org.collective.testmethods.CollectiveSanityTestAdmin@ea1a8d5]" name="checkForLogin" is-config="true" duration-ms="0" started-at="2015-12-21T14:58:38Z" finished-at="2015-12-21T14:58:38Z">
          <reporter-output>
          </reporter-output>
        </test-method> <!-- checkForLogin -->
        <test-method status="SKIP" signature="setUp()[pri:0, instance:org.collective.testmethods.CollectiveSanityTestAdmin@ea1a8d5]" name="setUp" is-config="true" duration-ms="0" started-at="2015-12-21T14:58:38Z" finished-at="2015-12-21T14:58:38Z">
          <reporter-output>
          </reporter-output>
        </test-method> <!-- setUp -->
        <test-method status="SKIP" signature="tc018_evaluateAdminTabs_Settings()[pri:0, instance:org.collective.testmethods.CollectiveSanityTestAdmin@ea1a8d5]" name="tc018_evaluateAdminTabs_Settings" duration-ms="0" started-at="2015-12-21T14:58:38Z" finished-at="2015-12-21T14:58:38Z">
          <reporter-output>
          </reporter-output>
        </test-method> <!-- tc018_evaluateAdminTabs_Settings -->
        <test-method status="SKIP" signature="checkForAdminLogout()[pri:0, instance:org.collective.testmethods.CollectiveSanityTestAdmin@ea1a8d5]" name="checkForAdminLogout" is-config="true" duration-ms="0" started-at="2015-12-21T14:58:38Z" finished-at="2015-12-21T14:58:38Z">
          <reporter-output>
          </reporter-output>
        </test-method> <!-- checkForAdminLogout -->
        <test-method status="SKIP" signature="tc019_evaluateAdminTabs_Promotions()[pri:0, instance:org.collective.testmethods.CollectiveSanityTestAdmin@ea1a8d5]" name="tc019_evaluateAdminTabs_Promotions" duration-ms="0" started-at="2015-12-21T14:58:38Z" finished-at="2015-12-21T14:58:38Z">
          <reporter-output>
          </reporter-output>
        </test-method> <!-- tc019_evaluateAdminTabs_Promotions -->
        <test-method status="SKIP" signature="checkForLogin()[pri:0, instance:org.collective.testmethods.CollectiveSanityTestAdmin@ea1a8d5]" name="checkForLogin" is-config="true" duration-ms="0" started-at="2015-12-21T14:58:38Z" finished-at="2015-12-21T14:58:38Z">
          <reporter-output>
          </reporter-output>
        </test-method> <!-- checkForLogin -->
        <test-method status="SKIP" signature="takeScreenshot(org.testng.ITestResult)[pri:0, instance:org.collective.testmethods.CollectiveSanityTestAdmin@ea1a8d5]" name="takeScreenshot" is-config="true" duration-ms="0" started-at="2015-12-21T14:58:38Z" finished-at="2015-12-21T14:58:38Z">
          <reporter-output>
          </reporter-output>
        </test-method> <!-- takeScreenshot -->
        <test-method status="SKIP" signature="setUp()[pri:0, instance:org.collective.testmethods.CollectiveSanityTestAdmin@ea1a8d5]" name="setUp" is-config="true" duration-ms="0" started-at="2015-12-21T14:58:38Z" finished-at="2015-12-21T14:58:38Z">
          <reporter-output>
          </reporter-output>
        </test-method> <!-- setUp -->
        <test-method status="SKIP" signature="checkForAdminLogout()[pri:0, instance:org.collective.testmethods.CollectiveSanityTestAdmin@ea1a8d5]" name="checkForAdminLogout" is-config="true" duration-ms="0" started-at="2015-12-21T14:58:38Z" finished-at="2015-12-21T14:58:38Z">
          <reporter-output>
          </reporter-output>
        </test-method> <!-- checkForAdminLogout -->
        <test-method status="SKIP" signature="takeScreenshot(org.testng.ITestResult)[pri:0, instance:org.collective.testmethods.CollectiveSanityTestAdmin@ea1a8d5]" name="takeScreenshot" is-config="true" duration-ms="0" started-at="2015-12-21T14:58:38Z" finished-at="2015-12-21T14:58:38Z">
          <reporter-output>
          </reporter-output>
        </test-method> <!-- takeScreenshot -->
        <test-method status="SKIP" signature="tc020_evaluateAdminTabs_Users()[pri:0, instance:org.collective.testmethods.CollectiveSanityTestAdmin@ea1a8d5]" name="tc020_evaluateAdminTabs_Users" duration-ms="0" started-at="2015-12-21T14:58:38Z" finished-at="2015-12-21T14:58:38Z">
          <reporter-output>
          </reporter-output>
        </test-method> <!-- tc020_evaluateAdminTabs_Users -->
        <test-method status="SKIP" signature="checkForLogin()[pri:0, instance:org.collective.testmethods.CollectiveSanityTestAdmin@ea1a8d5]" name="checkForLogin" is-config="true" duration-ms="0" started-at="2015-12-21T14:58:38Z" finished-at="2015-12-21T14:58:38Z">
          <reporter-output>
          </reporter-output>
        </test-method> <!-- checkForLogin -->
        <test-method status="SKIP" signature="setUp()[pri:0, instance:org.collective.testmethods.CollectiveSanityTestAdmin@ea1a8d5]" name="setUp" is-config="true" duration-ms="0" started-at="2015-12-21T14:58:38Z" finished-at="2015-12-21T14:58:38Z">
          <reporter-output>
          </reporter-output>
        </test-method> <!-- setUp -->
        <test-method status="SKIP" signature="takeScreenshot(org.testng.ITestResult)[pri:0, instance:org.collective.testmethods.CollectiveSanityTestAdmin@ea1a8d5]" name="takeScreenshot" is-config="true" duration-ms="0" started-at="2015-12-21T14:58:38Z" finished-at="2015-12-21T14:58:38Z">
          <reporter-output>
          </reporter-output>
        </test-method> <!-- takeScreenshot -->
        <test-method status="SKIP" signature="checkForAdminLogout()[pri:0, instance:org.collective.testmethods.CollectiveSanityTestAdmin@ea1a8d5]" name="checkForAdminLogout" is-config="true" duration-ms="0" started-at="2015-12-21T14:58:38Z" finished-at="2015-12-21T14:58:38Z">
          <reporter-output>
          </reporter-output>
        </test-method> <!-- checkForAdminLogout -->
        <test-method status="SKIP" signature="checkForLogin()[pri:0, instance:org.collective.testmethods.CollectiveSanityTestAdmin@ea1a8d5]" name="checkForLogin" is-config="true" duration-ms="0" started-at="2015-12-21T14:58:38Z" finished-at="2015-12-21T14:58:38Z">
          <reporter-output>
          </reporter-output>
        </test-method> <!-- checkForLogin -->
        <test-method status="SKIP" signature="setUp()[pri:0, instance:org.collective.testmethods.CollectiveSanityTestAdmin@ea1a8d5]" name="setUp" is-config="true" duration-ms="0" started-at="2015-12-21T14:58:38Z" finished-at="2015-12-21T14:58:38Z">
          <reporter-output>
          </reporter-output>
        </test-method> <!-- setUp -->
        <test-method status="SKIP" signature="tc021_evaluateAdminTabs_Blog()[pri:0, instance:org.collective.testmethods.CollectiveSanityTestAdmin@ea1a8d5]" name="tc021_evaluateAdminTabs_Blog" duration-ms="0" started-at="2015-12-21T14:58:38Z" finished-at="2015-12-21T14:58:38Z">
          <reporter-output>
          </reporter-output>
        </test-method> <!-- tc021_evaluateAdminTabs_Blog -->
        <test-method status="SKIP" signature="tc022_evaluateAdminTabs_Store()[pri:0, instance:org.collective.testmethods.CollectiveSanityTestAdmin@ea1a8d5]" name="tc022_evaluateAdminTabs_Store" duration-ms="1" started-at="2015-12-21T14:58:38Z" finished-at="2015-12-21T14:58:38Z">
          <reporter-output>
          </reporter-output>
        </test-method> <!-- tc022_evaluateAdminTabs_Store -->
        <test-method status="SKIP" signature="takeScreenshot(org.testng.ITestResult)[pri:0, instance:org.collective.testmethods.CollectiveSanityTestAdmin@ea1a8d5]" name="takeScreenshot" is-config="true" duration-ms="0" started-at="2015-12-21T14:58:38Z" finished-at="2015-12-21T14:58:38Z">
          <reporter-output>
          </reporter-output>
        </test-method> <!-- takeScreenshot -->
        <test-method status="SKIP" signature="setUp()[pri:0, instance:org.collective.testmethods.CollectiveSanityTestAdmin@ea1a8d5]" name="setUp" is-config="true" duration-ms="0" started-at="2015-12-21T14:58:38Z" finished-at="2015-12-21T14:58:38Z">
          <reporter-output>
          </reporter-output>
        </test-method> <!-- setUp -->
        <test-method status="SKIP" signature="checkForAdminLogout()[pri:0, instance:org.collective.testmethods.CollectiveSanityTestAdmin@ea1a8d5]" name="checkForAdminLogout" is-config="true" duration-ms="0" started-at="2015-12-21T14:58:38Z" finished-at="2015-12-21T14:58:38Z">
          <reporter-output>
          </reporter-output>
        </test-method> <!-- checkForAdminLogout -->
        <test-method status="SKIP" signature="checkForLogin()[pri:0, instance:org.collective.testmethods.CollectiveSanityTestAdmin@ea1a8d5]" name="checkForLogin" is-config="true" duration-ms="0" started-at="2015-12-21T14:58:38Z" finished-at="2015-12-21T14:58:38Z">
          <reporter-output>
          </reporter-output>
        </test-method> <!-- checkForLogin -->
        <test-method status="SKIP" signature="takeScreenshot(org.testng.ITestResult)[pri:0, instance:org.collective.testmethods.CollectiveSanityTestAdmin@ea1a8d5]" name="takeScreenshot" is-config="true" duration-ms="0" started-at="2015-12-21T14:58:38Z" finished-at="2015-12-21T14:58:38Z">
          <reporter-output>
          </reporter-output>
        </test-method> <!-- takeScreenshot -->
        <test-method status="SKIP" signature="checkForAdminLogout()[pri:0, instance:org.collective.testmethods.CollectiveSanityTestAdmin@ea1a8d5]" name="checkForAdminLogout" is-config="true" duration-ms="0" started-at="2015-12-21T14:58:38Z" finished-at="2015-12-21T14:58:38Z">
          <reporter-output>
          </reporter-output>
        </test-method> <!-- checkForAdminLogout -->
        <test-method status="SKIP" signature="tc023_evaluateAdminTabs_FeatureCollection()[pri:0, instance:org.collective.testmethods.CollectiveSanityTestAdmin@ea1a8d5]" name="tc023_evaluateAdminTabs_FeatureCollection" duration-ms="0" started-at="2015-12-21T14:58:38Z" finished-at="2015-12-21T14:58:38Z">
          <reporter-output>
          </reporter-output>
        </test-method> <!-- tc023_evaluateAdminTabs_FeatureCollection -->
        <test-method status="SKIP" signature="setUp()[pri:0, instance:org.collective.testmethods.CollectiveSanityTestAdmin@ea1a8d5]" name="setUp" is-config="true" duration-ms="0" started-at="2015-12-21T14:58:38Z" finished-at="2015-12-21T14:58:38Z">
          <reporter-output>
          </reporter-output>
        </test-method> <!-- setUp -->
        <test-method status="SKIP" signature="checkForLogin()[pri:0, instance:org.collective.testmethods.CollectiveSanityTestAdmin@ea1a8d5]" name="checkForLogin" is-config="true" duration-ms="0" started-at="2015-12-21T14:58:38Z" finished-at="2015-12-21T14:58:38Z">
          <reporter-output>
          </reporter-output>
        </test-method> <!-- checkForLogin -->
        <test-method status="SKIP" signature="checkForAdminLogout()[pri:0, instance:org.collective.testmethods.CollectiveSanityTestAdmin@ea1a8d5]" name="checkForAdminLogout" is-config="true" duration-ms="0" started-at="2015-12-21T14:58:38Z" finished-at="2015-12-21T14:58:38Z">
          <reporter-output>
          </reporter-output>
        </test-method> <!-- checkForAdminLogout -->
        <test-method status="SKIP" signature="takeScreenshot(org.testng.ITestResult)[pri:0, instance:org.collective.testmethods.CollectiveSanityTestAdmin@ea1a8d5]" name="takeScreenshot" is-config="true" duration-ms="0" started-at="2015-12-21T14:58:38Z" finished-at="2015-12-21T14:58:38Z">
          <reporter-output>
          </reporter-output>
        </test-method> <!-- takeScreenshot -->
      </class> <!-- org.collective.testmethods.CollectiveSanityTestAdmin -->
    </test> <!-- SmokeTesting -->
  </suite> <!-- CollectiveSuite -->
</testng-results>
