<?xml version="1.0" encoding="UTF-8"?>
<testng-results skipped="1" failed="0" total="1" passed="0">
  <reporter-output>
  </reporter-output>
  <suite name="GoogleSuite" duration-ms="78" started-at="2015-12-08T07:41:30Z" finished-at="2015-12-08T07:41:30Z">
    <groups>
    </groups>
    <test name="RandomTesting" duration-ms="78" started-at="2015-12-08T07:41:30Z" finished-at="2015-12-08T07:41:30Z">
      <class name="org.framework.testmethods.GoogleSearchTest">
        <test-method status="PASS" signature="screenshotCleanUp()[pri:0, instance:org.framework.testmethods.GoogleSearchTest@271053e1]" name="screenshotCleanUp" is-config="true" duration-ms="5031" started-at="2015-12-08T13:11:25Z" finished-at="2015-12-08T13:11:30Z">
          <reporter-output>
          </reporter-output>
        </test-method> <!-- screenshotCleanUp -->
        <test-method status="FAIL" signature="beforeTest()[pri:0, instance:org.framework.testmethods.GoogleSearchTest@271053e1]" name="beforeTest" is-config="true" duration-ms="0" started-at="2015-12-08T13:11:30Z" finished-at="2015-12-08T13:11:30Z">
          <exception class="java.lang.NoClassDefFoundError">
            <message>
              <![CDATA[org/openqa/selenium/browserlaunchers/Proxies]]>
            </message>
            <full-stacktrace>
              <![CDATA[java.lang.NoClassDefFoundError: org/openqa/selenium/browserlaunchers/Proxies
	at org.openqa.selenium.phantomjs.PhantomJSDriverService.createDefaultService(PhantomJSDriverService.java:178)
	at org.openqa.selenium.phantomjs.PhantomJSDriver.<init>(PhantomJSDriver.java:99)
	at org.framework.maincontroller.MainController.beforeTest(MainController.java:84)
	at sun.reflect.NativeMethodAccessorImpl.invoke0(Native Method)
	at sun.reflect.NativeMethodAccessorImpl.invoke(NativeMethodAccessorImpl.java:62)
	at sun.reflect.DelegatingMethodAccessorImpl.invoke(DelegatingMethodAccessorImpl.java:43)
	at java.lang.reflect.Method.invoke(Method.java:483)
	at org.testng.internal.MethodInvocationHelper.invokeMethod(MethodInvocationHelper.java:85)
	at org.testng.internal.Invoker.invokeConfigurationMethod(Invoker.java:510)
	at org.testng.internal.Invoker.invokeConfigurations(Invoker.java:211)
	at org.testng.internal.Invoker.invokeConfigurations(Invoker.java:138)
	at org.testng.TestRunner.beforeRun(TestRunner.java:647)
	at org.testng.TestRunner.run(TestRunner.java:615)
	at org.testng.SuiteRunner.runTest(SuiteRunner.java:357)
	at org.testng.SuiteRunner.runSequentially(SuiteRunner.java:352)
	at org.testng.SuiteRunner.privateRun(SuiteRunner.java:310)
	at org.testng.SuiteRunner.run(SuiteRunner.java:259)
	at org.testng.SuiteRunnerWorker.runSuite(SuiteRunnerWorker.java:52)
	at org.testng.SuiteRunnerWorker.run(SuiteRunnerWorker.java:86)
	at org.testng.TestNG.runSuitesSequentially(TestNG.java:1185)
	at org.testng.TestNG.runSuitesLocally(TestNG.java:1110)
	at org.testng.TestNG.run(TestNG.java:1018)
	at org.apache.maven.surefire.testng.TestNGExecutor.run(TestNGExecutor.java:295)
	at org.apache.maven.surefire.testng.TestNGXmlTestSuite.execute(TestNGXmlTestSuite.java:84)
	at org.apache.maven.surefire.testng.TestNGProvider.invoke(TestNGProvider.java:90)
	at org.apache.maven.surefire.booter.ForkedBooter.invokeProviderInSameClassLoader(ForkedBooter.java:203)
	at org.apache.maven.surefire.booter.ForkedBooter.runSuitesInProcess(ForkedBooter.java:155)
	at org.apache.maven.surefire.booter.ForkedBooter.main(ForkedBooter.java:103)
Caused by: java.lang.ClassNotFoundException: org.openqa.selenium.browserlaunchers.Proxies
	at java.net.URLClassLoader$1.run(URLClassLoader.java:372)
	at java.net.URLClassLoader$1.run(URLClassLoader.java:361)
	at java.security.AccessController.doPrivileged(Native Method)
	at java.net.URLClassLoader.findClass(URLClassLoader.java:360)
	at java.lang.ClassLoader.loadClass(ClassLoader.java:424)
	at sun.misc.Launcher$AppClassLoader.loadClass(Launcher.java:308)
	at java.lang.ClassLoader.loadClass(ClassLoader.java:357)
	... 28 more
]]>
            </full-stacktrace>
          </exception> <!-- java.lang.NoClassDefFoundError -->
          <reporter-output>
          </reporter-output>
        </test-method> <!-- beforeTest -->
        <test-method status="SKIP" signature="setUp()[pri:0, instance:org.framework.testmethods.GoogleSearchTest@271053e1]" name="setUp" is-config="true" duration-ms="0" started-at="2015-12-08T13:11:30Z" finished-at="2015-12-08T13:11:30Z">
          <reporter-output>
          </reporter-output>
        </test-method> <!-- setUp -->
        <test-method status="SKIP" signature="HM_1254()[pri:0, instance:org.framework.testmethods.GoogleSearchTest@271053e1]" name="HM_1254" duration-ms="0" started-at="2015-12-08T13:11:30Z" finished-at="2015-12-08T13:11:30Z">
          <reporter-output>
          </reporter-output>
        </test-method> <!-- HM_1254 -->
        <test-method status="SKIP" signature="takeScreenshot(org.testng.ITestResult)[pri:0, instance:org.framework.testmethods.GoogleSearchTest@271053e1]" name="takeScreenshot" is-config="true" duration-ms="0" started-at="2015-12-08T13:11:30Z" finished-at="2015-12-08T13:11:30Z">
          <reporter-output>
          </reporter-output>
        </test-method> <!-- takeScreenshot -->
        <test-method status="SKIP" signature="tearDownClass()[pri:0, instance:org.framework.testmethods.GoogleSearchTest@271053e1]" name="tearDownClass" is-config="true" duration-ms="0" started-at="2015-12-08T13:11:30Z" finished-at="2015-12-08T13:11:30Z">
          <reporter-output>
          </reporter-output>
        </test-method> <!-- tearDownClass -->
      </class> <!-- org.framework.testmethods.GoogleSearchTest -->
    </test> <!-- RandomTesting -->
  </suite> <!-- GoogleSuite -->
</testng-results>
