<?xml version="1.0" encoding="UTF-8"?>
<testsuite name="TestSuite" time="343.495" tests="70" errors="0" skipped="57" failures="3">
  <properties>
[...]
</properties>
  <testcase name="tc001_collective_signup" classname="org.collective.testmethods.CollectiveSanityTestCustomer" time="19.338"/>
  <testcase name="tc002_collective_login" classname="org.collective.testmethods.CollectiveSanityTestCustomer" time="9.956"/>
  <testcase name="tc003_collective_blog" classname="org.collective.testmethods.CollectiveSanityTestCustomer" time="23.007"/>
  <testcase name="tc004_collective_accessories" classname="org.collective.testmethods.CollectiveSanityTestCustomer" time="7.889"/>
  <testcase name="tc005_collective_accessories_Filter_Brand" classname="org.collective.testmethods.CollectiveSanityTestCustomer" time="7.358"/>
  <testcase name="tc006_collective_accessories_pagination" classname="org.collective.testmethods.CollectiveSanityTestCustomer" time="8.904"/>
  <testcase name="tc007_collective_sales" classname="org.collective.testmethods.CollectiveSanityTestCustomer" time="8.351"/>
  <testcase name="tc008_collective_orderGreaterThan20000" classname="org.collective.testmethods.CollectiveSanityTestCustomer" time="65.187"/>
  <testcase name="tc009_collective_orderLessOrEqualThan20000" classname="org.collective.testmethods.CollectiveSanityTestCustomer" time="60.045">
    <failure message="Timed out after 5 seconds waiting for visibility of Proxy element for: org.openqa.selenium.support.pagefactory.DefaultElementLocator@72d6b3ba&#10;Build info: version: &apos;2.44.0&apos;, revision: &apos;76d78cf323ce037c5f92db6c1bba601c2ac43ad8&apos;, time: &apos;2014-10-23 13:11:40&apos;&#10;System info: host: &apos;codebrahma&apos;, ip: &apos;192.168.56.1&apos;, os.name: &apos;Windows 8.1&apos;, os.arch: &apos;amd64&apos;, os.version: &apos;6.3&apos;, java.version: &apos;1.8.0_60&apos;&#10;Driver info: org.openqa.selenium.chrome.ChromeDriver&#10;Capabilities [{applicationCacheEnabled=false, rotatable=false, mobileEmulationEnabled=false, chrome={userDataDir=C:\Users\codeb\AppData\Local\Temp\scoped_dir10056_5760}, takesHeapSnapshot=true, databaseEnabled=false, handlesAlerts=true, hasTouchScreen=false, version=47.0.2526.106, platform=WIN8_1, browserConnectionEnabled=false, nativeEvents=true, acceptSslCerts=true, locationContextEnabled=true, webStorageEnabled=true, browserName=chrome, takesScreenshot=true, javascriptEnabled=true, cssSelectorsEnabled=true}]&#10;Session ID: e0127119570959af425e9c0e777e8d18" type="org.openqa.selenium.TimeoutException">org.openqa.selenium.TimeoutException: Timed out after 5 seconds waiting for visibility of Proxy element for: org.openqa.selenium.support.pagefactory.DefaultElementLocator@72d6b3ba
Build info: version: '2.44.0', revision: '76d78cf323ce037c5f92db6c1bba601c2ac43ad8', time: '2014-10-23 13:11:40'
System info: host: 'codebrahma', ip: '192.168.56.1', os.name: 'Windows 8.1', os.arch: 'amd64', os.version: '6.3', java.version: '1.8.0_60'
Driver info: org.openqa.selenium.chrome.ChromeDriver
Capabilities [{applicationCacheEnabled=false, rotatable=false, mobileEmulationEnabled=false, chrome={userDataDir=C:\Users\codeb\AppData\Local\Temp\scoped_dir10056_5760}, takesHeapSnapshot=true, databaseEnabled=false, handlesAlerts=true, hasTouchScreen=false, version=47.0.2526.106, platform=WIN8_1, browserConnectionEnabled=false, nativeEvents=true, acceptSslCerts=true, locationContextEnabled=true, webStorageEnabled=true, browserName=chrome, takesScreenshot=true, javascriptEnabled=true, cssSelectorsEnabled=true}]
Session ID: e0127119570959af425e9c0e777e8d18
	at sun.reflect.GeneratedConstructorAccessor12.newInstance(Unknown Source)
	at sun.reflect.DelegatingConstructorAccessorImpl.newInstance(DelegatingConstructorAccessorImpl.java:45)
	at java.lang.reflect.Constructor.newInstance(Constructor.java:422)
	at org.openqa.selenium.remote.ErrorHandler.createThrowable(ErrorHandler.java:204)
	at org.openqa.selenium.remote.ErrorHandler.throwIfResponseFailed(ErrorHandler.java:156)
	at org.openqa.selenium.remote.RemoteWebDriver.execute(RemoteWebDriver.java:599)
	at org.openqa.selenium.remote.RemoteWebDriver.findElement(RemoteWebDriver.java:352)
	at org.openqa.selenium.remote.RemoteWebDriver.findElementByXPath(RemoteWebDriver.java:449)
	at org.openqa.selenium.By$ByXPath.findElement(By.java:357)
	at org.openqa.selenium.remote.RemoteWebDriver.findElement(RemoteWebDriver.java:344)
	at org.openqa.selenium.support.pagefactory.DefaultElementLocator.findElement(DefaultElementLocator.java:59)
	at org.openqa.selenium.support.pagefactory.internal.LocatingElementHandler.invoke(LocatingElementHandler.java:37)
	at com.sun.proxy.$Proxy10.isDisplayed(Unknown Source)
	at org.openqa.selenium.support.ui.ExpectedConditions.elementIfVisible(ExpectedConditions.java:227)
	at org.openqa.selenium.support.ui.ExpectedConditions.access$100(ExpectedConditions.java:39)
	at org.openqa.selenium.support.ui.ExpectedConditions$7.apply(ExpectedConditions.java:213)
	at org.openqa.selenium.support.ui.ExpectedConditions$7.apply(ExpectedConditions.java:210)
	at org.openqa.selenium.support.ui.FluentWait.until(FluentWait.java:208)
	at org.collective.utils.Waiting.explicitWaitVisibilityOfElement(Waiting.java:34)
	at org.collective.customer.pageobjects.CollectiveShoppingCartPageObjects.enterFirstName(CollectiveShoppingCartPageObjects.java:83)
	at org.collective.testmethods.CollectiveSanityTestCustomer.tc009_collective_orderLessOrEqualThan20000(CollectiveSanityTestCustomer.java:151)
</failure>
  </testcase>
  <testcase name="tc010_collective_orderPlacement" classname="org.collective.testmethods.CollectiveSanityTestCustomer" time="20.062">
    <failure message="no such element: Unable to locate element: {&quot;method&quot;:&quot;css selector&quot;,&quot;selector&quot;:&quot;a[href=&apos;/login&apos;]&quot;}&#10;  (Session info: chrome=47.0.2526.106)&#10;  (Driver info: chromedriver=2.20.353145 (343b531d31eeb933ec778dbcf7081628a1396067),platform=Windows NT 6.3 x86_64) (WARNING: The server did not provide any stacktrace information)&#10;Command duration or timeout: 20.05 seconds&#10;For documentation on this error, please visit: http://seleniumhq.org/exceptions/no_such_element.html&#10;Build info: version: &apos;2.44.0&apos;, revision: &apos;76d78cf323ce037c5f92db6c1bba601c2ac43ad8&apos;, time: &apos;2014-10-23 13:11:40&apos;&#10;System info: host: &apos;codebrahma&apos;, ip: &apos;192.168.56.1&apos;, os.name: &apos;Windows 8.1&apos;, os.arch: &apos;amd64&apos;, os.version: &apos;6.3&apos;, java.version: &apos;1.8.0_60&apos;&#10;Driver info: org.openqa.selenium.chrome.ChromeDriver&#10;Capabilities [{applicationCacheEnabled=false, rotatable=false, mobileEmulationEnabled=false, chrome={userDataDir=C:\Users\codeb\AppData\Local\Temp\scoped_dir10056_5760}, takesHeapSnapshot=true, databaseEnabled=false, handlesAlerts=true, hasTouchScreen=false, version=47.0.2526.106, platform=WIN8_1, browserConnectionEnabled=false, nativeEvents=true, acceptSslCerts=true, locationContextEnabled=true, webStorageEnabled=true, browserName=chrome, takesScreenshot=true, javascriptEnabled=true, cssSelectorsEnabled=true}]&#10;Session ID: e0127119570959af425e9c0e777e8d18" type="org.openqa.selenium.NoSuchElementException">org.openqa.selenium.NoSuchElementException: no such element: Unable to locate element: {"method":"css selector","selector":"a[href='/login']"}
  (Session info: chrome=47.0.2526.106)
  (Driver info: chromedriver=2.20.353145 (343b531d31eeb933ec778dbcf7081628a1396067),platform=Windows NT 6.3 x86_64) (WARNING: The server did not provide any stacktrace information)
Command duration or timeout: 20.05 seconds
For documentation on this error, please visit: http://seleniumhq.org/exceptions/no_such_element.html
Build info: version: '2.44.0', revision: '76d78cf323ce037c5f92db6c1bba601c2ac43ad8', time: '2014-10-23 13:11:40'
System info: host: 'codebrahma', ip: '192.168.56.1', os.name: 'Windows 8.1', os.arch: 'amd64', os.version: '6.3', java.version: '1.8.0_60'
Driver info: org.openqa.selenium.chrome.ChromeDriver
Capabilities [{applicationCacheEnabled=false, rotatable=false, mobileEmulationEnabled=false, chrome={userDataDir=C:\Users\codeb\AppData\Local\Temp\scoped_dir10056_5760}, takesHeapSnapshot=true, databaseEnabled=false, handlesAlerts=true, hasTouchScreen=false, version=47.0.2526.106, platform=WIN8_1, browserConnectionEnabled=false, nativeEvents=true, acceptSslCerts=true, locationContextEnabled=true, webStorageEnabled=true, browserName=chrome, takesScreenshot=true, javascriptEnabled=true, cssSelectorsEnabled=true}]
Session ID: e0127119570959af425e9c0e777e8d18
	at sun.reflect.GeneratedConstructorAccessor12.newInstance(Unknown Source)
	at sun.reflect.DelegatingConstructorAccessorImpl.newInstance(DelegatingConstructorAccessorImpl.java:45)
	at java.lang.reflect.Constructor.newInstance(Constructor.java:422)
	at org.openqa.selenium.remote.ErrorHandler.createThrowable(ErrorHandler.java:204)
	at org.openqa.selenium.remote.ErrorHandler.throwIfResponseFailed(ErrorHandler.java:156)
	at org.openqa.selenium.remote.RemoteWebDriver.execute(RemoteWebDriver.java:599)
	at org.openqa.selenium.remote.RemoteWebDriver.findElement(RemoteWebDriver.java:352)
	at org.openqa.selenium.remote.RemoteWebDriver.findElementByCssSelector(RemoteWebDriver.java:441)
	at org.openqa.selenium.By$ByCssSelector.findElement(By.java:425)
	at org.openqa.selenium.remote.RemoteWebDriver.findElement(RemoteWebDriver.java:344)
	at org.collective.customer.pageobjects.CollectiveHomePageObjects.clickLoginLink(CollectiveHomePageObjects.java:89)
	at org.collective.testmethods.CollectiveSanityTestCustomer.tc010_collective_orderPlacement(CollectiveSanityTestCustomer.java:174)
</failure>
  </testcase>
  <testcase name="tc011_collective_womenTab" classname="org.collective.testmethods.CollectiveSanityTestCustomer" time="5.239"/>
  <testcase name="tc012_collective_adminLogin" classname="org.collective.testmethods.CollectiveSanityTestAdmin" time="43.55"/>
  <testcase name="checkForAdminLogout" classname="org.collective.testmethods.CollectiveSanityTestAdmin" time="64.609">
    <failure message="expected [Signed out successfully.] but found []" type="java.lang.AssertionError">java.lang.AssertionError: expected [Signed out successfully.] but found []
	at org.testng.Assert.fail(Assert.java:94)
	at org.testng.Assert.failNotEquals(Assert.java:496)
	at org.testng.Assert.assertEquals(Assert.java:125)
	at org.testng.Assert.assertEquals(Assert.java:178)
	at org.testng.Assert.assertEquals(Assert.java:188)
	at org.collective.customer.pageobjects.CollectiveHomePageObjects.verifyLogout(CollectiveHomePageObjects.java:108)
	at org.collective.maincontroller.MainController.checkForAdminLogout(MainController.java:140)
	at sun.reflect.NativeMethodAccessorImpl.invoke0(Native Method)
	at sun.reflect.NativeMethodAccessorImpl.invoke(NativeMethodAccessorImpl.java:62)
	at sun.reflect.DelegatingMethodAccessorImpl.invoke(DelegatingMethodAccessorImpl.java:43)
	at java.lang.reflect.Method.invoke(Method.java:497)
	at org.testng.internal.MethodInvocationHelper.invokeMethod(MethodInvocationHelper.java:85)
	at org.testng.internal.Invoker.invokeConfigurationMethod(Invoker.java:510)
	at org.testng.internal.Invoker.invokeConfigurations(Invoker.java:211)
	at org.testng.internal.Invoker.invokeMethod(Invoker.java:708)
	at org.testng.internal.Invoker.invokeTestMethod(Invoker.java:821)
	at org.testng.internal.Invoker.invokeTestMethods(Invoker.java:1131)
	at org.testng.internal.TestMethodWorker.invokeTestMethods(TestMethodWorker.java:124)
	at org.testng.internal.TestMethodWorker.run(TestMethodWorker.java:108)
	at org.testng.TestRunner.privateRun(TestRunner.java:773)
	at org.testng.TestRunner.run(TestRunner.java:623)
	at org.testng.SuiteRunner.runTest(SuiteRunner.java:357)
	at org.testng.SuiteRunner.runSequentially(SuiteRunner.java:352)
	at org.testng.SuiteRunner.privateRun(SuiteRunner.java:310)
	at org.testng.SuiteRunner.run(SuiteRunner.java:259)
	at org.testng.SuiteRunnerWorker.runSuite(SuiteRunnerWorker.java:52)
	at org.testng.SuiteRunnerWorker.run(SuiteRunnerWorker.java:86)
	at org.testng.TestNG.runSuitesSequentially(TestNG.java:1185)
	at org.testng.TestNG.runSuitesLocally(TestNG.java:1110)
	at org.testng.TestNG.run(TestNG.java:1018)
	at org.apache.maven.surefire.testng.TestNGExecutor.run(TestNGExecutor.java:295)
	at org.apache.maven.surefire.testng.TestNGXmlTestSuite.execute(TestNGXmlTestSuite.java:84)
	at org.apache.maven.surefire.testng.TestNGProvider.invoke(TestNGProvider.java:90)
	at org.apache.maven.surefire.booter.ForkedBooter.invokeProviderInSameClassLoader(ForkedBooter.java:203)
	at org.apache.maven.surefire.booter.ForkedBooter.runSuitesInProcess(ForkedBooter.java:155)
	at org.apache.maven.surefire.booter.ForkedBooter.main(ForkedBooter.java:103)
</failure>
  </testcase>
  <testcase name="checkForAdminLogout" classname="org.collective.testmethods.CollectiveSanityTestAdmin" time="0">
    <skipped/>
  </testcase>
  <testcase name="checkForAdminLogout" classname="org.collective.testmethods.CollectiveSanityTestAdmin" time="0">
    <skipped/>
  </testcase>
  <testcase name="checkForAdminLogout" classname="org.collective.testmethods.CollectiveSanityTestAdmin" time="0">
    <skipped/>
  </testcase>
  <testcase name="checkForAdminLogout" classname="org.collective.testmethods.CollectiveSanityTestAdmin" time="0">
    <skipped/>
  </testcase>
  <testcase name="checkForAdminLogout" classname="org.collective.testmethods.CollectiveSanityTestAdmin" time="0">
    <skipped/>
  </testcase>
  <testcase name="checkForAdminLogout" classname="org.collective.testmethods.CollectiveSanityTestAdmin" time="0">
    <skipped/>
  </testcase>
  <testcase name="checkForAdminLogout" classname="org.collective.testmethods.CollectiveSanityTestAdmin" time="0">
    <skipped/>
  </testcase>
  <testcase name="checkForAdminLogout" classname="org.collective.testmethods.CollectiveSanityTestAdmin" time="0">
    <skipped/>
  </testcase>
  <testcase name="checkForAdminLogout" classname="org.collective.testmethods.CollectiveSanityTestAdmin" time="0">
    <skipped/>
  </testcase>
  <testcase name="checkForAdminLogout" classname="org.collective.testmethods.CollectiveSanityTestAdmin" time="0">
    <skipped/>
  </testcase>
  <testcase name="checkForAdminLogout" classname="org.collective.testmethods.CollectiveSanityTestAdmin" time="0">
    <skipped/>
  </testcase>
  <testcase name="takeScreenshot" classname="org.collective.testmethods.CollectiveSanityTestAdmin" time="0">
    <skipped/>
  </testcase>
  <testcase name="takeScreenshot" classname="org.collective.testmethods.CollectiveSanityTestAdmin" time="0">
    <skipped/>
  </testcase>
  <testcase name="takeScreenshot" classname="org.collective.testmethods.CollectiveSanityTestAdmin" time="0">
    <skipped/>
  </testcase>
  <testcase name="takeScreenshot" classname="org.collective.testmethods.CollectiveSanityTestAdmin" time="0">
    <skipped/>
  </testcase>
  <testcase name="takeScreenshot" classname="org.collective.testmethods.CollectiveSanityTestAdmin" time="0">
    <skipped/>
  </testcase>
  <testcase name="takeScreenshot" classname="org.collective.testmethods.CollectiveSanityTestAdmin" time="0">
    <skipped/>
  </testcase>
  <testcase name="takeScreenshot" classname="org.collective.testmethods.CollectiveSanityTestAdmin" time="0">
    <skipped/>
  </testcase>
  <testcase name="takeScreenshot" classname="org.collective.testmethods.CollectiveSanityTestAdmin" time="0">
    <skipped/>
  </testcase>
  <testcase name="takeScreenshot" classname="org.collective.testmethods.CollectiveSanityTestAdmin" time="0">
    <skipped/>
  </testcase>
  <testcase name="takeScreenshot" classname="org.collective.testmethods.CollectiveSanityTestAdmin" time="0">
    <skipped/>
  </testcase>
  <testcase name="takeScreenshot" classname="org.collective.testmethods.CollectiveSanityTestAdmin" time="0">
    <skipped/>
  </testcase>
  <testcase name="takeScreenshot" classname="org.collective.testmethods.CollectiveSanityTestAdmin" time="0">
    <skipped/>
  </testcase>
  <testcase name="checkForLogin" classname="org.collective.testmethods.CollectiveSanityTestAdmin" time="0">
    <skipped/>
  </testcase>
  <testcase name="checkForLogin" classname="org.collective.testmethods.CollectiveSanityTestAdmin" time="0">
    <skipped/>
  </testcase>
  <testcase name="checkForLogin" classname="org.collective.testmethods.CollectiveSanityTestAdmin" time="0">
    <skipped/>
  </testcase>
  <testcase name="checkForLogin" classname="org.collective.testmethods.CollectiveSanityTestAdmin" time="0">
    <skipped/>
  </testcase>
  <testcase name="checkForLogin" classname="org.collective.testmethods.CollectiveSanityTestAdmin" time="0">
    <skipped/>
  </testcase>
  <testcase name="checkForLogin" classname="org.collective.testmethods.CollectiveSanityTestAdmin" time="0">
    <skipped/>
  </testcase>
  <testcase name="checkForLogin" classname="org.collective.testmethods.CollectiveSanityTestAdmin" time="0">
    <skipped/>
  </testcase>
  <testcase name="checkForLogin" classname="org.collective.testmethods.CollectiveSanityTestAdmin" time="0">
    <skipped/>
  </testcase>
  <testcase name="checkForLogin" classname="org.collective.testmethods.CollectiveSanityTestAdmin" time="0">
    <skipped/>
  </testcase>
  <testcase name="checkForLogin" classname="org.collective.testmethods.CollectiveSanityTestAdmin" time="0">
    <skipped/>
  </testcase>
  <testcase name="checkForLogin" classname="org.collective.testmethods.CollectiveSanityTestAdmin" time="0">
    <skipped/>
  </testcase>
  <testcase name="setUp" classname="org.collective.testmethods.CollectiveSanityTestAdmin" time="0">
    <skipped/>
  </testcase>
  <testcase name="setUp" classname="org.collective.testmethods.CollectiveSanityTestAdmin" time="0">
    <skipped/>
  </testcase>
  <testcase name="setUp" classname="org.collective.testmethods.CollectiveSanityTestAdmin" time="0">
    <skipped/>
  </testcase>
  <testcase name="setUp" classname="org.collective.testmethods.CollectiveSanityTestAdmin" time="0">
    <skipped/>
  </testcase>
  <testcase name="setUp" classname="org.collective.testmethods.CollectiveSanityTestAdmin" time="0">
    <skipped/>
  </testcase>
  <testcase name="setUp" classname="org.collective.testmethods.CollectiveSanityTestAdmin" time="0">
    <skipped/>
  </testcase>
  <testcase name="setUp" classname="org.collective.testmethods.CollectiveSanityTestAdmin" time="0">
    <skipped/>
  </testcase>
  <testcase name="setUp" classname="org.collective.testmethods.CollectiveSanityTestAdmin" time="0">
    <skipped/>
  </testcase>
  <testcase name="setUp" classname="org.collective.testmethods.CollectiveSanityTestAdmin" time="0">
    <skipped/>
  </testcase>
  <testcase name="setUp" classname="org.collective.testmethods.CollectiveSanityTestAdmin" time="0">
    <skipped/>
  </testcase>
  <testcase name="setUp" classname="org.collective.testmethods.CollectiveSanityTestAdmin" time="0">
    <skipped/>
  </testcase>
  <testcase name="tc013_collective_admin_reports_OrderTotalsSheet" classname="org.collective.testmethods.CollectiveSanityTestAdmin" time="0">
    <skipped/>
  </testcase>
  <testcase name="tc014_evaluateAdminTabs_Returns" classname="org.collective.testmethods.CollectiveSanityTestAdmin" time="0">
    <skipped/>
  </testcase>
  <testcase name="tc015_evaluateAdminTabs_Carousel" classname="org.collective.testmethods.CollectiveSanityTestAdmin" time="0">
    <skipped/>
  </testcase>
  <testcase name="tc016_evaluateAdminTabs_Orders" classname="org.collective.testmethods.CollectiveSanityTestAdmin" time="0">
    <skipped/>
  </testcase>
  <testcase name="tc017_evaluateAdminTabs_Products" classname="org.collective.testmethods.CollectiveSanityTestAdmin" time="0">
    <skipped/>
  </testcase>
  <testcase name="tc018_evaluateAdminTabs_Settings" classname="org.collective.testmethods.CollectiveSanityTestAdmin" time="0">
    <skipped/>
  </testcase>
  <testcase name="tc019_evaluateAdminTabs_Promotions" classname="org.collective.testmethods.CollectiveSanityTestAdmin" time="0">
    <skipped/>
  </testcase>
  <testcase name="tc020_evaluateAdminTabs_Users" classname="org.collective.testmethods.CollectiveSanityTestAdmin" time="0">
    <skipped/>
  </testcase>
  <testcase name="tc021_evaluateAdminTabs_Blog" classname="org.collective.testmethods.CollectiveSanityTestAdmin" time="0">
    <skipped/>
  </testcase>
  <testcase name="tc022_evaluateAdminTabs_Store" classname="org.collective.testmethods.CollectiveSanityTestAdmin" time="0">
    <skipped/>
  </testcase>
  <testcase name="tc023_evaluateAdminTabs_FeatureCollection" classname="org.collective.testmethods.CollectiveSanityTestAdmin" time="0">
    <skipped/>
  </testcase>
  <testcase name="tearDownClass" classname="org.collective.testmethods.CollectiveSanityTestCustomer" time="0">
    <skipped/>
  </testcase>
</testsuite>