<?xml version="1.0" encoding="UTF-8"?>
<testng-results skipped="0" failed="0" total="1" passed="1">
  <reporter-output>
  </reporter-output>
  <suite name="CollectiveSuite" duration-ms="12194" started-at="2016-02-26T06:56:47Z" finished-at="2016-02-26T06:56:59Z">
    <groups>
    </groups>
    <test name="SmokeTesting" duration-ms="12194" started-at="2016-02-26T06:56:47Z" finished-at="2016-02-26T06:56:59Z">
      <class name="org.collective.testmethods.CollectiveSmokeTestCustomer">
        <test-method status="PASS" signature="beforeSuite()[pri:0, instance:org.collective.testmethods.CollectiveSmokeTestCustomer@396f6598]" name="beforeSuite" is-config="true" duration-ms="40" started-at="2016-02-26T12:26:47Z" finished-at="2016-02-26T12:26:47Z">
          <reporter-output>
          </reporter-output>
        </test-method> <!-- beforeSuite -->
        <test-method status="PASS" signature="beforeTest()[pri:0, instance:org.collective.testmethods.CollectiveSmokeTestCustomer@396f6598]" name="beforeTest" is-config="true" duration-ms="2435" started-at="2016-02-26T12:26:47Z" finished-at="2016-02-26T12:26:49Z">
          <reporter-output>
          </reporter-output>
        </test-method> <!-- beforeTest -->
        <test-method status="PASS" signature="checkForLogin()[pri:0, instance:org.collective.testmethods.CollectiveSmokeTestCustomer@396f6598]" name="checkForLogin" is-config="true" duration-ms="57" started-at="2016-02-26T12:26:49Z" finished-at="2016-02-26T12:26:49Z">
          <reporter-output>
          </reporter-output>
        </test-method> <!-- checkForLogin -->
        <test-method status="PASS" signature="setUp()[pri:0, instance:org.collective.testmethods.CollectiveSmokeTestCustomer@396f6598]" name="setUp" is-config="true" duration-ms="5872" started-at="2016-02-26T12:26:49Z" finished-at="2016-02-26T12:26:55Z">
          <reporter-output>
          </reporter-output>
        </test-method> <!-- setUp -->
        <test-method status="PASS" signature="startRecording(java.lang.reflect.Method)[pri:0, instance:org.collective.testmethods.CollectiveSmokeTestCustomer@396f6598]" name="startRecording" is-config="true" duration-ms="705" started-at="2016-02-26T12:26:55Z" finished-at="2016-02-26T12:26:56Z">
          <params>
            <param index="0">
              <value>
                <![CDATA[public void org.collective.testmethods.CollectiveSmokeTestCustomer.tc001_collective_login(java.lang.String,java.lang.String) throws java.lang.Exception]]>
              </value>
            </param>
          </params>
          <reporter-output>
          </reporter-output>
        </test-method> <!-- startRecording -->
        <test-method status="PASS" signature="tc001_collective_login(java.lang.String, java.lang.String)[pri:0, instance:org.collective.testmethods.CollectiveSmokeTestCustomer@396f6598]" name="tc001_collective_login" duration-ms="2900" started-at="2016-02-26T12:26:56Z" data-provider="loginScenarios" finished-at="2016-02-26T12:26:59Z">
          <params>
            <param index="0">
              <value>
                <![CDATA[9900623434]]>
              </value>
            </param>
            <param index="1">
              <value>
                <![CDATA[hemanth123]]>
              </value>
            </param>
          </params>
          <reporter-output>
          </reporter-output>
        </test-method> <!-- tc001_collective_login -->
        <test-method status="PASS" signature="callStopRecording()[pri:0, instance:org.collective.testmethods.CollectiveSmokeTestCustomer@396f6598]" name="callStopRecording" is-config="true" duration-ms="68" started-at="2016-02-26T12:26:59Z" finished-at="2016-02-26T12:26:59Z">
          <reporter-output>
          </reporter-output>
        </test-method> <!-- callStopRecording -->
        <test-method status="PASS" signature="takeScreenshot(org.testng.ITestResult)[pri:0, instance:org.collective.testmethods.CollectiveSmokeTestCustomer@396f6598]" name="takeScreenshot" is-config="true" duration-ms="0" started-at="2016-02-26T12:26:59Z" finished-at="2016-02-26T12:26:59Z">
          <params>
            <param index="0">
              <value>
                <![CDATA[[TestResult name=tc001_collective_login status=SUCCESS method=CollectiveSmokeTestCustomer.tc001_collective_login(java.lang.String, java.lang.String)[pri:0, instance:org.collective.testmethods.CollectiveSmokeTestCustomer@396f6598] output={null}]]]>
              </value>
            </param>
          </params>
          <reporter-output>
          </reporter-output>
        </test-method> <!-- takeScreenshot -->
        <test-method status="PASS" signature="tearDownClass()[pri:0, instance:org.collective.testmethods.CollectiveSmokeTestCustomer@396f6598]" name="tearDownClass" is-config="true" duration-ms="2453" started-at="2016-02-26T12:26:59Z" finished-at="2016-02-26T12:27:02Z">
          <reporter-output>
          </reporter-output>
        </test-method> <!-- tearDownClass -->
      </class> <!-- org.collective.testmethods.CollectiveSmokeTestCustomer -->
    </test> <!-- SmokeTesting -->
  </suite> <!-- CollectiveSuite -->
</testng-results>
