<?xml version="1.0" encoding="UTF-8"?>
<testng-results skipped="10" failed="2" total="28" passed="16">
  <reporter-output>
  </reporter-output>
  <suite name="HGHSuite" duration-ms="176062" started-at="2016-03-21T12:59:29Z" finished-at="2016-03-21T13:02:25Z">
    <groups>
      <group name="regression">
        <method signature="HGHTestCustomer.tc001_HGH_Registration_ErrorScenarios(java.lang.String, java.lang.String, java.lang.String, java.lang.String, java.lang.String, java.lang.String, java.lang.String, java.lang.String, java.lang.String, java.lang.String, java.lang.String, java.lang.String, java.lang.String, java.lang.String)[pri:0, instance:org.hgh.testmethods.HGHTestCustomer@1ed4004b]" name="tc001_HGH_Registration_ErrorScenarios" class="org.hgh.testmethods.HGHTestCustomer"/>
        <method signature="HGHTestCustomer.tc002_HGH_login()[pri:0, instance:org.hgh.testmethods.HGHTestCustomer@1ed4004b]" name="tc002_HGH_login" class="org.hgh.testmethods.HGHTestCustomer"/>
        <method signature="HGHTestCustomer.tc003_HGH_LoginErrorScenarios(java.lang.String, java.lang.String, java.lang.String)[pri:0, instance:org.hgh.testmethods.HGHTestCustomer@1ed4004b]" name="tc003_HGH_LoginErrorScenarios" class="org.hgh.testmethods.HGHTestCustomer"/>
        <method signature="HGHTestCustomer.tc004_HGH_generalSearch()[pri:0, instance:org.hgh.testmethods.HGHTestCustomer@1ed4004b]" name="tc004_HGH_generalSearch" class="org.hgh.testmethods.HGHTestCustomer"/>
        <method signature="HGHTestCustomer.tc005_HGH_ListViewGridView()[pri:0, instance:org.hgh.testmethods.HGHTestCustomer@1ed4004b]" name="tc005_HGH_ListViewGridView" class="org.hgh.testmethods.HGHTestCustomer"/>
        <method signature="HGHTestCustomer.tc006_HGH_ProductListPage()[pri:0, instance:org.hgh.testmethods.HGHTestCustomer@1ed4004b]" name="tc006_HGH_ProductListPage" class="org.hgh.testmethods.HGHTestCustomer"/>
        <method signature="HGHTestCustomer.tc007_HGH_MyProductGroupCreateAndDelete()[pri:0, instance:org.hgh.testmethods.HGHTestCustomer@1ed4004b]" name="tc007_HGH_MyProductGroupCreateAndDelete" class="org.hgh.testmethods.HGHTestCustomer"/>
        <method signature="HGHTestCustomer.tc008_verifyHeaderAndFooter()[pri:0, instance:org.hgh.testmethods.HGHTestCustomer@1ed4004b]" name="tc008_verifyHeaderAndFooter" class="org.hgh.testmethods.HGHTestCustomer"/>
        <method signature="HGHTestCustomer.tc009_compareFunctionality()[pri:0, instance:org.hgh.testmethods.HGHTestCustomer@1ed4004b]" name="tc009_compareFunctionality" class="org.hgh.testmethods.HGHTestCustomer"/>
        <method signature="HGHTestCustomer.tc010_HGH_saveCart()[pri:0, instance:org.hgh.testmethods.HGHTestCustomer@1ed4004b]" name="tc010_HGH_saveCart" class="org.hgh.testmethods.HGHTestCustomer"/>
        <method signature="HGHTestCustomer.tc011_HGH_AccountsDashboard()[pri:0, instance:org.hgh.testmethods.HGHTestCustomer@1ed4004b]" name="tc011_HGH_AccountsDashboard" class="org.hgh.testmethods.HGHTestCustomer"/>
        <method signature="HGHTestCustomer.tc012_HGH_shoppingCartPage()[pri:0, instance:org.hgh.testmethods.HGHTestCustomer@1ed4004b]" name="tc012_HGH_shoppingCartPage" class="org.hgh.testmethods.HGHTestCustomer"/>
        <method signature="HGHTestCustomer.tc013_HGH_cartFileUpload()[pri:0, instance:org.hgh.testmethods.HGHTestCustomer@1ed4004b]" name="tc013_HGH_cartFileUpload" class="org.hgh.testmethods.HGHTestCustomer"/>
        <method signature="HGHTestCustomer.tc014_HGH_quickOrderPad()[pri:0, instance:org.hgh.testmethods.HGHTestCustomer@1ed4004b]" name="tc014_HGH_quickOrderPad" class="org.hgh.testmethods.HGHTestCustomer"/>
        <method signature="HGHTestCustomer.tc015_HGH_requestForQuote()[pri:0, instance:org.hgh.testmethods.HGHTestCustomer@1ed4004b]" name="tc015_HGH_requestForQuote" class="org.hgh.testmethods.HGHTestCustomer"/>
      </group> <!-- regression -->
      <group name="smoke">
        <method signature="HGHTestCustomer.tc002_HGH_login()[pri:0, instance:org.hgh.testmethods.HGHTestCustomer@1ed4004b]" name="tc002_HGH_login" class="org.hgh.testmethods.HGHTestCustomer"/>
        <method signature="HGHTestCustomer.tc004_HGH_generalSearch()[pri:0, instance:org.hgh.testmethods.HGHTestCustomer@1ed4004b]" name="tc004_HGH_generalSearch" class="org.hgh.testmethods.HGHTestCustomer"/>
        <method signature="HGHTestCustomer.tc005_HGH_ListViewGridView()[pri:0, instance:org.hgh.testmethods.HGHTestCustomer@1ed4004b]" name="tc005_HGH_ListViewGridView" class="org.hgh.testmethods.HGHTestCustomer"/>
        <method signature="HGHTestCustomer.tc006_HGH_ProductListPage()[pri:0, instance:org.hgh.testmethods.HGHTestCustomer@1ed4004b]" name="tc006_HGH_ProductListPage" class="org.hgh.testmethods.HGHTestCustomer"/>
        <method signature="HGHTestCustomer.tc007_HGH_MyProductGroupCreateAndDelete()[pri:0, instance:org.hgh.testmethods.HGHTestCustomer@1ed4004b]" name="tc007_HGH_MyProductGroupCreateAndDelete" class="org.hgh.testmethods.HGHTestCustomer"/>
        <method signature="HGHTestCustomer.tc008_verifyHeaderAndFooter()[pri:0, instance:org.hgh.testmethods.HGHTestCustomer@1ed4004b]" name="tc008_verifyHeaderAndFooter" class="org.hgh.testmethods.HGHTestCustomer"/>
        <method signature="HGHTestCustomer.tc009_compareFunctionality()[pri:0, instance:org.hgh.testmethods.HGHTestCustomer@1ed4004b]" name="tc009_compareFunctionality" class="org.hgh.testmethods.HGHTestCustomer"/>
        <method signature="HGHTestCustomer.tc010_HGH_saveCart()[pri:0, instance:org.hgh.testmethods.HGHTestCustomer@1ed4004b]" name="tc010_HGH_saveCart" class="org.hgh.testmethods.HGHTestCustomer"/>
        <method signature="HGHTestCustomer.tc011_HGH_AccountsDashboard()[pri:0, instance:org.hgh.testmethods.HGHTestCustomer@1ed4004b]" name="tc011_HGH_AccountsDashboard" class="org.hgh.testmethods.HGHTestCustomer"/>
        <method signature="HGHTestCustomer.tc012_HGH_shoppingCartPage()[pri:0, instance:org.hgh.testmethods.HGHTestCustomer@1ed4004b]" name="tc012_HGH_shoppingCartPage" class="org.hgh.testmethods.HGHTestCustomer"/>
        <method signature="HGHTestCustomer.tc013_HGH_cartFileUpload()[pri:0, instance:org.hgh.testmethods.HGHTestCustomer@1ed4004b]" name="tc013_HGH_cartFileUpload" class="org.hgh.testmethods.HGHTestCustomer"/>
        <method signature="HGHTestCustomer.tc014_HGH_quickOrderPad()[pri:0, instance:org.hgh.testmethods.HGHTestCustomer@1ed4004b]" name="tc014_HGH_quickOrderPad" class="org.hgh.testmethods.HGHTestCustomer"/>
        <method signature="HGHTestCustomer.tc015_HGH_requestForQuote()[pri:0, instance:org.hgh.testmethods.HGHTestCustomer@1ed4004b]" name="tc015_HGH_requestForQuote" class="org.hgh.testmethods.HGHTestCustomer"/>
      </group> <!-- smoke -->
    </groups>
    <test name="HGHWebApplicationTesting" duration-ms="176062" started-at="2016-03-21T12:59:29Z" finished-at="2016-03-21T13:02:25Z">
      <class name="org.hgh.testmethods.HGHTestCustomer">
        <test-method status="PASS" signature="beforeSuite()[pri:0, instance:org.hgh.testmethods.HGHTestCustomer@1ed4004b]" name="beforeSuite" is-config="true" duration-ms="47" started-at="2016-03-21T18:29:29Z" finished-at="2016-03-21T18:29:29Z">
          <reporter-output>
          </reporter-output>
        </test-method> <!-- beforeSuite -->
        <test-method status="PASS" signature="beforeTest()[pri:0, instance:org.hgh.testmethods.HGHTestCustomer@1ed4004b]" name="beforeTest" is-config="true" duration-ms="4376" started-at="2016-03-21T18:29:29Z" finished-at="2016-03-21T18:29:34Z">
          <reporter-output>
          </reporter-output>
        </test-method> <!-- beforeTest -->
        <test-method status="PASS" signature="setUp()[pri:0, instance:org.hgh.testmethods.HGHTestCustomer@1ed4004b]" name="setUp" is-config="true" duration-ms="8429" started-at="2016-03-21T18:29:35Z" finished-at="2016-03-21T18:29:43Z">
          <reporter-output>
          </reporter-output>
        </test-method> <!-- setUp -->
        <test-method status="PASS" signature="startRecording(java.lang.reflect.Method)[pri:0, instance:org.hgh.testmethods.HGHTestCustomer@1ed4004b]" name="startRecording" is-config="true" duration-ms="4" started-at="2016-03-21T18:29:43Z" finished-at="2016-03-21T18:29:43Z">
          <params>
            <param index="0">
              <value>
                <![CDATA[public void org.hgh.testmethods.HGHTestCustomer.tc001_HGH_Registration_ErrorScenarios(java.lang.String,java.lang.String,java.lang.String,java.lang.String,java.lang.String,java.lang.String,java.lang.String,java.lang.String,java.lang.String,java.lang.String,java.lang.String,java.lang.String,java.lang.String,java.lang.String) throws java.lang.Exception]]>
              </value>
            </param>
          </params>
          <reporter-output>
          </reporter-output>
        </test-method> <!-- startRecording -->
        <test-method status="PASS" signature="tc001_HGH_Registration_ErrorScenarios(java.lang.String, java.lang.String, java.lang.String, java.lang.String, java.lang.String, java.lang.String, java.lang.String, java.lang.String, java.lang.String, java.lang.String, java.lang.String, java.lang.String, java.lang.String, java.lang.String)[pri:0, instance:org.hgh.testmethods.HGHTestCustomer@1ed4004b]" name="tc001_HGH_Registration_ErrorScenarios" duration-ms="5892" started-at="2016-03-21T18:29:43Z" data-provider="excelSheetDataRead" finished-at="2016-03-21T18:29:49Z">
          <params>
            <param index="0">
              <value>
                <![CDATA[]]>
              </value>
            </param>
            <param index="1">
              <value>
                <![CDATA[]]>
              </value>
            </param>
            <param index="2">
              <value>
                <![CDATA[Hemanth]]>
              </value>
            </param>
            <param index="3">
              <value>
                <![CDATA[Sridhar]]>
              </value>
            </param>
            <param index="4">
              <value>
                <![CDATA[hemanth.BS@unilogcorp.com]]>
              </value>
            </param>
            <param index="5">
              <value>
                <![CDATA[unilog123]]>
              </value>
            </param>
            <param index="6">
              <value>
                <![CDATA[unilog123]]>
              </value>
            </param>
            <param index="7">
              <value>
                <![CDATA[address1]]>
              </value>
            </param>
            <param index="8">
              <value>
                <![CDATA[address2]]>
              </value>
            </param>
            <param index="9">
              <value>
                <![CDATA[Adelanto]]>
              </value>
            </param>
            <param index="10">
              <value>
                <![CDATA[United States]]>
              </value>
            </param>
            <param index="11">
              <value>
                <![CDATA[California]]>
              </value>
            </param>
            <param index="12">
              <value>
                <![CDATA[92301.0]]>
              </value>
            </param>
            <param index="13">
              <value>
                <![CDATA[Please enter Company Name.]]>
              </value>
            </param>
          </params>
          <reporter-output>
          </reporter-output>
        </test-method> <!-- tc001_HGH_Registration_ErrorScenarios -->
        <test-method status="PASS" signature="callStopRecording()[pri:0, instance:org.hgh.testmethods.HGHTestCustomer@1ed4004b]" name="callStopRecording" is-config="true" duration-ms="1" started-at="2016-03-21T18:29:49Z" finished-at="2016-03-21T18:29:49Z">
          <reporter-output>
          </reporter-output>
        </test-method> <!-- callStopRecording -->
        <test-method status="PASS" signature="checkForLogout()[pri:0, instance:org.hgh.testmethods.HGHTestCustomer@1ed4004b]" name="checkForLogout" is-config="true" duration-ms="26" started-at="2016-03-21T18:29:49Z" finished-at="2016-03-21T18:29:49Z">
          <reporter-output>
          </reporter-output>
        </test-method> <!-- checkForLogout -->
        <test-method status="PASS" signature="takeScreenshot(org.testng.ITestResult)[pri:0, instance:org.hgh.testmethods.HGHTestCustomer@1ed4004b]" name="takeScreenshot" is-config="true" duration-ms="0" started-at="2016-03-21T18:29:49Z" finished-at="2016-03-21T18:29:49Z">
          <params>
            <param index="0">
              <value>
                <![CDATA[[TestResult name=tc001_HGH_Registration_ErrorScenarios status=SUCCESS method=HGHTestCustomer.tc001_HGH_Registration_ErrorScenarios(java.lang.String, java.lang.String, java.lang.String, java.lang.String, java.lang.String, java.lang.String, java.lang.String, java.lang.String, java.lang.String, java.lang.String, java.lang.String, java.lang.String, java.lang.String, java.lang.String)[pri:0, instance:org.hgh.testmethods.HGHTestCustomer@1ed4004b] output={null}]]]>
              </value>
            </param>
          </params>
          <reporter-output>
          </reporter-output>
        </test-method> <!-- takeScreenshot -->
        <test-method status="PASS" signature="setUp()[pri:0, instance:org.hgh.testmethods.HGHTestCustomer@1ed4004b]" name="setUp" is-config="true" duration-ms="1432" started-at="2016-03-21T18:29:49Z" finished-at="2016-03-21T18:29:51Z">
          <reporter-output>
          </reporter-output>
        </test-method> <!-- setUp -->
        <test-method status="PASS" signature="startRecording(java.lang.reflect.Method)[pri:0, instance:org.hgh.testmethods.HGHTestCustomer@1ed4004b]" name="startRecording" is-config="true" duration-ms="1" started-at="2016-03-21T18:29:51Z" finished-at="2016-03-21T18:29:51Z">
          <params>
            <param index="0">
              <value>
                <![CDATA[public void org.hgh.testmethods.HGHTestCustomer.tc001_HGH_Registration_ErrorScenarios(java.lang.String,java.lang.String,java.lang.String,java.lang.String,java.lang.String,java.lang.String,java.lang.String,java.lang.String,java.lang.String,java.lang.String,java.lang.String,java.lang.String,java.lang.String,java.lang.String) throws java.lang.Exception]]>
              </value>
            </param>
          </params>
          <reporter-output>
          </reporter-output>
        </test-method> <!-- startRecording -->
        <test-method status="PASS" signature="tc001_HGH_Registration_ErrorScenarios(java.lang.String, java.lang.String, java.lang.String, java.lang.String, java.lang.String, java.lang.String, java.lang.String, java.lang.String, java.lang.String, java.lang.String, java.lang.String, java.lang.String, java.lang.String, java.lang.String)[pri:0, instance:org.hgh.testmethods.HGHTestCustomer@1ed4004b]" name="tc001_HGH_Registration_ErrorScenarios" duration-ms="4409" started-at="2016-03-21T18:29:51Z" data-provider="excelSheetDataRead" finished-at="2016-03-21T18:29:55Z">
          <params>
            <param index="0">
              <value>
                <![CDATA[Unilog]]>
              </value>
            </param>
            <param index="1">
              <value>
                <![CDATA[]]>
              </value>
            </param>
            <param index="2">
              <value>
                <![CDATA[]]>
              </value>
            </param>
            <param index="3">
              <value>
                <![CDATA[Sridhar]]>
              </value>
            </param>
            <param index="4">
              <value>
                <![CDATA[hemanth.BS@unilogcorp.com]]>
              </value>
            </param>
            <param index="5">
              <value>
                <![CDATA[unilog123]]>
              </value>
            </param>
            <param index="6">
              <value>
                <![CDATA[unilog123]]>
              </value>
            </param>
            <param index="7">
              <value>
                <![CDATA[address1]]>
              </value>
            </param>
            <param index="8">
              <value>
                <![CDATA[address2]]>
              </value>
            </param>
            <param index="9">
              <value>
                <![CDATA[Adelanto]]>
              </value>
            </param>
            <param index="10">
              <value>
                <![CDATA[United States]]>
              </value>
            </param>
            <param index="11">
              <value>
                <![CDATA[California]]>
              </value>
            </param>
            <param index="12">
              <value>
                <![CDATA[92301.0]]>
              </value>
            </param>
            <param index="13">
              <value>
                <![CDATA[Please enter First Name.]]>
              </value>
            </param>
          </params>
          <reporter-output>
          </reporter-output>
        </test-method> <!-- tc001_HGH_Registration_ErrorScenarios -->
        <test-method status="PASS" signature="callStopRecording()[pri:0, instance:org.hgh.testmethods.HGHTestCustomer@1ed4004b]" name="callStopRecording" is-config="true" duration-ms="1" started-at="2016-03-21T18:29:55Z" finished-at="2016-03-21T18:29:55Z">
          <reporter-output>
          </reporter-output>
        </test-method> <!-- callStopRecording -->
        <test-method status="PASS" signature="checkForLogout()[pri:0, instance:org.hgh.testmethods.HGHTestCustomer@1ed4004b]" name="checkForLogout" is-config="true" duration-ms="38" started-at="2016-03-21T18:29:55Z" finished-at="2016-03-21T18:29:55Z">
          <reporter-output>
          </reporter-output>
        </test-method> <!-- checkForLogout -->
        <test-method status="PASS" signature="takeScreenshot(org.testng.ITestResult)[pri:0, instance:org.hgh.testmethods.HGHTestCustomer@1ed4004b]" name="takeScreenshot" is-config="true" duration-ms="0" started-at="2016-03-21T18:29:55Z" finished-at="2016-03-21T18:29:55Z">
          <params>
            <param index="0">
              <value>
                <![CDATA[[TestResult name=tc001_HGH_Registration_ErrorScenarios status=SUCCESS method=HGHTestCustomer.tc001_HGH_Registration_ErrorScenarios(java.lang.String, java.lang.String, java.lang.String, java.lang.String, java.lang.String, java.lang.String, java.lang.String, java.lang.String, java.lang.String, java.lang.String, java.lang.String, java.lang.String, java.lang.String, java.lang.String)[pri:0, instance:org.hgh.testmethods.HGHTestCustomer@1ed4004b] output={null}]]]>
              </value>
            </param>
          </params>
          <reporter-output>
          </reporter-output>
        </test-method> <!-- takeScreenshot -->
        <test-method status="PASS" signature="setUp()[pri:0, instance:org.hgh.testmethods.HGHTestCustomer@1ed4004b]" name="setUp" is-config="true" duration-ms="2205" started-at="2016-03-21T18:29:55Z" finished-at="2016-03-21T18:29:57Z">
          <reporter-output>
          </reporter-output>
        </test-method> <!-- setUp -->
        <test-method status="PASS" signature="startRecording(java.lang.reflect.Method)[pri:0, instance:org.hgh.testmethods.HGHTestCustomer@1ed4004b]" name="startRecording" is-config="true" duration-ms="1" started-at="2016-03-21T18:29:57Z" finished-at="2016-03-21T18:29:57Z">
          <params>
            <param index="0">
              <value>
                <![CDATA[public void org.hgh.testmethods.HGHTestCustomer.tc001_HGH_Registration_ErrorScenarios(java.lang.String,java.lang.String,java.lang.String,java.lang.String,java.lang.String,java.lang.String,java.lang.String,java.lang.String,java.lang.String,java.lang.String,java.lang.String,java.lang.String,java.lang.String,java.lang.String) throws java.lang.Exception]]>
              </value>
            </param>
          </params>
          <reporter-output>
          </reporter-output>
        </test-method> <!-- startRecording -->
        <test-method status="PASS" signature="tc001_HGH_Registration_ErrorScenarios(java.lang.String, java.lang.String, java.lang.String, java.lang.String, java.lang.String, java.lang.String, java.lang.String, java.lang.String, java.lang.String, java.lang.String, java.lang.String, java.lang.String, java.lang.String, java.lang.String)[pri:0, instance:org.hgh.testmethods.HGHTestCustomer@1ed4004b]" name="tc001_HGH_Registration_ErrorScenarios" duration-ms="4942" started-at="2016-03-21T18:29:57Z" data-provider="excelSheetDataRead" finished-at="2016-03-21T18:30:02Z">
          <params>
            <param index="0">
              <value>
                <![CDATA[Unilog]]>
              </value>
            </param>
            <param index="1">
              <value>
                <![CDATA[]]>
              </value>
            </param>
            <param index="2">
              <value>
                <![CDATA[Hemanth]]>
              </value>
            </param>
            <param index="3">
              <value>
                <![CDATA[ ]]>
              </value>
            </param>
            <param index="4">
              <value>
                <![CDATA[hemanth.BS@unilogcorp.com]]>
              </value>
            </param>
            <param index="5">
              <value>
                <![CDATA[unilog123]]>
              </value>
            </param>
            <param index="6">
              <value>
                <![CDATA[unilog123]]>
              </value>
            </param>
            <param index="7">
              <value>
                <![CDATA[address1]]>
              </value>
            </param>
            <param index="8">
              <value>
                <![CDATA[address2]]>
              </value>
            </param>
            <param index="9">
              <value>
                <![CDATA[Adelanto]]>
              </value>
            </param>
            <param index="10">
              <value>
                <![CDATA[United States]]>
              </value>
            </param>
            <param index="11">
              <value>
                <![CDATA[California]]>
              </value>
            </param>
            <param index="12">
              <value>
                <![CDATA[92301.0]]>
              </value>
            </param>
            <param index="13">
              <value>
                <![CDATA[Please enter Last Name.]]>
              </value>
            </param>
          </params>
          <reporter-output>
          </reporter-output>
        </test-method> <!-- tc001_HGH_Registration_ErrorScenarios -->
        <test-method status="PASS" signature="callStopRecording()[pri:0, instance:org.hgh.testmethods.HGHTestCustomer@1ed4004b]" name="callStopRecording" is-config="true" duration-ms="1" started-at="2016-03-21T18:30:02Z" finished-at="2016-03-21T18:30:02Z">
          <reporter-output>
          </reporter-output>
        </test-method> <!-- callStopRecording -->
        <test-method status="PASS" signature="checkForLogout()[pri:0, instance:org.hgh.testmethods.HGHTestCustomer@1ed4004b]" name="checkForLogout" is-config="true" duration-ms="17" started-at="2016-03-21T18:30:02Z" finished-at="2016-03-21T18:30:02Z">
          <reporter-output>
          </reporter-output>
        </test-method> <!-- checkForLogout -->
        <test-method status="PASS" signature="takeScreenshot(org.testng.ITestResult)[pri:0, instance:org.hgh.testmethods.HGHTestCustomer@1ed4004b]" name="takeScreenshot" is-config="true" duration-ms="0" started-at="2016-03-21T18:30:02Z" finished-at="2016-03-21T18:30:02Z">
          <params>
            <param index="0">
              <value>
                <![CDATA[[TestResult name=tc001_HGH_Registration_ErrorScenarios status=SUCCESS method=HGHTestCustomer.tc001_HGH_Registration_ErrorScenarios(java.lang.String, java.lang.String, java.lang.String, java.lang.String, java.lang.String, java.lang.String, java.lang.String, java.lang.String, java.lang.String, java.lang.String, java.lang.String, java.lang.String, java.lang.String, java.lang.String)[pri:0, instance:org.hgh.testmethods.HGHTestCustomer@1ed4004b] output={null}]]]>
              </value>
            </param>
          </params>
          <reporter-output>
          </reporter-output>
        </test-method> <!-- takeScreenshot -->
        <test-method status="PASS" signature="setUp()[pri:0, instance:org.hgh.testmethods.HGHTestCustomer@1ed4004b]" name="setUp" is-config="true" duration-ms="1294" started-at="2016-03-21T18:30:02Z" finished-at="2016-03-21T18:30:04Z">
          <reporter-output>
          </reporter-output>
        </test-method> <!-- setUp -->
        <test-method status="PASS" signature="startRecording(java.lang.reflect.Method)[pri:0, instance:org.hgh.testmethods.HGHTestCustomer@1ed4004b]" name="startRecording" is-config="true" duration-ms="1" started-at="2016-03-21T18:30:04Z" finished-at="2016-03-21T18:30:04Z">
          <params>
            <param index="0">
              <value>
                <![CDATA[public void org.hgh.testmethods.HGHTestCustomer.tc001_HGH_Registration_ErrorScenarios(java.lang.String,java.lang.String,java.lang.String,java.lang.String,java.lang.String,java.lang.String,java.lang.String,java.lang.String,java.lang.String,java.lang.String,java.lang.String,java.lang.String,java.lang.String,java.lang.String) throws java.lang.Exception]]>
              </value>
            </param>
          </params>
          <reporter-output>
          </reporter-output>
        </test-method> <!-- startRecording -->
        <test-method status="PASS" signature="tc001_HGH_Registration_ErrorScenarios(java.lang.String, java.lang.String, java.lang.String, java.lang.String, java.lang.String, java.lang.String, java.lang.String, java.lang.String, java.lang.String, java.lang.String, java.lang.String, java.lang.String, java.lang.String, java.lang.String)[pri:0, instance:org.hgh.testmethods.HGHTestCustomer@1ed4004b]" name="tc001_HGH_Registration_ErrorScenarios" duration-ms="5138" started-at="2016-03-21T18:30:04Z" data-provider="excelSheetDataRead" finished-at="2016-03-21T18:30:09Z">
          <params>
            <param index="0">
              <value>
                <![CDATA[Unilog]]>
              </value>
            </param>
            <param index="1">
              <value>
                <![CDATA[]]>
              </value>
            </param>
            <param index="2">
              <value>
                <![CDATA[Hemanth]]>
              </value>
            </param>
            <param index="3">
              <value>
                <![CDATA[Sridhar]]>
              </value>
            </param>
            <param index="4">
              <value>
                <![CDATA[]]>
              </value>
            </param>
            <param index="5">
              <value>
                <![CDATA[unilog123]]>
              </value>
            </param>
            <param index="6">
              <value>
                <![CDATA[unilog123]]>
              </value>
            </param>
            <param index="7">
              <value>
                <![CDATA[address1]]>
              </value>
            </param>
            <param index="8">
              <value>
                <![CDATA[address2]]>
              </value>
            </param>
            <param index="9">
              <value>
                <![CDATA[Adelanto]]>
              </value>
            </param>
            <param index="10">
              <value>
                <![CDATA[United States]]>
              </value>
            </param>
            <param index="11">
              <value>
                <![CDATA[California]]>
              </value>
            </param>
            <param index="12">
              <value>
                <![CDATA[92301.0]]>
              </value>
            </param>
            <param index="13">
              <value>
                <![CDATA[Please enter Email Address.]]>
              </value>
            </param>
          </params>
          <reporter-output>
          </reporter-output>
        </test-method> <!-- tc001_HGH_Registration_ErrorScenarios -->
        <test-method status="PASS" signature="checkForLogout()[pri:0, instance:org.hgh.testmethods.HGHTestCustomer@1ed4004b]" name="checkForLogout" is-config="true" duration-ms="32" started-at="2016-03-21T18:30:09Z" finished-at="2016-03-21T18:30:09Z">
          <reporter-output>
          </reporter-output>
        </test-method> <!-- checkForLogout -->
        <test-method status="PASS" signature="callStopRecording()[pri:0, instance:org.hgh.testmethods.HGHTestCustomer@1ed4004b]" name="callStopRecording" is-config="true" duration-ms="0" started-at="2016-03-21T18:30:09Z" finished-at="2016-03-21T18:30:09Z">
          <reporter-output>
          </reporter-output>
        </test-method> <!-- callStopRecording -->
        <test-method status="PASS" signature="takeScreenshot(org.testng.ITestResult)[pri:0, instance:org.hgh.testmethods.HGHTestCustomer@1ed4004b]" name="takeScreenshot" is-config="true" duration-ms="0" started-at="2016-03-21T18:30:09Z" finished-at="2016-03-21T18:30:09Z">
          <params>
            <param index="0">
              <value>
                <![CDATA[[TestResult name=tc001_HGH_Registration_ErrorScenarios status=SUCCESS method=HGHTestCustomer.tc001_HGH_Registration_ErrorScenarios(java.lang.String, java.lang.String, java.lang.String, java.lang.String, java.lang.String, java.lang.String, java.lang.String, java.lang.String, java.lang.String, java.lang.String, java.lang.String, java.lang.String, java.lang.String, java.lang.String)[pri:0, instance:org.hgh.testmethods.HGHTestCustomer@1ed4004b] output={null}]]]>
              </value>
            </param>
          </params>
          <reporter-output>
          </reporter-output>
        </test-method> <!-- takeScreenshot -->
        <test-method status="PASS" signature="setUp()[pri:0, instance:org.hgh.testmethods.HGHTestCustomer@1ed4004b]" name="setUp" is-config="true" duration-ms="1724" started-at="2016-03-21T18:30:09Z" finished-at="2016-03-21T18:30:11Z">
          <reporter-output>
          </reporter-output>
        </test-method> <!-- setUp -->
        <test-method status="PASS" signature="startRecording(java.lang.reflect.Method)[pri:0, instance:org.hgh.testmethods.HGHTestCustomer@1ed4004b]" name="startRecording" is-config="true" duration-ms="1" started-at="2016-03-21T18:30:11Z" finished-at="2016-03-21T18:30:11Z">
          <params>
            <param index="0">
              <value>
                <![CDATA[public void org.hgh.testmethods.HGHTestCustomer.tc001_HGH_Registration_ErrorScenarios(java.lang.String,java.lang.String,java.lang.String,java.lang.String,java.lang.String,java.lang.String,java.lang.String,java.lang.String,java.lang.String,java.lang.String,java.lang.String,java.lang.String,java.lang.String,java.lang.String) throws java.lang.Exception]]>
              </value>
            </param>
          </params>
          <reporter-output>
          </reporter-output>
        </test-method> <!-- startRecording -->
        <test-method status="PASS" signature="tc001_HGH_Registration_ErrorScenarios(java.lang.String, java.lang.String, java.lang.String, java.lang.String, java.lang.String, java.lang.String, java.lang.String, java.lang.String, java.lang.String, java.lang.String, java.lang.String, java.lang.String, java.lang.String, java.lang.String)[pri:0, instance:org.hgh.testmethods.HGHTestCustomer@1ed4004b]" name="tc001_HGH_Registration_ErrorScenarios" duration-ms="4390" started-at="2016-03-21T18:30:11Z" data-provider="excelSheetDataRead" finished-at="2016-03-21T18:30:15Z">
          <params>
            <param index="0">
              <value>
                <![CDATA[Unilog]]>
              </value>
            </param>
            <param index="1">
              <value>
                <![CDATA[]]>
              </value>
            </param>
            <param index="2">
              <value>
                <![CDATA[Hemanth]]>
              </value>
            </param>
            <param index="3">
              <value>
                <![CDATA[Sridhar]]>
              </value>
            </param>
            <param index="4">
              <value>
                <![CDATA[hemanth.BS@unilogcorp.com]]>
              </value>
            </param>
            <param index="5">
              <value>
                <![CDATA[]]>
              </value>
            </param>
            <param index="6">
              <value>
                <![CDATA[unilog123]]>
              </value>
            </param>
            <param index="7">
              <value>
                <![CDATA[address1]]>
              </value>
            </param>
            <param index="8">
              <value>
                <![CDATA[address2]]>
              </value>
            </param>
            <param index="9">
              <value>
                <![CDATA[Adelanto]]>
              </value>
            </param>
            <param index="10">
              <value>
                <![CDATA[United States]]>
              </value>
            </param>
            <param index="11">
              <value>
                <![CDATA[California]]>
              </value>
            </param>
            <param index="12">
              <value>
                <![CDATA[92301.0]]>
              </value>
            </param>
            <param index="13">
              <value>
                <![CDATA[Please enter Password.]]>
              </value>
            </param>
          </params>
          <reporter-output>
          </reporter-output>
        </test-method> <!-- tc001_HGH_Registration_ErrorScenarios -->
        <test-method status="PASS" signature="callStopRecording()[pri:0, instance:org.hgh.testmethods.HGHTestCustomer@1ed4004b]" name="callStopRecording" is-config="true" duration-ms="1" started-at="2016-03-21T18:30:15Z" finished-at="2016-03-21T18:30:15Z">
          <reporter-output>
          </reporter-output>
        </test-method> <!-- callStopRecording -->
        <test-method status="PASS" signature="checkForLogout()[pri:0, instance:org.hgh.testmethods.HGHTestCustomer@1ed4004b]" name="checkForLogout" is-config="true" duration-ms="31" started-at="2016-03-21T18:30:15Z" finished-at="2016-03-21T18:30:15Z">
          <reporter-output>
          </reporter-output>
        </test-method> <!-- checkForLogout -->
        <test-method status="PASS" signature="takeScreenshot(org.testng.ITestResult)[pri:0, instance:org.hgh.testmethods.HGHTestCustomer@1ed4004b]" name="takeScreenshot" is-config="true" duration-ms="0" started-at="2016-03-21T18:30:15Z" finished-at="2016-03-21T18:30:15Z">
          <params>
            <param index="0">
              <value>
                <![CDATA[[TestResult name=tc001_HGH_Registration_ErrorScenarios status=SUCCESS method=HGHTestCustomer.tc001_HGH_Registration_ErrorScenarios(java.lang.String, java.lang.String, java.lang.String, java.lang.String, java.lang.String, java.lang.String, java.lang.String, java.lang.String, java.lang.String, java.lang.String, java.lang.String, java.lang.String, java.lang.String, java.lang.String)[pri:0, instance:org.hgh.testmethods.HGHTestCustomer@1ed4004b] output={null}]]]>
              </value>
            </param>
          </params>
          <reporter-output>
          </reporter-output>
        </test-method> <!-- takeScreenshot -->
        <test-method status="PASS" signature="setUp()[pri:0, instance:org.hgh.testmethods.HGHTestCustomer@1ed4004b]" name="setUp" is-config="true" duration-ms="1390" started-at="2016-03-21T18:30:15Z" finished-at="2016-03-21T18:30:16Z">
          <reporter-output>
          </reporter-output>
        </test-method> <!-- setUp -->
        <test-method status="PASS" signature="startRecording(java.lang.reflect.Method)[pri:0, instance:org.hgh.testmethods.HGHTestCustomer@1ed4004b]" name="startRecording" is-config="true" duration-ms="1" started-at="2016-03-21T18:30:16Z" finished-at="2016-03-21T18:30:16Z">
          <params>
            <param index="0">
              <value>
                <![CDATA[public void org.hgh.testmethods.HGHTestCustomer.tc001_HGH_Registration_ErrorScenarios(java.lang.String,java.lang.String,java.lang.String,java.lang.String,java.lang.String,java.lang.String,java.lang.String,java.lang.String,java.lang.String,java.lang.String,java.lang.String,java.lang.String,java.lang.String,java.lang.String) throws java.lang.Exception]]>
              </value>
            </param>
          </params>
          <reporter-output>
          </reporter-output>
        </test-method> <!-- startRecording -->
        <test-method status="FAIL" signature="tc001_HGH_Registration_ErrorScenarios(java.lang.String, java.lang.String, java.lang.String, java.lang.String, java.lang.String, java.lang.String, java.lang.String, java.lang.String, java.lang.String, java.lang.String, java.lang.String, java.lang.String, java.lang.String, java.lang.String)[pri:0, instance:org.hgh.testmethods.HGHTestCustomer@1ed4004b]" name="tc001_HGH_Registration_ErrorScenarios" duration-ms="4994" started-at="2016-03-21T18:30:16Z" data-provider="excelSheetDataRead" finished-at="2016-03-21T18:30:21Z">
          <params>
            <param index="0">
              <value>
                <![CDATA[Unilog]]>
              </value>
            </param>
            <param index="1">
              <value>
                <![CDATA[]]>
              </value>
            </param>
            <param index="2">
              <value>
                <![CDATA[Hemanth]]>
              </value>
            </param>
            <param index="3">
              <value>
                <![CDATA[Sridhar]]>
              </value>
            </param>
            <param index="4">
              <value>
                <![CDATA[hemanth.BS@unilogcorp.com]]>
              </value>
            </param>
            <param index="5">
              <value>
                <![CDATA[unilog123]]>
              </value>
            </param>
            <param index="6">
              <value>
                <![CDATA[]]>
              </value>
            </param>
            <param index="7">
              <value>
                <![CDATA[address1]]>
              </value>
            </param>
            <param index="8">
              <value>
                <![CDATA[address2]]>
              </value>
            </param>
            <param index="9">
              <value>
                <![CDATA[Adelanto]]>
              </value>
            </param>
            <param index="10">
              <value>
                <![CDATA[United States]]>
              </value>
            </param>
            <param index="11">
              <value>
                <![CDATA[California]]>
              </value>
            </param>
            <param index="12">
              <value>
                <![CDATA[92301.0]]>
              </value>
            </param>
            <param index="13">
              <value>
                <![CDATA[Please enter Password Confirmation.]]>
              </value>
            </param>
          </params>
          <exception class="java.lang.AssertionError">
            <message>
              <![CDATA[expected [Please enter Password Confirmation.] but found [Please enter Confirm password]]]>
            </message>
            <full-stacktrace>
              <![CDATA[java.lang.AssertionError: expected [Please enter Password Confirmation.] but found [Please enter Confirm password]
	at org.testng.Assert.fail(Assert.java:94)
	at org.testng.Assert.failNotEquals(Assert.java:513)
	at org.testng.Assert.assertEqualsImpl(Assert.java:135)
	at org.testng.Assert.assertEquals(Assert.java:116)
	at org.testng.Assert.assertEquals(Assert.java:190)
	at org.testng.Assert.assertEquals(Assert.java:200)
	at org.hgh.customer.pageobjects.HGHRegistrationPageObjects.verifyErrorMsg(HGHRegistrationPageObjects.java:193)
	at org.hgh.testmethods.HGHTestCustomer.tc001_HGH_Registration_ErrorScenarios(HGHTestCustomer.java:51)
	at sun.reflect.NativeMethodAccessorImpl.invoke0(Native Method)
	at sun.reflect.NativeMethodAccessorImpl.invoke(Unknown Source)
	at sun.reflect.DelegatingMethodAccessorImpl.invoke(Unknown Source)
	at java.lang.reflect.Method.invoke(Unknown Source)
	at org.testng.internal.MethodInvocationHelper.invokeMethod(MethodInvocationHelper.java:86)
	at org.testng.internal.Invoker.invokeMethod(Invoker.java:645)
	at org.testng.internal.Invoker.invokeTestMethod(Invoker.java:822)
	at org.testng.internal.Invoker.invokeTestMethods(Invoker.java:1130)
	at org.testng.internal.TestMethodWorker.invokeTestMethods(TestMethodWorker.java:129)
	at org.testng.internal.TestMethodWorker.run(TestMethodWorker.java:112)
	at org.testng.TestRunner.privateRun(TestRunner.java:782)
	at org.testng.TestRunner.run(TestRunner.java:632)
	at org.testng.SuiteRunner.runTest(SuiteRunner.java:366)
	at org.testng.SuiteRunner.runSequentially(SuiteRunner.java:361)
	at org.testng.SuiteRunner.privateRun(SuiteRunner.java:319)
	at org.testng.SuiteRunner.run(SuiteRunner.java:268)
	at org.testng.SuiteRunnerWorker.runSuite(SuiteRunnerWorker.java:52)
	at org.testng.SuiteRunnerWorker.run(SuiteRunnerWorker.java:86)
	at org.testng.TestNG.runSuitesSequentially(TestNG.java:1244)
	at org.testng.TestNG.runSuitesLocally(TestNG.java:1169)
	at org.testng.TestNG.run(TestNG.java:1064)
	at org.testng.remote.RemoteTestNG.run(RemoteTestNG.java:113)
	at org.testng.remote.RemoteTestNG.initAndRun(RemoteTestNG.java:206)
	at org.testng.remote.RemoteTestNG.main(RemoteTestNG.java:177)
]]>
            </full-stacktrace>
          </exception> <!-- java.lang.AssertionError -->
          <reporter-output>
          </reporter-output>
        </test-method> <!-- tc001_HGH_Registration_ErrorScenarios -->
        <test-method status="PASS" signature="checkForLogout()[pri:0, instance:org.hgh.testmethods.HGHTestCustomer@1ed4004b]" name="checkForLogout" is-config="true" duration-ms="18" started-at="2016-03-21T18:30:21Z" finished-at="2016-03-21T18:30:21Z">
          <reporter-output>
          </reporter-output>
        </test-method> <!-- checkForLogout -->
        <test-method status="PASS" signature="callStopRecording()[pri:0, instance:org.hgh.testmethods.HGHTestCustomer@1ed4004b]" name="callStopRecording" is-config="true" duration-ms="0" started-at="2016-03-21T18:30:21Z" finished-at="2016-03-21T18:30:21Z">
          <reporter-output>
          </reporter-output>
        </test-method> <!-- callStopRecording -->
        <test-method status="PASS" signature="takeScreenshot(org.testng.ITestResult)[pri:0, instance:org.hgh.testmethods.HGHTestCustomer@1ed4004b]" name="takeScreenshot" is-config="true" duration-ms="254" started-at="2016-03-21T18:30:21Z" finished-at="2016-03-21T18:30:22Z">
          <params>
            <param index="0">
              <value>
                <![CDATA[[TestResult name=tc001_HGH_Registration_ErrorScenarios status=FAILURE method=HGHTestCustomer.tc001_HGH_Registration_ErrorScenarios(java.lang.String, java.lang.String, java.lang.String, java.lang.String, java.lang.String, java.lang.String, java.lang.String, java.lang.String, java.lang.String, java.lang.String, java.lang.String, java.lang.String, java.lang.String, java.lang.String)[pri:0, instance:org.hgh.testmethods.HGHTestCustomer@1ed4004b] output={null}]]]>
              </value>
            </param>
          </params>
          <reporter-output>
          </reporter-output>
        </test-method> <!-- takeScreenshot -->
        <test-method status="PASS" signature="setUp()[pri:0, instance:org.hgh.testmethods.HGHTestCustomer@1ed4004b]" name="setUp" is-config="true" duration-ms="1411" started-at="2016-03-21T18:30:22Z" finished-at="2016-03-21T18:30:23Z">
          <reporter-output>
          </reporter-output>
        </test-method> <!-- setUp -->
        <test-method status="PASS" signature="startRecording(java.lang.reflect.Method)[pri:0, instance:org.hgh.testmethods.HGHTestCustomer@1ed4004b]" name="startRecording" is-config="true" duration-ms="1" started-at="2016-03-21T18:30:23Z" finished-at="2016-03-21T18:30:23Z">
          <params>
            <param index="0">
              <value>
                <![CDATA[public void org.hgh.testmethods.HGHTestCustomer.tc001_HGH_Registration_ErrorScenarios(java.lang.String,java.lang.String,java.lang.String,java.lang.String,java.lang.String,java.lang.String,java.lang.String,java.lang.String,java.lang.String,java.lang.String,java.lang.String,java.lang.String,java.lang.String,java.lang.String) throws java.lang.Exception]]>
              </value>
            </param>
          </params>
          <reporter-output>
          </reporter-output>
        </test-method> <!-- startRecording -->
        <test-method status="PASS" signature="tc001_HGH_Registration_ErrorScenarios(java.lang.String, java.lang.String, java.lang.String, java.lang.String, java.lang.String, java.lang.String, java.lang.String, java.lang.String, java.lang.String, java.lang.String, java.lang.String, java.lang.String, java.lang.String, java.lang.String)[pri:0, instance:org.hgh.testmethods.HGHTestCustomer@1ed4004b]" name="tc001_HGH_Registration_ErrorScenarios" duration-ms="4333" started-at="2016-03-21T18:30:23Z" data-provider="excelSheetDataRead" finished-at="2016-03-21T18:30:27Z">
          <params>
            <param index="0">
              <value>
                <![CDATA[Unilog]]>
              </value>
            </param>
            <param index="1">
              <value>
                <![CDATA[]]>
              </value>
            </param>
            <param index="2">
              <value>
                <![CDATA[Hemanth]]>
              </value>
            </param>
            <param index="3">
              <value>
                <![CDATA[Sridhar]]>
              </value>
            </param>
            <param index="4">
              <value>
                <![CDATA[hemanth.BS@unilogcorp.com]]>
              </value>
            </param>
            <param index="5">
              <value>
                <![CDATA[unilog123]]>
              </value>
            </param>
            <param index="6">
              <value>
                <![CDATA[unilog123]]>
              </value>
            </param>
            <param index="7">
              <value>
                <![CDATA[]]>
              </value>
            </param>
            <param index="8">
              <value>
                <![CDATA[address2]]>
              </value>
            </param>
            <param index="9">
              <value>
                <![CDATA[Adelanto]]>
              </value>
            </param>
            <param index="10">
              <value>
                <![CDATA[United States]]>
              </value>
            </param>
            <param index="11">
              <value>
                <![CDATA[California]]>
              </value>
            </param>
            <param index="12">
              <value>
                <![CDATA[92301.0]]>
              </value>
            </param>
            <param index="13">
              <value>
                <![CDATA[Please enter Billing Address.]]>
              </value>
            </param>
          </params>
          <reporter-output>
          </reporter-output>
        </test-method> <!-- tc001_HGH_Registration_ErrorScenarios -->
        <test-method status="PASS" signature="callStopRecording()[pri:0, instance:org.hgh.testmethods.HGHTestCustomer@1ed4004b]" name="callStopRecording" is-config="true" duration-ms="1" started-at="2016-03-21T18:30:27Z" finished-at="2016-03-21T18:30:27Z">
          <reporter-output>
          </reporter-output>
        </test-method> <!-- callStopRecording -->
        <test-method status="PASS" signature="checkForLogout()[pri:0, instance:org.hgh.testmethods.HGHTestCustomer@1ed4004b]" name="checkForLogout" is-config="true" duration-ms="19" started-at="2016-03-21T18:30:27Z" finished-at="2016-03-21T18:30:27Z">
          <reporter-output>
          </reporter-output>
        </test-method> <!-- checkForLogout -->
        <test-method status="PASS" signature="takeScreenshot(org.testng.ITestResult)[pri:0, instance:org.hgh.testmethods.HGHTestCustomer@1ed4004b]" name="takeScreenshot" is-config="true" duration-ms="1" started-at="2016-03-21T18:30:27Z" finished-at="2016-03-21T18:30:27Z">
          <params>
            <param index="0">
              <value>
                <![CDATA[[TestResult name=tc001_HGH_Registration_ErrorScenarios status=SUCCESS method=HGHTestCustomer.tc001_HGH_Registration_ErrorScenarios(java.lang.String, java.lang.String, java.lang.String, java.lang.String, java.lang.String, java.lang.String, java.lang.String, java.lang.String, java.lang.String, java.lang.String, java.lang.String, java.lang.String, java.lang.String, java.lang.String)[pri:0, instance:org.hgh.testmethods.HGHTestCustomer@1ed4004b] output={null}]]]>
              </value>
            </param>
          </params>
          <reporter-output>
          </reporter-output>
        </test-method> <!-- takeScreenshot -->
        <test-method status="PASS" signature="setUp()[pri:0, instance:org.hgh.testmethods.HGHTestCustomer@1ed4004b]" name="setUp" is-config="true" duration-ms="1395" started-at="2016-03-21T18:30:27Z" finished-at="2016-03-21T18:30:29Z">
          <reporter-output>
          </reporter-output>
        </test-method> <!-- setUp -->
        <test-method status="PASS" signature="startRecording(java.lang.reflect.Method)[pri:0, instance:org.hgh.testmethods.HGHTestCustomer@1ed4004b]" name="startRecording" is-config="true" duration-ms="0" started-at="2016-03-21T18:30:29Z" finished-at="2016-03-21T18:30:29Z">
          <params>
            <param index="0">
              <value>
                <![CDATA[public void org.hgh.testmethods.HGHTestCustomer.tc001_HGH_Registration_ErrorScenarios(java.lang.String,java.lang.String,java.lang.String,java.lang.String,java.lang.String,java.lang.String,java.lang.String,java.lang.String,java.lang.String,java.lang.String,java.lang.String,java.lang.String,java.lang.String,java.lang.String) throws java.lang.Exception]]>
              </value>
            </param>
          </params>
          <reporter-output>
          </reporter-output>
        </test-method> <!-- startRecording -->
        <test-method status="PASS" signature="tc001_HGH_Registration_ErrorScenarios(java.lang.String, java.lang.String, java.lang.String, java.lang.String, java.lang.String, java.lang.String, java.lang.String, java.lang.String, java.lang.String, java.lang.String, java.lang.String, java.lang.String, java.lang.String, java.lang.String)[pri:0, instance:org.hgh.testmethods.HGHTestCustomer@1ed4004b]" name="tc001_HGH_Registration_ErrorScenarios" duration-ms="5807" started-at="2016-03-21T18:30:29Z" data-provider="excelSheetDataRead" finished-at="2016-03-21T18:30:35Z">
          <params>
            <param index="0">
              <value>
                <![CDATA[Unilog]]>
              </value>
            </param>
            <param index="1">
              <value>
                <![CDATA[]]>
              </value>
            </param>
            <param index="2">
              <value>
                <![CDATA[Hemanth]]>
              </value>
            </param>
            <param index="3">
              <value>
                <![CDATA[Sridhar]]>
              </value>
            </param>
            <param index="4">
              <value>
                <![CDATA[hemanth.BS@unilogcorp.com]]>
              </value>
            </param>
            <param index="5">
              <value>
                <![CDATA[unilog123]]>
              </value>
            </param>
            <param index="6">
              <value>
                <![CDATA[unilog123]]>
              </value>
            </param>
            <param index="7">
              <value>
                <![CDATA[address1]]>
              </value>
            </param>
            <param index="8">
              <value>
                <![CDATA[address2]]>
              </value>
            </param>
            <param index="9">
              <value>
                <![CDATA[]]>
              </value>
            </param>
            <param index="10">
              <value>
                <![CDATA[United States]]>
              </value>
            </param>
            <param index="11">
              <value>
                <![CDATA[California]]>
              </value>
            </param>
            <param index="12">
              <value>
                <![CDATA[92301.0]]>
              </value>
            </param>
            <param index="13">
              <value>
                <![CDATA[Please enter City.]]>
              </value>
            </param>
          </params>
          <reporter-output>
          </reporter-output>
        </test-method> <!-- tc001_HGH_Registration_ErrorScenarios -->
        <test-method status="PASS" signature="callStopRecording()[pri:0, instance:org.hgh.testmethods.HGHTestCustomer@1ed4004b]" name="callStopRecording" is-config="true" duration-ms="1" started-at="2016-03-21T18:30:35Z" finished-at="2016-03-21T18:30:35Z">
          <reporter-output>
          </reporter-output>
        </test-method> <!-- callStopRecording -->
        <test-method status="PASS" signature="checkForLogout()[pri:0, instance:org.hgh.testmethods.HGHTestCustomer@1ed4004b]" name="checkForLogout" is-config="true" duration-ms="34" started-at="2016-03-21T18:30:35Z" finished-at="2016-03-21T18:30:35Z">
          <reporter-output>
          </reporter-output>
        </test-method> <!-- checkForLogout -->
        <test-method status="PASS" signature="takeScreenshot(org.testng.ITestResult)[pri:0, instance:org.hgh.testmethods.HGHTestCustomer@1ed4004b]" name="takeScreenshot" is-config="true" duration-ms="0" started-at="2016-03-21T18:30:35Z" finished-at="2016-03-21T18:30:35Z">
          <params>
            <param index="0">
              <value>
                <![CDATA[[TestResult name=tc001_HGH_Registration_ErrorScenarios status=SUCCESS method=HGHTestCustomer.tc001_HGH_Registration_ErrorScenarios(java.lang.String, java.lang.String, java.lang.String, java.lang.String, java.lang.String, java.lang.String, java.lang.String, java.lang.String, java.lang.String, java.lang.String, java.lang.String, java.lang.String, java.lang.String, java.lang.String)[pri:0, instance:org.hgh.testmethods.HGHTestCustomer@1ed4004b] output={null}]]]>
              </value>
            </param>
          </params>
          <reporter-output>
          </reporter-output>
        </test-method> <!-- takeScreenshot -->
        <test-method status="PASS" signature="setUp()[pri:0, instance:org.hgh.testmethods.HGHTestCustomer@1ed4004b]" name="setUp" is-config="true" duration-ms="1722" started-at="2016-03-21T18:30:35Z" finished-at="2016-03-21T18:30:36Z">
          <reporter-output>
          </reporter-output>
        </test-method> <!-- setUp -->
        <test-method status="PASS" signature="tc001_HGH_Registration_ErrorScenarios(java.lang.String, java.lang.String, java.lang.String, java.lang.String, java.lang.String, java.lang.String, java.lang.String, java.lang.String, java.lang.String, java.lang.String, java.lang.String, java.lang.String, java.lang.String, java.lang.String)[pri:0, instance:org.hgh.testmethods.HGHTestCustomer@1ed4004b]" name="tc001_HGH_Registration_ErrorScenarios" duration-ms="4843" started-at="2016-03-21T18:30:36Z" data-provider="excelSheetDataRead" finished-at="2016-03-21T18:30:41Z">
          <params>
            <param index="0">
              <value>
                <![CDATA[Unilog]]>
              </value>
            </param>
            <param index="1">
              <value>
                <![CDATA[]]>
              </value>
            </param>
            <param index="2">
              <value>
                <![CDATA[Hemanth]]>
              </value>
            </param>
            <param index="3">
              <value>
                <![CDATA[Sridhar]]>
              </value>
            </param>
            <param index="4">
              <value>
                <![CDATA[hemanth.BS@unilogcorp.com]]>
              </value>
            </param>
            <param index="5">
              <value>
                <![CDATA[unilog123]]>
              </value>
            </param>
            <param index="6">
              <value>
                <![CDATA[unilog123]]>
              </value>
            </param>
            <param index="7">
              <value>
                <![CDATA[address1]]>
              </value>
            </param>
            <param index="8">
              <value>
                <![CDATA[address2]]>
              </value>
            </param>
            <param index="9">
              <value>
                <![CDATA[Adelanto]]>
              </value>
            </param>
            <param index="10">
              <value>
                <![CDATA[United States]]>
              </value>
            </param>
            <param index="11">
              <value>
                <![CDATA[Select State]]>
              </value>
            </param>
            <param index="12">
              <value>
                <![CDATA[92301.0]]>
              </value>
            </param>
            <param index="13">
              <value>
                <![CDATA[Please enter State.]]>
              </value>
            </param>
          </params>
          <reporter-output>
          </reporter-output>
        </test-method> <!-- tc001_HGH_Registration_ErrorScenarios -->
        <test-method status="PASS" signature="startRecording(java.lang.reflect.Method)[pri:0, instance:org.hgh.testmethods.HGHTestCustomer@1ed4004b]" name="startRecording" is-config="true" duration-ms="0" started-at="2016-03-21T18:30:36Z" finished-at="2016-03-21T18:30:36Z">
          <params>
            <param index="0">
              <value>
                <![CDATA[public void org.hgh.testmethods.HGHTestCustomer.tc001_HGH_Registration_ErrorScenarios(java.lang.String,java.lang.String,java.lang.String,java.lang.String,java.lang.String,java.lang.String,java.lang.String,java.lang.String,java.lang.String,java.lang.String,java.lang.String,java.lang.String,java.lang.String,java.lang.String) throws java.lang.Exception]]>
              </value>
            </param>
          </params>
          <reporter-output>
          </reporter-output>
        </test-method> <!-- startRecording -->
        <test-method status="PASS" signature="callStopRecording()[pri:0, instance:org.hgh.testmethods.HGHTestCustomer@1ed4004b]" name="callStopRecording" is-config="true" duration-ms="1" started-at="2016-03-21T18:30:41Z" finished-at="2016-03-21T18:30:41Z">
          <reporter-output>
          </reporter-output>
        </test-method> <!-- callStopRecording -->
        <test-method status="PASS" signature="checkForLogout()[pri:0, instance:org.hgh.testmethods.HGHTestCustomer@1ed4004b]" name="checkForLogout" is-config="true" duration-ms="51" started-at="2016-03-21T18:30:41Z" finished-at="2016-03-21T18:30:41Z">
          <reporter-output>
          </reporter-output>
        </test-method> <!-- checkForLogout -->
        <test-method status="PASS" signature="takeScreenshot(org.testng.ITestResult)[pri:0, instance:org.hgh.testmethods.HGHTestCustomer@1ed4004b]" name="takeScreenshot" is-config="true" duration-ms="0" started-at="2016-03-21T18:30:41Z" finished-at="2016-03-21T18:30:41Z">
          <params>
            <param index="0">
              <value>
                <![CDATA[[TestResult name=tc001_HGH_Registration_ErrorScenarios status=SUCCESS method=HGHTestCustomer.tc001_HGH_Registration_ErrorScenarios(java.lang.String, java.lang.String, java.lang.String, java.lang.String, java.lang.String, java.lang.String, java.lang.String, java.lang.String, java.lang.String, java.lang.String, java.lang.String, java.lang.String, java.lang.String, java.lang.String)[pri:0, instance:org.hgh.testmethods.HGHTestCustomer@1ed4004b] output={null}]]]>
              </value>
            </param>
          </params>
          <reporter-output>
          </reporter-output>
        </test-method> <!-- takeScreenshot -->
        <test-method status="PASS" signature="setUp()[pri:0, instance:org.hgh.testmethods.HGHTestCustomer@1ed4004b]" name="setUp" is-config="true" duration-ms="1384" started-at="2016-03-21T18:30:41Z" finished-at="2016-03-21T18:30:43Z">
          <reporter-output>
          </reporter-output>
        </test-method> <!-- setUp -->
        <test-method status="PASS" signature="tc001_HGH_Registration_ErrorScenarios(java.lang.String, java.lang.String, java.lang.String, java.lang.String, java.lang.String, java.lang.String, java.lang.String, java.lang.String, java.lang.String, java.lang.String, java.lang.String, java.lang.String, java.lang.String, java.lang.String)[pri:0, instance:org.hgh.testmethods.HGHTestCustomer@1ed4004b]" name="tc001_HGH_Registration_ErrorScenarios" duration-ms="4339" started-at="2016-03-21T18:30:43Z" data-provider="excelSheetDataRead" finished-at="2016-03-21T18:30:47Z">
          <params>
            <param index="0">
              <value>
                <![CDATA[Unilog]]>
              </value>
            </param>
            <param index="1">
              <value>
                <![CDATA[]]>
              </value>
            </param>
            <param index="2">
              <value>
                <![CDATA[Hemanth]]>
              </value>
            </param>
            <param index="3">
              <value>
                <![CDATA[Sridhar]]>
              </value>
            </param>
            <param index="4">
              <value>
                <![CDATA[hemanth.BS@unilogcorp.com]]>
              </value>
            </param>
            <param index="5">
              <value>
                <![CDATA[unilog123]]>
              </value>
            </param>
            <param index="6">
              <value>
                <![CDATA[unilog123]]>
              </value>
            </param>
            <param index="7">
              <value>
                <![CDATA[address1]]>
              </value>
            </param>
            <param index="8">
              <value>
                <![CDATA[address2]]>
              </value>
            </param>
            <param index="9">
              <value>
                <![CDATA[Adelanto]]>
              </value>
            </param>
            <param index="10">
              <value>
                <![CDATA[United States]]>
              </value>
            </param>
            <param index="11">
              <value>
                <![CDATA[California]]>
              </value>
            </param>
            <param index="12">
              <value>
                <![CDATA[]]>
              </value>
            </param>
            <param index="13">
              <value>
                <![CDATA[Please Enter Zip Code.]]>
              </value>
            </param>
          </params>
          <reporter-output>
          </reporter-output>
        </test-method> <!-- tc001_HGH_Registration_ErrorScenarios -->
        <test-method status="PASS" signature="startRecording(java.lang.reflect.Method)[pri:0, instance:org.hgh.testmethods.HGHTestCustomer@1ed4004b]" name="startRecording" is-config="true" duration-ms="0" started-at="2016-03-21T18:30:43Z" finished-at="2016-03-21T18:30:43Z">
          <params>
            <param index="0">
              <value>
                <![CDATA[public void org.hgh.testmethods.HGHTestCustomer.tc001_HGH_Registration_ErrorScenarios(java.lang.String,java.lang.String,java.lang.String,java.lang.String,java.lang.String,java.lang.String,java.lang.String,java.lang.String,java.lang.String,java.lang.String,java.lang.String,java.lang.String,java.lang.String,java.lang.String) throws java.lang.Exception]]>
              </value>
            </param>
          </params>
          <reporter-output>
          </reporter-output>
        </test-method> <!-- startRecording -->
        <test-method status="PASS" signature="callStopRecording()[pri:0, instance:org.hgh.testmethods.HGHTestCustomer@1ed4004b]" name="callStopRecording" is-config="true" duration-ms="1" started-at="2016-03-21T18:30:47Z" finished-at="2016-03-21T18:30:47Z">
          <reporter-output>
          </reporter-output>
        </test-method> <!-- callStopRecording -->
        <test-method status="PASS" signature="checkForLogout()[pri:0, instance:org.hgh.testmethods.HGHTestCustomer@1ed4004b]" name="checkForLogout" is-config="true" duration-ms="25" started-at="2016-03-21T18:30:47Z" finished-at="2016-03-21T18:30:47Z">
          <reporter-output>
          </reporter-output>
        </test-method> <!-- checkForLogout -->
        <test-method status="PASS" signature="takeScreenshot(org.testng.ITestResult)[pri:0, instance:org.hgh.testmethods.HGHTestCustomer@1ed4004b]" name="takeScreenshot" is-config="true" duration-ms="0" started-at="2016-03-21T18:30:47Z" finished-at="2016-03-21T18:30:47Z">
          <params>
            <param index="0">
              <value>
                <![CDATA[[TestResult name=tc001_HGH_Registration_ErrorScenarios status=SUCCESS method=HGHTestCustomer.tc001_HGH_Registration_ErrorScenarios(java.lang.String, java.lang.String, java.lang.String, java.lang.String, java.lang.String, java.lang.String, java.lang.String, java.lang.String, java.lang.String, java.lang.String, java.lang.String, java.lang.String, java.lang.String, java.lang.String)[pri:0, instance:org.hgh.testmethods.HGHTestCustomer@1ed4004b] output={null}]]]>
              </value>
            </param>
          </params>
          <reporter-output>
          </reporter-output>
        </test-method> <!-- takeScreenshot -->
        <test-method status="PASS" signature="setUp()[pri:0, instance:org.hgh.testmethods.HGHTestCustomer@1ed4004b]" name="setUp" is-config="true" duration-ms="1250" started-at="2016-03-21T18:30:47Z" finished-at="2016-03-21T18:30:48Z">
          <reporter-output>
          </reporter-output>
        </test-method> <!-- setUp -->
        <test-method status="PASS" signature="startRecording(java.lang.reflect.Method)[pri:0, instance:org.hgh.testmethods.HGHTestCustomer@1ed4004b]" name="startRecording" is-config="true" duration-ms="1" started-at="2016-03-21T18:30:48Z" finished-at="2016-03-21T18:30:48Z">
          <params>
            <param index="0">
              <value>
                <![CDATA[public void org.hgh.testmethods.HGHTestCustomer.tc002_HGH_login() throws java.lang.Exception]]>
              </value>
            </param>
          </params>
          <reporter-output>
          </reporter-output>
        </test-method> <!-- startRecording -->
        <test-method status="PASS" signature="tc002_HGH_login()[pri:0, instance:org.hgh.testmethods.HGHTestCustomer@1ed4004b]" name="tc002_HGH_login" duration-ms="12776" started-at="2016-03-21T18:30:48Z" finished-at="2016-03-21T18:31:01Z">
          <reporter-output>
          </reporter-output>
        </test-method> <!-- tc002_HGH_login -->
        <test-method status="PASS" signature="checkForLogout()[pri:0, instance:org.hgh.testmethods.HGHTestCustomer@1ed4004b]" name="checkForLogout" is-config="true" duration-ms="2485" started-at="2016-03-21T18:31:01Z" finished-at="2016-03-21T18:31:04Z">
          <reporter-output>
          </reporter-output>
        </test-method> <!-- checkForLogout -->
        <test-method status="PASS" signature="callStopRecording()[pri:0, instance:org.hgh.testmethods.HGHTestCustomer@1ed4004b]" name="callStopRecording" is-config="true" duration-ms="0" started-at="2016-03-21T18:31:01Z" finished-at="2016-03-21T18:31:01Z">
          <reporter-output>
          </reporter-output>
        </test-method> <!-- callStopRecording -->
        <test-method status="PASS" signature="takeScreenshot(org.testng.ITestResult)[pri:0, instance:org.hgh.testmethods.HGHTestCustomer@1ed4004b]" name="takeScreenshot" is-config="true" duration-ms="0" started-at="2016-03-21T18:31:04Z" finished-at="2016-03-21T18:31:04Z">
          <params>
            <param index="0">
              <value>
                <![CDATA[[TestResult name=tc002_HGH_login status=SUCCESS method=HGHTestCustomer.tc002_HGH_login()[pri:0, instance:org.hgh.testmethods.HGHTestCustomer@1ed4004b] output={null}]]]>
              </value>
            </param>
          </params>
          <reporter-output>
          </reporter-output>
        </test-method> <!-- takeScreenshot -->
        <test-method status="PASS" signature="setUp()[pri:0, instance:org.hgh.testmethods.HGHTestCustomer@1ed4004b]" name="setUp" is-config="true" duration-ms="1463" started-at="2016-03-21T18:31:04Z" finished-at="2016-03-21T18:31:05Z">
          <reporter-output>
          </reporter-output>
        </test-method> <!-- setUp -->
        <test-method status="PASS" signature="startRecording(java.lang.reflect.Method)[pri:0, instance:org.hgh.testmethods.HGHTestCustomer@1ed4004b]" name="startRecording" is-config="true" duration-ms="1" started-at="2016-03-21T18:31:05Z" finished-at="2016-03-21T18:31:05Z">
          <params>
            <param index="0">
              <value>
                <![CDATA[public void org.hgh.testmethods.HGHTestCustomer.tc003_HGH_LoginErrorScenarios(java.lang.String,java.lang.String,java.lang.String) throws java.lang.Exception]]>
              </value>
            </param>
          </params>
          <reporter-output>
          </reporter-output>
        </test-method> <!-- startRecording -->
        <test-method status="PASS" signature="tc003_HGH_LoginErrorScenarios(java.lang.String, java.lang.String, java.lang.String)[pri:0, instance:org.hgh.testmethods.HGHTestCustomer@1ed4004b]" name="tc003_HGH_LoginErrorScenarios" duration-ms="3988" started-at="2016-03-21T18:31:05Z" data-provider="excelSheetDataRead" finished-at="2016-03-21T18:31:09Z">
          <params>
            <param index="0">
              <value>
                <![CDATA[hemanthsridhar92@gmail.com]]>
              </value>
            </param>
            <param index="1">
              <value>
                <![CDATA[]]>
              </value>
            </param>
            <param index="2">
              <value>
                <![CDATA[Enter Password]]>
              </value>
            </param>
          </params>
          <reporter-output>
          </reporter-output>
        </test-method> <!-- tc003_HGH_LoginErrorScenarios -->
        <test-method status="PASS" signature="checkForLogout()[pri:0, instance:org.hgh.testmethods.HGHTestCustomer@1ed4004b]" name="checkForLogout" is-config="true" duration-ms="16" started-at="2016-03-21T18:31:09Z" finished-at="2016-03-21T18:31:09Z">
          <reporter-output>
          </reporter-output>
        </test-method> <!-- checkForLogout -->
        <test-method status="PASS" signature="callStopRecording()[pri:0, instance:org.hgh.testmethods.HGHTestCustomer@1ed4004b]" name="callStopRecording" is-config="true" duration-ms="0" started-at="2016-03-21T18:31:09Z" finished-at="2016-03-21T18:31:09Z">
          <reporter-output>
          </reporter-output>
        </test-method> <!-- callStopRecording -->
        <test-method status="PASS" signature="takeScreenshot(org.testng.ITestResult)[pri:0, instance:org.hgh.testmethods.HGHTestCustomer@1ed4004b]" name="takeScreenshot" is-config="true" duration-ms="0" started-at="2016-03-21T18:31:09Z" finished-at="2016-03-21T18:31:09Z">
          <params>
            <param index="0">
              <value>
                <![CDATA[[TestResult name=tc003_HGH_LoginErrorScenarios status=SUCCESS method=HGHTestCustomer.tc003_HGH_LoginErrorScenarios(java.lang.String, java.lang.String, java.lang.String)[pri:0, instance:org.hgh.testmethods.HGHTestCustomer@1ed4004b] output={null}]]]>
              </value>
            </param>
          </params>
          <reporter-output>
          </reporter-output>
        </test-method> <!-- takeScreenshot -->
        <test-method status="PASS" signature="setUp()[pri:0, instance:org.hgh.testmethods.HGHTestCustomer@1ed4004b]" name="setUp" is-config="true" duration-ms="1465" started-at="2016-03-21T18:31:09Z" finished-at="2016-03-21T18:31:11Z">
          <reporter-output>
          </reporter-output>
        </test-method> <!-- setUp -->
        <test-method status="PASS" signature="startRecording(java.lang.reflect.Method)[pri:0, instance:org.hgh.testmethods.HGHTestCustomer@1ed4004b]" name="startRecording" is-config="true" duration-ms="1" started-at="2016-03-21T18:31:11Z" finished-at="2016-03-21T18:31:11Z">
          <params>
            <param index="0">
              <value>
                <![CDATA[public void org.hgh.testmethods.HGHTestCustomer.tc003_HGH_LoginErrorScenarios(java.lang.String,java.lang.String,java.lang.String) throws java.lang.Exception]]>
              </value>
            </param>
          </params>
          <reporter-output>
          </reporter-output>
        </test-method> <!-- startRecording -->
        <test-method status="PASS" signature="tc003_HGH_LoginErrorScenarios(java.lang.String, java.lang.String, java.lang.String)[pri:0, instance:org.hgh.testmethods.HGHTestCustomer@1ed4004b]" name="tc003_HGH_LoginErrorScenarios" duration-ms="3373" started-at="2016-03-21T18:31:11Z" data-provider="excelSheetDataRead" finished-at="2016-03-21T18:31:14Z">
          <params>
            <param index="0">
              <value>
                <![CDATA[]]>
              </value>
            </param>
            <param index="1">
              <value>
                <![CDATA[hemanth]]>
              </value>
            </param>
            <param index="2">
              <value>
                <![CDATA[Enter User Name]]>
              </value>
            </param>
          </params>
          <reporter-output>
          </reporter-output>
        </test-method> <!-- tc003_HGH_LoginErrorScenarios -->
        <test-method status="PASS" signature="checkForLogout()[pri:0, instance:org.hgh.testmethods.HGHTestCustomer@1ed4004b]" name="checkForLogout" is-config="true" duration-ms="0" started-at="2016-03-21T18:31:14Z" finished-at="2016-03-21T18:31:14Z">
          <reporter-output>
          </reporter-output>
        </test-method> <!-- checkForLogout -->
        <test-method status="PASS" signature="setUp()[pri:0, instance:org.hgh.testmethods.HGHTestCustomer@1ed4004b]" name="setUp" is-config="true" duration-ms="1420" started-at="2016-03-21T18:31:14Z" finished-at="2016-03-21T18:31:15Z">
          <reporter-output>
          </reporter-output>
        </test-method> <!-- setUp -->
        <test-method status="PASS" signature="callStopRecording()[pri:0, instance:org.hgh.testmethods.HGHTestCustomer@1ed4004b]" name="callStopRecording" is-config="true" duration-ms="0" started-at="2016-03-21T18:31:14Z" finished-at="2016-03-21T18:31:14Z">
          <reporter-output>
          </reporter-output>
        </test-method> <!-- callStopRecording -->
        <test-method status="PASS" signature="takeScreenshot(org.testng.ITestResult)[pri:0, instance:org.hgh.testmethods.HGHTestCustomer@1ed4004b]" name="takeScreenshot" is-config="true" duration-ms="0" started-at="2016-03-21T18:31:14Z" finished-at="2016-03-21T18:31:14Z">
          <params>
            <param index="0">
              <value>
                <![CDATA[[TestResult name=tc003_HGH_LoginErrorScenarios status=SUCCESS method=HGHTestCustomer.tc003_HGH_LoginErrorScenarios(java.lang.String, java.lang.String, java.lang.String)[pri:0, instance:org.hgh.testmethods.HGHTestCustomer@1ed4004b] output={null}]]]>
              </value>
            </param>
          </params>
          <reporter-output>
          </reporter-output>
        </test-method> <!-- takeScreenshot -->
        <test-method status="PASS" signature="startRecording(java.lang.reflect.Method)[pri:0, instance:org.hgh.testmethods.HGHTestCustomer@1ed4004b]" name="startRecording" is-config="true" duration-ms="1" started-at="2016-03-21T18:31:15Z" finished-at="2016-03-21T18:31:15Z">
          <params>
            <param index="0">
              <value>
                <![CDATA[public void org.hgh.testmethods.HGHTestCustomer.tc003_HGH_LoginErrorScenarios(java.lang.String,java.lang.String,java.lang.String) throws java.lang.Exception]]>
              </value>
            </param>
          </params>
          <reporter-output>
          </reporter-output>
        </test-method> <!-- startRecording -->
        <test-method status="PASS" signature="tc003_HGH_LoginErrorScenarios(java.lang.String, java.lang.String, java.lang.String)[pri:0, instance:org.hgh.testmethods.HGHTestCustomer@1ed4004b]" name="tc003_HGH_LoginErrorScenarios" duration-ms="3927" started-at="2016-03-21T18:31:15Z" data-provider="excelSheetDataRead" finished-at="2016-03-21T18:31:19Z">
          <params>
            <param index="0">
              <value>
                <![CDATA[1235556.0]]>
              </value>
            </param>
            <param index="1">
              <value>
                <![CDATA[djvf]]>
              </value>
            </param>
            <param index="2">
              <value>
                <![CDATA[Invalid User Name/Password.]]>
              </value>
            </param>
          </params>
          <reporter-output>
          </reporter-output>
        </test-method> <!-- tc003_HGH_LoginErrorScenarios -->
        <test-method status="PASS" signature="checkForLogout()[pri:0, instance:org.hgh.testmethods.HGHTestCustomer@1ed4004b]" name="checkForLogout" is-config="true" duration-ms="16" started-at="2016-03-21T18:31:19Z" finished-at="2016-03-21T18:31:19Z">
          <reporter-output>
          </reporter-output>
        </test-method> <!-- checkForLogout -->
        <test-method status="PASS" signature="callStopRecording()[pri:0, instance:org.hgh.testmethods.HGHTestCustomer@1ed4004b]" name="callStopRecording" is-config="true" duration-ms="0" started-at="2016-03-21T18:31:19Z" finished-at="2016-03-21T18:31:19Z">
          <reporter-output>
          </reporter-output>
        </test-method> <!-- callStopRecording -->
        <test-method status="PASS" signature="setUp()[pri:0, instance:org.hgh.testmethods.HGHTestCustomer@1ed4004b]" name="setUp" is-config="true" duration-ms="1381" started-at="2016-03-21T18:31:19Z" finished-at="2016-03-21T18:31:21Z">
          <reporter-output>
          </reporter-output>
        </test-method> <!-- setUp -->
        <test-method status="PASS" signature="takeScreenshot(org.testng.ITestResult)[pri:0, instance:org.hgh.testmethods.HGHTestCustomer@1ed4004b]" name="takeScreenshot" is-config="true" duration-ms="0" started-at="2016-03-21T18:31:19Z" finished-at="2016-03-21T18:31:19Z">
          <params>
            <param index="0">
              <value>
                <![CDATA[[TestResult name=tc003_HGH_LoginErrorScenarios status=SUCCESS method=HGHTestCustomer.tc003_HGH_LoginErrorScenarios(java.lang.String, java.lang.String, java.lang.String)[pri:0, instance:org.hgh.testmethods.HGHTestCustomer@1ed4004b] output={null}]]]>
              </value>
            </param>
          </params>
          <reporter-output>
          </reporter-output>
        </test-method> <!-- takeScreenshot -->
        <test-method status="PASS" signature="startRecording(java.lang.reflect.Method)[pri:0, instance:org.hgh.testmethods.HGHTestCustomer@1ed4004b]" name="startRecording" is-config="true" duration-ms="1" started-at="2016-03-21T18:31:21Z" finished-at="2016-03-21T18:31:21Z">
          <params>
            <param index="0">
              <value>
                <![CDATA[public void org.hgh.testmethods.HGHTestCustomer.tc003_HGH_LoginErrorScenarios(java.lang.String,java.lang.String,java.lang.String) throws java.lang.Exception]]>
              </value>
            </param>
          </params>
          <reporter-output>
          </reporter-output>
        </test-method> <!-- startRecording -->
[...]
  (Session info: chrome=49.0.2623.87)
  (Driver info: chromedriver=2.20.353145 (343b531d31eeb933ec778dbcf7081628a1396067),platform=Windows NT 6.3 x86_64) (WARNING: The server did not provide any stacktrace information)
Command duration or timeout: 2.03 seconds
Build info: version: '2.52.0', revision: '4c2593cfc3689a7fcd7be52549167e5ccc93ad28', time: '2016-02-11 11:22:43'
System info: host: 'swuni-QA-04', ip: '192.168.2.251', os.name: 'Windows 8.1', os.arch: 'amd64', os.version: '6.3', java.version: '1.8.0_73'
Driver info: org.openqa.selenium.chrome.ChromeDriver
Capabilities [{applicationCacheEnabled=false, rotatable=false, mobileEmulationEnabled=false, chrome={userDataDir=C:\Users\hemanth\AppData\Local\Temp\scoped_dir5888_17332}, takesHeapSnapshot=true, databaseEnabled=false, handlesAlerts=true, hasTouchScreen=false, version=49.0.2623.87, platform=WIN8_1, browserConnectionEnabled=false, nativeEvents=true, acceptSslCerts=true, locationContextEnabled=true, webStorageEnabled=true, browserName=chrome, takesScreenshot=true, javascriptEnabled=true, cssSelectorsEnabled=true}]
Session ID: 87ed3fb337ff5551ddfd1b34631d70c3]]>
            </message>
            <full-stacktrace>
              <![CDATA[org.openqa.selenium.WebDriverException: chrome not reachable
  (Session info: chrome=49.0.2623.87)
  (Driver info: chromedriver=2.20.353145 (343b531d31eeb933ec778dbcf7081628a1396067),platform=Windows NT 6.3 x86_64) (WARNING: The server did not provide any stacktrace information)
Command duration or timeout: 2.03 seconds
Build info: version: '2.52.0', revision: '4c2593cfc3689a7fcd7be52549167e5ccc93ad28', time: '2016-02-11 11:22:43'
System info: host: 'swuni-QA-04', ip: '192.168.2.251', os.name: 'Windows 8.1', os.arch: 'amd64', os.version: '6.3', java.version: '1.8.0_73'
Driver info: org.openqa.selenium.chrome.ChromeDriver
Capabilities [{applicationCacheEnabled=false, rotatable=false, mobileEmulationEnabled=false, chrome={userDataDir=C:\Users\hemanth\AppData\Local\Temp\scoped_dir5888_17332}, takesHeapSnapshot=true, databaseEnabled=false, handlesAlerts=true, hasTouchScreen=false, version=49.0.2623.87, platform=WIN8_1, browserConnectionEnabled=false, nativeEvents=true, acceptSslCerts=true, locationContextEnabled=true, webStorageEnabled=true, browserName=chrome, takesScreenshot=true, javascriptEnabled=true, cssSelectorsEnabled=true}]
Session ID: 87ed3fb337ff5551ddfd1b34631d70c3
	at sun.reflect.GeneratedConstructorAccessor21.newInstance(Unknown Source)
	at sun.reflect.DelegatingConstructorAccessorImpl.newInstance(Unknown Source)
	at java.lang.reflect.Constructor.newInstance(Unknown Source)
	at org.openqa.selenium.remote.ErrorHandler.createThrowable(ErrorHandler.java:206)
	at org.openqa.selenium.remote.ErrorHandler.throwIfResponseFailed(ErrorHandler.java:158)
	at org.openqa.selenium.remote.RemoteWebDriver.execute(RemoteWebDriver.java:678)
	at org.openqa.selenium.remote.RemoteWebDriver.get(RemoteWebDriver.java:316)
	at org.hgh.maincontroller.MainController.setUp(MainController.java:87)
	at sun.reflect.GeneratedMethodAccessor9.invoke(Unknown Source)
	at sun.reflect.DelegatingMethodAccessorImpl.invoke(Unknown Source)
	at java.lang.reflect.Method.invoke(Unknown Source)
	at org.testng.internal.MethodInvocationHelper.invokeMethod(MethodInvocationHelper.java:86)
	at org.testng.internal.Invoker.invokeConfigurationMethod(Invoker.java:514)
	at org.testng.internal.Invoker.invokeConfigurations(Invoker.java:215)
	at org.testng.internal.Invoker.invokeMethod(Invoker.java:589)
	at org.testng.internal.Invoker.invokeTestMethod(Invoker.java:822)
	at org.testng.internal.Invoker.invokeTestMethods(Invoker.java:1130)
	at org.testng.internal.TestMethodWorker.invokeTestMethods(TestMethodWorker.java:129)
	at org.testng.internal.TestMethodWorker.run(TestMethodWorker.java:112)
	at org.testng.TestRunner.privateRun(TestRunner.java:782)
	at org.testng.TestRunner.run(TestRunner.java:632)
	at org.testng.SuiteRunner.runTest(SuiteRunner.java:366)
	at org.testng.SuiteRunner.runSequentially(SuiteRunner.java:361)
	at org.testng.SuiteRunner.privateRun(SuiteRunner.java:319)
	at org.testng.SuiteRunner.run(SuiteRunner.java:268)
	at org.testng.SuiteRunnerWorker.runSuite(SuiteRunnerWorker.java:52)
	at org.testng.SuiteRunnerWorker.run(SuiteRunnerWorker.java:86)
	at org.testng.TestNG.runSuitesSequentially(TestNG.java:1244)
	at org.testng.TestNG.runSuitesLocally(TestNG.java:1169)
	at org.testng.TestNG.run(TestNG.java:1064)
	at org.testng.remote.RemoteTestNG.run(RemoteTestNG.java:113)
	at org.testng.remote.RemoteTestNG.initAndRun(RemoteTestNG.java:206)
	at org.testng.remote.RemoteTestNG.main(RemoteTestNG.java:177)
]]>
            </full-stacktrace>
          </exception> <!-- org.openqa.selenium.WebDriverException -->
          <reporter-output>
          </reporter-output>
        </test-method> <!-- setUp -->
        <test-method status="PASS" signature="startRecording(java.lang.reflect.Method)[pri:0, instance:org.hgh.testmethods.HGHTestCustomer@1ed4004b]" name="startRecording" is-config="true" duration-ms="0" started-at="2016-03-21T18:32:19Z" finished-at="2016-03-21T18:32:19Z">
          <params>
            <param index="0">
              <value>
                <![CDATA[public void org.hgh.testmethods.HGHTestCustomer.tc014_HGH_quickOrderPad() throws java.lang.Exception]]>
              </value>
            </param>
          </params>
          <reporter-output>
          </reporter-output>
        </test-method> <!-- startRecording -->
        <test-method status="PASS" signature="callStopRecording()[pri:0, instance:org.hgh.testmethods.HGHTestCustomer@1ed4004b]" name="callStopRecording" is-config="true" duration-ms="0" started-at="2016-03-21T18:32:19Z" finished-at="2016-03-21T18:32:19Z">
          <reporter-output>
          </reporter-output>
        </test-method> <!-- callStopRecording -->
        <test-method status="SKIP" signature="tc014_HGH_quickOrderPad()[pri:0, instance:org.hgh.testmethods.HGHTestCustomer@1ed4004b]" name="tc014_HGH_quickOrderPad" duration-ms="0" started-at="2016-03-21T18:32:19Z" finished-at="2016-03-21T18:32:19Z">
          <reporter-output>
          </reporter-output>
        </test-method> <!-- tc014_HGH_quickOrderPad -->
        <test-method status="PASS" signature="checkForLogout()[pri:0, instance:org.hgh.testmethods.HGHTestCustomer@1ed4004b]" name="checkForLogout" is-config="true" duration-ms="2031" started-at="2016-03-21T18:32:19Z" finished-at="2016-03-21T18:32:21Z">
          <reporter-output>
          </reporter-output>
        </test-method> <!-- checkForLogout -->
        <test-method status="FAIL" signature="setUp()[pri:0, instance:org.hgh.testmethods.HGHTestCustomer@1ed4004b]" name="setUp" is-config="true" duration-ms="0" started-at="2016-03-21T18:32:21Z" finished-at="2016-03-21T18:32:21Z">
          <exception class="org.openqa.selenium.WebDriverException">
            <message>
              <![CDATA[chrome not reachable
  (Session info: chrome=49.0.2623.87)
  (Driver info: chromedriver=2.20.353145 (343b531d31eeb933ec778dbcf7081628a1396067),platform=Windows NT 6.3 x86_64) (WARNING: The server did not provide any stacktrace information)
Command duration or timeout: 2.06 seconds
Build info: version: '2.52.0', revision: '4c2593cfc3689a7fcd7be52549167e5ccc93ad28', time: '2016-02-11 11:22:43'
System info: host: 'swuni-QA-04', ip: '192.168.2.251', os.name: 'Windows 8.1', os.arch: 'amd64', os.version: '6.3', java.version: '1.8.0_73'
Driver info: org.openqa.selenium.chrome.ChromeDriver
Capabilities [{applicationCacheEnabled=false, rotatable=false, mobileEmulationEnabled=false, chrome={userDataDir=C:\Users\hemanth\AppData\Local\Temp\scoped_dir5888_17332}, takesHeapSnapshot=true, databaseEnabled=false, handlesAlerts=true, hasTouchScreen=false, version=49.0.2623.87, platform=WIN8_1, browserConnectionEnabled=false, nativeEvents=true, acceptSslCerts=true, locationContextEnabled=true, webStorageEnabled=true, browserName=chrome, takesScreenshot=true, javascriptEnabled=true, cssSelectorsEnabled=true}]
Session ID: 87ed3fb337ff5551ddfd1b34631d70c3]]>
            </message>
            <full-stacktrace>
              <![CDATA[org.openqa.selenium.WebDriverException: chrome not reachable
  (Session info: chrome=49.0.2623.87)
  (Driver info: chromedriver=2.20.353145 (343b531d31eeb933ec778dbcf7081628a1396067),platform=Windows NT 6.3 x86_64) (WARNING: The server did not provide any stacktrace information)
Command duration or timeout: 2.06 seconds
Build info: version: '2.52.0', revision: '4c2593cfc3689a7fcd7be52549167e5ccc93ad28', time: '2016-02-11 11:22:43'
System info: host: 'swuni-QA-04', ip: '192.168.2.251', os.name: 'Windows 8.1', os.arch: 'amd64', os.version: '6.3', java.version: '1.8.0_73'
Driver info: org.openqa.selenium.chrome.ChromeDriver
Capabilities [{applicationCacheEnabled=false, rotatable=false, mobileEmulationEnabled=false, chrome={userDataDir=C:\Users\hemanth\AppData\Local\Temp\scoped_dir5888_17332}, takesHeapSnapshot=true, databaseEnabled=false, handlesAlerts=true, hasTouchScreen=false, version=49.0.2623.87, platform=WIN8_1, browserConnectionEnabled=false, nativeEvents=true, acceptSslCerts=true, locationContextEnabled=true, webStorageEnabled=true, browserName=chrome, takesScreenshot=true, javascriptEnabled=true, cssSelectorsEnabled=true}]
Session ID: 87ed3fb337ff5551ddfd1b34631d70c3
	at sun.reflect.GeneratedConstructorAccessor21.newInstance(Unknown Source)
	at sun.reflect.DelegatingConstructorAccessorImpl.newInstance(Unknown Source)
	at java.lang.reflect.Constructor.newInstance(Unknown Source)
	at org.openqa.selenium.remote.ErrorHandler.createThrowable(ErrorHandler.java:206)
	at org.openqa.selenium.remote.ErrorHandler.throwIfResponseFailed(ErrorHandler.java:158)
	at org.openqa.selenium.remote.RemoteWebDriver.execute(RemoteWebDriver.java:678)
	at org.openqa.selenium.remote.RemoteWebDriver.get(RemoteWebDriver.java:316)
	at org.hgh.maincontroller.MainController.setUp(MainController.java:87)
	at sun.reflect.GeneratedMethodAccessor9.invoke(Unknown Source)
	at sun.reflect.DelegatingMethodAccessorImpl.invoke(Unknown Source)
	at java.lang.reflect.Method.invoke(Unknown Source)
	at org.testng.internal.MethodInvocationHelper.invokeMethod(MethodInvocationHelper.java:86)
	at org.testng.internal.Invoker.invokeConfigurationMethod(Invoker.java:514)
	at org.testng.internal.Invoker.invokeConfigurations(Invoker.java:215)
	at org.testng.internal.Invoker.invokeMethod(Invoker.java:589)
	at org.testng.internal.Invoker.invokeTestMethod(Invoker.java:822)
	at org.testng.internal.Invoker.invokeTestMethods(Invoker.java:1130)
	at org.testng.internal.TestMethodWorker.invokeTestMethods(TestMethodWorker.java:129)
	at org.testng.internal.TestMethodWorker.run(TestMethodWorker.java:112)
	at org.testng.TestRunner.privateRun(TestRunner.java:782)
	at org.testng.TestRunner.run(TestRunner.java:632)
	at org.testng.SuiteRunner.runTest(SuiteRunner.java:366)
	at org.testng.SuiteRunner.runSequentially(SuiteRunner.java:361)
	at org.testng.SuiteRunner.privateRun(SuiteRunner.java:319)
	at org.testng.SuiteRunner.run(SuiteRunner.java:268)
	at org.testng.SuiteRunnerWorker.runSuite(SuiteRunnerWorker.java:52)
	at org.testng.SuiteRunnerWorker.run(SuiteRunnerWorker.java:86)
	at org.testng.TestNG.runSuitesSequentially(TestNG.java:1244)
	at org.testng.TestNG.runSuitesLocally(TestNG.java:1169)
	at org.testng.TestNG.run(TestNG.java:1064)
	at org.testng.remote.RemoteTestNG.run(RemoteTestNG.java:113)
	at org.testng.remote.RemoteTestNG.initAndRun(RemoteTestNG.java:206)
	at org.testng.remote.RemoteTestNG.main(RemoteTestNG.java:177)
]]>
            </full-stacktrace>
          </exception> <!-- org.openqa.selenium.WebDriverException -->
          <reporter-output>
          </reporter-output>
        </test-method> <!-- setUp -->
        <test-method status="PASS" signature="takeScreenshot(org.testng.ITestResult)[pri:0, instance:org.hgh.testmethods.HGHTestCustomer@1ed4004b]" name="takeScreenshot" is-config="true" duration-ms="0" started-at="2016-03-21T18:32:21Z" finished-at="2016-03-21T18:32:21Z">
          <params>
            <param index="0">
              <value>
                <![CDATA[[TestResult name=tc014_HGH_quickOrderPad status=SKIP method=HGHTestCustomer.tc014_HGH_quickOrderPad()[pri:0, instance:org.hgh.testmethods.HGHTestCustomer@1ed4004b] output={null}]]]>
              </value>
            </param>
          </params>
          <reporter-output>
          </reporter-output>
        </test-method> <!-- takeScreenshot -->
        <test-method status="PASS" signature="startRecording(java.lang.reflect.Method)[pri:0, instance:org.hgh.testmethods.HGHTestCustomer@1ed4004b]" name="startRecording" is-config="true" duration-ms="0" started-at="2016-03-21T18:32:23Z" finished-at="2016-03-21T18:32:23Z">
          <params>
            <param index="0">
              <value>
                <![CDATA[public void org.hgh.testmethods.HGHTestCustomer.tc015_HGH_requestForQuote() throws java.lang.Exception]]>
              </value>
            </param>
          </params>
          <reporter-output>
          </reporter-output>
        </test-method> <!-- startRecording -->
        <test-method status="SKIP" signature="tc015_HGH_requestForQuote()[pri:0, instance:org.hgh.testmethods.HGHTestCustomer@1ed4004b]" name="tc015_HGH_requestForQuote" duration-ms="0" started-at="2016-03-21T18:32:23Z" finished-at="2016-03-21T18:32:23Z">
          <reporter-output>
          </reporter-output>
        </test-method> <!-- tc015_HGH_requestForQuote -->
        <test-method status="PASS" signature="callStopRecording()[pri:0, instance:org.hgh.testmethods.HGHTestCustomer@1ed4004b]" name="callStopRecording" is-config="true" duration-ms="0" started-at="2016-03-21T18:32:23Z" finished-at="2016-03-21T18:32:23Z">
          <reporter-output>
          </reporter-output>
        </test-method> <!-- callStopRecording -->
        <test-method status="PASS" signature="checkForLogout()[pri:0, instance:org.hgh.testmethods.HGHTestCustomer@1ed4004b]" name="checkForLogout" is-config="true" duration-ms="2063" started-at="2016-03-21T18:32:23Z" finished-at="2016-03-21T18:32:25Z">
          <reporter-output>
          </reporter-output>
        </test-method> <!-- checkForLogout -->
        <test-method status="PASS" signature="takeScreenshot(org.testng.ITestResult)[pri:0, instance:org.hgh.testmethods.HGHTestCustomer@1ed4004b]" name="takeScreenshot" is-config="true" duration-ms="0" started-at="2016-03-21T18:32:25Z" finished-at="2016-03-21T18:32:25Z">
          <params>
            <param index="0">
              <value>
                <![CDATA[[TestResult name=tc015_HGH_requestForQuote status=SKIP method=HGHTestCustomer.tc015_HGH_requestForQuote()[pri:0, instance:org.hgh.testmethods.HGHTestCustomer@1ed4004b] output={null}]]]>
              </value>
            </param>
          </params>
          <reporter-output>
          </reporter-output>
        </test-method> <!-- takeScreenshot -->
        <test-method status="FAIL" signature="tearDownClass()[pri:0, instance:org.hgh.testmethods.HGHTestCustomer@1ed4004b]" name="tearDownClass" is-config="true" duration-ms="0" started-at="2016-03-21T18:32:26Z" finished-at="2016-03-21T18:32:26Z">
          <exception class="org.openqa.selenium.WebDriverException">
            <message>
              <![CDATA[chrome not reachable
  (Session info: chrome=49.0.2623.87)
  (Driver info: chromedriver=2.20.353145 (343b531d31eeb933ec778dbcf7081628a1396067),platform=Windows NT 6.3 x86_64) (WARNING: The server did not provide any stacktrace information)
Command duration or timeout: 1.02 seconds
Build info: version: '2.52.0', revision: '4c2593cfc3689a7fcd7be52549167e5ccc93ad28', time: '2016-02-11 11:22:43'
System info: host: 'swuni-QA-04', ip: '192.168.2.251', os.name: 'Windows 8.1', os.arch: 'amd64', os.version: '6.3', java.version: '1.8.0_73'
Driver info: org.openqa.selenium.chrome.ChromeDriver
Capabilities [{applicationCacheEnabled=false, rotatable=false, mobileEmulationEnabled=false, chrome={userDataDir=C:\Users\hemanth\AppData\Local\Temp\scoped_dir5888_17332}, takesHeapSnapshot=true, databaseEnabled=false, handlesAlerts=true, hasTouchScreen=false, version=49.0.2623.87, platform=WIN8_1, browserConnectionEnabled=false, nativeEvents=true, acceptSslCerts=true, locationContextEnabled=true, webStorageEnabled=true, browserName=chrome, takesScreenshot=true, javascriptEnabled=true, cssSelectorsEnabled=true}]
Session ID: 87ed3fb337ff5551ddfd1b34631d70c3]]>
            </message>
            <full-stacktrace>
              <![CDATA[org.openqa.selenium.WebDriverException: chrome not reachable
  (Session info: chrome=49.0.2623.87)
  (Driver info: chromedriver=2.20.353145 (343b531d31eeb933ec778dbcf7081628a1396067),platform=Windows NT 6.3 x86_64) (WARNING: The server did not provide any stacktrace information)
Command duration or timeout: 1.02 seconds
Build info: version: '2.52.0', revision: '4c2593cfc3689a7fcd7be52549167e5ccc93ad28', time: '2016-02-11 11:22:43'
System info: host: 'swuni-QA-04', ip: '192.168.2.251', os.name: 'Windows 8.1', os.arch: 'amd64', os.version: '6.3', java.version: '1.8.0_73'
Driver info: org.openqa.selenium.chrome.ChromeDriver
Capabilities [{applicationCacheEnabled=false, rotatable=false, mobileEmulationEnabled=false, chrome={userDataDir=C:\Users\hemanth\AppData\Local\Temp\scoped_dir5888_17332}, takesHeapSnapshot=true, databaseEnabled=false, handlesAlerts=true, hasTouchScreen=false, version=49.0.2623.87, platform=WIN8_1, browserConnectionEnabled=false, nativeEvents=true, acceptSslCerts=true, locationContextEnabled=true, webStorageEnabled=true, browserName=chrome, takesScreenshot=true, javascriptEnabled=true, cssSelectorsEnabled=true}]
Session ID: 87ed3fb337ff5551ddfd1b34631d70c3
	at sun.reflect.GeneratedConstructorAccessor21.newInstance(Unknown Source)
	at sun.reflect.DelegatingConstructorAccessorImpl.newInstance(Unknown Source)
	at java.lang.reflect.Constructor.newInstance(Unknown Source)
	at org.openqa.selenium.remote.ErrorHandler.createThrowable(ErrorHandler.java:206)
	at org.openqa.selenium.remote.ErrorHandler.throwIfResponseFailed(ErrorHandler.java:158)
	at org.openqa.selenium.remote.RemoteWebDriver.execute(RemoteWebDriver.java:678)
	at org.openqa.selenium.remote.RemoteWebDriver.execute(RemoteWebDriver.java:701)
	at org.openqa.selenium.remote.RemoteWebDriver.close(RemoteWebDriver.java:521)
	at org.hgh.maincontroller.MainController.tearDownClass(MainController.java:218)
	at sun.reflect.NativeMethodAccessorImpl.invoke0(Native Method)
	at sun.reflect.NativeMethodAccessorImpl.invoke(Unknown Source)
	at sun.reflect.DelegatingMethodAccessorImpl.invoke(Unknown Source)
	at java.lang.reflect.Method.invoke(Unknown Source)
	at org.testng.internal.MethodInvocationHelper.invokeMethod(MethodInvocationHelper.java:86)
	at org.testng.internal.Invoker.invokeConfigurationMethod(Invoker.java:514)
	at org.testng.internal.Invoker.invokeConfigurations(Invoker.java:215)
	at org.testng.internal.Invoker.invokeConfigurations(Invoker.java:142)
	at org.testng.SuiteRunner.privateRun(SuiteRunner.java:336)
	at org.testng.SuiteRunner.run(SuiteRunner.java:268)
	at org.testng.SuiteRunnerWorker.runSuite(SuiteRunnerWorker.java:52)
	at org.testng.SuiteRunnerWorker.run(SuiteRunnerWorker.java:86)
	at org.testng.TestNG.runSuitesSequentially(TestNG.java:1244)
	at org.testng.TestNG.runSuitesLocally(TestNG.java:1169)
	at org.testng.TestNG.run(TestNG.java:1064)
	at org.testng.remote.RemoteTestNG.run(RemoteTestNG.java:113)
	at org.testng.remote.RemoteTestNG.initAndRun(RemoteTestNG.java:206)
	at org.testng.remote.RemoteTestNG.main(RemoteTestNG.java:177)
]]>
            </full-stacktrace>
          </exception> <!-- org.openqa.selenium.WebDriverException -->
          <reporter-output>
          </reporter-output>
        </test-method> <!-- tearDownClass -->
      </class> <!-- org.hgh.testmethods.HGHTestCustomer -->
    </test> <!-- HGHWebApplicationTesting -->
  </suite> <!-- HGHSuite -->
</testng-results>
