<?xml version="1.0" encoding="UTF-8"?>
<testng-results skipped="0" failed="7" total="56" passed="49">
  <reporter-output>
  </reporter-output>
  <suite name="HGHSuite" duration-ms="1715541" started-at="2016-03-29T11:46:54Z" finished-at="2016-03-29T12:15:30Z">
    <groups>
      <group name="regression">
        <method signature="HGHTestCustomer.TS_Login_001_TC_HGH_Login_004_005_006_007_ErrorScenarios(java.lang.String, java.lang.String, java.lang.String)[pri:0, instance:org.hgh.testmethods.HGHTestCustomer@1ed4004b]" name="TS_Login_001_TC_HGH_Login_004_005_006_007_ErrorScenarios" class="org.hgh.testmethods.HGHTestCustomer"/>
        <method signature="HGHTestCustomer.TS_Login_001_TC_HGH_Login_008_Verify_Tab_focus()[pri:0, instance:org.hgh.testmethods.HGHTestCustomer@1ed4004b]" name="TS_Login_001_TC_HGH_Login_008_Verify_Tab_focus" class="org.hgh.testmethods.HGHTestCustomer"/>
        <method signature="HGHTestCustomer.TS_Login_001_TS_Login_006_TC_Login_001_TC_Login_002_TC_Login_024_TC_Login_025_TC_Login_026_TC_Login_027_HGH()[pri:0, instance:org.hgh.testmethods.HGHTestCustomer@1ed4004b]" name="TS_Login_001_TS_Login_006_TC_Login_001_TC_Login_002_TC_Login_024_TC_Login_025_TC_Login_026_TC_Login_027_HGH" class="org.hgh.testmethods.HGHTestCustomer"/>
        <method signature="HGHTestCustomer.TS_Login_002_TC_HGH_Login_009_010_RememberPassword_UserNameAndPasswordRefill()[pri:0, instance:org.hgh.testmethods.HGHTestCustomer@1ed4004b]" name="TS_Login_002_TC_HGH_Login_009_010_RememberPassword_UserNameAndPasswordRefill" class="org.hgh.testmethods.HGHTestCustomer"/>
        <method signature="HGHTestCustomer.TS_Login_002_TC_HGH_Login_011_AutofillLogin()[pri:0, instance:org.hgh.testmethods.HGHTestCustomer@1ed4004b]" name="TS_Login_002_TC_HGH_Login_011_AutofillLogin" class="org.hgh.testmethods.HGHTestCustomer"/>
        <method signature="HGHTestCustomer.TS_Login_002_TC_HGH_Login_012_uncheckRememberMeWhenInAutoFillForm()[pri:0, instance:org.hgh.testmethods.HGHTestCustomer@1ed4004b]" name="TS_Login_002_TC_HGH_Login_012_uncheckRememberMeWhenInAutoFillForm" class="org.hgh.testmethods.HGHTestCustomer"/>
        <method signature="HGHTestCustomer.TS_Login_002_TC_HGH_Login_013_myProductGroupLoginPopupRememberMeClickUncheck()[pri:0, instance:org.hgh.testmethods.HGHTestCustomer@1ed4004b]" name="TS_Login_002_TC_HGH_Login_013_myProductGroupLoginPopupRememberMeClickUncheck" class="org.hgh.testmethods.HGHTestCustomer"/>
        <method signature="HGHTestCustomer.TS_Login_002_TC_HGH_Login_014_myProductGroupLoginPopupRememberMeClickCheck()[pri:0, instance:org.hgh.testmethods.HGHTestCustomer@1ed4004b]" name="TS_Login_002_TC_HGH_Login_014_myProductGroupLoginPopupRememberMeClickCheck" class="org.hgh.testmethods.HGHTestCustomer"/>
        <method signature="HGHTestCustomer.TS_Login_002_TC_HGH_Login_015_rememberMeAsALink()[pri:0, instance:org.hgh.testmethods.HGHTestCustomer@1ed4004b]" name="TS_Login_002_TC_HGH_Login_015_rememberMeAsALink" class="org.hgh.testmethods.HGHTestCustomer"/>
        <method signature="HGHTestCustomer.TS_Login_002_TC_HGH_Login_016_017_18_rememberMeCheckboxTest()[pri:0, instance:org.hgh.testmethods.HGHTestCustomer@1ed4004b]" name="TS_Login_002_TC_HGH_Login_016_017_18_rememberMeCheckboxTest" class="org.hgh.testmethods.HGHTestCustomer"/>
        <method signature="HGHTestCustomer.TS_Login_003_TC_HGH_Login_019_verifyRegisterPage()[pri:0, instance:org.hgh.testmethods.HGHTestCustomer@1ed4004b]" name="TS_Login_003_TC_HGH_Login_019_verifyRegisterPage" class="org.hgh.testmethods.HGHTestCustomer"/>
        <method signature="HGHTestCustomer.TS_Login_004_TC_HGH_Login_020_verifyForgotPasswordPage()[pri:0, instance:org.hgh.testmethods.HGHTestCustomer@1ed4004b]" name="TS_Login_004_TC_HGH_Login_020_verifyForgotPasswordPage" class="org.hgh.testmethods.HGHTestCustomer"/>
        <method signature="HGHTestCustomer.TS_Login_005_TC_HGH_Login_021_loginVerifyOrderTopToBottom()[pri:0, instance:org.hgh.testmethods.HGHTestCustomer@1ed4004b]" name="TS_Login_005_TC_HGH_Login_021_loginVerifyOrderTopToBottom" class="org.hgh.testmethods.HGHTestCustomer"/>
        <method signature="HGHTestCustomer.TS_Login_005_TC_HGH_Login_022_loginVerifyOrderBottomToTop()[pri:0, instance:org.hgh.testmethods.HGHTestCustomer@1ed4004b]" name="TS_Login_005_TC_HGH_Login_022_loginVerifyOrderBottomToTop" class="org.hgh.testmethods.HGHTestCustomer"/>
        <method signature="HGHTestCustomer.TS_ShoppingCart_001_TC_ShoppingCart_001_HGH_guestUserAddingItemToCart()[pri:0, instance:org.hgh.testmethods.HGHTestCustomer@1ed4004b]" name="TS_ShoppingCart_001_TC_ShoppingCart_001_HGH_guestUserAddingItemToCart" class="org.hgh.testmethods.HGHTestCustomer"/>
        <method signature="HGHTestCustomer.TS_ShoppingCart_001_TC_ShoppingCart_002_TC_ShoppingCart_019_TC_ShoppingCart_020_TC_ShoppingCart_021_HGH_signedUserAddingItemToCart()[pri:0, instance:org.hgh.testmethods.HGHTestCustomer@1ed4004b]" name="TS_ShoppingCart_001_TC_ShoppingCart_002_TC_ShoppingCart_019_TC_ShoppingCart_020_TC_ShoppingCart_021_HGH_signedUserAddingItemToCart" class="org.hgh.testmethods.HGHTestCustomer"/>
        <method signature="HGHTestCustomer.TS_ShoppingCart_001_TC_ShoppingCart_003_HGH_signedUser_ShoppingCartQuanitityUpdate()[pri:0, instance:org.hgh.testmethods.HGHTestCustomer@1ed4004b]" name="TS_ShoppingCart_001_TC_ShoppingCart_003_HGH_signedUser_ShoppingCartQuanitityUpdate" class="org.hgh.testmethods.HGHTestCustomer"/>
        <method signature="HGHTestCustomer.TS_ShoppingCart_001_TC_ShoppingCart_004_HGH_signedUser_ShoppingCartQuanitityUpdateWithZero()[pri:0, instance:org.hgh.testmethods.HGHTestCustomer@1ed4004b]" name="TS_ShoppingCart_001_TC_ShoppingCart_004_HGH_signedUser_ShoppingCartQuanitityUpdateWithZero" class="org.hgh.testmethods.HGHTestCustomer"/>
        <method signature="HGHTestCustomer.TS_ShoppingCart_001_TC_ShoppingCart_005_HGH_signedUser_ShoppingCartDeleteToolTip()[pri:0, instance:org.hgh.testmethods.HGHTestCustomer@1ed4004b]" name="TS_ShoppingCart_001_TC_ShoppingCart_005_HGH_signedUser_ShoppingCartDeleteToolTip" class="org.hgh.testmethods.HGHTestCustomer"/>
        <method signature="HGHTestCustomer.TS_ShoppingCart_001_TC_ShoppingCart_006_HGH_signedUser_DeleteLinkForDeletingTheItem()[pri:0, instance:org.hgh.testmethods.HGHTestCustomer@1ed4004b]" name="TS_ShoppingCart_001_TC_ShoppingCart_006_HGH_signedUser_DeleteLinkForDeletingTheItem" class="org.hgh.testmethods.HGHTestCustomer"/>
        <method signature="HGHTestCustomer.TS_ShoppingCart_001_TC_ShoppingCart_007_HGH_signedUser_CancellingOfDeletingTheItemThroughDeleteLink()[pri:0, instance:org.hgh.testmethods.HGHTestCustomer@1ed4004b]" name="TS_ShoppingCart_001_TC_ShoppingCart_007_HGH_signedUser_CancellingOfDeletingTheItemThroughDeleteLink" class="org.hgh.testmethods.HGHTestCustomer"/>
        <method signature="HGHTestCustomer.TS_ShoppingCart_001_TC_ShoppingCart_008_HGH_signedUser_clickOnImageNavigateBackToPDP()[pri:0, instance:org.hgh.testmethods.HGHTestCustomer@1ed4004b]" name="TS_ShoppingCart_001_TC_ShoppingCart_008_HGH_signedUser_clickOnImageNavigateBackToPDP" class="org.hgh.testmethods.HGHTestCustomer"/>
        <method signature="HGHTestCustomer.TS_ShoppingCart_001_TC_ShoppingCart_009_HGH_signedUser_clickOnProductDescNavigateBackToPDP()[pri:0, instance:org.hgh.testmethods.HGHTestCustomer@1ed4004b]" name="TS_ShoppingCart_001_TC_ShoppingCart_009_HGH_signedUser_clickOnProductDescNavigateBackToPDP" class="org.hgh.testmethods.HGHTestCustomer"/>
        <method signature="HGHTestCustomer.TS_ShoppingCart_001_TC_ShoppingCart_013_HGH_shipViaMethodModication()[pri:0, instance:org.hgh.testmethods.HGHTestCustomer@1ed4004b]" name="TS_ShoppingCart_001_TC_ShoppingCart_013_HGH_shipViaMethodModication" class="org.hgh.testmethods.HGHTestCustomer"/>
        <method signature="HGHTestCustomer.TS_ShoppingCart_001_TC_ShoppingCart_014_HGH_signedUser_ShoppingCartRefreshToolTip()[pri:0, instance:org.hgh.testmethods.HGHTestCustomer@1ed4004b]" name="TS_ShoppingCart_001_TC_ShoppingCart_014_HGH_signedUser_ShoppingCartRefreshToolTip" class="org.hgh.testmethods.HGHTestCustomer"/>
        <method signature="HGHTestCustomer.TS_ShoppingCart_001_TC_ShoppingCart_015_HGH_refreshFunctionality()[pri:0, instance:org.hgh.testmethods.HGHTestCustomer@1ed4004b]" name="TS_ShoppingCart_001_TC_ShoppingCart_015_HGH_refreshFunctionality" class="org.hgh.testmethods.HGHTestCustomer"/>
        <method signature="HGHTestCustomer.TS_ShoppingCart_001_TC_ShoppingCart_017_HGH_collapseViewAndExpandView()[pri:0, instance:org.hgh.testmethods.HGHTestCustomer@1ed4004b]" name="TS_ShoppingCart_001_TC_ShoppingCart_017_HGH_collapseViewAndExpandView" class="org.hgh.testmethods.HGHTestCustomer"/>
        <method signature="HGHTestCustomer.TS_ShoppingCart_001_TC_ShoppingCart_018_HGH_sortByDropdownListValues()[pri:0, instance:org.hgh.testmethods.HGHTestCustomer@1ed4004b]" name="TS_ShoppingCart_001_TC_ShoppingCart_018_HGH_sortByDropdownListValues" class="org.hgh.testmethods.HGHTestCustomer"/>
        <method signature="HGHTestCustomer.TS_ShoppingCart_002_TC_ShoppingCart_010_HGH_signedUser_verifyContinueShoppingButton()[pri:0, instance:org.hgh.testmethods.HGHTestCustomer@1ed4004b]" name="TS_ShoppingCart_002_TC_ShoppingCart_010_HGH_signedUser_verifyContinueShoppingButton" class="org.hgh.testmethods.HGHTestCustomer"/>
        <method signature="HGHTestCustomer.TS_ShoppingCart_002_TC_ShoppingCart_011_HGH_saveCart()[pri:0, instance:org.hgh.testmethods.HGHTestCustomer@1ed4004b]" name="TS_ShoppingCart_002_TC_ShoppingCart_011_HGH_saveCart" class="org.hgh.testmethods.HGHTestCustomer"/>
        <method signature="HGHTestCustomer.TS_ShoppingCart_002_TC_ShoppingCart_012_HGH_saveCart_ClickOnCofirmationPopup()[pri:0, instance:org.hgh.testmethods.HGHTestCustomer@1ed4004b]" name="TS_ShoppingCart_002_TC_ShoppingCart_012_HGH_saveCart_ClickOnCofirmationPopup" class="org.hgh.testmethods.HGHTestCustomer"/>
        <method signature="HGHTestCustomer.TS_ShoppingCart_002_TC_ShoppingCart_016_HGH_emptyCartFunctionality()[pri:0, instance:org.hgh.testmethods.HGHTestCustomer@1ed4004b]" name="TS_ShoppingCart_002_TC_ShoppingCart_016_HGH_emptyCartFunctionality" class="org.hgh.testmethods.HGHTestCustomer"/>
        <method signature="HGHTestCustomer.tc001_HGH_Registration_ErrorScenarios(java.lang.String, java.lang.String, java.lang.String, java.lang.String, java.lang.String, java.lang.String, java.lang.String, java.lang.String, java.lang.String, java.lang.String, java.lang.String, java.lang.String, java.lang.String, java.lang.String, java.lang.String)[pri:0, instance:org.hgh.testmethods.HGHTestCustomer@1ed4004b]" name="tc001_HGH_Registration_ErrorScenarios" class="org.hgh.testmethods.HGHTestCustomer"/>
        <method signature="HGHTestCustomer.tc004_HGH_generalSearch()[pri:0, instance:org.hgh.testmethods.HGHTestCustomer@1ed4004b]" name="tc004_HGH_generalSearch" class="org.hgh.testmethods.HGHTestCustomer"/>
        <method signature="HGHTestCustomer.tc005_HGH_ListViewGridView()[pri:0, instance:org.hgh.testmethods.HGHTestCustomer@1ed4004b]" name="tc005_HGH_ListViewGridView" class="org.hgh.testmethods.HGHTestCustomer"/>
        <method signature="HGHTestCustomer.tc006_HGH_ProductListPage()[pri:0, instance:org.hgh.testmethods.HGHTestCustomer@1ed4004b]" name="tc006_HGH_ProductListPage" class="org.hgh.testmethods.HGHTestCustomer"/>
        <method signature="HGHTestCustomer.tc007_HGH_MyProductGroupCreateAndDelete()[pri:0, instance:org.hgh.testmethods.HGHTestCustomer@1ed4004b]" name="tc007_HGH_MyProductGroupCreateAndDelete" class="org.hgh.testmethods.HGHTestCustomer"/>
        <method signature="HGHTestCustomer.tc008_verifyHeaderAndFooter()[pri:0, instance:org.hgh.testmethods.HGHTestCustomer@1ed4004b]" name="tc008_verifyHeaderAndFooter" class="org.hgh.testmethods.HGHTestCustomer"/>
        <method signature="HGHTestCustomer.tc009_compareFunctionality()[pri:0, instance:org.hgh.testmethods.HGHTestCustomer@1ed4004b]" name="tc009_compareFunctionality" class="org.hgh.testmethods.HGHTestCustomer"/>
        <method signature="HGHTestCustomer.tc011_HGH_AccountsDashboard()[pri:0, instance:org.hgh.testmethods.HGHTestCustomer@1ed4004b]" name="tc011_HGH_AccountsDashboard" class="org.hgh.testmethods.HGHTestCustomer"/>
        <method signature="HGHTestCustomer.tc013_HGH_cartFileUpload()[pri:0, instance:org.hgh.testmethods.HGHTestCustomer@1ed4004b]" name="tc013_HGH_cartFileUpload" class="org.hgh.testmethods.HGHTestCustomer"/>
        <method signature="HGHTestCustomer.tc014_HGH_quickOrderPad()[pri:0, instance:org.hgh.testmethods.HGHTestCustomer@1ed4004b]" name="tc014_HGH_quickOrderPad" class="org.hgh.testmethods.HGHTestCustomer"/>
        <method signature="HGHTestCustomer.tc015_HGH_requestForQuote()[pri:0, instance:org.hgh.testmethods.HGHTestCustomer@1ed4004b]" name="tc015_HGH_requestForQuote" class="org.hgh.testmethods.HGHTestCustomer"/>
      </group> <!-- regression -->
      <group name="smoke">
        <method signature="HGHTestCustomer.TS_Login_001_TS_Login_006_TC_Login_001_TC_Login_002_TC_Login_024_TC_Login_025_TC_Login_026_TC_Login_027_HGH()[pri:0, instance:org.hgh.testmethods.HGHTestCustomer@1ed4004b]" name="TS_Login_001_TS_Login_006_TC_Login_001_TC_Login_002_TC_Login_024_TC_Login_025_TC_Login_026_TC_Login_027_HGH" class="org.hgh.testmethods.HGHTestCustomer"/>
        <method signature="HGHTestCustomer.TS_ShoppingCart_001_TC_ShoppingCart_002_TC_ShoppingCart_019_TC_ShoppingCart_020_TC_ShoppingCart_021_HGH_signedUserAddingItemToCart()[pri:0, instance:org.hgh.testmethods.HGHTestCustomer@1ed4004b]" name="TS_ShoppingCart_001_TC_ShoppingCart_002_TC_ShoppingCart_019_TC_ShoppingCart_020_TC_ShoppingCart_021_HGH_signedUserAddingItemToCart" class="org.hgh.testmethods.HGHTestCustomer"/>
        <method signature="HGHTestCustomer.TS_ShoppingCart_002_TC_ShoppingCart_011_HGH_saveCart()[pri:0, instance:org.hgh.testmethods.HGHTestCustomer@1ed4004b]" name="TS_ShoppingCart_002_TC_ShoppingCart_011_HGH_saveCart" class="org.hgh.testmethods.HGHTestCustomer"/>
        <method signature="HGHTestCustomer.tc004_HGH_generalSearch()[pri:0, instance:org.hgh.testmethods.HGHTestCustomer@1ed4004b]" name="tc004_HGH_generalSearch" class="org.hgh.testmethods.HGHTestCustomer"/>
        <method signature="HGHTestCustomer.tc005_HGH_ListViewGridView()[pri:0, instance:org.hgh.testmethods.HGHTestCustomer@1ed4004b]" name="tc005_HGH_ListViewGridView" class="org.hgh.testmethods.HGHTestCustomer"/>
        <method signature="HGHTestCustomer.tc006_HGH_ProductListPage()[pri:0, instance:org.hgh.testmethods.HGHTestCustomer@1ed4004b]" name="tc006_HGH_ProductListPage" class="org.hgh.testmethods.HGHTestCustomer"/>
        <method signature="HGHTestCustomer.tc007_HGH_MyProductGroupCreateAndDelete()[pri:0, instance:org.hgh.testmethods.HGHTestCustomer@1ed4004b]" name="tc007_HGH_MyProductGroupCreateAndDelete" class="org.hgh.testmethods.HGHTestCustomer"/>
        <method signature="HGHTestCustomer.tc008_verifyHeaderAndFooter()[pri:0, instance:org.hgh.testmethods.HGHTestCustomer@1ed4004b]" name="tc008_verifyHeaderAndFooter" class="org.hgh.testmethods.HGHTestCustomer"/>
        <method signature="HGHTestCustomer.tc009_compareFunctionality()[pri:0, instance:org.hgh.testmethods.HGHTestCustomer@1ed4004b]" name="tc009_compareFunctionality" class="org.hgh.testmethods.HGHTestCustomer"/>
        <method signature="HGHTestCustomer.tc011_HGH_AccountsDashboard()[pri:0, instance:org.hgh.testmethods.HGHTestCustomer@1ed4004b]" name="tc011_HGH_AccountsDashboard" class="org.hgh.testmethods.HGHTestCustomer"/>
        <method signature="HGHTestCustomer.tc013_HGH_cartFileUpload()[pri:0, instance:org.hgh.testmethods.HGHTestCustomer@1ed4004b]" name="tc013_HGH_cartFileUpload" class="org.hgh.testmethods.HGHTestCustomer"/>
        <method signature="HGHTestCustomer.tc014_HGH_quickOrderPad()[pri:0, instance:org.hgh.testmethods.HGHTestCustomer@1ed4004b]" name="tc014_HGH_quickOrderPad" class="org.hgh.testmethods.HGHTestCustomer"/>
        <method signature="HGHTestCustomer.tc015_HGH_requestForQuote()[pri:0, instance:org.hgh.testmethods.HGHTestCustomer@1ed4004b]" name="tc015_HGH_requestForQuote" class="org.hgh.testmethods.HGHTestCustomer"/>
      </group> <!-- smoke -->
    </groups>
    <test name="HGHWebApplicationTesting" duration-ms="1715541" started-at="2016-03-29T11:46:54Z" finished-at="2016-03-29T12:15:30Z">
      <class name="org.hgh.testmethods.HGHTestCustomer">
        <test-method status="PASS" signature="beforeSuite()[pri:0, instance:org.hgh.testmethods.HGHTestCustomer@1ed4004b]" name="beforeSuite" is-config="true" duration-ms="47" started-at="2016-03-29T17:16:54Z" finished-at="2016-03-29T17:16:54Z">
          <reporter-output>
          </reporter-output>
        </test-method> <!-- beforeSuite -->
        <test-method status="PASS" signature="beforeTest()[pri:0, instance:org.hgh.testmethods.HGHTestCustomer@1ed4004b]" name="beforeTest" is-config="true" duration-ms="9047" started-at="2016-03-29T17:16:54Z" finished-at="2016-03-29T17:17:03Z">
          <reporter-output>
          </reporter-output>
        </test-method> <!-- beforeTest -->
        <test-method status="PASS" signature="setUp()[pri:0, instance:org.hgh.testmethods.HGHTestCustomer@1ed4004b]" name="setUp" is-config="true" duration-ms="14929" started-at="2016-03-29T17:17:04Z" finished-at="2016-03-29T17:17:19Z">
          <reporter-output>
          </reporter-output>
        </test-method> <!-- setUp -->
        <test-method status="PASS" signature="startRecording(java.lang.reflect.Method)[pri:0, instance:org.hgh.testmethods.HGHTestCustomer@1ed4004b]" name="startRecording" is-config="true" duration-ms="0" started-at="2016-03-29T17:17:19Z" finished-at="2016-03-29T17:17:19Z">
          <params>
            <param index="0">
              <value>
                <![CDATA[public void org.hgh.testmethods.HGHTestCustomer.TS_Login_001_TC_HGH_Login_004_005_006_007_ErrorScenarios(java.lang.String,java.lang.String,java.lang.String) throws java.lang.Exception]]>
              </value>
            </param>
          </params>
          <reporter-output>
          </reporter-output>
        </test-method> <!-- startRecording -->
        <test-method status="PASS" signature="TS_Login_001_TC_HGH_Login_004_005_006_007_ErrorScenarios(java.lang.String, java.lang.String, java.lang.String)[pri:0, instance:org.hgh.testmethods.HGHTestCustomer@1ed4004b]" name="TS_Login_001_TC_HGH_Login_004_005_006_007_ErrorScenarios" duration-ms="4207" started-at="2016-03-29T17:17:19Z" data-provider="excelSheetDataRead" finished-at="2016-03-29T17:17:23Z">
          <params>
            <param index="0">
              <value>
                <![CDATA[hemanthsridhar92@gmail.com]]>
              </value>
            </param>
            <param index="1">
              <value>
                <![CDATA[zasdasdsa]]>
              </value>
            </param>
            <param index="2">
              <value>
                <![CDATA[Invalid User Name/Password.]]>
              </value>
            </param>
          </params>
          <reporter-output>
          </reporter-output>
        </test-method> <!-- TS_Login_001_TC_HGH_Login_004_005_006_007_ErrorScenarios -->
        <test-method status="PASS" signature="callStopRecording()[pri:0, instance:org.hgh.testmethods.HGHTestCustomer@1ed4004b]" name="callStopRecording" is-config="true" duration-ms="0" started-at="2016-03-29T17:17:23Z" finished-at="2016-03-29T17:17:23Z">
          <reporter-output>
          </reporter-output>
        </test-method> <!-- callStopRecording -->
        <test-method status="PASS" signature="setUp()[pri:0, instance:org.hgh.testmethods.HGHTestCustomer@1ed4004b]" name="setUp" is-config="true" duration-ms="1437" started-at="2016-03-29T17:17:23Z" finished-at="2016-03-29T17:17:24Z">
          <reporter-output>
          </reporter-output>
        </test-method> <!-- setUp -->
        <test-method status="PASS" signature="takeScreenshot(org.testng.ITestResult)[pri:0, instance:org.hgh.testmethods.HGHTestCustomer@1ed4004b]" name="takeScreenshot" is-config="true" duration-ms="0" started-at="2016-03-29T17:17:23Z" finished-at="2016-03-29T17:17:23Z">
          <params>
            <param index="0">
              <value>
                <![CDATA[[TestResult name=TS_Login_001_TC_HGH_Login_004_005_006_007_ErrorScenarios status=SUCCESS method=HGHTestCustomer.TS_Login_001_TC_HGH_Login_004_005_006_007_ErrorScenarios(java.lang.String, java.lang.String, java.lang.String)[pri:0, instance:org.hgh.testmethods.HGHTestCustomer@1ed4004b] output={null}]]]>
              </value>
            </param>
          </params>
          <reporter-output>
          </reporter-output>
        </test-method> <!-- takeScreenshot -->
        <test-method status="PASS" signature="TS_Login_001_TC_HGH_Login_004_005_006_007_ErrorScenarios(java.lang.String, java.lang.String, java.lang.String)[pri:0, instance:org.hgh.testmethods.HGHTestCustomer@1ed4004b]" name="TS_Login_001_TC_HGH_Login_004_005_006_007_ErrorScenarios" duration-ms="4474" started-at="2016-03-29T17:17:24Z" data-provider="excelSheetDataRead" finished-at="2016-03-29T17:17:29Z">
          <params>
            <param index="0">
              <value>
                <![CDATA[hemanthsridhar92@gmail.com]]>
              </value>
            </param>
            <param index="1">
              <value>
                <![CDATA[]]>
              </value>
            </param>
            <param index="2">
              <value>
                <![CDATA[Enter Password]]>
              </value>
            </param>
          </params>
          <reporter-output>
          </reporter-output>
        </test-method> <!-- TS_Login_001_TC_HGH_Login_004_005_006_007_ErrorScenarios -->
        <test-method status="PASS" signature="startRecording(java.lang.reflect.Method)[pri:0, instance:org.hgh.testmethods.HGHTestCustomer@1ed4004b]" name="startRecording" is-config="true" duration-ms="0" started-at="2016-03-29T17:17:24Z" finished-at="2016-03-29T17:17:24Z">
          <params>
            <param index="0">
              <value>
                <![CDATA[public void org.hgh.testmethods.HGHTestCustomer.TS_Login_001_TC_HGH_Login_004_005_006_007_ErrorScenarios(java.lang.String,java.lang.String,java.lang.String) throws java.lang.Exception]]>
              </value>
            </param>
          </params>
          <reporter-output>
          </reporter-output>
        </test-method> <!-- startRecording -->
        <test-method status="PASS" signature="callStopRecording()[pri:0, instance:org.hgh.testmethods.HGHTestCustomer@1ed4004b]" name="callStopRecording" is-config="true" duration-ms="0" started-at="2016-03-29T17:17:29Z" finished-at="2016-03-29T17:17:29Z">
          <reporter-output>
          </reporter-output>
        </test-method> <!-- callStopRecording -->
        <test-method status="PASS" signature="setUp()[pri:0, instance:org.hgh.testmethods.HGHTestCustomer@1ed4004b]" name="setUp" is-config="true" duration-ms="1437" started-at="2016-03-29T17:17:29Z" finished-at="2016-03-29T17:17:30Z">
          <reporter-output>
          </reporter-output>
        </test-method> <!-- setUp -->
        <test-method status="PASS" signature="takeScreenshot(org.testng.ITestResult)[pri:0, instance:org.hgh.testmethods.HGHTestCustomer@1ed4004b]" name="takeScreenshot" is-config="true" duration-ms="0" started-at="2016-03-29T17:17:29Z" finished-at="2016-03-29T17:17:29Z">
          <params>
            <param index="0">
              <value>
                <![CDATA[[TestResult name=TS_Login_001_TC_HGH_Login_004_005_006_007_ErrorScenarios status=SUCCESS method=HGHTestCustomer.TS_Login_001_TC_HGH_Login_004_005_006_007_ErrorScenarios(java.lang.String, java.lang.String, java.lang.String)[pri:0, instance:org.hgh.testmethods.HGHTestCustomer@1ed4004b] output={null}]]]>
              </value>
            </param>
          </params>
          <reporter-output>
          </reporter-output>
        </test-method> <!-- takeScreenshot -->
        <test-method status="PASS" signature="startRecording(java.lang.reflect.Method)[pri:0, instance:org.hgh.testmethods.HGHTestCustomer@1ed4004b]" name="startRecording" is-config="true" duration-ms="0" started-at="2016-03-29T17:17:30Z" finished-at="2016-03-29T17:17:30Z">
          <params>
            <param index="0">
              <value>
                <![CDATA[public void org.hgh.testmethods.HGHTestCustomer.TS_Login_001_TC_HGH_Login_004_005_006_007_ErrorScenarios(java.lang.String,java.lang.String,java.lang.String) throws java.lang.Exception]]>
              </value>
            </param>
          </params>
          <reporter-output>
          </reporter-output>
        </test-method> <!-- startRecording -->
        <test-method status="PASS" signature="TS_Login_001_TC_HGH_Login_004_005_006_007_ErrorScenarios(java.lang.String, java.lang.String, java.lang.String)[pri:0, instance:org.hgh.testmethods.HGHTestCustomer@1ed4004b]" name="TS_Login_001_TC_HGH_Login_004_005_006_007_ErrorScenarios" duration-ms="3892" started-at="2016-03-29T17:17:30Z" data-provider="excelSheetDataRead" finished-at="2016-03-29T17:17:34Z">
          <params>
            <param index="0">
              <value>
                <![CDATA[]]>
              </value>
            </param>
            <param index="1">
              <value>
                <![CDATA[hemanth123]]>
              </value>
            </param>
            <param index="2">
              <value>
                <![CDATA[Enter User Name]]>
              </value>
            </param>
          </params>
          <reporter-output>
          </reporter-output>
        </test-method> <!-- TS_Login_001_TC_HGH_Login_004_005_006_007_ErrorScenarios -->
        <test-method status="PASS" signature="takeScreenshot(org.testng.ITestResult)[pri:0, instance:org.hgh.testmethods.HGHTestCustomer@1ed4004b]" name="takeScreenshot" is-config="true" duration-ms="0" started-at="2016-03-29T17:17:34Z" finished-at="2016-03-29T17:17:34Z">
          <params>
            <param index="0">
              <value>
                <![CDATA[[TestResult name=TS_Login_001_TC_HGH_Login_004_005_006_007_ErrorScenarios status=SUCCESS method=HGHTestCustomer.TS_Login_001_TC_HGH_Login_004_005_006_007_ErrorScenarios(java.lang.String, java.lang.String, java.lang.String)[pri:0, instance:org.hgh.testmethods.HGHTestCustomer@1ed4004b] output={null}]]]>
              </value>
            </param>
          </params>
          <reporter-output>
          </reporter-output>
        </test-method> <!-- takeScreenshot -->
        <test-method status="PASS" signature="setUp()[pri:0, instance:org.hgh.testmethods.HGHTestCustomer@1ed4004b]" name="setUp" is-config="true" duration-ms="1394" started-at="2016-03-29T17:17:34Z" finished-at="2016-03-29T17:17:35Z">
          <reporter-output>
          </reporter-output>
        </test-method> <!-- setUp -->
        <test-method status="PASS" signature="callStopRecording()[pri:0, instance:org.hgh.testmethods.HGHTestCustomer@1ed4004b]" name="callStopRecording" is-config="true" duration-ms="0" started-at="2016-03-29T17:17:34Z" finished-at="2016-03-29T17:17:34Z">
          <reporter-output>
          </reporter-output>
        </test-method> <!-- callStopRecording -->
        <test-method status="PASS" signature="startRecording(java.lang.reflect.Method)[pri:0, instance:org.hgh.testmethods.HGHTestCustomer@1ed4004b]" name="startRecording" is-config="true" duration-ms="0" started-at="2016-03-29T17:17:35Z" finished-at="2016-03-29T17:17:35Z">
          <params>
            <param index="0">
              <value>
                <![CDATA[public void org.hgh.testmethods.HGHTestCustomer.TS_Login_001_TC_HGH_Login_004_005_006_007_ErrorScenarios(java.lang.String,java.lang.String,java.lang.String) throws java.lang.Exception]]>
              </value>
            </param>
          </params>
          <reporter-output>
          </reporter-output>
        </test-method> <!-- startRecording -->
        <test-method status="PASS" signature="TS_Login_001_TC_HGH_Login_004_005_006_007_ErrorScenarios(java.lang.String, java.lang.String, java.lang.String)[pri:0, instance:org.hgh.testmethods.HGHTestCustomer@1ed4004b]" name="TS_Login_001_TC_HGH_Login_004_005_006_007_ErrorScenarios" duration-ms="3954" started-at="2016-03-29T17:17:35Z" data-provider="excelSheetDataRead" finished-at="2016-03-29T17:17:39Z">
          <params>
            <param index="0">
              <value>
                <![CDATA[]]>
              </value>
            </param>
            <param index="1">
              <value>
                <![CDATA[]]>
              </value>
            </param>
            <param index="2">
              <value>
                <![CDATA[Enter User Name/Password]]>
              </value>
            </param>
          </params>
          <reporter-output>
          </reporter-output>
        </test-method> <!-- TS_Login_001_TC_HGH_Login_004_005_006_007_ErrorScenarios -->
        <test-method status="PASS" signature="takeScreenshot(org.testng.ITestResult)[pri:0, instance:org.hgh.testmethods.HGHTestCustomer@1ed4004b]" name="takeScreenshot" is-config="true" duration-ms="0" started-at="2016-03-29T17:17:39Z" finished-at="2016-03-29T17:17:39Z">
          <params>
            <param index="0">
              <value>
                <![CDATA[[TestResult name=TS_Login_001_TC_HGH_Login_004_005_006_007_ErrorScenarios status=SUCCESS method=HGHTestCustomer.TS_Login_001_TC_HGH_Login_004_005_006_007_ErrorScenarios(java.lang.String, java.lang.String, java.lang.String)[pri:0, instance:org.hgh.testmethods.HGHTestCustomer@1ed4004b] output={null}]]]>
              </value>
            </param>
          </params>
          <reporter-output>
          </reporter-output>
        </test-method> <!-- takeScreenshot -->
        <test-method status="PASS" signature="setUp()[pri:0, instance:org.hgh.testmethods.HGHTestCustomer@1ed4004b]" name="setUp" is-config="true" duration-ms="1386" started-at="2016-03-29T17:17:39Z" finished-at="2016-03-29T17:17:41Z">
          <reporter-output>
          </reporter-output>
        </test-method> <!-- setUp -->
        <test-method status="PASS" signature="callStopRecording()[pri:0, instance:org.hgh.testmethods.HGHTestCustomer@1ed4004b]" name="callStopRecording" is-config="true" duration-ms="0" started-at="2016-03-29T17:17:39Z" finished-at="2016-03-29T17:17:39Z">
          <reporter-output>
          </reporter-output>
        </test-method> <!-- callStopRecording -->
        <test-method status="PASS" signature="callStopRecording()[pri:0, instance:org.hgh.testmethods.HGHTestCustomer@1ed4004b]" name="callStopRecording" is-config="true" duration-ms="0" started-at="2016-03-29T17:17:41Z" finished-at="2016-03-29T17:17:41Z">
          <reporter-output>
          </reporter-output>
        </test-method> <!-- callStopRecording -->
        <test-method status="PASS" signature="takeScreenshot(org.testng.ITestResult)[pri:0, instance:org.hgh.testmethods.HGHTestCustomer@1ed4004b]" name="takeScreenshot" is-config="true" duration-ms="626" started-at="2016-03-29T17:17:41Z" finished-at="2016-03-29T17:17:41Z">
          <params>
            <param index="0">
              <value>
                <![CDATA[[TestResult name=TS_Login_001_TC_HGH_Login_008_Verify_Tab_focus status=FAILURE method=HGHTestCustomer.TS_Login_001_TC_HGH_Login_008_Verify_Tab_focus()[pri:0, instance:org.hgh.testmethods.HGHTestCustomer@1ed4004b] output={null}]]]>
              </value>
            </param>
          </params>
          <reporter-output>
          </reporter-output>
        </test-method> <!-- takeScreenshot -->
        <test-method status="FAIL" signature="TS_Login_001_TC_HGH_Login_008_Verify_Tab_focus()[pri:0, instance:org.hgh.testmethods.HGHTestCustomer@1ed4004b]" name="TS_Login_001_TC_HGH_Login_008_Verify_Tab_focus" duration-ms="0" started-at="2016-03-29T17:17:41Z" finished-at="2016-03-29T17:17:41Z">
          <exception class="java.lang.AssertionError">
            <message>
              <![CDATA[feature not present in the application expected [false] but found [true]]]>
            </message>
            <full-stacktrace>
              <![CDATA[java.lang.AssertionError: feature not present in the application expected [false] but found [true]
	at org.testng.Assert.fail(Assert.java:94)
	at org.testng.Assert.failNotEquals(Assert.java:513)
	at org.testng.Assert.assertEqualsImpl(Assert.java:135)
	at org.testng.Assert.assertEquals(Assert.java:116)
	at org.testng.Assert.assertEquals(Assert.java:305)
	at org.hgh.testmethods.HGHTestCustomer.TS_Login_001_TC_HGH_Login_008_Verify_Tab_focus(HGHTestCustomer.java:78)
	at sun.reflect.NativeMethodAccessorImpl.invoke0(Native Method)
	at sun.reflect.NativeMethodAccessorImpl.invoke(Unknown Source)
	at sun.reflect.DelegatingMethodAccessorImpl.invoke(Unknown Source)
	at java.lang.reflect.Method.invoke(Unknown Source)
	at org.testng.internal.MethodInvocationHelper.invokeMethod(MethodInvocationHelper.java:86)
	at org.testng.internal.Invoker.invokeMethod(Invoker.java:645)
	at org.testng.internal.Invoker.invokeTestMethod(Invoker.java:822)
	at org.testng.internal.Invoker.invokeTestMethods(Invoker.java:1130)
	at org.testng.internal.TestMethodWorker.invokeTestMethods(TestMethodWorker.java:129)
	at org.testng.internal.TestMethodWorker.run(TestMethodWorker.java:112)
	at org.testng.TestRunner.privateRun(TestRunner.java:782)
	at org.testng.TestRunner.run(TestRunner.java:632)
	at org.testng.SuiteRunner.runTest(SuiteRunner.java:366)
	at org.testng.SuiteRunner.runSequentially(SuiteRunner.java:361)
	at org.testng.SuiteRunner.privateRun(SuiteRunner.java:319)
	at org.testng.SuiteRunner.run(SuiteRunner.java:268)
	at org.testng.SuiteRunnerWorker.runSuite(SuiteRunnerWorker.java:52)
	at org.testng.SuiteRunnerWorker.run(SuiteRunnerWorker.java:86)
	at org.testng.TestNG.runSuitesSequentially(TestNG.java:1244)
	at org.testng.TestNG.runSuitesLocally(TestNG.java:1169)
	at org.testng.TestNG.run(TestNG.java:1064)
	at org.testng.remote.RemoteTestNG.run(RemoteTestNG.java:113)
	at org.testng.remote.RemoteTestNG.initAndRun(RemoteTestNG.java:206)
	at org.testng.remote.RemoteTestNG.main(RemoteTestNG.java:177)
]]>
            </full-stacktrace>
          </exception> <!-- java.lang.AssertionError -->
          <reporter-output>
          </reporter-output>
        </test-method> <!-- TS_Login_001_TC_HGH_Login_008_Verify_Tab_focus -->
        <test-method status="PASS" signature="startRecording(java.lang.reflect.Method)[pri:0, instance:org.hgh.testmethods.HGHTestCustomer@1ed4004b]" name="startRecording" is-config="true" duration-ms="0" started-at="2016-03-29T17:17:41Z" finished-at="2016-03-29T17:17:41Z">
          <params>
            <param index="0">
              <value>
                <![CDATA[public void org.hgh.testmethods.HGHTestCustomer.TS_Login_001_TC_HGH_Login_008_Verify_Tab_focus() throws java.lang.Exception]]>
              </value>
            </param>
          </params>
          <reporter-output>
          </reporter-output>
        </test-method> <!-- startRecording -->
        <test-method status="PASS" signature="setUp()[pri:0, instance:org.hgh.testmethods.HGHTestCustomer@1ed4004b]" name="setUp" is-config="true" duration-ms="1963" started-at="2016-03-29T17:17:41Z" finished-at="2016-03-29T17:17:43Z">
          <reporter-output>
          </reporter-output>
        </test-method> <!-- setUp -->
        <test-method status="PASS" signature="startRecording(java.lang.reflect.Method)[pri:0, instance:org.hgh.testmethods.HGHTestCustomer@1ed4004b]" name="startRecording" is-config="true" duration-ms="0" started-at="2016-03-29T17:17:43Z" finished-at="2016-03-29T17:17:43Z">
          <params>
            <param index="0">
              <value>
                <![CDATA[public void org.hgh.testmethods.HGHTestCustomer.TS_Login_001_TS_Login_006_TC_Login_001_TC_Login_002_TC_Login_024_TC_Login_025_TC_Login_026_TC_Login_027_HGH() throws java.lang.Exception]]>
              </value>
            </param>
          </params>
          <reporter-output>
          </reporter-output>
        </test-method> <!-- startRecording -->
        <test-method status="PASS" signature="TS_Login_001_TS_Login_006_TC_Login_001_TC_Login_002_TC_Login_024_TC_Login_025_TC_Login_026_TC_Login_027_HGH()[pri:0, instance:org.hgh.testmethods.HGHTestCustomer@1ed4004b]" name="TS_Login_001_TS_Login_006_TC_Login_001_TC_Login_002_TC_Login_024_TC_Login_025_TC_Login_026_TC_Login_027_HGH" duration-ms="6529" started-at="2016-03-29T17:17:43Z" finished-at="2016-03-29T17:17:50Z">
          <reporter-output>
          </reporter-output>
        </test-method> <!-- TS_Login_001_TS_Login_006_TC_Login_001_TC_Login_002_TC_Login_024_TC_Login_025_TC_Login_026_TC_Login_027_HGH -->
        <test-method status="PASS" signature="callStopRecording()[pri:0, instance:org.hgh.testmethods.HGHTestCustomer@1ed4004b]" name="callStopRecording" is-config="true" duration-ms="0" started-at="2016-03-29T17:17:50Z" finished-at="2016-03-29T17:17:50Z">
          <reporter-output>
          </reporter-output>
        </test-method> <!-- callStopRecording -->
        <test-method status="PASS" signature="takeScreenshot(org.testng.ITestResult)[pri:0, instance:org.hgh.testmethods.HGHTestCustomer@1ed4004b]" name="takeScreenshot" is-config="true" duration-ms="0" started-at="2016-03-29T17:17:50Z" finished-at="2016-03-29T17:17:50Z">
          <params>
            <param index="0">
              <value>
                <![CDATA[[TestResult name=TS_Login_001_TS_Login_006_TC_Login_001_TC_Login_002_TC_Login_024_TC_Login_025_TC_Login_026_TC_Login_027_HGH status=SUCCESS method=HGHTestCustomer.TS_Login_001_TS_Login_006_TC_Login_001_TC_Login_002_TC_Login_024_TC_Login_025_TC_Login_026_TC_Login_027_HGH()[pri:0, instance:org.hgh.testmethods.HGHTestCustomer@1ed4004b] output={null}]]]>
              </value>
            </param>
          </params>
          <reporter-output>
          </reporter-output>
        </test-method> <!-- takeScreenshot -->
        <test-method status="PASS" signature="setUp()[pri:0, instance:org.hgh.testmethods.HGHTestCustomer@1ed4004b]" name="setUp" is-config="true" duration-ms="4265" started-at="2016-03-29T17:17:50Z" finished-at="2016-03-29T17:17:54Z">
          <reporter-output>
          </reporter-output>
        </test-method> <!-- setUp -->
        <test-method status="PASS" signature="startRecording(java.lang.reflect.Method)[pri:0, instance:org.hgh.testmethods.HGHTestCustomer@1ed4004b]" name="startRecording" is-config="true" duration-ms="2" started-at="2016-03-29T17:17:54Z" finished-at="2016-03-29T17:17:54Z">
          <params>
            <param index="0">
              <value>
                <![CDATA[public void org.hgh.testmethods.HGHTestCustomer.TS_Login_002_TC_HGH_Login_009_010_RememberPassword_UserNameAndPasswordRefill() throws java.lang.Exception]]>
              </value>
            </param>
          </params>
          <reporter-output>
          </reporter-output>
        </test-method> <!-- startRecording -->
        <test-method status="PASS" signature="TS_Login_002_TC_HGH_Login_009_010_RememberPassword_UserNameAndPasswordRefill()[pri:0, instance:org.hgh.testmethods.HGHTestCustomer@1ed4004b]" name="TS_Login_002_TC_HGH_Login_009_010_RememberPassword_UserNameAndPasswordRefill" duration-ms="27072" started-at="2016-03-29T17:17:54Z" finished-at="2016-03-29T17:18:21Z">
          <reporter-output>
          </reporter-output>
        </test-method> <!-- TS_Login_002_TC_HGH_Login_009_010_RememberPassword_UserNameAndPasswordRefill -->
        <test-method status="PASS" signature="takeScreenshot(org.testng.ITestResult)[pri:0, instance:org.hgh.testmethods.HGHTestCustomer@1ed4004b]" name="takeScreenshot" is-config="true" duration-ms="0" started-at="2016-03-29T17:18:21Z" finished-at="2016-03-29T17:18:21Z">
          <params>
            <param index="0">
              <value>
                <![CDATA[[TestResult name=TS_Login_002_TC_HGH_Login_009_010_RememberPassword_UserNameAndPasswordRefill status=SUCCESS method=HGHTestCustomer.TS_Login_002_TC_HGH_Login_009_010_RememberPassword_UserNameAndPasswordRefill()[pri:0, instance:org.hgh.testmethods.HGHTestCustomer@1ed4004b] output={null}]]]>
              </value>
            </param>
          </params>
          <reporter-output>
          </reporter-output>
        </test-method> <!-- takeScreenshot -->
        <test-method status="PASS" signature="callStopRecording()[pri:0, instance:org.hgh.testmethods.HGHTestCustomer@1ed4004b]" name="callStopRecording" is-config="true" duration-ms="0" started-at="2016-03-29T17:18:21Z" finished-at="2016-03-29T17:18:21Z">
          <reporter-output>
          </reporter-output>
        </test-method> <!-- callStopRecording -->
        <test-method status="PASS" signature="setUp()[pri:0, instance:org.hgh.testmethods.HGHTestCustomer@1ed4004b]" name="setUp" is-config="true" duration-ms="1792" started-at="2016-03-29T17:18:21Z" finished-at="2016-03-29T17:18:23Z">
          <reporter-output>
          </reporter-output>
        </test-method> <!-- setUp -->
        <test-method status="PASS" signature="startRecording(java.lang.reflect.Method)[pri:0, instance:org.hgh.testmethods.HGHTestCustomer@1ed4004b]" name="startRecording" is-config="true" duration-ms="1" started-at="2016-03-29T17:18:23Z" finished-at="2016-03-29T17:18:23Z">
          <params>
            <param index="0">
              <value>
                <![CDATA[public void org.hgh.testmethods.HGHTestCustomer.TS_Login_002_TC_HGH_Login_011_AutofillLogin() throws java.lang.Exception]]>
              </value>
            </param>
          </params>
          <reporter-output>
          </reporter-output>
        </test-method> <!-- startRecording -->
        <test-method status="PASS" signature="TS_Login_002_TC_HGH_Login_011_AutofillLogin()[pri:0, instance:org.hgh.testmethods.HGHTestCustomer@1ed4004b]" name="TS_Login_002_TC_HGH_Login_011_AutofillLogin" duration-ms="12207" started-at="2016-03-29T17:18:23Z" finished-at="2016-03-29T17:18:35Z">
          <reporter-output>
          </reporter-output>
        </test-method> <!-- TS_Login_002_TC_HGH_Login_011_AutofillLogin -->
        <test-method status="PASS" signature="setUp()[pri:0, instance:org.hgh.testmethods.HGHTestCustomer@1ed4004b]" name="setUp" is-config="true" duration-ms="4536" started-at="2016-03-29T17:18:35Z" finished-at="2016-03-29T17:18:40Z">
          <reporter-output>
          </reporter-output>
        </test-method> <!-- setUp -->
        <test-method status="PASS" signature="takeScreenshot(org.testng.ITestResult)[pri:0, instance:org.hgh.testmethods.HGHTestCustomer@1ed4004b]" name="takeScreenshot" is-config="true" duration-ms="0" started-at="2016-03-29T17:18:35Z" finished-at="2016-03-29T17:18:35Z">
          <params>
            <param index="0">
              <value>
                <![CDATA[[TestResult name=TS_Login_002_TC_HGH_Login_011_AutofillLogin status=SUCCESS method=HGHTestCustomer.TS_Login_002_TC_HGH_Login_011_AutofillLogin()[pri:0, instance:org.hgh.testmethods.HGHTestCustomer@1ed4004b] output={null}]]]>
              </value>
            </param>
          </params>
          <reporter-output>
          </reporter-output>
        </test-method> <!-- takeScreenshot -->
        <test-method status="PASS" signature="callStopRecording()[pri:0, instance:org.hgh.testmethods.HGHTestCustomer@1ed4004b]" name="callStopRecording" is-config="true" duration-ms="0" started-at="2016-03-29T17:18:35Z" finished-at="2016-03-29T17:18:35Z">
          <reporter-output>
          </reporter-output>
        </test-method> <!-- callStopRecording -->
        <test-method status="PASS" signature="startRecording(java.lang.reflect.Method)[pri:0, instance:org.hgh.testmethods.HGHTestCustomer@1ed4004b]" name="startRecording" is-config="true" duration-ms="1" started-at="2016-03-29T17:18:40Z" finished-at="2016-03-29T17:18:40Z">
          <params>
            <param index="0">
              <value>
                <![CDATA[public void org.hgh.testmethods.HGHTestCustomer.TS_Login_002_TC_HGH_Login_012_uncheckRememberMeWhenInAutoFillForm() throws java.lang.Exception]]>
              </value>
            </param>
          </params>
          <reporter-output>
          </reporter-output>
        </test-method> <!-- startRecording -->
        <test-method status="PASS" signature="TS_Login_002_TC_HGH_Login_012_uncheckRememberMeWhenInAutoFillForm()[pri:0, instance:org.hgh.testmethods.HGHTestCustomer@1ed4004b]" name="TS_Login_002_TC_HGH_Login_012_uncheckRememberMeWhenInAutoFillForm" duration-ms="15091" started-at="2016-03-29T17:18:40Z" finished-at="2016-03-29T17:18:55Z">
          <reporter-output>
          </reporter-output>
        </test-method> <!-- TS_Login_002_TC_HGH_Login_012_uncheckRememberMeWhenInAutoFillForm -->
        <test-method status="PASS" signature="callStopRecording()[pri:0, instance:org.hgh.testmethods.HGHTestCustomer@1ed4004b]" name="callStopRecording" is-config="true" duration-ms="0" started-at="2016-03-29T17:18:55Z" finished-at="2016-03-29T17:18:55Z">
          <reporter-output>
          </reporter-output>
        </test-method> <!-- callStopRecording -->
        <test-method status="PASS" signature="setUp()[pri:0, instance:org.hgh.testmethods.HGHTestCustomer@1ed4004b]" name="setUp" is-config="true" duration-ms="1380" started-at="2016-03-29T17:18:55Z" finished-at="2016-03-29T17:18:56Z">
          <reporter-output>
          </reporter-output>
        </test-method> <!-- setUp -->
        <test-method status="PASS" signature="takeScreenshot(org.testng.ITestResult)[pri:0, instance:org.hgh.testmethods.HGHTestCustomer@1ed4004b]" name="takeScreenshot" is-config="true" duration-ms="0" started-at="2016-03-29T17:18:55Z" finished-at="2016-03-29T17:18:55Z">
          <params>
            <param index="0">
              <value>
                <![CDATA[[TestResult name=TS_Login_002_TC_HGH_Login_012_uncheckRememberMeWhenInAutoFillForm status=SUCCESS method=HGHTestCustomer.TS_Login_002_TC_HGH_Login_012_uncheckRememberMeWhenInAutoFillForm()[pri:0, instance:org.hgh.testmethods.HGHTestCustomer@1ed4004b] output={null}]]]>
              </value>
            </param>
          </params>
          <reporter-output>
          </reporter-output>
        </test-method> <!-- takeScreenshot -->
        <test-method status="PASS" signature="TS_Login_002_TC_HGH_Login_013_myProductGroupLoginPopupRememberMeClickUncheck()[pri:0, instance:org.hgh.testmethods.HGHTestCustomer@1ed4004b]" name="TS_Login_002_TC_HGH_Login_013_myProductGroupLoginPopupRememberMeClickUncheck" duration-ms="19546" started-at="2016-03-29T17:18:56Z" finished-at="2016-03-29T17:19:16Z">
          <reporter-output>
          </reporter-output>
        </test-method> <!-- TS_Login_002_TC_HGH_Login_013_myProductGroupLoginPopupRememberMeClickUncheck -->
        <test-method status="PASS" signature="startRecording(java.lang.reflect.Method)[pri:0, instance:org.hgh.testmethods.HGHTestCustomer@1ed4004b]" name="startRecording" is-config="true" duration-ms="0" started-at="2016-03-29T17:18:56Z" finished-at="2016-03-29T17:18:56Z">
          <params>
            <param index="0">
              <value>
                <![CDATA[public void org.hgh.testmethods.HGHTestCustomer.TS_Login_002_TC_HGH_Login_013_myProductGroupLoginPopupRememberMeClickUncheck() throws java.lang.Exception]]>
              </value>
            </param>
          </params>
          <reporter-output>
          </reporter-output>
        </test-method> <!-- startRecording -->
        <test-method status="PASS" signature="setUp()[pri:0, instance:org.hgh.testmethods.HGHTestCustomer@1ed4004b]" name="setUp" is-config="true" duration-ms="1559" started-at="2016-03-29T17:19:16Z" finished-at="2016-03-29T17:19:17Z">
          <reporter-output>
          </reporter-output>
        </test-method> <!-- setUp -->
        <test-method status="PASS" signature="callStopRecording()[pri:0, instance:org.hgh.testmethods.HGHTestCustomer@1ed4004b]" name="callStopRecording" is-config="true" duration-ms="0" started-at="2016-03-29T17:19:16Z" finished-at="2016-03-29T17:19:16Z">
          <reporter-output>
          </reporter-output>
        </test-method> <!-- callStopRecording -->
        <test-method status="PASS" signature="takeScreenshot(org.testng.ITestResult)[pri:0, instance:org.hgh.testmethods.HGHTestCustomer@1ed4004b]" name="takeScreenshot" is-config="true" duration-ms="0" started-at="2016-03-29T17:19:16Z" finished-at="2016-03-29T17:19:16Z">
          <params>
            <param index="0">
              <value>
                <![CDATA[[TestResult name=TS_Login_002_TC_HGH_Login_013_myProductGroupLoginPopupRememberMeClickUncheck status=SUCCESS method=HGHTestCustomer.TS_Login_002_TC_HGH_Login_013_myProductGroupLoginPopupRememberMeClickUncheck()[pri:0, instance:org.hgh.testmethods.HGHTestCustomer@1ed4004b] output={null}]]]>
              </value>
            </param>
          </params>
          <reporter-output>
          </reporter-output>
        </test-method> <!-- takeScreenshot -->
        <test-method status="PASS" signature="startRecording(java.lang.reflect.Method)[pri:0, instance:org.hgh.testmethods.HGHTestCustomer@1ed4004b]" name="startRecording" is-config="true" duration-ms="1" started-at="2016-03-29T17:19:17Z" finished-at="2016-03-29T17:19:17Z">
          <params>
            <param index="0">
              <value>
                <![CDATA[public void org.hgh.testmethods.HGHTestCustomer.TS_Login_002_TC_HGH_Login_014_myProductGroupLoginPopupRememberMeClickCheck() throws java.lang.Exception]]>
              </value>
            </param>
          </params>
          <reporter-output>
          </reporter-output>
        </test-method> <!-- startRecording -->
        <test-method status="PASS" signature="TS_Login_002_TC_HGH_Login_014_myProductGroupLoginPopupRememberMeClickCheck()[pri:0, instance:org.hgh.testmethods.HGHTestCustomer@1ed4004b]" name="TS_Login_002_TC_HGH_Login_014_myProductGroupLoginPopupRememberMeClickCheck" duration-ms="10212" started-at="2016-03-29T17:19:17Z" finished-at="2016-03-29T17:19:28Z">
          <reporter-output>
          </reporter-output>
        </test-method> <!-- TS_Login_002_TC_HGH_Login_014_myProductGroupLoginPopupRememberMeClickCheck -->
        <test-method status="PASS" signature="setUp()[pri:0, instance:org.hgh.testmethods.HGHTestCustomer@1ed4004b]" name="setUp" is-config="true" duration-ms="1787" started-at="2016-03-29T17:19:28Z" finished-at="2016-03-29T17:19:29Z">
          <reporter-output>
          </reporter-output>
        </test-method> <!-- setUp -->
        <test-method status="PASS" signature="callStopRecording()[pri:0, instance:org.hgh.testmethods.HGHTestCustomer@1ed4004b]" name="callStopRecording" is-config="true" duration-ms="0" started-at="2016-03-29T17:19:28Z" finished-at="2016-03-29T17:19:28Z">
          <reporter-output>
          </reporter-output>
        </test-method> <!-- callStopRecording -->
        <test-method status="PASS" signature="takeScreenshot(org.testng.ITestResult)[pri:0, instance:org.hgh.testmethods.HGHTestCustomer@1ed4004b]" name="takeScreenshot" is-config="true" duration-ms="0" started-at="2016-03-29T17:19:28Z" finished-at="2016-03-29T17:19:28Z">
          <params>
            <param index="0">
              <value>
                <![CDATA[[TestResult name=TS_Login_002_TC_HGH_Login_014_myProductGroupLoginPopupRememberMeClickCheck status=SUCCESS method=HGHTestCustomer.TS_Login_002_TC_HGH_Login_014_myProductGroupLoginPopupRememberMeClickCheck()[pri:0, instance:org.hgh.testmethods.HGHTestCustomer@1ed4004b] output={null}]]]>
              </value>
            </param>
          </params>
          <reporter-output>
          </reporter-output>
        </test-method> <!-- takeScreenshot -->
        <test-method status="FAIL" signature="TS_Login_002_TC_HGH_Login_015_rememberMeAsALink()[pri:0, instance:org.hgh.testmethods.HGHTestCustomer@1ed4004b]" name="TS_Login_002_TC_HGH_Login_015_rememberMeAsALink" duration-ms="1" started-at="2016-03-29T17:19:29Z" finished-at="2016-03-29T17:19:29Z">
          <exception class="java.lang.AssertionError">
            <message>
              <![CDATA[remember me as a link expected [false] but found [true]]]>
            </message>
            <full-stacktrace>
              <![CDATA[java.lang.AssertionError: remember me as a link expected [false] but found [true]
	at org.testng.Assert.fail(Assert.java:94)
	at org.testng.Assert.failNotEquals(Assert.java:513)
	at org.testng.Assert.assertEqualsImpl(Assert.java:135)
	at org.testng.Assert.assertEquals(Assert.java:116)
	at org.testng.Assert.assertEquals(Assert.java:305)
	at org.hgh.testmethods.HGHTestCustomer.TS_Login_002_TC_HGH_Login_015_rememberMeAsALink(HGHTestCustomer.java:197)
	at sun.reflect.NativeMethodAccessorImpl.invoke0(Native Method)
	at sun.reflect.NativeMethodAccessorImpl.invoke(Unknown Source)
	at sun.reflect.DelegatingMethodAccessorImpl.invoke(Unknown Source)
	at java.lang.reflect.Method.invoke(Unknown Source)
	at org.testng.internal.MethodInvocationHelper.invokeMethod(MethodInvocationHelper.java:86)
	at org.testng.internal.Invoker.invokeMethod(Invoker.java:645)
	at org.testng.internal.Invoker.invokeTestMethod(Invoker.java:822)
	at org.testng.internal.Invoker.invokeTestMethods(Invoker.java:1130)
	at org.testng.internal.TestMethodWorker.invokeTestMethods(TestMethodWorker.java:129)
	at org.testng.internal.TestMethodWorker.run(TestMethodWorker.java:112)
	at org.testng.TestRunner.privateRun(TestRunner.java:782)
	at org.testng.TestRunner.run(TestRunner.java:632)
	at org.testng.SuiteRunner.runTest(SuiteRunner.java:366)
	at org.testng.SuiteRunner.runSequentially(SuiteRunner.java:361)
	at org.testng.SuiteRunner.privateRun(SuiteRunner.java:319)
	at org.testng.SuiteRunner.run(SuiteRunner.java:268)
	at org.testng.SuiteRunnerWorker.runSuite(SuiteRunnerWorker.java:52)
	at org.testng.SuiteRunnerWorker.run(SuiteRunnerWorker.java:86)
	at org.testng.TestNG.runSuitesSequentially(TestNG.java:1244)
	at org.testng.TestNG.runSuitesLocally(TestNG.java:1169)
	at org.testng.TestNG.run(TestNG.java:1064)
	at org.testng.remote.RemoteTestNG.run(RemoteTestNG.java:113)
	at org.testng.remote.RemoteTestNG.initAndRun(RemoteTestNG.java:206)
	at org.testng.remote.RemoteTestNG.main(RemoteTestNG.java:177)
]]>
            </full-stacktrace>
          </exception> <!-- java.lang.AssertionError -->
          <reporter-output>
          </reporter-output>
        </test-method> <!-- TS_Login_002_TC_HGH_Login_015_rememberMeAsALink -->
        <test-method status="PASS" signature="startRecording(java.lang.reflect.Method)[pri:0, instance:org.hgh.testmethods.HGHTestCustomer@1ed4004b]" name="startRecording" is-config="true" duration-ms="0" started-at="2016-03-29T17:19:29Z" finished-at="2016-03-29T17:19:29Z">
          <params>
            <param index="0">
              <value>
                <![CDATA[public void org.hgh.testmethods.HGHTestCustomer.TS_Login_002_TC_HGH_Login_015_rememberMeAsALink() throws java.lang.Exception]]>
              </value>
            </param>
          </params>
          <reporter-output>
          </reporter-output>
        </test-method> <!-- startRecording -->
        <test-method status="PASS" signature="callStopRecording()[pri:0, instance:org.hgh.testmethods.HGHTestCustomer@1ed4004b]" name="callStopRecording" is-config="true" duration-ms="1" started-at="2016-03-29T17:19:29Z" finished-at="2016-03-29T17:19:29Z">
          <reporter-output>
          </reporter-output>
        </test-method> <!-- callStopRecording -->
        <test-method status="PASS" signature="takeScreenshot(org.testng.ITestResult)[pri:0, instance:org.hgh.testmethods.HGHTestCustomer@1ed4004b]" name="takeScreenshot" is-config="true" duration-ms="525" started-at="2016-03-29T17:19:29Z" finished-at="2016-03-29T17:19:30Z">
          <params>
            <param index="0">
              <value>
                <![CDATA[[TestResult name=TS_Login_002_TC_HGH_Login_015_rememberMeAsALink status=FAILURE method=HGHTestCustomer.TS_Login_002_TC_HGH_Login_015_rememberMeAsALink()[pri:0, instance:org.hgh.testmethods.HGHTestCustomer@1ed4004b] output={null}]]]>
              </value>
            </param>
          </params>
          <reporter-output>
          </reporter-output>
        </test-method> <!-- takeScreenshot -->
        <test-method status="PASS" signature="setUp()[pri:0, instance:org.hgh.testmethods.HGHTestCustomer@1ed4004b]" name="setUp" is-config="true" duration-ms="2199" started-at="2016-03-29T17:19:30Z" finished-at="2016-03-29T17:19:32Z">
          <reporter-output>
          </reporter-output>
        </test-method> <!-- setUp -->
        <test-method status="PASS" signature="startRecording(java.lang.reflect.Method)[pri:0, instance:org.hgh.testmethods.HGHTestCustomer@1ed4004b]" name="startRecording" is-config="true" duration-ms="0" started-at="2016-03-29T17:19:32Z" finished-at="2016-03-29T17:19:32Z">
          <params>
            <param index="0">
              <value>
                <![CDATA[public void org.hgh.testmethods.HGHTestCustomer.TS_Login_002_TC_HGH_Login_016_017_18_rememberMeCheckboxTest() throws java.lang.Exception]]>
              </value>
            </param>
          </params>
          <reporter-output>
          </reporter-output>
        </test-method> <!-- startRecording -->
        <test-method status="PASS" signature="TS_Login_002_TC_HGH_Login_016_017_18_rememberMeCheckboxTest()[pri:0, instance:org.hgh.testmethods.HGHTestCustomer@1ed4004b]" name="TS_Login_002_TC_HGH_Login_016_017_18_rememberMeCheckboxTest" duration-ms="4909" started-at="2016-03-29T17:19:32Z" finished-at="2016-03-29T17:19:37Z">
          <reporter-output>
          </reporter-output>
        </test-method> <!-- TS_Login_002_TC_HGH_Login_016_017_18_rememberMeCheckboxTest -->
        <test-method status="PASS" signature="takeScreenshot(org.testng.ITestResult)[pri:0, instance:org.hgh.testmethods.HGHTestCustomer@1ed4004b]" name="takeScreenshot" is-config="true" duration-ms="0" started-at="2016-03-29T17:19:37Z" finished-at="2016-03-29T17:19:37Z">
          <params>
            <param index="0">
              <value>
                <![CDATA[[TestResult name=TS_Login_002_TC_HGH_Login_016_017_18_rememberMeCheckboxTest status=SUCCESS method=HGHTestCustomer.TS_Login_002_TC_HGH_Login_016_017_18_rememberMeCheckboxTest()[pri:0, instance:org.hgh.testmethods.HGHTestCustomer@1ed4004b] output={null}]]]>
              </value>
            </param>
          </params>
          <reporter-output>
          </reporter-output>
        </test-method> <!-- takeScreenshot -->
        <test-method status="PASS" signature="callStopRecording()[pri:0, instance:org.hgh.testmethods.HGHTestCustomer@1ed4004b]" name="callStopRecording" is-config="true" duration-ms="0" started-at="2016-03-29T17:19:37Z" finished-at="2016-03-29T17:19:37Z">
          <reporter-output>
          </reporter-output>
        </test-method> <!-- callStopRecording -->
        <test-method status="PASS" signature="setUp()[pri:0, instance:org.hgh.testmethods.HGHTestCustomer@1ed4004b]" name="setUp" is-config="true" duration-ms="1428" started-at="2016-03-29T17:19:37Z" finished-at="2016-03-29T17:19:38Z">
          <reporter-output>
          </reporter-output>
        </test-method> <!-- setUp -->
        <test-method status="PASS" signature="startRecording(java.lang.reflect.Method)[pri:0, instance:org.hgh.testmethods.HGHTestCustomer@1ed4004b]" name="startRecording" is-config="true" duration-ms="0" started-at="2016-03-29T17:19:38Z" finished-at="2016-03-29T17:19:38Z">
          <params>
            <param index="0">
              <value>
                <![CDATA[public void org.hgh.testmethods.HGHTestCustomer.TS_Login_003_TC_HGH_Login_019_verifyRegisterPage() throws java.lang.Exception]]>
              </value>
            </param>
          </params>
          <reporter-output>
          </reporter-output>
        </test-method> <!-- startRecording -->
        <test-method status="PASS" signature="TS_Login_003_TC_HGH_Login_019_verifyRegisterPage()[pri:0, instance:org.hgh.testmethods.HGHTestCustomer@1ed4004b]" name="TS_Login_003_TC_HGH_Login_019_verifyRegisterPage" duration-ms="3365" started-at="2016-03-29T17:19:38Z" finished-at="2016-03-29T17:19:42Z">
          <reporter-output>
          </reporter-output>
        </test-method> <!-- TS_Login_003_TC_HGH_Login_019_verifyRegisterPage -->
        <test-method status="PASS" signature="callStopRecording()[pri:0, instance:org.hgh.testmethods.HGHTestCustomer@1ed4004b]" name="callStopRecording" is-config="true" duration-ms="0" started-at="2016-03-29T17:19:42Z" finished-at="2016-03-29T17:19:42Z">
          <reporter-output>
          </reporter-output>
        </test-method> <!-- callStopRecording -->
        <test-method status="PASS" signature="setUp()[pri:0, instance:org.hgh.testmethods.HGHTestCustomer@1ed4004b]" name="setUp" is-config="true" duration-ms="1375" started-at="2016-03-29T17:19:42Z" finished-at="2016-03-29T17:19:43Z">
          <reporter-output>
          </reporter-output>
        </test-method> <!-- setUp -->
        <test-method status="PASS" signature="takeScreenshot(org.testng.ITestResult)[pri:0, instance:org.hgh.testmethods.HGHTestCustomer@1ed4004b]" name="takeScreenshot" is-config="true" duration-ms="0" started-at="2016-03-29T17:19:42Z" finished-at="2016-03-29T17:19:42Z">
          <params>
            <param index="0">
              <value>
                <![CDATA[[TestResult name=TS_Login_003_TC_HGH_Login_019_verifyRegisterPage status=SUCCESS method=HGHTestCustomer.TS_Login_003_TC_HGH_Login_019_verifyRegisterPage()[pri:0, instance:org.hgh.testmethods.HGHTestCustomer@1ed4004b] output={null}]]]>
              </value>
            </param>
          </params>
          <reporter-output>
          </reporter-output>
        </test-method> <!-- takeScreenshot -->
        <test-method status="PASS" signature="TS_Login_004_TC_HGH_Login_020_verifyForgotPasswordPage()[pri:0, instance:org.hgh.testmethods.HGHTestCustomer@1ed4004b]" name="TS_Login_004_TC_HGH_Login_020_verifyForgotPasswordPage" duration-ms="3292" started-at="2016-03-29T17:19:43Z" finished-at="2016-03-29T17:19:47Z">
          <reporter-output>
          </reporter-output>
        </test-method> <!-- TS_Login_004_TC_HGH_Login_020_verifyForgotPasswordPage -->
        <test-method status="PASS" signature="startRecording(java.lang.reflect.Method)[pri:0, instance:org.hgh.testmethods.HGHTestCustomer@1ed4004b]" name="startRecording" is-config="true" duration-ms="0" started-at="2016-03-29T17:19:43Z" finished-at="2016-03-29T17:19:43Z">
          <params>
            <param index="0">
              <value>
                <![CDATA[public void org.hgh.testmethods.HGHTestCustomer.TS_Login_004_TC_HGH_Login_020_verifyForgotPasswordPage() throws java.lang.Exception]]>
              </value>
            </param>
          </params>
          <reporter-output>
          </reporter-output>
        </test-method> <!-- startRecording -->
        <test-method status="PASS" signature="callStopRecording()[pri:0, instance:org.hgh.testmethods.HGHTestCustomer@1ed4004b]" name="callStopRecording" is-config="true" duration-ms="0" started-at="2016-03-29T17:19:47Z" finished-at="2016-03-29T17:19:47Z">
          <reporter-output>
          </reporter-output>
        </test-method> <!-- callStopRecording -->
        <test-method status="PASS" signature="setUp()[pri:0, instance:org.hgh.testmethods.HGHTestCustomer@1ed4004b]" name="setUp" is-config="true" duration-ms="1623" started-at="2016-03-29T17:19:47Z" finished-at="2016-03-29T17:19:48Z">
          <reporter-output>
          </reporter-output>
        </test-method> <!-- setUp -->
        <test-method status="PASS" signature="takeScreenshot(org.testng.ITestResult)[pri:0, instance:org.hgh.testmethods.HGHTestCustomer@1ed4004b]" name="takeScreenshot" is-config="true" duration-ms="0" started-at="2016-03-29T17:19:47Z" finished-at="2016-03-29T17:19:47Z">
          <params>
            <param index="0">
              <value>
                <![CDATA[[TestResult name=TS_Login_004_TC_HGH_Login_020_verifyForgotPasswordPage status=SUCCESS method=HGHTestCustomer.TS_Login_004_TC_HGH_Login_020_verifyForgotPasswordPage()[pri:0, instance:org.hgh.testmethods.HGHTestCustomer@1ed4004b] output={null}]]]>
              </value>
            </param>
          </params>
          <reporter-output>
          </reporter-output>
        </test-method> <!-- takeScreenshot -->
        <test-method status="FAIL" signature="TS_Login_005_TC_HGH_Login_021_loginVerifyOrderTopToBottom()[pri:0, instance:org.hgh.testmethods.HGHTestCustomer@1ed4004b]" name="TS_Login_005_TC_HGH_Login_021_loginVerifyOrderTopToBottom" duration-ms="0" started-at="2016-03-29T17:19:48Z" finished-at="2016-03-29T17:19:48Z">
          <exception class="java.lang.AssertionError">
            <message>
              <![CDATA[bug expected [false] but found [true]]]>
            </message>
            <full-stacktrace>
              <![CDATA[java.lang.AssertionError: bug expected [false] but found [true]
	at org.testng.Assert.fail(Assert.java:94)
	at org.testng.Assert.failNotEquals(Assert.java:513)
	at org.testng.Assert.assertEqualsImpl(Assert.java:135)
	at org.testng.Assert.assertEquals(Assert.java:116)
	at org.testng.Assert.assertEquals(Assert.java:305)
	at org.hgh.testmethods.HGHTestCustomer.TS_Login_005_TC_HGH_Login_021_loginVerifyOrderTopToBottom(HGHTestCustomer.java:239)
	at sun.reflect.NativeMethodAccessorImpl.invoke0(Native Method)
	at sun.reflect.NativeMethodAccessorImpl.invoke(Unknown Source)
	at sun.reflect.DelegatingMethodAccessorImpl.invoke(Unknown Source)
	at java.lang.reflect.Method.invoke(Unknown Source)
	at org.testng.internal.MethodInvocationHelper.invokeMethod(MethodInvocationHelper.java:86)
	at org.testng.internal.Invoker.invokeMethod(Invoker.java:645)
	at org.testng.internal.Invoker.invokeTestMethod(Invoker.java:822)
	at org.testng.internal.Invoker.invokeTestMethods(Invoker.java:1130)
	at org.testng.internal.TestMethodWorker.invokeTestMethods(TestMethodWorker.java:129)
	at org.testng.internal.TestMethodWorker.run(TestMethodWorker.java:112)
	at org.testng.TestRunner.privateRun(TestRunner.java:782)
	at org.testng.TestRunner.run(TestRunner.java:632)
	at org.testng.SuiteRunner.runTest(SuiteRunner.java:366)
	at org.testng.SuiteRunner.runSequentially(SuiteRunner.java:361)
	at org.testng.SuiteRunner.privateRun(SuiteRunner.java:319)
	at org.testng.SuiteRunner.run(SuiteRunner.java:268)
	at org.testng.SuiteRunnerWorker.runSuite(SuiteRunnerWorker.java:52)
	at org.testng.SuiteRunnerWorker.run(SuiteRunnerWorker.java:86)
	at org.testng.TestNG.runSuitesSequentially(TestNG.java:1244)
	at org.testng.TestNG.runSuitesLocally(TestNG.java:1169)
	at org.testng.TestNG.run(TestNG.java:1064)
	at org.testng.remote.RemoteTestNG.run(RemoteTestNG.java:113)
	at org.testng.remote.RemoteTestNG.initAndRun(RemoteTestNG.java:206)
	at org.testng.remote.RemoteTestNG.main(RemoteTestNG.java:177)
]]>
            </full-stacktrace>
          </exception> <!-- java.lang.AssertionError -->
          <reporter-output>
          </reporter-output>
        </test-method> <!-- TS_Login_005_TC_HGH_Login_021_loginVerifyOrderTopToBottom -->
        <test-method status="PASS" signature="startRecording(java.lang.reflect.Method)[pri:0, instance:org.hgh.testmethods.HGHTestCustomer@1ed4004b]" name="startRecording" is-config="true" duration-ms="0" started-at="2016-03-29T17:19:48Z" finished-at="2016-03-29T17:19:48Z">
          <params>
            <param index="0">
              <value>
                <![CDATA[public void org.hgh.testmethods.HGHTestCustomer.TS_Login_005_TC_HGH_Login_021_loginVerifyOrderTopToBottom() throws java.lang.Exception]]>
              </value>
            </param>
          </params>
          <reporter-output>
          </reporter-output>
        </test-method> <!-- startRecording -->
        <test-method status="PASS" signature="callStopRecording()[pri:0, instance:org.hgh.testmethods.HGHTestCustomer@1ed4004b]" name="callStopRecording" is-config="true" duration-ms="0" started-at="2016-03-29T17:19:48Z" finished-at="2016-03-29T17:19:48Z">
          <reporter-output>
          </reporter-output>
        </test-method> <!-- callStopRecording -->
        <test-method status="PASS" signature="takeScreenshot(org.testng.ITestResult)[pri:0, instance:org.hgh.testmethods.HGHTestCustomer@1ed4004b]" name="takeScreenshot" is-config="true" duration-ms="479" started-at="2016-03-29T17:19:48Z" finished-at="2016-03-29T17:19:49Z">
          <params>
            <param index="0">
              <value>
                <![CDATA[[TestResult name=TS_Login_005_TC_HGH_Login_021_loginVerifyOrderTopToBottom status=FAILURE method=HGHTestCustomer.TS_Login_005_TC_HGH_Login_021_loginVerifyOrderTopToBottom()[pri:0, instance:org.hgh.testmethods.HGHTestCustomer@1ed4004b] output={null}]]]>
              </value>
            </param>
          </params>
          <reporter-output>
          </reporter-output>
        </test-method> <!-- takeScreenshot -->
        <test-method status="PASS" signature="setUp()[pri:0, instance:org.hgh.testmethods.HGHTestCustomer@1ed4004b]" name="setUp" is-config="true" duration-ms="1812" started-at="2016-03-29T17:19:49Z" finished-at="2016-03-29T17:19:50Z">
          <reporter-output>
          </reporter-output>
        </test-method> <!-- setUp -->
        <test-method status="PASS" signature="startRecording(java.lang.reflect.Method)[pri:0, instance:org.hgh.testmethods.HGHTestCustomer@1ed4004b]" name="startRecording" is-config="true" duration-ms="0" started-at="2016-03-29T17:19:50Z" finished-at="2016-03-29T17:19:50Z">
          <params>
            <param index="0">
              <value>
                <![CDATA[public void org.hgh.testmethods.HGHTestCustomer.TS_Login_005_TC_HGH_Login_022_loginVerifyOrderBottomToTop() throws java.lang.Exception]]>
              </value>
            </param>
          </params>
          <reporter-output>
          </reporter-output>
        </test-method> <!-- startRecording -->
        <test-method status="FAIL" signature="TS_Login_005_TC_HGH_Login_022_loginVerifyOrderBottomToTop()[pri:0, instance:org.hgh.testmethods.HGHTestCustomer@1ed4004b]" name="TS_Login_005_TC_HGH_Login_022_loginVerifyOrderBottomToTop" duration-ms="0" started-at="2016-03-29T17:19:50Z" finished-at="2016-03-29T17:19:50Z">
          <exception class="java.lang.AssertionError">
            <message>
              <![CDATA[bug expected [false] but found [true]]]>
            </message>
            <full-stacktrace>
              <![CDATA[java.lang.AssertionError: bug expected [false] but found [true]
	at org.testng.Assert.fail(Assert.java:94)
	at org.testng.Assert.failNotEquals(Assert.java:513)
	at org.testng.Assert.assertEqualsImpl(Assert.java:135)
	at org.testng.Assert.assertEquals(Assert.java:116)
	at org.testng.Assert.assertEquals(Assert.java:305)
	at org.hgh.testmethods.HGHTestCustomer.TS_Login_005_TC_HGH_Login_022_loginVerifyOrderBottomToTop(HGHTestCustomer.java:246)
	at sun.reflect.NativeMethodAccessorImpl.invoke0(Native Method)
	at sun.reflect.NativeMethodAccessorImpl.invoke(Unknown Source)
	at sun.reflect.DelegatingMethodAccessorImpl.invoke(Unknown Source)
	at java.lang.reflect.Method.invoke(Unknown Source)
	at org.testng.internal.MethodInvocationHelper.invokeMethod(MethodInvocationHelper.java:86)
	at org.testng.internal.Invoker.invokeMethod(Invoker.java:645)
	at org.testng.internal.Invoker.invokeTestMethod(Invoker.java:822)
	at org.testng.internal.Invoker.invokeTestMethods(Invoker.java:1130)
	at org.testng.internal.TestMethodWorker.invokeTestMethods(TestMethodWorker.java:129)
	at org.testng.internal.TestMethodWorker.run(TestMethodWorker.java:112)
	at org.testng.TestRunner.privateRun(TestRunner.java:782)
	at org.testng.TestRunner.run(TestRunner.java:632)
	at org.testng.SuiteRunner.runTest(SuiteRunner.java:366)
	at org.testng.SuiteRunner.runSequentially(SuiteRunner.java:361)
	at org.testng.SuiteRunner.privateRun(SuiteRunner.java:319)
	at org.testng.SuiteRunner.run(SuiteRunner.java:268)
	at org.testng.SuiteRunnerWorker.runSuite(SuiteRunnerWorker.java:52)
	at org.testng.SuiteRunnerWorker.run(SuiteRunnerWorker.java:86)
	at org.testng.TestNG.runSuitesSequentially(TestNG.java:1244)
	at org.testng.TestNG.runSuitesLocally(TestNG.java:1169)
	at org.testng.TestNG.run(TestNG.java:1064)
	at org.testng.remote.RemoteTestNG.run(RemoteTestNG.java:113)
	at org.testng.remote.RemoteTestNG.initAndRun(RemoteTestNG.java:206)
	at org.testng.remote.RemoteTestNG.main(RemoteTestNG.java:177)
]]>
            </full-stacktrace>
          </exception> <!-- java.lang.AssertionError -->
          <reporter-output>
          </reporter-output>
        </test-method> <!-- TS_Login_005_TC_HGH_Login_022_loginVerifyOrderBottomToTop -->
        <test-method status="PASS" signature="takeScreenshot(org.testng.ITestResult)[pri:0, instance:org.hgh.testmethods.HGHTestCustomer@1ed4004b]" name="takeScreenshot" is-config="true" duration-ms="471" started-at="2016-03-29T17:19:50Z" finished-at="2016-03-29T17:19:51Z">
          <params>
            <param index="0">
              <value>
                <![CDATA[[TestResult name=TS_Login_005_TC_HGH_Login_022_loginVerifyOrderBottomToTop status=FAILURE method=HGHTestCustomer.TS_Login_005_TC_HGH_Login_022_loginVerifyOrderBottomToTop()[pri:0, instance:org.hgh.testmethods.HGHTestCustomer@1ed4004b] output={null}]]]>
              </value>
            </param>
          </params>
          <reporter-output>
          </reporter-output>
        </test-method> <!-- takeScreenshot -->
        <test-method status="PASS" signature="callStopRecording()[pri:0, instance:org.hgh.testmethods.HGHTestCustomer@1ed4004b]" name="callStopRecording" is-config="true" duration-ms="0" started-at="2016-03-29T17:19:50Z" finished-at="2016-03-29T17:19:50Z">
          <reporter-output>
          </reporter-output>
        </test-method> <!-- callStopRecording -->
        <test-method status="PASS" signature="setUp()[pri:0, instance:org.hgh.testmethods.HGHTestCustomer@1ed4004b]" name="setUp" is-config="true" duration-ms="1825" started-at="2016-03-29T17:19:51Z" finished-at="2016-03-29T17:19:53Z">
          <reporter-output>
          </reporter-output>
        </test-method> <!-- setUp -->
        <test-method status="PASS" signature="startRecording(java.lang.reflect.Method)[pri:0, instance:org.hgh.testmethods.HGHTestCustomer@1ed4004b]" name="startRecording" is-config="true" duration-ms="0" started-at="2016-03-29T17:19:53Z" finished-at="2016-03-29T17:19:53Z">
          <params>
            <param index="0">
              <value>
                <![CDATA[public void org.hgh.testmethods.HGHTestCustomer.TS_ShoppingCart_001_TC_ShoppingCart_001_HGH_guestUserAddingItemToCart() throws java.lang.Exception]]>
              </value>
            </param>
          </params>
          <reporter-output>
          </reporter-output>
        </test-method> <!-- startRecording -->
        <test-method status="PASS" signature="TS_ShoppingCart_001_TC_ShoppingCart_001_HGH_guestUserAddingItemToCart()[pri:0, instance:org.hgh.testmethods.HGHTestCustomer@1ed4004b]" name="TS_ShoppingCart_001_TC_ShoppingCart_001_HGH_guestUserAddingItemToCart" duration-ms="13195" started-at="2016-03-29T17:19:53Z" finished-at="2016-03-29T17:20:06Z">
          <reporter-output>
          </reporter-output>
        </test-method> <!-- TS_ShoppingCart_001_TC_ShoppingCart_001_HGH_guestUserAddingItemToCart -->
        <test-method status="PASS" signature="takeScreenshot(org.testng.ITestResult)[pri:0, instance:org.hgh.testmethods.HGHTestCustomer@1ed4004b]" name="takeScreenshot" is-config="true" duration-ms="0" started-at="2016-03-29T17:20:06Z" finished-at="2016-03-29T17:20:06Z">
          <params>
            <param index="0">
              <value>
                <![CDATA[[TestResult name=TS_ShoppingCart_001_TC_ShoppingCart_001_HGH_guestUserAddingItemToCart status=SUCCESS method=HGHTestCustomer.TS_ShoppingCart_001_TC_ShoppingCart_001_HGH_guestUserAddingItemToCart()[pri:0, instance:org.hgh.testmethods.HGHTestCustomer@1ed4004b] output={null}]]]>
              </value>
            </param>
          </params>
          <reporter-output>
          </reporter-output>
        </test-method> <!-- takeScreenshot -->
        <test-method status="PASS" signature="callStopRecording()[pri:0, instance:org.hgh.testmethods.HGHTestCustomer@1ed4004b]" name="callStopRecording" is-config="true" duration-ms="0" started-at="2016-03-29T17:20:06Z" finished-at="2016-03-29T17:20:06Z">
          <reporter-output>
          </reporter-output>
        </test-method> <!-- callStopRecording -->
        <test-method status="PASS" signature="setUp()[pri:0, instance:org.hgh.testmethods.HGHTestCustomer@1ed4004b]" name="setUp" is-config="true" duration-ms="1667" started-at="2016-03-29T17:20:06Z" finished-at="2016-03-29T17:20:08Z">
          <reporter-output>
          </reporter-output>
        </test-method> <!-- setUp -->
        <test-method status="PASS" signature="startRecording(java.lang.reflect.Method)[pri:0, instance:org.hgh.testmethods.HGHTestCustomer@1ed4004b]" name="startRecording" is-config="true" duration-ms="0" started-at="2016-03-29T17:20:08Z" finished-at="2016-03-29T17:20:08Z">
          <params>
            <param index="0">
              <value>
                <![CDATA[public void org.hgh.testmethods.HGHTestCustomer.TS_ShoppingCart_001_TC_ShoppingCart_002_TC_ShoppingCart_019_TC_ShoppingCart_020_TC_ShoppingCart_021_HGH_signedUserAddingItemToCart() throws java.lang.Exception]]>
              </value>
            </param>
          </params>
          <reporter-output>
          </reporter-output>
        </test-method> <!-- startRecording -->
        <test-method status="PASS" signature="TS_ShoppingCart_001_TC_ShoppingCart_002_TC_ShoppingCart_019_TC_ShoppingCart_020_TC_ShoppingCart_021_HGH_signedUserAddingItemToCart()[pri:0, instance:org.hgh.testmethods.HGHTestCustomer@1ed4004b]" name="TS_ShoppingCart_001_TC_ShoppingCart_002_TC_ShoppingCart_019_TC_ShoppingCart_020_TC_ShoppingCart_021_HGH_signedUserAddingItemToCart" duration-ms="16934" started-at="2016-03-29T17:20:08Z" finished-at="2016-03-29T17:20:25Z">
          <reporter-output>
          </reporter-output>
        </test-method> <!-- TS_ShoppingCart_001_TC_ShoppingCart_002_TC_ShoppingCart_019_TC_ShoppingCart_020_TC_ShoppingCart_021_HGH_signedUserAddingItemToCart -->
        <test-method status="PASS" signature="callStopRecording()[pri:0, instance:org.hgh.testmethods.HGHTestCustomer@1ed4004b]" name="callStopRecording" is-config="true" duration-ms="1" started-at="2016-03-29T17:20:25Z" finished-at="2016-03-29T17:20:25Z">
          <reporter-output>
          </reporter-output>
        </test-method> <!-- callStopRecording -->
        <test-method status="PASS" signature="takeScreenshot(org.testng.ITestResult)[pri:0, instance:org.hgh.testmethods.HGHTestCustomer@1ed4004b]" name="takeScreenshot" is-config="true" duration-ms="0" started-at="2016-03-29T17:20:25Z" finished-at="2016-03-29T17:20:25Z">
          <params>
            <param index="0">
              <value>
                <![CDATA[[TestResult name=TS_ShoppingCart_001_TC_ShoppingCart_002_TC_ShoppingCart_019_TC_ShoppingCart_020_TC_ShoppingCart_021_HGH_signedUserAddingItemToCart status=SUCCESS method=HGHTestCustomer.TS_ShoppingCart_001_TC_ShoppingCart_002_TC_ShoppingCart_019_TC_ShoppingCart_020_TC_ShoppingCart_021_HGH_signedUserAddingItemToCart()[pri:0, instance:org.hgh.testmethods.HGHTestCustomer@1ed4004b] output={null}]]]>
              </value>
            </param>
          </params>
          <reporter-output>
          </reporter-output>
        </test-method> <!-- takeScreenshot -->
        <test-method status="PASS" signature="setUp()[pri:0, instance:org.hgh.testmethods.HGHTestCustomer@1ed4004b]" name="setUp" is-config="true" duration-ms="4423" started-at="2016-03-29T17:20:25Z" finished-at="2016-03-29T17:20:29Z">
[...]
              </value>
            </param>
          </params>
          <reporter-output>
          </reporter-output>
        </test-method> <!-- takeScreenshot -->
        <test-method status="PASS" signature="startRecording(java.lang.reflect.Method)[pri:0, instance:org.hgh.testmethods.HGHTestCustomer@1ed4004b]" name="startRecording" is-config="true" duration-ms="1" started-at="2016-03-29T17:40:40Z" finished-at="2016-03-29T17:40:40Z">
          <params>
            <param index="0">
              <value>
                <![CDATA[public void org.hgh.testmethods.HGHTestCustomer.tc009_compareFunctionality() throws java.lang.Exception]]>
              </value>
            </param>
          </params>
          <reporter-output>
          </reporter-output>
        </test-method> <!-- startRecording -->
        <test-method status="PASS" signature="tc009_compareFunctionality()[pri:0, instance:org.hgh.testmethods.HGHTestCustomer@1ed4004b]" name="tc009_compareFunctionality" duration-ms="7255" started-at="2016-03-29T17:40:40Z" finished-at="2016-03-29T17:40:48Z">
          <reporter-output>
          </reporter-output>
        </test-method> <!-- tc009_compareFunctionality -->
        <test-method status="PASS" signature="setUp()[pri:0, instance:org.hgh.testmethods.HGHTestCustomer@1ed4004b]" name="setUp" is-config="true" duration-ms="33025" started-at="2016-03-29T17:40:48Z" finished-at="2016-03-29T17:41:21Z">
          <reporter-output>
          </reporter-output>
        </test-method> <!-- setUp -->
        <test-method status="PASS" signature="takeScreenshot(org.testng.ITestResult)[pri:0, instance:org.hgh.testmethods.HGHTestCustomer@1ed4004b]" name="takeScreenshot" is-config="true" duration-ms="0" started-at="2016-03-29T17:40:48Z" finished-at="2016-03-29T17:40:48Z">
          <params>
            <param index="0">
              <value>
                <![CDATA[[TestResult name=tc009_compareFunctionality status=SUCCESS method=HGHTestCustomer.tc009_compareFunctionality()[pri:0, instance:org.hgh.testmethods.HGHTestCustomer@1ed4004b] output={null}]]]>
              </value>
            </param>
          </params>
          <reporter-output>
          </reporter-output>
        </test-method> <!-- takeScreenshot -->
        <test-method status="PASS" signature="callStopRecording()[pri:0, instance:org.hgh.testmethods.HGHTestCustomer@1ed4004b]" name="callStopRecording" is-config="true" duration-ms="0" started-at="2016-03-29T17:40:48Z" finished-at="2016-03-29T17:40:48Z">
          <reporter-output>
          </reporter-output>
        </test-method> <!-- callStopRecording -->
        <test-method status="PASS" signature="startRecording(java.lang.reflect.Method)[pri:0, instance:org.hgh.testmethods.HGHTestCustomer@1ed4004b]" name="startRecording" is-config="true" duration-ms="1" started-at="2016-03-29T17:41:21Z" finished-at="2016-03-29T17:41:21Z">
          <params>
            <param index="0">
              <value>
                <![CDATA[public void org.hgh.testmethods.HGHTestCustomer.tc011_HGH_AccountsDashboard() throws java.lang.Exception]]>
              </value>
            </param>
          </params>
          <reporter-output>
          </reporter-output>
        </test-method> <!-- startRecording -->
        <test-method status="PASS" signature="tc011_HGH_AccountsDashboard()[pri:0, instance:org.hgh.testmethods.HGHTestCustomer@1ed4004b]" name="tc011_HGH_AccountsDashboard" duration-ms="12256" started-at="2016-03-29T17:41:21Z" finished-at="2016-03-29T17:41:33Z">
          <reporter-output>
          </reporter-output>
        </test-method> <!-- tc011_HGH_AccountsDashboard -->
        <test-method status="PASS" signature="setUp()[pri:0, instance:org.hgh.testmethods.HGHTestCustomer@1ed4004b]" name="setUp" is-config="true" duration-ms="5907" started-at="2016-03-29T17:41:33Z" finished-at="2016-03-29T17:41:39Z">
          <reporter-output>
          </reporter-output>
        </test-method> <!-- setUp -->
        <test-method status="PASS" signature="callStopRecording()[pri:0, instance:org.hgh.testmethods.HGHTestCustomer@1ed4004b]" name="callStopRecording" is-config="true" duration-ms="0" started-at="2016-03-29T17:41:33Z" finished-at="2016-03-29T17:41:33Z">
          <reporter-output>
          </reporter-output>
        </test-method> <!-- callStopRecording -->
        <test-method status="PASS" signature="takeScreenshot(org.testng.ITestResult)[pri:0, instance:org.hgh.testmethods.HGHTestCustomer@1ed4004b]" name="takeScreenshot" is-config="true" duration-ms="0" started-at="2016-03-29T17:41:33Z" finished-at="2016-03-29T17:41:33Z">
          <params>
            <param index="0">
              <value>
                <![CDATA[[TestResult name=tc011_HGH_AccountsDashboard status=SUCCESS method=HGHTestCustomer.tc011_HGH_AccountsDashboard()[pri:0, instance:org.hgh.testmethods.HGHTestCustomer@1ed4004b] output={null}]]]>
              </value>
            </param>
          </params>
          <reporter-output>
          </reporter-output>
        </test-method> <!-- takeScreenshot -->
        <test-method status="PASS" signature="startRecording(java.lang.reflect.Method)[pri:0, instance:org.hgh.testmethods.HGHTestCustomer@1ed4004b]" name="startRecording" is-config="true" duration-ms="0" started-at="2016-03-29T17:41:39Z" finished-at="2016-03-29T17:41:39Z">
          <params>
            <param index="0">
              <value>
                <![CDATA[public void org.hgh.testmethods.HGHTestCustomer.tc013_HGH_cartFileUpload() throws java.lang.Exception]]>
              </value>
            </param>
          </params>
          <reporter-output>
          </reporter-output>
        </test-method> <!-- startRecording -->
        <test-method status="FAIL" signature="tc013_HGH_cartFileUpload()[pri:0, instance:org.hgh.testmethods.HGHTestCustomer@1ed4004b]" name="tc013_HGH_cartFileUpload" duration-ms="176665" started-at="2016-03-29T17:41:39Z" finished-at="2016-03-29T17:44:35Z">
          <exception class="org.openqa.selenium.TimeoutException">
            <message>
              <![CDATA[Timed out after 120 seconds waiting for visibility of Proxy element for: DefaultElementLocator 'By.xpath: //div[@class='cimm_siteTableEnclosure']'
Build info: version: '2.52.0', revision: '4c2593cfc3689a7fcd7be52549167e5ccc93ad28', time: '2016-02-11 11:22:43'
System info: host: 'swuni-QA-04', ip: '192.168.2.251', os.name: 'Windows 8.1', os.arch: 'amd64', os.version: '6.3', java.version: '1.8.0_73'
Driver info: org.openqa.selenium.chrome.ChromeDriver
Capabilities [{applicationCacheEnabled=false, rotatable=false, mobileEmulationEnabled=false, chrome={userDataDir=C:\Users\hemanth\AppData\Local\Temp\scoped_dir6716_8737}, takesHeapSnapshot=true, databaseEnabled=false, handlesAlerts=true, hasTouchScreen=false, version=49.0.2623.87, platform=WIN8_1, browserConnectionEnabled=false, nativeEvents=true, acceptSslCerts=true, locationContextEnabled=true, webStorageEnabled=true, browserName=chrome, takesScreenshot=true, javascriptEnabled=true, cssSelectorsEnabled=true}]
Session ID: 2d734858d619c7e35495034676fe8514]]>
            </message>
            <full-stacktrace>
              <![CDATA[org.openqa.selenium.TimeoutException: Timed out after 120 seconds waiting for visibility of Proxy element for: DefaultElementLocator 'By.xpath: //div[@class='cimm_siteTableEnclosure']'
Build info: version: '2.52.0', revision: '4c2593cfc3689a7fcd7be52549167e5ccc93ad28', time: '2016-02-11 11:22:43'
System info: host: 'swuni-QA-04', ip: '192.168.2.251', os.name: 'Windows 8.1', os.arch: 'amd64', os.version: '6.3', java.version: '1.8.0_73'
Driver info: org.openqa.selenium.chrome.ChromeDriver
Capabilities [{applicationCacheEnabled=false, rotatable=false, mobileEmulationEnabled=false, chrome={userDataDir=C:\Users\hemanth\AppData\Local\Temp\scoped_dir6716_8737}, takesHeapSnapshot=true, databaseEnabled=false, handlesAlerts=true, hasTouchScreen=false, version=49.0.2623.87, platform=WIN8_1, browserConnectionEnabled=false, nativeEvents=true, acceptSslCerts=true, locationContextEnabled=true, webStorageEnabled=true, browserName=chrome, takesScreenshot=true, javascriptEnabled=true, cssSelectorsEnabled=true}]
Session ID: 2d734858d619c7e35495034676fe8514
	at org.openqa.selenium.support.ui.WebDriverWait.timeoutException(WebDriverWait.java:80)
	at org.openqa.selenium.support.ui.FluentWait.until(FluentWait.java:261)
	at org.hgh.utils.Waiting.explicitWaitVisibilityOfElement(Waiting.java:36)
	at org.hgh.customer.pageobjects.HGHMyAccountsPageObjects.verifyQuickCartPage(HGHMyAccountsPageObjects.java:307)
	at org.hgh.testmethods.HGHTestCustomer.tc013_HGH_cartFileUpload(HGHTestCustomer.java:623)
	at sun.reflect.NativeMethodAccessorImpl.invoke0(Native Method)
	at sun.reflect.NativeMethodAccessorImpl.invoke(Unknown Source)
	at sun.reflect.DelegatingMethodAccessorImpl.invoke(Unknown Source)
	at java.lang.reflect.Method.invoke(Unknown Source)
	at org.testng.internal.MethodInvocationHelper.invokeMethod(MethodInvocationHelper.java:86)
	at org.testng.internal.Invoker.invokeMethod(Invoker.java:645)
	at org.testng.internal.Invoker.invokeTestMethod(Invoker.java:822)
	at org.testng.internal.Invoker.invokeTestMethods(Invoker.java:1130)
	at org.testng.internal.TestMethodWorker.invokeTestMethods(TestMethodWorker.java:129)
	at org.testng.internal.TestMethodWorker.run(TestMethodWorker.java:112)
	at org.testng.TestRunner.privateRun(TestRunner.java:782)
	at org.testng.TestRunner.run(TestRunner.java:632)
	at org.testng.SuiteRunner.runTest(SuiteRunner.java:366)
	at org.testng.SuiteRunner.runSequentially(SuiteRunner.java:361)
	at org.testng.SuiteRunner.privateRun(SuiteRunner.java:319)
	at org.testng.SuiteRunner.run(SuiteRunner.java:268)
	at org.testng.SuiteRunnerWorker.runSuite(SuiteRunnerWorker.java:52)
	at org.testng.SuiteRunnerWorker.run(SuiteRunnerWorker.java:86)
	at org.testng.TestNG.runSuitesSequentially(TestNG.java:1244)
	at org.testng.TestNG.runSuitesLocally(TestNG.java:1169)
	at org.testng.TestNG.run(TestNG.java:1064)
	at org.testng.remote.RemoteTestNG.run(RemoteTestNG.java:113)
	at org.testng.remote.RemoteTestNG.initAndRun(RemoteTestNG.java:206)
	at org.testng.remote.RemoteTestNG.main(RemoteTestNG.java:177)
Caused by: org.openqa.selenium.NoSuchElementException: no such element: Unable to locate element: {"method":"xpath","selector":"//div[@class='cimm_siteTableEnclosure']"}
  (Session info: chrome=49.0.2623.87)
  (Driver info: chromedriver=2.20.353145 (343b531d31eeb933ec778dbcf7081628a1396067),platform=Windows NT 6.3 x86_64) (WARNING: The server did not provide any stacktrace information)
Command duration or timeout: 30.04 seconds
For documentation on this error, please visit: http://seleniumhq.org/exceptions/no_such_element.html
Build info: version: '2.52.0', revision: '4c2593cfc3689a7fcd7be52549167e5ccc93ad28', time: '2016-02-11 11:22:43'
System info: host: 'swuni-QA-04', ip: '192.168.2.251', os.name: 'Windows 8.1', os.arch: 'amd64', os.version: '6.3', java.version: '1.8.0_73'
Driver info: org.openqa.selenium.chrome.ChromeDriver
Capabilities [{applicationCacheEnabled=false, rotatable=false, mobileEmulationEnabled=false, chrome={userDataDir=C:\Users\hemanth\AppData\Local\Temp\scoped_dir6716_8737}, takesHeapSnapshot=true, databaseEnabled=false, handlesAlerts=true, hasTouchScreen=false, version=49.0.2623.87, platform=WIN8_1, browserConnectionEnabled=false, nativeEvents=true, acceptSslCerts=true, locationContextEnabled=true, webStorageEnabled=true, browserName=chrome, takesScreenshot=true, javascriptEnabled=true, cssSelectorsEnabled=true}]
Session ID: 2d734858d619c7e35495034676fe8514
*** Element info: {Using=xpath, value=//div[@class='cimm_siteTableEnclosure']}
	at sun.reflect.GeneratedConstructorAccessor16.newInstance(Unknown Source)
	at sun.reflect.DelegatingConstructorAccessorImpl.newInstance(Unknown Source)
	at java.lang.reflect.Constructor.newInstance(Unknown Source)
	at org.openqa.selenium.remote.ErrorHandler.createThrowable(ErrorHandler.java:206)
	at org.openqa.selenium.remote.ErrorHandler.throwIfResponseFailed(ErrorHandler.java:158)
	at org.openqa.selenium.remote.RemoteWebDriver.execute(RemoteWebDriver.java:678)
	at org.openqa.selenium.remote.RemoteWebDriver.findElement(RemoteWebDriver.java:363)
	at org.openqa.selenium.remote.RemoteWebDriver.findElementByXPath(RemoteWebDriver.java:500)
	at org.openqa.selenium.By$ByXPath.findElement(By.java:361)
	at org.openqa.selenium.remote.RemoteWebDriver.findElement(RemoteWebDriver.java:355)
	at org.openqa.selenium.support.pagefactory.DefaultElementLocator.findElement(DefaultElementLocator.java:69)
	at org.openqa.selenium.support.pagefactory.internal.LocatingElementHandler.invoke(LocatingElementHandler.java:38)
	at com.sun.proxy.$Proxy10.isDisplayed(Unknown Source)
	at org.openqa.selenium.support.ui.ExpectedConditions.elementIfVisible(ExpectedConditions.java:302)
	at org.openqa.selenium.support.ui.ExpectedConditions.access$100(ExpectedConditions.java:41)
	at org.openqa.selenium.support.ui.ExpectedConditions$10.apply(ExpectedConditions.java:288)
	at org.openqa.selenium.support.ui.ExpectedConditions$10.apply(ExpectedConditions.java:285)
	at org.openqa.selenium.support.ui.FluentWait.until(FluentWait.java:238)
	... 27 more
]]>
            </full-stacktrace>
          </exception> <!-- org.openqa.selenium.TimeoutException -->
          <reporter-output>
          </reporter-output>
        </test-method> <!-- tc013_HGH_cartFileUpload -->
        <test-method status="PASS" signature="takeScreenshot(org.testng.ITestResult)[pri:0, instance:org.hgh.testmethods.HGHTestCustomer@1ed4004b]" name="takeScreenshot" is-config="true" duration-ms="220" started-at="2016-03-29T17:44:36Z" finished-at="2016-03-29T17:44:36Z">
          <params>
            <param index="0">
              <value>
                <![CDATA[[TestResult name=tc013_HGH_cartFileUpload status=FAILURE method=HGHTestCustomer.tc013_HGH_cartFileUpload()[pri:0, instance:org.hgh.testmethods.HGHTestCustomer@1ed4004b] output={null}]]]>
              </value>
            </param>
          </params>
          <reporter-output>
          </reporter-output>
        </test-method> <!-- takeScreenshot -->
        <test-method status="PASS" signature="callStopRecording()[pri:0, instance:org.hgh.testmethods.HGHTestCustomer@1ed4004b]" name="callStopRecording" is-config="true" duration-ms="0" started-at="2016-03-29T17:44:36Z" finished-at="2016-03-29T17:44:36Z">
          <reporter-output>
          </reporter-output>
        </test-method> <!-- callStopRecording -->
        <test-method status="PASS" signature="setUp()[pri:0, instance:org.hgh.testmethods.HGHTestCustomer@1ed4004b]" name="setUp" is-config="true" duration-ms="6996" started-at="2016-03-29T17:44:36Z" finished-at="2016-03-29T17:44:43Z">
          <reporter-output>
          </reporter-output>
        </test-method> <!-- setUp -->
        <test-method status="PASS" signature="startRecording(java.lang.reflect.Method)[pri:0, instance:org.hgh.testmethods.HGHTestCustomer@1ed4004b]" name="startRecording" is-config="true" duration-ms="1" started-at="2016-03-29T17:44:43Z" finished-at="2016-03-29T17:44:43Z">
          <params>
            <param index="0">
              <value>
                <![CDATA[public void org.hgh.testmethods.HGHTestCustomer.tc014_HGH_quickOrderPad() throws java.lang.Exception]]>
              </value>
            </param>
          </params>
          <reporter-output>
          </reporter-output>
        </test-method> <!-- startRecording -->
        <test-method status="PASS" signature="tc014_HGH_quickOrderPad()[pri:0, instance:org.hgh.testmethods.HGHTestCustomer@1ed4004b]" name="tc014_HGH_quickOrderPad" duration-ms="17949" started-at="2016-03-29T17:44:43Z" finished-at="2016-03-29T17:45:01Z">
          <reporter-output>
          </reporter-output>
        </test-method> <!-- tc014_HGH_quickOrderPad -->
        <test-method status="PASS" signature="callStopRecording()[pri:0, instance:org.hgh.testmethods.HGHTestCustomer@1ed4004b]" name="callStopRecording" is-config="true" duration-ms="1" started-at="2016-03-29T17:45:01Z" finished-at="2016-03-29T17:45:01Z">
          <reporter-output>
          </reporter-output>
        </test-method> <!-- callStopRecording -->
        <test-method status="PASS" signature="setUp()[pri:0, instance:org.hgh.testmethods.HGHTestCustomer@1ed4004b]" name="setUp" is-config="true" duration-ms="6326" started-at="2016-03-29T17:45:01Z" finished-at="2016-03-29T17:45:07Z">
          <reporter-output>
          </reporter-output>
        </test-method> <!-- setUp -->
        <test-method status="PASS" signature="takeScreenshot(org.testng.ITestResult)[pri:0, instance:org.hgh.testmethods.HGHTestCustomer@1ed4004b]" name="takeScreenshot" is-config="true" duration-ms="0" started-at="2016-03-29T17:45:01Z" finished-at="2016-03-29T17:45:01Z">
          <params>
            <param index="0">
              <value>
                <![CDATA[[TestResult name=tc014_HGH_quickOrderPad status=SUCCESS method=HGHTestCustomer.tc014_HGH_quickOrderPad()[pri:0, instance:org.hgh.testmethods.HGHTestCustomer@1ed4004b] output={null}]]]>
              </value>
            </param>
          </params>
          <reporter-output>
          </reporter-output>
        </test-method> <!-- takeScreenshot -->
        <test-method status="PASS" signature="startRecording(java.lang.reflect.Method)[pri:0, instance:org.hgh.testmethods.HGHTestCustomer@1ed4004b]" name="startRecording" is-config="true" duration-ms="1" started-at="2016-03-29T17:45:07Z" finished-at="2016-03-29T17:45:07Z">
          <params>
            <param index="0">
              <value>
                <![CDATA[public void org.hgh.testmethods.HGHTestCustomer.tc015_HGH_requestForQuote() throws java.lang.Exception]]>
              </value>
            </param>
          </params>
          <reporter-output>
          </reporter-output>
        </test-method> <!-- startRecording -->
        <test-method status="PASS" signature="tc015_HGH_requestForQuote()[pri:0, instance:org.hgh.testmethods.HGHTestCustomer@1ed4004b]" name="tc015_HGH_requestForQuote" duration-ms="22563" started-at="2016-03-29T17:45:07Z" finished-at="2016-03-29T17:45:30Z">
          <reporter-output>
          </reporter-output>
        </test-method> <!-- tc015_HGH_requestForQuote -->
        <test-method status="PASS" signature="callStopRecording()[pri:0, instance:org.hgh.testmethods.HGHTestCustomer@1ed4004b]" name="callStopRecording" is-config="true" duration-ms="1" started-at="2016-03-29T17:45:30Z" finished-at="2016-03-29T17:45:30Z">
          <reporter-output>
          </reporter-output>
        </test-method> <!-- callStopRecording -->
        <test-method status="PASS" signature="takeScreenshot(org.testng.ITestResult)[pri:0, instance:org.hgh.testmethods.HGHTestCustomer@1ed4004b]" name="takeScreenshot" is-config="true" duration-ms="0" started-at="2016-03-29T17:45:30Z" finished-at="2016-03-29T17:45:30Z">
          <params>
            <param index="0">
              <value>
                <![CDATA[[TestResult name=tc015_HGH_requestForQuote status=SUCCESS method=HGHTestCustomer.tc015_HGH_requestForQuote()[pri:0, instance:org.hgh.testmethods.HGHTestCustomer@1ed4004b] output={null}]]]>
              </value>
            </param>
          </params>
          <reporter-output>
          </reporter-output>
        </test-method> <!-- takeScreenshot -->
        <test-method status="PASS" signature="tearDownClass()[pri:0, instance:org.hgh.testmethods.HGHTestCustomer@1ed4004b]" name="tearDownClass" is-config="true" duration-ms="2691" started-at="2016-03-29T17:45:30Z" finished-at="2016-03-29T17:45:33Z">
          <reporter-output>
          </reporter-output>
        </test-method> <!-- tearDownClass -->
      </class> <!-- org.hgh.testmethods.HGHTestCustomer -->
    </test> <!-- HGHWebApplicationTesting -->
  </suite> <!-- HGHSuite -->
</testng-results>
