<?xml version="1.0" encoding="UTF-8"?>
<testng-results skipped="0" failed="0" total="1" passed="1">
  <reporter-output>
  </reporter-output>
  <suite name="Default suite" duration-ms="30814" started-at="2016-03-22T06:43:25Z" finished-at="2016-03-22T06:43:56Z">
    <groups>
      <group name="regression">
        <method signature="HGHTestCustomer.tc002_HGH_login()[pri:0, instance:org.hgh.testmethods.HGHTestCustomer@ff5b51f]" name="tc002_HGH_login" class="org.hgh.testmethods.HGHTestCustomer"/>
      </group> <!-- regression -->
      <group name="smoke">
        <method signature="HGHTestCustomer.tc002_HGH_login()[pri:0, instance:org.hgh.testmethods.HGHTestCustomer@ff5b51f]" name="tc002_HGH_login" class="org.hgh.testmethods.HGHTestCustomer"/>
      </group> <!-- smoke -->
    </groups>
    <test name="Default test" duration-ms="30814" started-at="2016-03-22T06:43:25Z" finished-at="2016-03-22T06:43:56Z">
      <class name="org.hgh.testmethods.HGHTestCustomer">
        <test-method status="PASS" signature="beforeSuite()[pri:0, instance:org.hgh.testmethods.HGHTestCustomer@ff5b51f]" name="beforeSuite" is-config="true" duration-ms="32" started-at="2016-03-22T12:13:25Z" finished-at="2016-03-22T12:13:25Z">
          <reporter-output>
          </reporter-output>
        </test-method> <!-- beforeSuite -->
        <test-method status="PASS" signature="beforeTest()[pri:0, instance:org.hgh.testmethods.HGHTestCustomer@ff5b51f]" name="beforeTest" is-config="true" duration-ms="12101" started-at="2016-03-22T12:13:25Z" finished-at="2016-03-22T12:13:37Z">
          <reporter-output>
          </reporter-output>
        </test-method> <!-- beforeTest -->
        <test-method status="PASS" signature="setUp()[pri:0, instance:org.hgh.testmethods.HGHTestCustomer@ff5b51f]" name="setUp" is-config="true" duration-ms="9450" started-at="2016-03-22T12:13:37Z" finished-at="2016-03-22T12:13:47Z">
          <reporter-output>
          </reporter-output>
        </test-method> <!-- setUp -->
        <test-method status="PASS" signature="startRecording(java.lang.reflect.Method)[pri:0, instance:org.hgh.testmethods.HGHTestCustomer@ff5b51f]" name="startRecording" is-config="true" duration-ms="3" started-at="2016-03-22T12:13:47Z" finished-at="2016-03-22T12:13:47Z">
          <params>
            <param index="0">
              <value>
                <![CDATA[public void org.hgh.testmethods.HGHTestCustomer.tc002_HGH_login() throws java.lang.Exception]]>
              </value>
            </param>
          </params>
          <reporter-output>
          </reporter-output>
        </test-method> <!-- startRecording -->
        <test-method status="PASS" signature="tc002_HGH_login()[pri:0, instance:org.hgh.testmethods.HGHTestCustomer@ff5b51f]" name="tc002_HGH_login" duration-ms="6541" started-at="2016-03-22T12:13:47Z" finished-at="2016-03-22T12:13:53Z">
          <reporter-output>
          </reporter-output>
        </test-method> <!-- tc002_HGH_login -->
        <test-method status="PASS" signature="callStopRecording()[pri:0, instance:org.hgh.testmethods.HGHTestCustomer@ff5b51f]" name="callStopRecording" is-config="true" duration-ms="0" started-at="2016-03-22T12:13:53Z" finished-at="2016-03-22T12:13:53Z">
          <reporter-output>
          </reporter-output>
        </test-method> <!-- callStopRecording -->
        <test-method status="PASS" signature="checkForLogout()[pri:0, instance:org.hgh.testmethods.HGHTestCustomer@ff5b51f]" name="checkForLogout" is-config="true" duration-ms="2657" started-at="2016-03-22T12:13:53Z" finished-at="2016-03-22T12:13:56Z">
          <reporter-output>
          </reporter-output>
        </test-method> <!-- checkForLogout -->
        <test-method status="PASS" signature="takeScreenshot(org.testng.ITestResult)[pri:0, instance:org.hgh.testmethods.HGHTestCustomer@ff5b51f]" name="takeScreenshot" is-config="true" duration-ms="0" started-at="2016-03-22T12:13:56Z" finished-at="2016-03-22T12:13:56Z">
          <params>
            <param index="0">
              <value>
                <![CDATA[[TestResult name=tc002_HGH_login status=SUCCESS method=HGHTestCustomer.tc002_HGH_login()[pri:0, instance:org.hgh.testmethods.HGHTestCustomer@ff5b51f] output={null}]]]>
              </value>
            </param>
          </params>
          <reporter-output>
          </reporter-output>
        </test-method> <!-- takeScreenshot -->
        <test-method status="PASS" signature="tearDownClass()[pri:0, instance:org.hgh.testmethods.HGHTestCustomer@ff5b51f]" name="tearDownClass" is-config="true" duration-ms="2693" started-at="2016-03-22T12:13:56Z" finished-at="2016-03-22T12:13:59Z">
          <reporter-output>
          </reporter-output>
        </test-method> <!-- tearDownClass -->
      </class> <!-- org.hgh.testmethods.HGHTestCustomer -->
    </test> <!-- Default test -->
  </suite> <!-- Default suite -->
</testng-results>
