<?xml version="1.0" encoding="UTF-8"?>
<testng-results skipped="0" failed="0" total="13" passed="13">
  <reporter-output>
  </reporter-output>
  <suite name="HGHSuite" duration-ms="504056" started-at="2016-03-30T06:09:19Z" finished-at="2016-03-30T06:17:43Z">
    <groups>
      <group name="regression">
        <method signature="HGHAccountDashboardModule.tc011_HGH_AccountsDashboard()[pri:0, instance:org.hgh.modules.HGHAccountDashboardModule@6adede5]" name="tc011_HGH_AccountsDashboard" class="org.hgh.modules.HGHAccountDashboardModule"/>
        <method signature="HGHCartFileUploadModule.tc013_HGH_cartFileUpload()[pri:0, instance:org.hgh.modules.HGHCartFileUploadModule@64bfbc86]" name="tc013_HGH_cartFileUpload" class="org.hgh.modules.HGHCartFileUploadModule"/>
        <method signature="HGHHomePageModule.tc008_verifyHeaderAndFooter()[pri:0, instance:org.hgh.modules.HGHHomePageModule@64bf3bbf]" name="tc008_verifyHeaderAndFooter" class="org.hgh.modules.HGHHomePageModule"/>
        <method signature="HGHLoginModule.TS_Login_001_TS_Login_006_TC_Login_001_TC_Login_002_TC_Login_024_TC_Login_025_TC_Login_026_TC_Login_027_HGH()[pri:0, instance:org.hgh.modules.HGHLoginModule@192b07fd]" name="TS_Login_001_TS_Login_006_TC_Login_001_TC_Login_002_TC_Login_024_TC_Login_025_TC_Login_026_TC_Login_027_HGH" class="org.hgh.modules.HGHLoginModule"/>
        <method signature="HGHMyProductGroupModule.tc007_HGH_MyProductGroupCreateAndDelete()[pri:0, instance:org.hgh.modules.HGHMyProductGroupModule@55d56113]" name="tc007_HGH_MyProductGroupCreateAndDelete" class="org.hgh.modules.HGHMyProductGroupModule"/>
        <method signature="HGHProductDetailsModule.tc004_HGH_generalSearch()[pri:0, instance:org.hgh.modules.HGHProductDetailsModule@148080bb]" name="tc004_HGH_generalSearch" class="org.hgh.modules.HGHProductDetailsModule"/>
        <method signature="HGHProductListModule.tc005_HGH_ListViewGridView()[pri:0, instance:org.hgh.modules.HGHProductListModule@dc24521]" name="tc005_HGH_ListViewGridView" class="org.hgh.modules.HGHProductListModule"/>
        <method signature="HGHProductListModule.tc006_HGH_ProductListPage()[pri:0, instance:org.hgh.modules.HGHProductListModule@dc24521]" name="tc006_HGH_ProductListPage" class="org.hgh.modules.HGHProductListModule"/>
        <method signature="HGHProductsCompareModule.tc009_compareFunctionality()[pri:0, instance:org.hgh.modules.HGHProductsCompareModule@10bdf5e5]" name="tc009_compareFunctionality" class="org.hgh.modules.HGHProductsCompareModule"/>
        <method signature="HGHQuickOrderPadModule.tc014_HGH_quickOrderPad()[pri:0, instance:org.hgh.modules.HGHQuickOrderPadModule@6e1ec318]" name="tc014_HGH_quickOrderPad" class="org.hgh.modules.HGHQuickOrderPadModule"/>
        <method signature="HGHRequestForQuoteModule.tc015_HGH_requestForQuote()[pri:0, instance:org.hgh.modules.HGHRequestForQuoteModule@7e0b0338]" name="tc015_HGH_requestForQuote" class="org.hgh.modules.HGHRequestForQuoteModule"/>
        <method signature="HGHShoppingCartModule.TS_ShoppingCart_001_TC_ShoppingCart_002_TC_ShoppingCart_019_TC_ShoppingCart_020_TC_ShoppingCart_021_HGH_signedUserAddingItemToCart()[pri:0, instance:org.hgh.modules.HGHShoppingCartModule@617faa95]" name="TS_ShoppingCart_001_TC_ShoppingCart_002_TC_ShoppingCart_019_TC_ShoppingCart_020_TC_ShoppingCart_021_HGH_signedUserAddingItemToCart" class="org.hgh.modules.HGHShoppingCartModule"/>
        <method signature="HGHShoppingCartModule.TS_ShoppingCart_002_TC_ShoppingCart_011_HGH_saveCart()[pri:0, instance:org.hgh.modules.HGHShoppingCartModule@617faa95]" name="TS_ShoppingCart_002_TC_ShoppingCart_011_HGH_saveCart" class="org.hgh.modules.HGHShoppingCartModule"/>
      </group> <!-- regression -->
      <group name="smoke">
        <method signature="HGHAccountDashboardModule.tc011_HGH_AccountsDashboard()[pri:0, instance:org.hgh.modules.HGHAccountDashboardModule@6adede5]" name="tc011_HGH_AccountsDashboard" class="org.hgh.modules.HGHAccountDashboardModule"/>
        <method signature="HGHCartFileUploadModule.tc013_HGH_cartFileUpload()[pri:0, instance:org.hgh.modules.HGHCartFileUploadModule@64bfbc86]" name="tc013_HGH_cartFileUpload" class="org.hgh.modules.HGHCartFileUploadModule"/>
        <method signature="HGHHomePageModule.tc008_verifyHeaderAndFooter()[pri:0, instance:org.hgh.modules.HGHHomePageModule@64bf3bbf]" name="tc008_verifyHeaderAndFooter" class="org.hgh.modules.HGHHomePageModule"/>
        <method signature="HGHLoginModule.TS_Login_001_TS_Login_006_TC_Login_001_TC_Login_002_TC_Login_024_TC_Login_025_TC_Login_026_TC_Login_027_HGH()[pri:0, instance:org.hgh.modules.HGHLoginModule@192b07fd]" name="TS_Login_001_TS_Login_006_TC_Login_001_TC_Login_002_TC_Login_024_TC_Login_025_TC_Login_026_TC_Login_027_HGH" class="org.hgh.modules.HGHLoginModule"/>
        <method signature="HGHMyProductGroupModule.tc007_HGH_MyProductGroupCreateAndDelete()[pri:0, instance:org.hgh.modules.HGHMyProductGroupModule@55d56113]" name="tc007_HGH_MyProductGroupCreateAndDelete" class="org.hgh.modules.HGHMyProductGroupModule"/>
        <method signature="HGHProductDetailsModule.tc004_HGH_generalSearch()[pri:0, instance:org.hgh.modules.HGHProductDetailsModule@148080bb]" name="tc004_HGH_generalSearch" class="org.hgh.modules.HGHProductDetailsModule"/>
        <method signature="HGHProductListModule.tc005_HGH_ListViewGridView()[pri:0, instance:org.hgh.modules.HGHProductListModule@dc24521]" name="tc005_HGH_ListViewGridView" class="org.hgh.modules.HGHProductListModule"/>
        <method signature="HGHProductListModule.tc006_HGH_ProductListPage()[pri:0, instance:org.hgh.modules.HGHProductListModule@dc24521]" name="tc006_HGH_ProductListPage" class="org.hgh.modules.HGHProductListModule"/>
        <method signature="HGHProductsCompareModule.tc009_compareFunctionality()[pri:0, instance:org.hgh.modules.HGHProductsCompareModule@10bdf5e5]" name="tc009_compareFunctionality" class="org.hgh.modules.HGHProductsCompareModule"/>
        <method signature="HGHQuickOrderPadModule.tc014_HGH_quickOrderPad()[pri:0, instance:org.hgh.modules.HGHQuickOrderPadModule@6e1ec318]" name="tc014_HGH_quickOrderPad" class="org.hgh.modules.HGHQuickOrderPadModule"/>
        <method signature="HGHRequestForQuoteModule.tc015_HGH_requestForQuote()[pri:0, instance:org.hgh.modules.HGHRequestForQuoteModule@7e0b0338]" name="tc015_HGH_requestForQuote" class="org.hgh.modules.HGHRequestForQuoteModule"/>
        <method signature="HGHShoppingCartModule.TS_ShoppingCart_001_TC_ShoppingCart_002_TC_ShoppingCart_019_TC_ShoppingCart_020_TC_ShoppingCart_021_HGH_signedUserAddingItemToCart()[pri:0, instance:org.hgh.modules.HGHShoppingCartModule@617faa95]" name="TS_ShoppingCart_001_TC_ShoppingCart_002_TC_ShoppingCart_019_TC_ShoppingCart_020_TC_ShoppingCart_021_HGH_signedUserAddingItemToCart" class="org.hgh.modules.HGHShoppingCartModule"/>
        <method signature="HGHShoppingCartModule.TS_ShoppingCart_002_TC_ShoppingCart_011_HGH_saveCart()[pri:0, instance:org.hgh.modules.HGHShoppingCartModule@617faa95]" name="TS_ShoppingCart_002_TC_ShoppingCart_011_HGH_saveCart" class="org.hgh.modules.HGHShoppingCartModule"/>
      </group> <!-- smoke -->
    </groups>
    <test name="HGHWebApplicationTesting" duration-ms="504056" started-at="2016-03-30T06:09:19Z" finished-at="2016-03-30T06:17:43Z">
      <class name="org.hgh.modules.HGHHomePageModule">
        <test-method status="PASS" signature="setUp()[pri:0, instance:org.hgh.modules.HGHHomePageModule@64bf3bbf]" name="setUp" is-config="true" duration-ms="6274" started-at="2016-03-30T11:43:34Z" finished-at="2016-03-30T11:43:40Z">
          <reporter-output>
          </reporter-output>
        </test-method> <!-- setUp -->
        <test-method status="PASS" signature="startRecording(java.lang.reflect.Method)[pri:0, instance:org.hgh.modules.HGHHomePageModule@64bf3bbf]" name="startRecording" is-config="true" duration-ms="1" started-at="2016-03-30T11:43:40Z" finished-at="2016-03-30T11:43:40Z">
          <params>
            <param index="0">
              <value>
                <![CDATA[public void org.hgh.modules.HGHHomePageModule.tc008_verifyHeaderAndFooter() throws java.lang.Exception]]>
              </value>
            </param>
          </params>
          <reporter-output>
          </reporter-output>
        </test-method> <!-- startRecording -->
        <test-method status="PASS" signature="tc008_verifyHeaderAndFooter()[pri:0, instance:org.hgh.modules.HGHHomePageModule@64bf3bbf]" name="tc008_verifyHeaderAndFooter" duration-ms="1271" started-at="2016-03-30T11:43:40Z" finished-at="2016-03-30T11:43:42Z">
          <reporter-output>
          </reporter-output>
        </test-method> <!-- tc008_verifyHeaderAndFooter -->
        <test-method status="PASS" signature="takeScreenshot(org.testng.ITestResult)[pri:0, instance:org.hgh.modules.HGHHomePageModule@64bf3bbf]" name="takeScreenshot" is-config="true" duration-ms="0" started-at="2016-03-30T11:43:42Z" finished-at="2016-03-30T11:43:42Z">
          <params>
            <param index="0">
              <value>
                <![CDATA[[TestResult name=tc008_verifyHeaderAndFooter status=SUCCESS method=HGHHomePageModule.tc008_verifyHeaderAndFooter()[pri:0, instance:org.hgh.modules.HGHHomePageModule@64bf3bbf] output={null}]]]>
              </value>
            </param>
          </params>
          <reporter-output>
          </reporter-output>
        </test-method> <!-- takeScreenshot -->
        <test-method status="PASS" signature="callStopRecording()[pri:0, instance:org.hgh.modules.HGHHomePageModule@64bf3bbf]" name="callStopRecording" is-config="true" duration-ms="0" started-at="2016-03-30T11:43:42Z" finished-at="2016-03-30T11:43:42Z">
          <reporter-output>
          </reporter-output>
        </test-method> <!-- callStopRecording -->
      </class> <!-- org.hgh.modules.HGHHomePageModule -->
      <class name="org.hgh.modules.HGHRequestForQuoteModule">
        <test-method status="PASS" signature="setUp()[pri:0, instance:org.hgh.modules.HGHRequestForQuoteModule@7e0b0338]" name="setUp" is-config="true" duration-ms="4172" started-at="2016-03-30T11:39:41Z" finished-at="2016-03-30T11:39:45Z">
          <reporter-output>
          </reporter-output>
        </test-method> <!-- setUp -->
        <test-method status="PASS" signature="startRecording(java.lang.reflect.Method)[pri:0, instance:org.hgh.modules.HGHRequestForQuoteModule@7e0b0338]" name="startRecording" is-config="true" duration-ms="1" started-at="2016-03-30T11:39:45Z" finished-at="2016-03-30T11:39:45Z">
          <params>
            <param index="0">
              <value>
                <![CDATA[public void org.hgh.modules.HGHRequestForQuoteModule.tc015_HGH_requestForQuote() throws java.lang.Exception]]>
              </value>
            </param>
          </params>
          <reporter-output>
          </reporter-output>
        </test-method> <!-- startRecording -->
        <test-method status="PASS" signature="tc015_HGH_requestForQuote()[pri:0, instance:org.hgh.modules.HGHRequestForQuoteModule@7e0b0338]" name="tc015_HGH_requestForQuote" duration-ms="15276" started-at="2016-03-30T11:39:45Z" finished-at="2016-03-30T11:40:00Z">
          <reporter-output>
          </reporter-output>
        </test-method> <!-- tc015_HGH_requestForQuote -->
        <test-method status="PASS" signature="callStopRecording()[pri:0, instance:org.hgh.modules.HGHRequestForQuoteModule@7e0b0338]" name="callStopRecording" is-config="true" duration-ms="1" started-at="2016-03-30T11:40:00Z" finished-at="2016-03-30T11:40:00Z">
          <reporter-output>
          </reporter-output>
        </test-method> <!-- callStopRecording -->
        <test-method status="PASS" signature="takeScreenshot(org.testng.ITestResult)[pri:0, instance:org.hgh.modules.HGHRequestForQuoteModule@7e0b0338]" name="takeScreenshot" is-config="true" duration-ms="0" started-at="2016-03-30T11:40:00Z" finished-at="2016-03-30T11:40:00Z">
          <params>
            <param index="0">
              <value>
                <![CDATA[[TestResult name=tc015_HGH_requestForQuote status=SUCCESS method=HGHRequestForQuoteModule.tc015_HGH_requestForQuote()[pri:0, instance:org.hgh.modules.HGHRequestForQuoteModule@7e0b0338] output={null}]]]>
              </value>
            </param>
          </params>
          <reporter-output>
          </reporter-output>
        </test-method> <!-- takeScreenshot -->
      </class> <!-- org.hgh.modules.HGHRequestForQuoteModule -->
      <class name="org.hgh.modules.HGHMyProductGroupModule">
        <test-method status="PASS" signature="setUp()[pri:0, instance:org.hgh.modules.HGHMyProductGroupModule@55d56113]" name="setUp" is-config="true" duration-ms="32312" started-at="2016-03-30T11:43:42Z" finished-at="2016-03-30T11:44:14Z">
          <reporter-output>
          </reporter-output>
        </test-method> <!-- setUp -->
        <test-method status="PASS" signature="tc007_HGH_MyProductGroupCreateAndDelete()[pri:0, instance:org.hgh.modules.HGHMyProductGroupModule@55d56113]" name="tc007_HGH_MyProductGroupCreateAndDelete" duration-ms="33911" started-at="2016-03-30T11:44:14Z" finished-at="2016-03-30T11:44:48Z">
          <reporter-output>
          </reporter-output>
        </test-method> <!-- tc007_HGH_MyProductGroupCreateAndDelete -->
        <test-method status="PASS" signature="startRecording(java.lang.reflect.Method)[pri:0, instance:org.hgh.modules.HGHMyProductGroupModule@55d56113]" name="startRecording" is-config="true" duration-ms="0" started-at="2016-03-30T11:44:14Z" finished-at="2016-03-30T11:44:14Z">
          <params>
            <param index="0">
              <value>
                <![CDATA[public void org.hgh.modules.HGHMyProductGroupModule.tc007_HGH_MyProductGroupCreateAndDelete() throws java.lang.Exception]]>
              </value>
            </param>
          </params>
          <reporter-output>
          </reporter-output>
        </test-method> <!-- startRecording -->
        <test-method status="PASS" signature="callStopRecording()[pri:0, instance:org.hgh.modules.HGHMyProductGroupModule@55d56113]" name="callStopRecording" is-config="true" duration-ms="1" started-at="2016-03-30T11:44:48Z" finished-at="2016-03-30T11:44:48Z">
          <reporter-output>
          </reporter-output>
        </test-method> <!-- callStopRecording -->
        <test-method status="PASS" signature="takeScreenshot(org.testng.ITestResult)[pri:0, instance:org.hgh.modules.HGHMyProductGroupModule@55d56113]" name="takeScreenshot" is-config="true" duration-ms="0" started-at="2016-03-30T11:44:48Z" finished-at="2016-03-30T11:44:48Z">
          <params>
            <param index="0">
              <value>
                <![CDATA[[TestResult name=tc007_HGH_MyProductGroupCreateAndDelete status=SUCCESS method=HGHMyProductGroupModule.tc007_HGH_MyProductGroupCreateAndDelete()[pri:0, instance:org.hgh.modules.HGHMyProductGroupModule@55d56113] output={null}]]]>
              </value>
            </param>
          </params>
          <reporter-output>
          </reporter-output>
        </test-method> <!-- takeScreenshot -->
      </class> <!-- org.hgh.modules.HGHMyProductGroupModule -->
      <class name="org.hgh.modules.HGHAccountDashboardModule">
        <test-method status="PASS" signature="beforeSuite()[pri:0, instance:org.hgh.modules.HGHAccountDashboardModule@6adede5]" name="beforeSuite" is-config="true" duration-ms="47" started-at="2016-03-30T11:39:19Z" finished-at="2016-03-30T11:39:19Z">
          <reporter-output>
          </reporter-output>
        </test-method> <!-- beforeSuite -->
        <test-method status="PASS" signature="beforeTest()[pri:0, instance:org.hgh.modules.HGHAccountDashboardModule@6adede5]" name="beforeTest" is-config="true" duration-ms="2449" started-at="2016-03-30T11:39:19Z" finished-at="2016-03-30T11:39:21Z">
          <reporter-output>
          </reporter-output>
        </test-method> <!-- beforeTest -->
        <test-method status="PASS" signature="setUp()[pri:0, instance:org.hgh.modules.HGHAccountDashboardModule@6adede5]" name="setUp" is-config="true" duration-ms="9569" started-at="2016-03-30T11:39:21Z" finished-at="2016-03-30T11:39:31Z">
          <reporter-output>
          </reporter-output>
        </test-method> <!-- setUp -->
        <test-method status="PASS" signature="tc011_HGH_AccountsDashboard()[pri:0, instance:org.hgh.modules.HGHAccountDashboardModule@6adede5]" name="tc011_HGH_AccountsDashboard" duration-ms="10131" started-at="2016-03-30T11:39:31Z" finished-at="2016-03-30T11:39:41Z">
          <reporter-output>
          </reporter-output>
        </test-method> <!-- tc011_HGH_AccountsDashboard -->
        <test-method status="PASS" signature="startRecording(java.lang.reflect.Method)[pri:0, instance:org.hgh.modules.HGHAccountDashboardModule@6adede5]" name="startRecording" is-config="true" duration-ms="0" started-at="2016-03-30T11:39:31Z" finished-at="2016-03-30T11:39:31Z">
          <params>
            <param index="0">
              <value>
                <![CDATA[public void org.hgh.modules.HGHAccountDashboardModule.tc011_HGH_AccountsDashboard() throws java.lang.Exception]]>
              </value>
            </param>
          </params>
          <reporter-output>
          </reporter-output>
        </test-method> <!-- startRecording -->
        <test-method status="PASS" signature="takeScreenshot(org.testng.ITestResult)[pri:0, instance:org.hgh.modules.HGHAccountDashboardModule@6adede5]" name="takeScreenshot" is-config="true" duration-ms="0" started-at="2016-03-30T11:39:41Z" finished-at="2016-03-30T11:39:41Z">
          <params>
            <param index="0">
              <value>
                <![CDATA[[TestResult name=tc011_HGH_AccountsDashboard status=SUCCESS method=HGHAccountDashboardModule.tc011_HGH_AccountsDashboard()[pri:0, instance:org.hgh.modules.HGHAccountDashboardModule@6adede5] output={null}]]]>
              </value>
            </param>
          </params>
          <reporter-output>
          </reporter-output>
        </test-method> <!-- takeScreenshot -->
        <test-method status="PASS" signature="callStopRecording()[pri:0, instance:org.hgh.modules.HGHAccountDashboardModule@6adede5]" name="callStopRecording" is-config="true" duration-ms="0" started-at="2016-03-30T11:39:41Z" finished-at="2016-03-30T11:39:41Z">
          <reporter-output>
          </reporter-output>
        </test-method> <!-- callStopRecording -->
        <test-method status="PASS" signature="tearDownClass()[pri:0, instance:org.hgh.modules.HGHAccountDashboardModule@6adede5]" name="tearDownClass" is-config="true" duration-ms="2371" started-at="2016-03-30T11:47:43Z" finished-at="2016-03-30T11:47:46Z">
          <reporter-output>
          </reporter-output>
        </test-method> <!-- tearDownClass -->
      </class> <!-- org.hgh.modules.HGHAccountDashboardModule -->
      <class name="org.hgh.modules.HGHProductListModule">
        <test-method status="PASS" signature="setUp()[pri:0, instance:org.hgh.modules.HGHProductListModule@dc24521]" name="setUp" is-config="true" duration-ms="33796" started-at="2016-03-30T11:44:59Z" finished-at="2016-03-30T11:45:33Z">
          <reporter-output>
          </reporter-output>
        </test-method> <!-- setUp -->
        <test-method status="PASS" signature="startRecording(java.lang.reflect.Method)[pri:0, instance:org.hgh.modules.HGHProductListModule@dc24521]" name="startRecording" is-config="true" duration-ms="0" started-at="2016-03-30T11:45:33Z" finished-at="2016-03-30T11:45:33Z">
          <params>
            <param index="0">
              <value>
                <![CDATA[public void org.hgh.modules.HGHProductListModule.tc005_HGH_ListViewGridView() throws java.lang.Exception]]>
              </value>
            </param>
          </params>
          <reporter-output>
          </reporter-output>
        </test-method> <!-- startRecording -->
        <test-method status="PASS" signature="tc005_HGH_ListViewGridView()[pri:0, instance:org.hgh.modules.HGHProductListModule@dc24521]" name="tc005_HGH_ListViewGridView" duration-ms="4411" started-at="2016-03-30T11:45:33Z" finished-at="2016-03-30T11:45:37Z">
          <reporter-output>
          </reporter-output>
        </test-method> <!-- tc005_HGH_ListViewGridView -->
        <test-method status="PASS" signature="callStopRecording()[pri:0, instance:org.hgh.modules.HGHProductListModule@dc24521]" name="callStopRecording" is-config="true" duration-ms="1" started-at="2016-03-30T11:45:37Z" finished-at="2016-03-30T11:45:37Z">
          <reporter-output>
          </reporter-output>
        </test-method> <!-- callStopRecording -->
        <test-method status="PASS" signature="setUp()[pri:0, instance:org.hgh.modules.HGHProductListModule@dc24521]" name="setUp" is-config="true" duration-ms="32641" started-at="2016-03-30T11:45:37Z" finished-at="2016-03-30T11:46:10Z">
          <reporter-output>
          </reporter-output>
        </test-method> <!-- setUp -->
        <test-method status="PASS" signature="takeScreenshot(org.testng.ITestResult)[pri:0, instance:org.hgh.modules.HGHProductListModule@dc24521]" name="takeScreenshot" is-config="true" duration-ms="0" started-at="2016-03-30T11:45:37Z" finished-at="2016-03-30T11:45:37Z">
          <params>
            <param index="0">
              <value>
                <![CDATA[[TestResult name=tc005_HGH_ListViewGridView status=SUCCESS method=HGHProductListModule.tc005_HGH_ListViewGridView()[pri:0, instance:org.hgh.modules.HGHProductListModule@dc24521] output={null}]]]>
              </value>
            </param>
          </params>
          <reporter-output>
          </reporter-output>
        </test-method> <!-- takeScreenshot -->
        <test-method status="PASS" signature="tc006_HGH_ProductListPage()[pri:0, instance:org.hgh.modules.HGHProductListModule@dc24521]" name="tc006_HGH_ProductListPage" duration-ms="4094" started-at="2016-03-30T11:46:10Z" finished-at="2016-03-30T11:46:14Z">
          <reporter-output>
          </reporter-output>
        </test-method> <!-- tc006_HGH_ProductListPage -->
        <test-method status="PASS" signature="startRecording(java.lang.reflect.Method)[pri:0, instance:org.hgh.modules.HGHProductListModule@dc24521]" name="startRecording" is-config="true" duration-ms="0" started-at="2016-03-30T11:46:10Z" finished-at="2016-03-30T11:46:10Z">
          <params>
            <param index="0">
              <value>
                <![CDATA[public void org.hgh.modules.HGHProductListModule.tc006_HGH_ProductListPage() throws java.lang.Exception]]>
              </value>
            </param>
          </params>
          <reporter-output>
          </reporter-output>
        </test-method> <!-- startRecording -->
        <test-method status="PASS" signature="takeScreenshot(org.testng.ITestResult)[pri:0, instance:org.hgh.modules.HGHProductListModule@dc24521]" name="takeScreenshot" is-config="true" duration-ms="0" started-at="2016-03-30T11:46:14Z" finished-at="2016-03-30T11:46:14Z">
          <params>
            <param index="0">
              <value>
                <![CDATA[[TestResult name=tc006_HGH_ProductListPage status=SUCCESS method=HGHProductListModule.tc006_HGH_ProductListPage()[pri:0, instance:org.hgh.modules.HGHProductListModule@dc24521] output={null}]]]>
              </value>
            </param>
          </params>
          <reporter-output>
          </reporter-output>
        </test-method> <!-- takeScreenshot -->
        <test-method status="PASS" signature="callStopRecording()[pri:0, instance:org.hgh.modules.HGHProductListModule@dc24521]" name="callStopRecording" is-config="true" duration-ms="0" started-at="2016-03-30T11:46:14Z" finished-at="2016-03-30T11:46:14Z">
          <reporter-output>
          </reporter-output>
        </test-method> <!-- callStopRecording -->
      </class> <!-- org.hgh.modules.HGHProductListModule -->
      <class name="org.hgh.modules.HGHLoginModule">
        <test-method status="PASS" signature="setUp()[pri:0, instance:org.hgh.modules.HGHLoginModule@192b07fd]" name="setUp" is-config="true" duration-ms="6187" started-at="2016-03-30T11:40:00Z" finished-at="2016-03-30T11:40:07Z">
          <reporter-output>
          </reporter-output>
        </test-method> <!-- setUp -->
        <test-method status="PASS" signature="startRecording(java.lang.reflect.Method)[pri:0, instance:org.hgh.modules.HGHLoginModule@192b07fd]" name="startRecording" is-config="true" duration-ms="0" started-at="2016-03-30T11:40:07Z" finished-at="2016-03-30T11:40:07Z">
          <params>
            <param index="0">
              <value>
                <![CDATA[public void org.hgh.modules.HGHLoginModule.TS_Login_001_TS_Login_006_TC_Login_001_TC_Login_002_TC_Login_024_TC_Login_025_TC_Login_026_TC_Login_027_HGH() throws java.lang.Exception]]>
              </value>
            </param>
          </params>
          <reporter-output>
          </reporter-output>
        </test-method> <!-- startRecording -->
        <test-method status="PASS" signature="TS_Login_001_TS_Login_006_TC_Login_001_TC_Login_002_TC_Login_024_TC_Login_025_TC_Login_026_TC_Login_027_HGH()[pri:0, instance:org.hgh.modules.HGHLoginModule@192b07fd]" name="TS_Login_001_TS_Login_006_TC_Login_001_TC_Login_002_TC_Login_024_TC_Login_025_TC_Login_026_TC_Login_027_HGH" duration-ms="6966" started-at="2016-03-30T11:40:07Z" finished-at="2016-03-30T11:40:14Z">
          <reporter-output>
          </reporter-output>
        </test-method> <!-- TS_Login_001_TS_Login_006_TC_Login_001_TC_Login_002_TC_Login_024_TC_Login_025_TC_Login_026_TC_Login_027_HGH -->
        <test-method status="PASS" signature="takeScreenshot(org.testng.ITestResult)[pri:0, instance:org.hgh.modules.HGHLoginModule@192b07fd]" name="takeScreenshot" is-config="true" duration-ms="0" started-at="2016-03-30T11:40:14Z" finished-at="2016-03-30T11:40:14Z">
          <params>
            <param index="0">
              <value>
                <![CDATA[[TestResult name=TS_Login_001_TS_Login_006_TC_Login_001_TC_Login_002_TC_Login_024_TC_Login_025_TC_Login_026_TC_Login_027_HGH status=SUCCESS method=HGHLoginModule.TS_Login_001_TS_Login_006_TC_Login_001_TC_Login_002_TC_Login_024_TC_Login_025_TC_Login_026_TC_Login_027_HGH()[pri:0, instance:org.hgh.modules.HGHLoginModule@192b07fd] output={null}]]]>
              </value>
            </param>
          </params>
          <reporter-output>
          </reporter-output>
        </test-method> <!-- takeScreenshot -->
        <test-method status="PASS" signature="callStopRecording()[pri:0, instance:org.hgh.modules.HGHLoginModule@192b07fd]" name="callStopRecording" is-config="true" duration-ms="0" started-at="2016-03-30T11:40:14Z" finished-at="2016-03-30T11:40:14Z">
          <reporter-output>
          </reporter-output>
        </test-method> <!-- callStopRecording -->
      </class> <!-- org.hgh.modules.HGHLoginModule -->
      <class name="org.hgh.modules.HGHProductDetailsModule">
        <test-method status="PASS" signature="setUp()[pri:0, instance:org.hgh.modules.HGHProductDetailsModule@148080bb]" name="setUp" is-config="true" duration-ms="6349" started-at="2016-03-30T11:44:48Z" finished-at="2016-03-30T11:44:54Z">
          <reporter-output>
          </reporter-output>
        </test-method> <!-- setUp -->
        <test-method status="PASS" signature="startRecording(java.lang.reflect.Method)[pri:0, instance:org.hgh.modules.HGHProductDetailsModule@148080bb]" name="startRecording" is-config="true" duration-ms="0" started-at="2016-03-30T11:44:54Z" finished-at="2016-03-30T11:44:54Z">
          <params>
            <param index="0">
              <value>
                <![CDATA[public void org.hgh.modules.HGHProductDetailsModule.tc004_HGH_generalSearch() throws java.lang.Exception]]>
              </value>
            </param>
          </params>
          <reporter-output>
          </reporter-output>
        </test-method> <!-- startRecording -->
        <test-method status="PASS" signature="tc004_HGH_generalSearch()[pri:0, instance:org.hgh.modules.HGHProductDetailsModule@148080bb]" name="tc004_HGH_generalSearch" duration-ms="4871" started-at="2016-03-30T11:44:54Z" finished-at="2016-03-30T11:44:59Z">
          <reporter-output>
          </reporter-output>
        </test-method> <!-- tc004_HGH_generalSearch -->
        <test-method status="PASS" signature="callStopRecording()[pri:0, instance:org.hgh.modules.HGHProductDetailsModule@148080bb]" name="callStopRecording" is-config="true" duration-ms="0" started-at="2016-03-30T11:44:59Z" finished-at="2016-03-30T11:44:59Z">
          <reporter-output>
          </reporter-output>
        </test-method> <!-- callStopRecording -->
        <test-method status="PASS" signature="takeScreenshot(org.testng.ITestResult)[pri:0, instance:org.hgh.modules.HGHProductDetailsModule@148080bb]" name="takeScreenshot" is-config="true" duration-ms="0" started-at="2016-03-30T11:44:59Z" finished-at="2016-03-30T11:44:59Z">
          <params>
            <param index="0">
              <value>
                <![CDATA[[TestResult name=tc004_HGH_generalSearch status=SUCCESS method=HGHProductDetailsModule.tc004_HGH_generalSearch()[pri:0, instance:org.hgh.modules.HGHProductDetailsModule@148080bb] output={null}]]]>
              </value>
            </param>
          </params>
          <reporter-output>
          </reporter-output>
        </test-method> <!-- takeScreenshot -->
      </class> <!-- org.hgh.modules.HGHProductDetailsModule -->
      <class name="org.hgh.modules.HGHShoppingCartModule">
        <test-method status="PASS" signature="setUp()[pri:0, instance:org.hgh.modules.HGHShoppingCartModule@617faa95]" name="setUp" is-config="true" duration-ms="6029" started-at="2016-03-30T11:40:14Z" finished-at="2016-03-30T11:40:20Z">
          <reporter-output>
          </reporter-output>
        </test-method> <!-- setUp -->
        <test-method status="PASS" signature="startRecording(java.lang.reflect.Method)[pri:0, instance:org.hgh.modules.HGHShoppingCartModule@617faa95]" name="startRecording" is-config="true" duration-ms="1" started-at="2016-03-30T11:40:20Z" finished-at="2016-03-30T11:40:20Z">
          <params>
            <param index="0">
              <value>
                <![CDATA[public void org.hgh.modules.HGHShoppingCartModule.TS_ShoppingCart_001_TC_ShoppingCart_002_TC_ShoppingCart_019_TC_ShoppingCart_020_TC_ShoppingCart_021_HGH_signedUserAddingItemToCart() throws java.lang.Exception]]>
              </value>
            </param>
          </params>
          <reporter-output>
          </reporter-output>
        </test-method> <!-- startRecording -->
        <test-method status="PASS" signature="TS_ShoppingCart_001_TC_ShoppingCart_002_TC_ShoppingCart_019_TC_ShoppingCart_020_TC_ShoppingCart_021_HGH_signedUserAddingItemToCart()[pri:0, instance:org.hgh.modules.HGHShoppingCartModule@617faa95]" name="TS_ShoppingCart_001_TC_ShoppingCart_002_TC_ShoppingCart_019_TC_ShoppingCart_020_TC_ShoppingCart_021_HGH_signedUserAddingItemToCart" duration-ms="25658" started-at="2016-03-30T11:40:20Z" finished-at="2016-03-30T11:40:45Z">
          <reporter-output>
          </reporter-output>
        </test-method> <!-- TS_ShoppingCart_001_TC_ShoppingCart_002_TC_ShoppingCart_019_TC_ShoppingCart_020_TC_ShoppingCart_021_HGH_signedUserAddingItemToCart -->
        <test-method status="PASS" signature="setUp()[pri:0, instance:org.hgh.modules.HGHShoppingCartModule@617faa95]" name="setUp" is-config="true" duration-ms="6299" started-at="2016-03-30T11:40:45Z" finished-at="2016-03-30T11:40:52Z">
          <reporter-output>
          </reporter-output>
        </test-method> <!-- setUp -->
        <test-method status="PASS" signature="callStopRecording()[pri:0, instance:org.hgh.modules.HGHShoppingCartModule@617faa95]" name="callStopRecording" is-config="true" duration-ms="0" started-at="2016-03-30T11:40:45Z" finished-at="2016-03-30T11:40:45Z">
          <reporter-output>
          </reporter-output>
        </test-method> <!-- callStopRecording -->
        <test-method status="PASS" signature="takeScreenshot(org.testng.ITestResult)[pri:0, instance:org.hgh.modules.HGHShoppingCartModule@617faa95]" name="takeScreenshot" is-config="true" duration-ms="0" started-at="2016-03-30T11:40:45Z" finished-at="2016-03-30T11:40:45Z">
          <params>
            <param index="0">
              <value>
                <![CDATA[[TestResult name=TS_ShoppingCart_001_TC_ShoppingCart_002_TC_ShoppingCart_019_TC_ShoppingCart_020_TC_ShoppingCart_021_HGH_signedUserAddingItemToCart status=SUCCESS method=HGHShoppingCartModule.TS_ShoppingCart_001_TC_ShoppingCart_002_TC_ShoppingCart_019_TC_ShoppingCart_020_TC_ShoppingCart_021_HGH_signedUserAddingItemToCart()[pri:0, instance:org.hgh.modules.HGHShoppingCartModule@617faa95] output={null}]]]>
              </value>
            </param>
          </params>
          <reporter-output>
          </reporter-output>
        </test-method> <!-- takeScreenshot -->
        <test-method status="PASS" signature="startRecording(java.lang.reflect.Method)[pri:0, instance:org.hgh.modules.HGHShoppingCartModule@617faa95]" name="startRecording" is-config="true" duration-ms="1" started-at="2016-03-30T11:40:52Z" finished-at="2016-03-30T11:40:52Z">
          <params>
            <param index="0">
              <value>
                <![CDATA[public void org.hgh.modules.HGHShoppingCartModule.TS_ShoppingCart_002_TC_ShoppingCart_011_HGH_saveCart() throws java.lang.Exception]]>
              </value>
            </param>
          </params>
          <reporter-output>
          </reporter-output>
        </test-method> <!-- startRecording -->
        <test-method status="PASS" signature="TS_ShoppingCart_002_TC_ShoppingCart_011_HGH_saveCart()[pri:0, instance:org.hgh.modules.HGHShoppingCartModule@617faa95]" name="TS_ShoppingCart_002_TC_ShoppingCart_011_HGH_saveCart" duration-ms="62207" started-at="2016-03-30T11:40:52Z" finished-at="2016-03-30T11:41:54Z">
          <reporter-output>
          </reporter-output>
        </test-method> <!-- TS_ShoppingCart_002_TC_ShoppingCart_011_HGH_saveCart -->
        <test-method status="PASS" signature="callStopRecording()[pri:0, instance:org.hgh.modules.HGHShoppingCartModule@617faa95]" name="callStopRecording" is-config="true" duration-ms="1" started-at="2016-03-30T11:41:54Z" finished-at="2016-03-30T11:41:54Z">
          <reporter-output>
          </reporter-output>
        </test-method> <!-- callStopRecording -->
        <test-method status="PASS" signature="takeScreenshot(org.testng.ITestResult)[pri:0, instance:org.hgh.modules.HGHShoppingCartModule@617faa95]" name="takeScreenshot" is-config="true" duration-ms="0" started-at="2016-03-30T11:41:54Z" finished-at="2016-03-30T11:41:54Z">
          <params>
            <param index="0">
              <value>
                <![CDATA[[TestResult name=TS_ShoppingCart_002_TC_ShoppingCart_011_HGH_saveCart status=SUCCESS method=HGHShoppingCartModule.TS_ShoppingCart_002_TC_ShoppingCart_011_HGH_saveCart()[pri:0, instance:org.hgh.modules.HGHShoppingCartModule@617faa95] output={null}]]]>
              </value>
            </param>
          </params>
          <reporter-output>
          </reporter-output>
        </test-method> <!-- takeScreenshot -->
      </class> <!-- org.hgh.modules.HGHShoppingCartModule -->
      <class name="org.hgh.modules.HGHProductsCompareModule">
        <test-method status="PASS" signature="setUp()[pri:0, instance:org.hgh.modules.HGHProductsCompareModule@10bdf5e5]" name="setUp" is-config="true" duration-ms="32951" started-at="2016-03-30T11:46:14Z" finished-at="2016-03-30T11:46:47Z">
          <reporter-output>
          </reporter-output>
        </test-method> <!-- setUp -->
        <test-method status="PASS" signature="startRecording(java.lang.reflect.Method)[pri:0, instance:org.hgh.modules.HGHProductsCompareModule@10bdf5e5]" name="startRecording" is-config="true" duration-ms="0" started-at="2016-03-30T11:46:47Z" finished-at="2016-03-30T11:46:47Z">
          <params>
            <param index="0">
              <value>
                <![CDATA[public void org.hgh.modules.HGHProductsCompareModule.tc009_compareFunctionality() throws java.lang.Exception]]>
              </value>
            </param>
          </params>
          <reporter-output>
          </reporter-output>
        </test-method> <!-- startRecording -->
        <test-method status="PASS" signature="tc009_compareFunctionality()[pri:0, instance:org.hgh.modules.HGHProductsCompareModule@10bdf5e5]" name="tc009_compareFunctionality" duration-ms="6712" started-at="2016-03-30T11:46:47Z" finished-at="2016-03-30T11:46:54Z">
          <reporter-output>
          </reporter-output>
        </test-method> <!-- tc009_compareFunctionality -->
        <test-method status="PASS" signature="takeScreenshot(org.testng.ITestResult)[pri:0, instance:org.hgh.modules.HGHProductsCompareModule@10bdf5e5]" name="takeScreenshot" is-config="true" duration-ms="0" started-at="2016-03-30T11:46:54Z" finished-at="2016-03-30T11:46:54Z">
          <params>
            <param index="0">
              <value>
                <![CDATA[[TestResult name=tc009_compareFunctionality status=SUCCESS method=HGHProductsCompareModule.tc009_compareFunctionality()[pri:0, instance:org.hgh.modules.HGHProductsCompareModule@10bdf5e5] output={null}]]]>
              </value>
            </param>
          </params>
          <reporter-output>
          </reporter-output>
        </test-method> <!-- takeScreenshot -->
        <test-method status="PASS" signature="callStopRecording()[pri:0, instance:org.hgh.modules.HGHProductsCompareModule@10bdf5e5]" name="callStopRecording" is-config="true" duration-ms="0" started-at="2016-03-30T11:46:54Z" finished-at="2016-03-30T11:46:54Z">
          <reporter-output>
          </reporter-output>
        </test-method> <!-- callStopRecording -->
      </class> <!-- org.hgh.modules.HGHProductsCompareModule -->
      <class name="org.hgh.modules.HGHQuickOrderPadModule">
        <test-method status="PASS" signature="setUp()[pri:0, instance:org.hgh.modules.HGHQuickOrderPadModule@6e1ec318]" name="setUp" is-config="true" duration-ms="32341" started-at="2016-03-30T11:46:54Z" finished-at="2016-03-30T11:47:26Z">
          <reporter-output>
          </reporter-output>
        </test-method> <!-- setUp -->
        <test-method status="PASS" signature="startRecording(java.lang.reflect.Method)[pri:0, instance:org.hgh.modules.HGHQuickOrderPadModule@6e1ec318]" name="startRecording" is-config="true" duration-ms="0" started-at="2016-03-30T11:47:26Z" finished-at="2016-03-30T11:47:26Z">
          <params>
            <param index="0">
              <value>
                <![CDATA[public void org.hgh.modules.HGHQuickOrderPadModule.tc014_HGH_quickOrderPad() throws java.lang.Exception]]>
              </value>
            </param>
          </params>
          <reporter-output>
          </reporter-output>
        </test-method> <!-- startRecording -->
        <test-method status="PASS" signature="tc014_HGH_quickOrderPad()[pri:0, instance:org.hgh.modules.HGHQuickOrderPadModule@6e1ec318]" name="tc014_HGH_quickOrderPad" duration-ms="16699" started-at="2016-03-30T11:47:26Z" finished-at="2016-03-30T11:47:43Z">
          <reporter-output>
          </reporter-output>
        </test-method> <!-- tc014_HGH_quickOrderPad -->
        <test-method status="PASS" signature="takeScreenshot(org.testng.ITestResult)[pri:0, instance:org.hgh.modules.HGHQuickOrderPadModule@6e1ec318]" name="takeScreenshot" is-config="true" duration-ms="0" started-at="2016-03-30T11:47:43Z" finished-at="2016-03-30T11:47:43Z">
          <params>
            <param index="0">
              <value>
                <![CDATA[[TestResult name=tc014_HGH_quickOrderPad status=SUCCESS method=HGHQuickOrderPadModule.tc014_HGH_quickOrderPad()[pri:0, instance:org.hgh.modules.HGHQuickOrderPadModule@6e1ec318] output={null}]]]>
              </value>
            </param>
          </params>
          <reporter-output>
          </reporter-output>
        </test-method> <!-- takeScreenshot -->
        <test-method status="PASS" signature="callStopRecording()[pri:0, instance:org.hgh.modules.HGHQuickOrderPadModule@6e1ec318]" name="callStopRecording" is-config="true" duration-ms="0" started-at="2016-03-30T11:47:43Z" finished-at="2016-03-30T11:47:43Z">
          <reporter-output>
          </reporter-output>
        </test-method> <!-- callStopRecording -->
      </class> <!-- org.hgh.modules.HGHQuickOrderPadModule -->
      <class name="org.hgh.modules.HGHCartFileUploadModule">
        <test-method status="PASS" signature="setUp()[pri:0, instance:org.hgh.modules.HGHCartFileUploadModule@64bfbc86]" name="setUp" is-config="true" duration-ms="6646" started-at="2016-03-30T11:41:54Z" finished-at="2016-03-30T11:42:00Z">
          <reporter-output>
          </reporter-output>
        </test-method> <!-- setUp -->
        <test-method status="PASS" signature="tc013_HGH_cartFileUpload()[pri:0, instance:org.hgh.modules.HGHCartFileUploadModule@64bfbc86]" name="tc013_HGH_cartFileUpload" duration-ms="93735" started-at="2016-03-30T11:42:00Z" finished-at="2016-03-30T11:43:34Z">
          <reporter-output>
          </reporter-output>
        </test-method> <!-- tc013_HGH_cartFileUpload -->
        <test-method status="PASS" signature="startRecording(java.lang.reflect.Method)[pri:0, instance:org.hgh.modules.HGHCartFileUploadModule@64bfbc86]" name="startRecording" is-config="true" duration-ms="0" started-at="2016-03-30T11:42:00Z" finished-at="2016-03-30T11:42:00Z">
          <params>
            <param index="0">
              <value>
                <![CDATA[public void org.hgh.modules.HGHCartFileUploadModule.tc013_HGH_cartFileUpload() throws java.lang.Exception]]>
              </value>
            </param>
          </params>
          <reporter-output>
          </reporter-output>
        </test-method> <!-- startRecording -->
        <test-method status="PASS" signature="callStopRecording()[pri:0, instance:org.hgh.modules.HGHCartFileUploadModule@64bfbc86]" name="callStopRecording" is-config="true" duration-ms="0" started-at="2016-03-30T11:43:34Z" finished-at="2016-03-30T11:43:34Z">
          <reporter-output>
          </reporter-output>
        </test-method> <!-- callStopRecording -->
        <test-method status="PASS" signature="takeScreenshot(org.testng.ITestResult)[pri:0, instance:org.hgh.modules.HGHCartFileUploadModule@64bfbc86]" name="takeScreenshot" is-config="true" duration-ms="1" started-at="2016-03-30T11:43:34Z" finished-at="2016-03-30T11:43:34Z">
          <params>
            <param index="0">
              <value>
                <![CDATA[[TestResult name=tc013_HGH_cartFileUpload status=SUCCESS method=HGHCartFileUploadModule.tc013_HGH_cartFileUpload()[pri:0, instance:org.hgh.modules.HGHCartFileUploadModule@64bfbc86] output={null}]]]>
              </value>
            </param>
          </params>
          <reporter-output>
          </reporter-output>
        </test-method> <!-- takeScreenshot -->
      </class> <!-- org.hgh.modules.HGHCartFileUploadModule -->
    </test> <!-- HGHWebApplicationTesting -->
  </suite> <!-- HGHSuite -->
</testng-results>
