<?xml version="1.0" encoding="UTF-8"?>
<testng-results skipped="0" failed="1" total="3" passed="2">
  <reporter-output>
  </reporter-output>
  <suite name="CollectiveSuite" duration-ms="14091" started-at="2016-03-04T10:08:07Z" finished-at="2016-03-04T10:08:21Z">
    <groups>
    </groups>
    <test name="SmokeTesting" duration-ms="14091" started-at="2016-03-04T10:08:07Z" finished-at="2016-03-04T10:08:21Z">
      <class name="org.collective.testmethods.CollectiveSmokeTestCustomer">
        <test-method status="PASS" signature="beforeSuite()[pri:0, instance:org.collective.testmethods.CollectiveSmokeTestCustomer@3a883ce7]" name="beforeSuite" is-config="true" duration-ms="47" started-at="2016-03-04T15:38:07Z" finished-at="2016-03-04T15:38:07Z">
          <reporter-output>
          </reporter-output>
        </test-method> <!-- beforeSuite -->
        <test-method status="PASS" signature="beforeTest()[pri:0, instance:org.collective.testmethods.CollectiveSmokeTestCustomer@3a883ce7]" name="beforeTest" is-config="true" duration-ms="2485" started-at="2016-03-04T15:38:07Z" finished-at="2016-03-04T15:38:09Z">
          <reporter-output>
          </reporter-output>
        </test-method> <!-- beforeTest -->
        <test-method status="PASS" signature="checkForLogin()[pri:0, instance:org.collective.testmethods.CollectiveSmokeTestCustomer@3a883ce7]" name="checkForLogin" is-config="true" duration-ms="60" started-at="2016-03-04T15:38:09Z" finished-at="2016-03-04T15:38:09Z">
          <reporter-output>
          </reporter-output>
        </test-method> <!-- checkForLogin -->
        <test-method status="PASS" signature="setUp()[pri:0, instance:org.collective.testmethods.CollectiveSmokeTestCustomer@3a883ce7]" name="setUp" is-config="true" duration-ms="3132" started-at="2016-03-04T15:38:09Z" finished-at="2016-03-04T15:38:12Z">
          <reporter-output>
          </reporter-output>
        </test-method> <!-- setUp -->
        <test-method status="PASS" signature="startRecording(java.lang.reflect.Method)[pri:0, instance:org.collective.testmethods.CollectiveSmokeTestCustomer@3a883ce7]" name="startRecording" is-config="true" duration-ms="163" started-at="2016-03-04T15:38:12Z" finished-at="2016-03-04T15:38:13Z">
          <params>
            <param index="0">
              <value>
                <![CDATA[public void org.collective.testmethods.CollectiveSmokeTestCustomer.tc001_collective_login(java.lang.String) throws java.lang.Exception]]>
              </value>
            </param>
          </params>
          <reporter-output>
          </reporter-output>
        </test-method> <!-- startRecording -->
        <test-method status="PASS" signature="tc001_collective_login(java.lang.String)[pri:0, instance:org.collective.testmethods.CollectiveSmokeTestCustomer@3a883ce7]" name="tc001_collective_login" duration-ms="320" started-at="2016-03-04T15:38:13Z" data-provider="tc001_collective_login" finished-at="2016-03-04T15:38:13Z">
          <params>
            <param index="0">
              <value>
                <![CDATA[selenium]]>
              </value>
            </param>
          </params>
          <reporter-output>
          </reporter-output>
        </test-method> <!-- tc001_collective_login -->
        <test-method status="PASS" signature="callStopRecording()[pri:0, instance:org.collective.testmethods.CollectiveSmokeTestCustomer@3a883ce7]" name="callStopRecording" is-config="true" duration-ms="52" started-at="2016-03-04T15:38:13Z" finished-at="2016-03-04T15:38:13Z">
          <reporter-output>
          </reporter-output>
        </test-method> <!-- callStopRecording -->
        <test-method status="PASS" signature="takeScreenshot(org.testng.ITestResult)[pri:0, instance:org.collective.testmethods.CollectiveSmokeTestCustomer@3a883ce7]" name="takeScreenshot" is-config="true" duration-ms="1" started-at="2016-03-04T15:38:13Z" finished-at="2016-03-04T15:38:13Z">
          <params>
            <param index="0">
              <value>
                <![CDATA[[TestResult name=tc001_collective_login status=SUCCESS method=CollectiveSmokeTestCustomer.tc001_collective_login(java.lang.String)[pri:0, instance:org.collective.testmethods.CollectiveSmokeTestCustomer@3a883ce7] output={null}]]]>
              </value>
            </param>
          </params>
          <reporter-output>
          </reporter-output>
        </test-method> <!-- takeScreenshot -->
        <test-method status="PASS" signature="checkForLogin()[pri:0, instance:org.collective.testmethods.CollectiveSmokeTestCustomer@3a883ce7]" name="checkForLogin" is-config="true" duration-ms="26" started-at="2016-03-04T15:38:13Z" finished-at="2016-03-04T15:38:13Z">
          <reporter-output>
          </reporter-output>
        </test-method> <!-- checkForLogin -->
        <test-method status="PASS" signature="setUp()[pri:0, instance:org.collective.testmethods.CollectiveSmokeTestCustomer@3a883ce7]" name="setUp" is-config="true" duration-ms="539" started-at="2016-03-04T15:38:13Z" finished-at="2016-03-04T15:38:14Z">
          <reporter-output>
          </reporter-output>
        </test-method> <!-- setUp -->
        <test-method status="PASS" signature="startRecording(java.lang.reflect.Method)[pri:0, instance:org.collective.testmethods.CollectiveSmokeTestCustomer@3a883ce7]" name="startRecording" is-config="true" duration-ms="27" started-at="2016-03-04T15:38:14Z" finished-at="2016-03-04T15:38:14Z">
          <params>
            <param index="0">
              <value>
                <![CDATA[public void org.collective.testmethods.CollectiveSmokeTestCustomer.tc001_collective_login(java.lang.String) throws java.lang.Exception]]>
              </value>
            </param>
          </params>
          <reporter-output>
          </reporter-output>
        </test-method> <!-- startRecording -->
        <test-method status="PASS" signature="tc001_collective_login(java.lang.String)[pri:0, instance:org.collective.testmethods.CollectiveSmokeTestCustomer@3a883ce7]" name="tc001_collective_login" duration-ms="528" started-at="2016-03-04T15:38:14Z" data-provider="tc001_collective_login" finished-at="2016-03-04T15:38:14Z">
          <params>
            <param index="0">
              <value>
                <![CDATA[appium]]>
              </value>
            </param>
          </params>
          <reporter-output>
          </reporter-output>
        </test-method> <!-- tc001_collective_login -->
        <test-method status="PASS" signature="callStopRecording()[pri:0, instance:org.collective.testmethods.CollectiveSmokeTestCustomer@3a883ce7]" name="callStopRecording" is-config="true" duration-ms="91" started-at="2016-03-04T15:38:14Z" finished-at="2016-03-04T15:38:14Z">
          <reporter-output>
          </reporter-output>
        </test-method> <!-- callStopRecording -->
        <test-method status="PASS" signature="checkForLogin()[pri:0, instance:org.collective.testmethods.CollectiveSmokeTestCustomer@3a883ce7]" name="checkForLogin" is-config="true" duration-ms="34" started-at="2016-03-04T15:38:14Z" finished-at="2016-03-04T15:38:14Z">
          <reporter-output>
          </reporter-output>
        </test-method> <!-- checkForLogin -->
        <test-method status="PASS" signature="takeScreenshot(org.testng.ITestResult)[pri:0, instance:org.collective.testmethods.CollectiveSmokeTestCustomer@3a883ce7]" name="takeScreenshot" is-config="true" duration-ms="0" started-at="2016-03-04T15:38:14Z" finished-at="2016-03-04T15:38:14Z">
          <params>
            <param index="0">
              <value>
                <![CDATA[[TestResult name=tc001_collective_login status=SUCCESS method=CollectiveSmokeTestCustomer.tc001_collective_login(java.lang.String)[pri:0, instance:org.collective.testmethods.CollectiveSmokeTestCustomer@3a883ce7] output={null}]]]>
              </value>
            </param>
          </params>
          <reporter-output>
          </reporter-output>
        </test-method> <!-- takeScreenshot -->
        <test-method status="PASS" signature="setUp()[pri:0, instance:org.collective.testmethods.CollectiveSmokeTestCustomer@3a883ce7]" name="setUp" is-config="true" duration-ms="445" started-at="2016-03-04T15:38:14Z" finished-at="2016-03-04T15:38:15Z">
          <reporter-output>
          </reporter-output>
        </test-method> <!-- setUp -->
        <test-method status="PASS" signature="startRecording(java.lang.reflect.Method)[pri:0, instance:org.collective.testmethods.CollectiveSmokeTestCustomer@3a883ce7]" name="startRecording" is-config="true" duration-ms="13" started-at="2016-03-04T15:38:15Z" finished-at="2016-03-04T15:38:15Z">
          <params>
            <param index="0">
              <value>
                <![CDATA[public void org.collective.testmethods.CollectiveSmokeTestCustomer.tc001_collective_login(java.lang.String) throws java.lang.Exception]]>
              </value>
            </param>
          </params>
          <reporter-output>
          </reporter-output>
        </test-method> <!-- startRecording -->
        <test-method status="FAIL" signature="tc001_collective_login(java.lang.String)[pri:0, instance:org.collective.testmethods.CollectiveSmokeTestCustomer@3a883ce7]" name="tc001_collective_login" duration-ms="5729" started-at="2016-03-04T15:38:15Z" data-provider="tc001_collective_login" finished-at="2016-03-04T15:38:21Z">
          <params>
            <param index="0">
              <value>
                <![CDATA[        ]]>
              </value>
            </param>
          </params>
          <exception class="org.openqa.selenium.TimeoutException">
            <message>
              <![CDATA[Timed out after 5 seconds waiting for visibility of [[ChromeDriver: chrome on WIN8_1 (eec08acf477691e97fa3c9d7b655778d)] -> xpath: //button[@class='lsb']]
Build info: version: '2.44.0', revision: '76d78cf323ce037c5f92db6c1bba601c2ac43ad8', time: '2014-10-23 13:11:40'
System info: host: 'BlaBlaBla', ip: '192.168.2.2', os.name: 'Windows 8.1', os.arch: 'amd64', os.version: '6.3', java.version: '1.8.0_20'
Driver info: org.openqa.selenium.chrome.ChromeDriver
Capabilities [{applicationCacheEnabled=false, rotatable=false, mobileEmulationEnabled=false, chrome={userDataDir=C:\Users\Hemanth\AppData\Local\Temp\scoped_dir3604_23840}, takesHeapSnapshot=true, databaseEnabled=false, handlesAlerts=true, hasTouchScreen=false, version=48.0.2564.116, platform=WIN8_1, browserConnectionEnabled=false, nativeEvents=true, acceptSslCerts=true, locationContextEnabled=true, webStorageEnabled=true, browserName=chrome, takesScreenshot=true, javascriptEnabled=true, cssSelectorsEnabled=true}]
Session ID: eec08acf477691e97fa3c9d7b655778d]]>
            </message>
            <full-stacktrace>
              <![CDATA[org.openqa.selenium.TimeoutException: Timed out after 5 seconds waiting for visibility of [[ChromeDriver: chrome on WIN8_1 (eec08acf477691e97fa3c9d7b655778d)] -> xpath: //button[@class='lsb']]
Build info: version: '2.44.0', revision: '76d78cf323ce037c5f92db6c1bba601c2ac43ad8', time: '2014-10-23 13:11:40'
System info: host: 'BlaBlaBla', ip: '192.168.2.2', os.name: 'Windows 8.1', os.arch: 'amd64', os.version: '6.3', java.version: '1.8.0_20'
Driver info: org.openqa.selenium.chrome.ChromeDriver
Capabilities [{applicationCacheEnabled=false, rotatable=false, mobileEmulationEnabled=false, chrome={userDataDir=C:\Users\Hemanth\AppData\Local\Temp\scoped_dir3604_23840}, takesHeapSnapshot=true, databaseEnabled=false, handlesAlerts=true, hasTouchScreen=false, version=48.0.2564.116, platform=WIN8_1, browserConnectionEnabled=false, nativeEvents=true, acceptSslCerts=true, locationContextEnabled=true, webStorageEnabled=true, browserName=chrome, takesScreenshot=true, javascriptEnabled=true, cssSelectorsEnabled=true}]
Session ID: eec08acf477691e97fa3c9d7b655778d
	at org.openqa.selenium.support.ui.WebDriverWait.timeoutException(WebDriverWait.java:79)
	at org.openqa.selenium.support.ui.FluentWait.until(FluentWait.java:228)
	at org.collective.utils.Waiting.explicitWaitVisibilityOfElement(Waiting.java:36)
	at org.collective.customer.pageobjects.CollectiveHomePageObjects.verifyButton(CollectiveHomePageObjects.java:130)
	at org.collective.testmethods.CollectiveSmokeTestCustomer.tc001_collective_login(CollectiveSmokeTestCustomer.java:20)
	at sun.reflect.NativeMethodAccessorImpl.invoke0(Native Method)
	at sun.reflect.NativeMethodAccessorImpl.invoke(Unknown Source)
	at sun.reflect.DelegatingMethodAccessorImpl.invoke(Unknown Source)
	at java.lang.reflect.Method.invoke(Unknown Source)
	at org.testng.internal.MethodInvocationHelper.invokeMethod(MethodInvocationHelper.java:86)
	at org.testng.internal.Invoker.invokeMethod(Invoker.java:645)
	at org.testng.internal.Invoker.invokeTestMethod(Invoker.java:822)
	at org.testng.internal.Invoker.invokeTestMethods(Invoker.java:1130)
	at org.testng.internal.TestMethodWorker.invokeTestMethods(TestMethodWorker.java:129)
	at org.testng.internal.TestMethodWorker.run(TestMethodWorker.java:112)
	at org.testng.TestRunner.privateRun(TestRunner.java:782)
	at org.testng.TestRunner.run(TestRunner.java:632)
	at org.testng.SuiteRunner.runTest(SuiteRunner.java:366)
	at org.testng.SuiteRunner.runSequentially(SuiteRunner.java:361)
	at org.testng.SuiteRunner.privateRun(SuiteRunner.java:319)
	at org.testng.SuiteRunner.run(SuiteRunner.java:268)
	at org.testng.SuiteRunnerWorker.runSuite(SuiteRunnerWorker.java:52)
	at org.testng.SuiteRunnerWorker.run(SuiteRunnerWorker.java:86)
	at org.testng.TestNG.runSuitesSequentially(TestNG.java:1244)
	at org.testng.TestNG.runSuitesLocally(TestNG.java:1169)
	at org.testng.TestNG.run(TestNG.java:1064)
	at org.testng.remote.RemoteTestNG.run(RemoteTestNG.java:113)
	at org.testng.remote.RemoteTestNG.initAndRun(RemoteTestNG.java:206)
	at org.testng.remote.RemoteTestNG.main(RemoteTestNG.java:177)
]]>
            </full-stacktrace>
          </exception> <!-- org.openqa.selenium.TimeoutException -->
          <reporter-output>
          </reporter-output>
        </test-method> <!-- tc001_collective_login -->
        <test-method status="PASS" signature="callStopRecording()[pri:0, instance:org.collective.testmethods.CollectiveSmokeTestCustomer@3a883ce7]" name="callStopRecording" is-config="true" duration-ms="105" started-at="2016-03-04T15:38:21Z" finished-at="2016-03-04T15:38:21Z">
          <reporter-output>
          </reporter-output>
        </test-method> <!-- callStopRecording -->
        <test-method status="PASS" signature="takeScreenshot(org.testng.ITestResult)[pri:0, instance:org.collective.testmethods.CollectiveSmokeTestCustomer@3a883ce7]" name="takeScreenshot" is-config="true" duration-ms="214" started-at="2016-03-04T15:38:21Z" finished-at="2016-03-04T15:38:21Z">
          <params>
            <param index="0">
              <value>
                <![CDATA[[TestResult name=tc001_collective_login status=FAILURE method=CollectiveSmokeTestCustomer.tc001_collective_login(java.lang.String)[pri:0, instance:org.collective.testmethods.CollectiveSmokeTestCustomer@3a883ce7] output={null}]]]>
              </value>
            </param>
          </params>
          <reporter-output>
          </reporter-output>
        </test-method> <!-- takeScreenshot -->
        <test-method status="PASS" signature="tearDownClass()[pri:0, instance:org.collective.testmethods.CollectiveSmokeTestCustomer@3a883ce7]" name="tearDownClass" is-config="true" duration-ms="2491" started-at="2016-03-04T15:38:21Z" finished-at="2016-03-04T15:38:24Z">
          <reporter-output>
          </reporter-output>
        </test-method> <!-- tearDownClass -->
      </class> <!-- org.collective.testmethods.CollectiveSmokeTestCustomer -->
    </test> <!-- SmokeTesting -->
  </suite> <!-- CollectiveSuite -->
</testng-results>
