<?xml version="1.0" encoding="UTF-8"?>
<testng-results skipped="0" failed="0" total="2" passed="2">
  <reporter-output>
  </reporter-output>
  <suite name="CollectiveSuite" duration-ms="17064" started-at="2016-02-26T15:09:38Z" finished-at="2016-02-26T15:09:56Z">
    <groups>
    </groups>
    <test name="SmokeTesting" duration-ms="17064" started-at="2016-02-26T15:09:38Z" finished-at="2016-02-26T15:09:56Z">
      <class name="org.collective.testmethods.CollectiveSmokeTestCustomer">
        <test-method status="PASS" signature="beforeSuite()[pri:0, instance:org.collective.testmethods.CollectiveSmokeTestCustomer@51cdd8a]" name="beforeSuite" is-config="true" duration-ms="35" started-at="2016-02-26T20:39:38Z" finished-at="2016-02-26T20:39:38Z">
          <reporter-output>
          </reporter-output>
        </test-method> <!-- beforeSuite -->
        <test-method status="PASS" signature="beforeTest()[pri:0, instance:org.collective.testmethods.CollectiveSmokeTestCustomer@51cdd8a]" name="beforeTest" is-config="true" duration-ms="2375" started-at="2016-02-26T20:39:39Z" finished-at="2016-02-26T20:39:41Z">
          <reporter-output>
          </reporter-output>
        </test-method> <!-- beforeTest -->
        <test-method status="PASS" signature="checkForLogin()[pri:0, instance:org.collective.testmethods.CollectiveSmokeTestCustomer@51cdd8a]" name="checkForLogin" is-config="true" duration-ms="47" started-at="2016-02-26T20:39:41Z" finished-at="2016-02-26T20:39:41Z">
          <reporter-output>
          </reporter-output>
        </test-method> <!-- checkForLogin -->
        <test-method status="PASS" signature="setUp()[pri:0, instance:org.collective.testmethods.CollectiveSmokeTestCustomer@51cdd8a]" name="setUp" is-config="true" duration-ms="3365" started-at="2016-02-26T20:39:41Z" finished-at="2016-02-26T20:39:44Z">
          <reporter-output>
          </reporter-output>
        </test-method> <!-- setUp -->
        <test-method status="PASS" signature="startRecording(java.lang.reflect.Method)[pri:0, instance:org.collective.testmethods.CollectiveSmokeTestCustomer@51cdd8a]" name="startRecording" is-config="true" duration-ms="169" started-at="2016-02-26T20:39:44Z" finished-at="2016-02-26T20:39:44Z">
          <params>
            <param index="0">
              <value>
                <![CDATA[public void org.collective.testmethods.CollectiveSmokeTestCustomer.tc001_collective_login(java.lang.String,java.lang.String) throws java.lang.Exception]]>
              </value>
            </param>
          </params>
          <reporter-output>
          </reporter-output>
        </test-method> <!-- startRecording -->
        <test-method status="PASS" signature="tc001_collective_login(java.lang.String, java.lang.String)[pri:0, instance:org.collective.testmethods.CollectiveSmokeTestCustomer@51cdd8a]" name="tc001_collective_login" duration-ms="4142" started-at="2016-02-26T20:39:44Z" data-provider="loginScenarios" finished-at="2016-02-26T20:39:49Z">
          <params>
            <param index="0">
              <value>
                <![CDATA[9900623434]]>
              </value>
            </param>
            <param index="1">
              <value>
                <![CDATA[hemanth123]]>
              </value>
            </param>
          </params>
          <reporter-output>
          </reporter-output>
        </test-method> <!-- tc001_collective_login -->
        <test-method status="PASS" signature="callStopRecording()[pri:0, instance:org.collective.testmethods.CollectiveSmokeTestCustomer@51cdd8a]" name="callStopRecording" is-config="true" duration-ms="73" started-at="2016-02-26T20:39:49Z" finished-at="2016-02-26T20:39:49Z">
          <reporter-output>
          </reporter-output>
        </test-method> <!-- callStopRecording -->
        <test-method status="PASS" signature="takeScreenshot(org.testng.ITestResult)[pri:0, instance:org.collective.testmethods.CollectiveSmokeTestCustomer@51cdd8a]" name="takeScreenshot" is-config="true" duration-ms="1" started-at="2016-02-26T20:39:49Z" finished-at="2016-02-26T20:39:49Z">
          <params>
            <param index="0">
              <value>
                <![CDATA[[TestResult name=tc001_collective_login status=SUCCESS method=CollectiveSmokeTestCustomer.tc001_collective_login(java.lang.String, java.lang.String)[pri:0, instance:org.collective.testmethods.CollectiveSmokeTestCustomer@51cdd8a] output={null}]]]>
              </value>
            </param>
          </params>
          <reporter-output>
          </reporter-output>
        </test-method> <!-- takeScreenshot -->
        <test-method status="PASS" signature="checkForLogin()[pri:0, instance:org.collective.testmethods.CollectiveSmokeTestCustomer@51cdd8a]" name="checkForLogin" is-config="true" duration-ms="3136" started-at="2016-02-26T20:39:49Z" finished-at="2016-02-26T20:39:52Z">
          <reporter-output>
          </reporter-output>
        </test-method> <!-- checkForLogin -->
        <test-method status="PASS" signature="setUp()[pri:0, instance:org.collective.testmethods.CollectiveSmokeTestCustomer@51cdd8a]" name="setUp" is-config="true" duration-ms="1175" started-at="2016-02-26T20:39:52Z" finished-at="2016-02-26T20:39:53Z">
          <reporter-output>
          </reporter-output>
        </test-method> <!-- setUp -->
        <test-method status="PASS" signature="startRecording(java.lang.reflect.Method)[pri:0, instance:org.collective.testmethods.CollectiveSmokeTestCustomer@51cdd8a]" name="startRecording" is-config="true" duration-ms="8" started-at="2016-02-26T20:39:53Z" finished-at="2016-02-26T20:39:53Z">
          <params>
            <param index="0">
              <value>
                <![CDATA[public void org.collective.testmethods.CollectiveSmokeTestCustomer.tc001_collective_login(java.lang.String,java.lang.String) throws java.lang.Exception]]>
              </value>
            </param>
          </params>
          <reporter-output>
          </reporter-output>
        </test-method> <!-- startRecording -->
        <test-method status="PASS" signature="tc001_collective_login(java.lang.String, java.lang.String)[pri:0, instance:org.collective.testmethods.CollectiveSmokeTestCustomer@51cdd8a]" name="tc001_collective_login" duration-ms="2389" started-at="2016-02-26T20:39:53Z" data-provider="loginScenarios" finished-at="2016-02-26T20:39:55Z">
          <params>
            <param index="0">
              <value>
                <![CDATA[9900623434]]>
              </value>
            </param>
            <param index="1">
              <value>
                <![CDATA[hemanth1234]]>
              </value>
            </param>
          </params>
          <reporter-output>
          </reporter-output>
        </test-method> <!-- tc001_collective_login -->
        <test-method status="PASS" signature="callStopRecording()[pri:0, instance:org.collective.testmethods.CollectiveSmokeTestCustomer@51cdd8a]" name="callStopRecording" is-config="true" duration-ms="94" started-at="2016-02-26T20:39:55Z" finished-at="2016-02-26T20:39:56Z">
          <reporter-output>
          </reporter-output>
        </test-method> <!-- callStopRecording -->
        <test-method status="PASS" signature="takeScreenshot(org.testng.ITestResult)[pri:0, instance:org.collective.testmethods.CollectiveSmokeTestCustomer@51cdd8a]" name="takeScreenshot" is-config="true" duration-ms="0" started-at="2016-02-26T20:39:56Z" finished-at="2016-02-26T20:39:56Z">
          <params>
            <param index="0">
              <value>
                <![CDATA[[TestResult name=tc001_collective_login status=SUCCESS method=CollectiveSmokeTestCustomer.tc001_collective_login(java.lang.String, java.lang.String)[pri:0, instance:org.collective.testmethods.CollectiveSmokeTestCustomer@51cdd8a] output={null}]]]>
              </value>
            </param>
          </params>
          <reporter-output>
          </reporter-output>
        </test-method> <!-- takeScreenshot -->
        <test-method status="PASS" signature="tearDownClass()[pri:0, instance:org.collective.testmethods.CollectiveSmokeTestCustomer@51cdd8a]" name="tearDownClass" is-config="true" duration-ms="2442" started-at="2016-02-26T20:39:56Z" finished-at="2016-02-26T20:39:58Z">
          <reporter-output>
          </reporter-output>
        </test-method> <!-- tearDownClass -->
      </class> <!-- org.collective.testmethods.CollectiveSmokeTestCustomer -->
    </test> <!-- SmokeTesting -->
  </suite> <!-- CollectiveSuite -->
</testng-results>
