<?xml version="1.0" encoding="UTF-8"?>
<testng-results skipped="15" failed="2" total="26" passed="9">
  <reporter-output>
  </reporter-output>
  <suite name="CollectiveSuite" duration-ms="271110" started-at="2016-02-09T20:33:35Z" finished-at="2016-02-09T20:38:06Z">
    <groups>
    </groups>
    <test name="SmokeTesting" duration-ms="271110" started-at="2016-02-09T20:33:35Z" finished-at="2016-02-09T20:38:06Z">
      <class name="org.collective.testmethods.CollectiveSanityTestCustomer">
        <test-method status="SKIP" signature="checkForLogin()[pri:0, instance:org.collective.testmethods.CollectiveSanityTestCustomer@1f57539]" name="checkForLogin" is-config="true" duration-ms="0" started-at="2016-02-10T02:05:34Z" finished-at="2016-02-10T02:05:34Z">
          <reporter-output>
          </reporter-output>
        </test-method> <!-- checkForLogin -->
        <test-method status="SKIP" signature="setUp()[pri:0, instance:org.collective.testmethods.CollectiveSanityTestCustomer@1f57539]" name="setUp" is-config="true" duration-ms="0" started-at="2016-02-10T02:05:34Z" finished-at="2016-02-10T02:05:34Z">
          <reporter-output>
          </reporter-output>
        </test-method> <!-- setUp -->
        <test-method status="SKIP" signature="startRecording(java.lang.reflect.Method)[pri:0, instance:org.collective.testmethods.CollectiveSanityTestCustomer@1f57539]" name="startRecording" is-config="true" duration-ms="0" started-at="2016-02-10T02:05:34Z" finished-at="2016-02-10T02:05:34Z">
          <reporter-output>
          </reporter-output>
        </test-method> <!-- startRecording -->
        <test-method status="SKIP" signature="tc001_collective_signup()[pri:0, instance:org.collective.testmethods.CollectiveSanityTestCustomer@1f57539]" name="tc001_collective_signup" duration-ms="1" started-at="2016-02-10T02:05:34Z" finished-at="2016-02-10T02:05:34Z">
          <reporter-output>
          </reporter-output>
        </test-method> <!-- tc001_collective_signup -->
        <test-method status="SKIP" signature="callStopRecording()[pri:0, instance:org.collective.testmethods.CollectiveSanityTestCustomer@1f57539]" name="callStopRecording" is-config="true" duration-ms="0" started-at="2016-02-10T02:05:34Z" finished-at="2016-02-10T02:05:34Z">
          <reporter-output>
          </reporter-output>
        </test-method> <!-- callStopRecording -->
        <test-method status="SKIP" signature="checkForAdminLogout()[pri:0, instance:org.collective.testmethods.CollectiveSanityTestCustomer@1f57539]" name="checkForAdminLogout" is-config="true" duration-ms="0" started-at="2016-02-10T02:05:34Z" finished-at="2016-02-10T02:05:34Z">
          <reporter-output>
          </reporter-output>
        </test-method> <!-- checkForAdminLogout -->
        <test-method status="SKIP" signature="checkForLogin()[pri:0, instance:org.collective.testmethods.CollectiveSanityTestCustomer@1f57539]" name="checkForLogin" is-config="true" duration-ms="0" started-at="2016-02-10T02:05:34Z" finished-at="2016-02-10T02:05:34Z">
          <reporter-output>
          </reporter-output>
        </test-method> <!-- checkForLogin -->
        <test-method status="SKIP" signature="takeScreenshot(org.testng.ITestResult)[pri:0, instance:org.collective.testmethods.CollectiveSanityTestCustomer@1f57539]" name="takeScreenshot" is-config="true" duration-ms="0" started-at="2016-02-10T02:05:34Z" finished-at="2016-02-10T02:05:34Z">
          <reporter-output>
          </reporter-output>
        </test-method> <!-- takeScreenshot -->
        <test-method status="SKIP" signature="setUp()[pri:0, instance:org.collective.testmethods.CollectiveSanityTestCustomer@1f57539]" name="setUp" is-config="true" duration-ms="0" started-at="2016-02-10T02:05:34Z" finished-at="2016-02-10T02:05:34Z">
          <reporter-output>
          </reporter-output>
        </test-method> <!-- setUp -->
        <test-method status="SKIP" signature="tc002_collective_login()[pri:0, instance:org.collective.testmethods.CollectiveSanityTestCustomer@1f57539]" name="tc002_collective_login" duration-ms="1" started-at="2016-02-10T02:05:34Z" finished-at="2016-02-10T02:05:34Z">
          <reporter-output>
          </reporter-output>
        </test-method> <!-- tc002_collective_login -->
        <test-method status="SKIP" signature="startRecording(java.lang.reflect.Method)[pri:0, instance:org.collective.testmethods.CollectiveSanityTestCustomer@1f57539]" name="startRecording" is-config="true" duration-ms="0" started-at="2016-02-10T02:05:34Z" finished-at="2016-02-10T02:05:34Z">
          <reporter-output>
          </reporter-output>
        </test-method> <!-- startRecording -->
        <test-method status="SKIP" signature="checkForAdminLogout()[pri:0, instance:org.collective.testmethods.CollectiveSanityTestCustomer@1f57539]" name="checkForAdminLogout" is-config="true" duration-ms="0" started-at="2016-02-10T02:05:34Z" finished-at="2016-02-10T02:05:34Z">
          <reporter-output>
          </reporter-output>
        </test-method> <!-- checkForAdminLogout -->
        <test-method status="SKIP" signature="callStopRecording()[pri:0, instance:org.collective.testmethods.CollectiveSanityTestCustomer@1f57539]" name="callStopRecording" is-config="true" duration-ms="0" started-at="2016-02-10T02:05:34Z" finished-at="2016-02-10T02:05:34Z">
          <reporter-output>
          </reporter-output>
        </test-method> <!-- callStopRecording -->
        <test-method status="SKIP" signature="takeScreenshot(org.testng.ITestResult)[pri:0, instance:org.collective.testmethods.CollectiveSanityTestCustomer@1f57539]" name="takeScreenshot" is-config="true" duration-ms="0" started-at="2016-02-10T02:05:34Z" finished-at="2016-02-10T02:05:34Z">
          <reporter-output>
          </reporter-output>
        </test-method> <!-- takeScreenshot -->
        <test-method status="SKIP" signature="setUp()[pri:0, instance:org.collective.testmethods.CollectiveSanityTestCustomer@1f57539]" name="setUp" is-config="true" duration-ms="0" started-at="2016-02-10T02:05:34Z" finished-at="2016-02-10T02:05:34Z">
          <reporter-output>
          </reporter-output>
        </test-method> <!-- setUp -->
        <test-method status="SKIP" signature="checkForLogin()[pri:0, instance:org.collective.testmethods.CollectiveSanityTestCustomer@1f57539]" name="checkForLogin" is-config="true" duration-ms="0" started-at="2016-02-10T02:05:34Z" finished-at="2016-02-10T02:05:34Z">
          <reporter-output>
          </reporter-output>
        </test-method> <!-- checkForLogin -->
        <test-method status="SKIP" signature="startRecording(java.lang.reflect.Method)[pri:0, instance:org.collective.testmethods.CollectiveSanityTestCustomer@1f57539]" name="startRecording" is-config="true" duration-ms="0" started-at="2016-02-10T02:05:34Z" finished-at="2016-02-10T02:05:34Z">
          <reporter-output>
          </reporter-output>
        </test-method> <!-- startRecording -->
        <test-method status="SKIP" signature="tc003_collective_blog()[pri:0, instance:org.collective.testmethods.CollectiveSanityTestCustomer@1f57539]" name="tc003_collective_blog" duration-ms="0" started-at="2016-02-10T02:05:34Z" finished-at="2016-02-10T02:05:34Z">
          <reporter-output>
          </reporter-output>
        </test-method> <!-- tc003_collective_blog -->
        <test-method status="SKIP" signature="callStopRecording()[pri:0, instance:org.collective.testmethods.CollectiveSanityTestCustomer@1f57539]" name="callStopRecording" is-config="true" duration-ms="0" started-at="2016-02-10T02:05:34Z" finished-at="2016-02-10T02:05:34Z">
          <reporter-output>
          </reporter-output>
        </test-method> <!-- callStopRecording -->
        <test-method status="SKIP" signature="checkForAdminLogout()[pri:0, instance:org.collective.testmethods.CollectiveSanityTestCustomer@1f57539]" name="checkForAdminLogout" is-config="true" duration-ms="0" started-at="2016-02-10T02:05:34Z" finished-at="2016-02-10T02:05:34Z">
          <reporter-output>
          </reporter-output>
        </test-method> <!-- checkForAdminLogout -->
        <test-method status="SKIP" signature="takeScreenshot(org.testng.ITestResult)[pri:0, instance:org.collective.testmethods.CollectiveSanityTestCustomer@1f57539]" name="takeScreenshot" is-config="true" duration-ms="0" started-at="2016-02-10T02:05:34Z" finished-at="2016-02-10T02:05:34Z">
          <reporter-output>
          </reporter-output>
        </test-method> <!-- takeScreenshot -->
        <test-method status="SKIP" signature="checkForLogin()[pri:0, instance:org.collective.testmethods.CollectiveSanityTestCustomer@1f57539]" name="checkForLogin" is-config="true" duration-ms="0" started-at="2016-02-10T02:05:34Z" finished-at="2016-02-10T02:05:34Z">
          <reporter-output>
          </reporter-output>
        </test-method> <!-- checkForLogin -->
        <test-method status="SKIP" signature="setUp()[pri:0, instance:org.collective.testmethods.CollectiveSanityTestCustomer@1f57539]" name="setUp" is-config="true" duration-ms="0" started-at="2016-02-10T02:05:34Z" finished-at="2016-02-10T02:05:34Z">
          <reporter-output>
          </reporter-output>
        </test-method> <!-- setUp -->
        <test-method status="SKIP" signature="startRecording(java.lang.reflect.Method)[pri:0, instance:org.collective.testmethods.CollectiveSanityTestCustomer@1f57539]" name="startRecording" is-config="true" duration-ms="0" started-at="2016-02-10T02:05:34Z" finished-at="2016-02-10T02:05:34Z">
          <reporter-output>
          </reporter-output>
        </test-method> <!-- startRecording -->
        <test-method status="SKIP" signature="tc004_collective_accessories()[pri:0, instance:org.collective.testmethods.CollectiveSanityTestCustomer@1f57539]" name="tc004_collective_accessories" duration-ms="0" started-at="2016-02-10T02:05:34Z" finished-at="2016-02-10T02:05:34Z">
          <reporter-output>
          </reporter-output>
        </test-method> <!-- tc004_collective_accessories -->
        <test-method status="SKIP" signature="callStopRecording()[pri:0, instance:org.collective.testmethods.CollectiveSanityTestCustomer@1f57539]" name="callStopRecording" is-config="true" duration-ms="0" started-at="2016-02-10T02:05:34Z" finished-at="2016-02-10T02:05:34Z">
          <reporter-output>
          </reporter-output>
        </test-method> <!-- callStopRecording -->
        <test-method status="SKIP" signature="checkForAdminLogout()[pri:0, instance:org.collective.testmethods.CollectiveSanityTestCustomer@1f57539]" name="checkForAdminLogout" is-config="true" duration-ms="0" started-at="2016-02-10T02:05:34Z" finished-at="2016-02-10T02:05:34Z">
          <reporter-output>
          </reporter-output>
        </test-method> <!-- checkForAdminLogout -->
        <test-method status="SKIP" signature="takeScreenshot(org.testng.ITestResult)[pri:0, instance:org.collective.testmethods.CollectiveSanityTestCustomer@1f57539]" name="takeScreenshot" is-config="true" duration-ms="0" started-at="2016-02-10T02:05:34Z" finished-at="2016-02-10T02:05:34Z">
          <reporter-output>
          </reporter-output>
        </test-method> <!-- takeScreenshot -->
        <test-method status="SKIP" signature="checkForLogin()[pri:0, instance:org.collective.testmethods.CollectiveSanityTestCustomer@1f57539]" name="checkForLogin" is-config="true" duration-ms="0" started-at="2016-02-10T02:05:34Z" finished-at="2016-02-10T02:05:34Z">
          <reporter-output>
          </reporter-output>
        </test-method> <!-- checkForLogin -->
        <test-method status="SKIP" signature="startRecording(java.lang.reflect.Method)[pri:0, instance:org.collective.testmethods.CollectiveSanityTestCustomer@1f57539]" name="startRecording" is-config="true" duration-ms="0" started-at="2016-02-10T02:05:34Z" finished-at="2016-02-10T02:05:34Z">
          <reporter-output>
          </reporter-output>
        </test-method> <!-- startRecording -->
        <test-method status="SKIP" signature="setUp()[pri:0, instance:org.collective.testmethods.CollectiveSanityTestCustomer@1f57539]" name="setUp" is-config="true" duration-ms="0" started-at="2016-02-10T02:05:34Z" finished-at="2016-02-10T02:05:34Z">
          <reporter-output>
          </reporter-output>
        </test-method> <!-- setUp -->
        <test-method status="SKIP" signature="tc005_collective_accessories_Filter_Brand()[pri:0, instance:org.collective.testmethods.CollectiveSanityTestCustomer@1f57539]" name="tc005_collective_accessories_Filter_Brand" duration-ms="0" started-at="2016-02-10T02:05:34Z" finished-at="2016-02-10T02:05:34Z">
          <reporter-output>
          </reporter-output>
        </test-method> <!-- tc005_collective_accessories_Filter_Brand -->
        <test-method status="SKIP" signature="callStopRecording()[pri:0, instance:org.collective.testmethods.CollectiveSanityTestCustomer@1f57539]" name="callStopRecording" is-config="true" duration-ms="0" started-at="2016-02-10T02:05:34Z" finished-at="2016-02-10T02:05:34Z">
          <reporter-output>
          </reporter-output>
        </test-method> <!-- callStopRecording -->
        <test-method status="SKIP" signature="checkForLogin()[pri:0, instance:org.collective.testmethods.CollectiveSanityTestCustomer@1f57539]" name="checkForLogin" is-config="true" duration-ms="0" started-at="2016-02-10T02:05:34Z" finished-at="2016-02-10T02:05:34Z">
          <reporter-output>
          </reporter-output>
        </test-method> <!-- checkForLogin -->
        <test-method status="SKIP" signature="checkForAdminLogout()[pri:0, instance:org.collective.testmethods.CollectiveSanityTestCustomer@1f57539]" name="checkForAdminLogout" is-config="true" duration-ms="0" started-at="2016-02-10T02:05:34Z" finished-at="2016-02-10T02:05:34Z">
          <reporter-output>
          </reporter-output>
        </test-method> <!-- checkForAdminLogout -->
        <test-method status="SKIP" signature="takeScreenshot(org.testng.ITestResult)[pri:0, instance:org.collective.testmethods.CollectiveSanityTestCustomer@1f57539]" name="takeScreenshot" is-config="true" duration-ms="0" started-at="2016-02-10T02:05:34Z" finished-at="2016-02-10T02:05:34Z">
          <reporter-output>
          </reporter-output>
        </test-method> <!-- takeScreenshot -->
        <test-method status="SKIP" signature="startRecording(java.lang.reflect.Method)[pri:0, instance:org.collective.testmethods.CollectiveSanityTestCustomer@1f57539]" name="startRecording" is-config="true" duration-ms="0" started-at="2016-02-10T02:05:34Z" finished-at="2016-02-10T02:05:34Z">
          <reporter-output>
          </reporter-output>
        </test-method> <!-- startRecording -->
        <test-method status="SKIP" signature="setUp()[pri:0, instance:org.collective.testmethods.CollectiveSanityTestCustomer@1f57539]" name="setUp" is-config="true" duration-ms="0" started-at="2016-02-10T02:05:34Z" finished-at="2016-02-10T02:05:34Z">
          <reporter-output>
          </reporter-output>
        </test-method> <!-- setUp -->
        <test-method status="SKIP" signature="tc006_collective_pagination()[pri:0, instance:org.collective.testmethods.CollectiveSanityTestCustomer@1f57539]" name="tc006_collective_pagination" duration-ms="1" started-at="2016-02-10T02:05:34Z" finished-at="2016-02-10T02:05:34Z">
          <reporter-output>
          </reporter-output>
        </test-method> <!-- tc006_collective_pagination -->
        <test-method status="SKIP" signature="callStopRecording()[pri:0, instance:org.collective.testmethods.CollectiveSanityTestCustomer@1f57539]" name="callStopRecording" is-config="true" duration-ms="0" started-at="2016-02-10T02:05:34Z" finished-at="2016-02-10T02:05:34Z">
          <reporter-output>
          </reporter-output>
        </test-method> <!-- callStopRecording -->
        <test-method status="SKIP" signature="takeScreenshot(org.testng.ITestResult)[pri:0, instance:org.collective.testmethods.CollectiveSanityTestCustomer@1f57539]" name="takeScreenshot" is-config="true" duration-ms="0" started-at="2016-02-10T02:05:34Z" finished-at="2016-02-10T02:05:34Z">
          <reporter-output>
          </reporter-output>
        </test-method> <!-- takeScreenshot -->
        <test-method status="SKIP" signature="checkForAdminLogout()[pri:0, instance:org.collective.testmethods.CollectiveSanityTestCustomer@1f57539]" name="checkForAdminLogout" is-config="true" duration-ms="0" started-at="2016-02-10T02:05:34Z" finished-at="2016-02-10T02:05:34Z">
          <reporter-output>
          </reporter-output>
        </test-method> <!-- checkForAdminLogout -->
        <test-method status="SKIP" signature="checkForLogin()[pri:0, instance:org.collective.testmethods.CollectiveSanityTestCustomer@1f57539]" name="checkForLogin" is-config="true" duration-ms="0" started-at="2016-02-10T02:05:34Z" finished-at="2016-02-10T02:05:34Z">
          <reporter-output>
          </reporter-output>
        </test-method> <!-- checkForLogin -->
        <test-method status="SKIP" signature="setUp()[pri:0, instance:org.collective.testmethods.CollectiveSanityTestCustomer@1f57539]" name="setUp" is-config="true" duration-ms="0" started-at="2016-02-10T02:05:34Z" finished-at="2016-02-10T02:05:34Z">
          <reporter-output>
          </reporter-output>
        </test-method> <!-- setUp -->
        <test-method status="SKIP" signature="startRecording(java.lang.reflect.Method)[pri:0, instance:org.collective.testmethods.CollectiveSanityTestCustomer@1f57539]" name="startRecording" is-config="true" duration-ms="0" started-at="2016-02-10T02:05:34Z" finished-at="2016-02-10T02:05:34Z">
          <reporter-output>
          </reporter-output>
        </test-method> <!-- startRecording -->
        <test-method status="SKIP" signature="tc007_collective_sales()[pri:0, instance:org.collective.testmethods.CollectiveSanityTestCustomer@1f57539]" name="tc007_collective_sales" duration-ms="1" started-at="2016-02-10T02:05:34Z" finished-at="2016-02-10T02:05:34Z">
          <reporter-output>
          </reporter-output>
        </test-method> <!-- tc007_collective_sales -->
        <test-method status="SKIP" signature="callStopRecording()[pri:0, instance:org.collective.testmethods.CollectiveSanityTestCustomer@1f57539]" name="callStopRecording" is-config="true" duration-ms="0" started-at="2016-02-10T02:05:34Z" finished-at="2016-02-10T02:05:34Z">
          <reporter-output>
          </reporter-output>
        </test-method> <!-- callStopRecording -->
        <test-method status="SKIP" signature="checkForAdminLogout()[pri:0, instance:org.collective.testmethods.CollectiveSanityTestCustomer@1f57539]" name="checkForAdminLogout" is-config="true" duration-ms="0" started-at="2016-02-10T02:05:34Z" finished-at="2016-02-10T02:05:34Z">
          <reporter-output>
          </reporter-output>
        </test-method> <!-- checkForAdminLogout -->
        <test-method status="SKIP" signature="takeScreenshot(org.testng.ITestResult)[pri:0, instance:org.collective.testmethods.CollectiveSanityTestCustomer@1f57539]" name="takeScreenshot" is-config="true" duration-ms="0" started-at="2016-02-10T02:05:34Z" finished-at="2016-02-10T02:05:34Z">
          <reporter-output>
          </reporter-output>
        </test-method> <!-- takeScreenshot -->
        <test-method status="SKIP" signature="checkForLogin()[pri:0, instance:org.collective.testmethods.CollectiveSanityTestCustomer@1f57539]" name="checkForLogin" is-config="true" duration-ms="0" started-at="2016-02-10T02:05:34Z" finished-at="2016-02-10T02:05:34Z">
          <reporter-output>
          </reporter-output>
        </test-method> <!-- checkForLogin -->
        <test-method status="SKIP" signature="setUp()[pri:0, instance:org.collective.testmethods.CollectiveSanityTestCustomer@1f57539]" name="setUp" is-config="true" duration-ms="0" started-at="2016-02-10T02:05:34Z" finished-at="2016-02-10T02:05:34Z">
          <reporter-output>
          </reporter-output>
        </test-method> <!-- setUp -->
        <test-method status="SKIP" signature="startRecording(java.lang.reflect.Method)[pri:0, instance:org.collective.testmethods.CollectiveSanityTestCustomer@1f57539]" name="startRecording" is-config="true" duration-ms="0" started-at="2016-02-10T02:05:34Z" finished-at="2016-02-10T02:05:34Z">
          <reporter-output>
          </reporter-output>
        </test-method> <!-- startRecording -->
        <test-method status="SKIP" signature="tc008_collective_orderGreaterThan20000()[pri:0, instance:org.collective.testmethods.CollectiveSanityTestCustomer@1f57539]" name="tc008_collective_orderGreaterThan20000" duration-ms="0" started-at="2016-02-10T02:05:34Z" finished-at="2016-02-10T02:05:34Z">
          <reporter-output>
          </reporter-output>
        </test-method> <!-- tc008_collective_orderGreaterThan20000 -->
        <test-method status="SKIP" signature="takeScreenshot(org.testng.ITestResult)[pri:0, instance:org.collective.testmethods.CollectiveSanityTestCustomer@1f57539]" name="takeScreenshot" is-config="true" duration-ms="0" started-at="2016-02-10T02:05:34Z" finished-at="2016-02-10T02:05:34Z">
          <reporter-output>
          </reporter-output>
        </test-method> <!-- takeScreenshot -->
        <test-method status="SKIP" signature="checkForAdminLogout()[pri:0, instance:org.collective.testmethods.CollectiveSanityTestCustomer@1f57539]" name="checkForAdminLogout" is-config="true" duration-ms="0" started-at="2016-02-10T02:05:34Z" finished-at="2016-02-10T02:05:34Z">
          <reporter-output>
          </reporter-output>
        </test-method> <!-- checkForAdminLogout -->
        <test-method status="SKIP" signature="callStopRecording()[pri:0, instance:org.collective.testmethods.CollectiveSanityTestCustomer@1f57539]" name="callStopRecording" is-config="true" duration-ms="0" started-at="2016-02-10T02:05:34Z" finished-at="2016-02-10T02:05:34Z">
          <reporter-output>
          </reporter-output>
        </test-method> <!-- callStopRecording -->
        <test-method status="SKIP" signature="checkForLogin()[pri:0, instance:org.collective.testmethods.CollectiveSanityTestCustomer@1f57539]" name="checkForLogin" is-config="true" duration-ms="0" started-at="2016-02-10T02:05:34Z" finished-at="2016-02-10T02:05:34Z">
          <reporter-output>
          </reporter-output>
        </test-method> <!-- checkForLogin -->
        <test-method status="SKIP" signature="setUp()[pri:0, instance:org.collective.testmethods.CollectiveSanityTestCustomer@1f57539]" name="setUp" is-config="true" duration-ms="0" started-at="2016-02-10T02:05:34Z" finished-at="2016-02-10T02:05:34Z">
          <reporter-output>
          </reporter-output>
        </test-method> <!-- setUp -->
        <test-method status="SKIP" signature="startRecording(java.lang.reflect.Method)[pri:0, instance:org.collective.testmethods.CollectiveSanityTestCustomer@1f57539]" name="startRecording" is-config="true" duration-ms="0" started-at="2016-02-10T02:05:34Z" finished-at="2016-02-10T02:05:34Z">
          <reporter-output>
          </reporter-output>
        </test-method> <!-- startRecording -->
        <test-method status="SKIP" signature="callStopRecording()[pri:0, instance:org.collective.testmethods.CollectiveSanityTestCustomer@1f57539]" name="callStopRecording" is-config="true" duration-ms="0" started-at="2016-02-10T02:05:34Z" finished-at="2016-02-10T02:05:34Z">
          <reporter-output>
          </reporter-output>
        </test-method> <!-- callStopRecording -->
        <test-method status="SKIP" signature="tc009_collective_orderLessOrEqualThan20000()[pri:0, instance:org.collective.testmethods.CollectiveSanityTestCustomer@1f57539]" name="tc009_collective_orderLessOrEqualThan20000" duration-ms="0" started-at="2016-02-10T02:05:34Z" finished-at="2016-02-10T02:05:34Z">
          <reporter-output>
          </reporter-output>
        </test-method> <!-- tc009_collective_orderLessOrEqualThan20000 -->
        <test-method status="SKIP" signature="takeScreenshot(org.testng.ITestResult)[pri:0, instance:org.collective.testmethods.CollectiveSanityTestCustomer@1f57539]" name="takeScreenshot" is-config="true" duration-ms="0" started-at="2016-02-10T02:05:34Z" finished-at="2016-02-10T02:05:34Z">
          <reporter-output>
          </reporter-output>
        </test-method> <!-- takeScreenshot -->
        <test-method status="SKIP" signature="checkForAdminLogout()[pri:0, instance:org.collective.testmethods.CollectiveSanityTestCustomer@1f57539]" name="checkForAdminLogout" is-config="true" duration-ms="0" started-at="2016-02-10T02:05:34Z" finished-at="2016-02-10T02:05:34Z">
          <reporter-output>
          </reporter-output>
        </test-method> <!-- checkForAdminLogout -->
        <test-method status="SKIP" signature="checkForLogin()[pri:0, instance:org.collective.testmethods.CollectiveSanityTestCustomer@1f57539]" name="checkForLogin" is-config="true" duration-ms="0" started-at="2016-02-10T02:05:34Z" finished-at="2016-02-10T02:05:34Z">
          <reporter-output>
          </reporter-output>
        </test-method> <!-- checkForLogin -->
        <test-method status="SKIP" signature="startRecording(java.lang.reflect.Method)[pri:0, instance:org.collective.testmethods.CollectiveSanityTestCustomer@1f57539]" name="startRecording" is-config="true" duration-ms="0" started-at="2016-02-10T02:05:34Z" finished-at="2016-02-10T02:05:34Z">
          <reporter-output>
          </reporter-output>
        </test-method> <!-- startRecording -->
        <test-method status="SKIP" signature="setUp()[pri:0, instance:org.collective.testmethods.CollectiveSanityTestCustomer@1f57539]" name="setUp" is-config="true" duration-ms="0" started-at="2016-02-10T02:05:34Z" finished-at="2016-02-10T02:05:34Z">
          <reporter-output>
          </reporter-output>
        </test-method> <!-- setUp -->
        <test-method status="SKIP" signature="tc010_collective_orderPlacement()[pri:0, instance:org.collective.testmethods.CollectiveSanityTestCustomer@1f57539]" name="tc010_collective_orderPlacement" duration-ms="0" started-at="2016-02-10T02:05:34Z" finished-at="2016-02-10T02:05:34Z">
          <reporter-output>
          </reporter-output>
        </test-method> <!-- tc010_collective_orderPlacement -->
        <test-method status="SKIP" signature="callStopRecording()[pri:0, instance:org.collective.testmethods.CollectiveSanityTestCustomer@1f57539]" name="callStopRecording" is-config="true" duration-ms="0" started-at="2016-02-10T02:05:34Z" finished-at="2016-02-10T02:05:34Z">
          <reporter-output>
          </reporter-output>
        </test-method> <!-- callStopRecording -->
        <test-method status="SKIP" signature="takeScreenshot(org.testng.ITestResult)[pri:0, instance:org.collective.testmethods.CollectiveSanityTestCustomer@1f57539]" name="takeScreenshot" is-config="true" duration-ms="0" started-at="2016-02-10T02:05:34Z" finished-at="2016-02-10T02:05:34Z">
          <reporter-output>
          </reporter-output>
        </test-method> <!-- takeScreenshot -->
        <test-method status="SKIP" signature="checkForAdminLogout()[pri:0, instance:org.collective.testmethods.CollectiveSanityTestCustomer@1f57539]" name="checkForAdminLogout" is-config="true" duration-ms="0" started-at="2016-02-10T02:05:34Z" finished-at="2016-02-10T02:05:34Z">
          <reporter-output>
          </reporter-output>
        </test-method> <!-- checkForAdminLogout -->
        <test-method status="SKIP" signature="setUp()[pri:0, instance:org.collective.testmethods.CollectiveSanityTestCustomer@1f57539]" name="setUp" is-config="true" duration-ms="0" started-at="2016-02-10T02:05:34Z" finished-at="2016-02-10T02:05:34Z">
          <reporter-output>
          </reporter-output>
        </test-method> <!-- setUp -->
        <test-method status="SKIP" signature="checkForLogin()[pri:0, instance:org.collective.testmethods.CollectiveSanityTestCustomer@1f57539]" name="checkForLogin" is-config="true" duration-ms="0" started-at="2016-02-10T02:05:34Z" finished-at="2016-02-10T02:05:34Z">
          <reporter-output>
          </reporter-output>
        </test-method> <!-- checkForLogin -->
        <test-method status="SKIP" signature="startRecording(java.lang.reflect.Method)[pri:0, instance:org.collective.testmethods.CollectiveSanityTestCustomer@1f57539]" name="startRecording" is-config="true" duration-ms="0" started-at="2016-02-10T02:05:34Z" finished-at="2016-02-10T02:05:34Z">
          <reporter-output>
          </reporter-output>
        </test-method> <!-- startRecording -->
        <test-method status="SKIP" signature="tc011_collective_placeorder_OrderCancellation()[pri:0, instance:org.collective.testmethods.CollectiveSanityTestCustomer@1f57539]" name="tc011_collective_placeorder_OrderCancellation" duration-ms="1" started-at="2016-02-10T02:05:34Z" finished-at="2016-02-10T02:05:34Z">
          <reporter-output>
          </reporter-output>
        </test-method> <!-- tc011_collective_placeorder_OrderCancellation -->
        <test-method status="SKIP" signature="callStopRecording()[pri:0, instance:org.collective.testmethods.CollectiveSanityTestCustomer@1f57539]" name="callStopRecording" is-config="true" duration-ms="0" started-at="2016-02-10T02:05:34Z" finished-at="2016-02-10T02:05:34Z">
          <reporter-output>
          </reporter-output>
        </test-method> <!-- callStopRecording -->
        <test-method status="SKIP" signature="checkForAdminLogout()[pri:0, instance:org.collective.testmethods.CollectiveSanityTestCustomer@1f57539]" name="checkForAdminLogout" is-config="true" duration-ms="0" started-at="2016-02-10T02:05:34Z" finished-at="2016-02-10T02:05:34Z">
          <reporter-output>
          </reporter-output>
        </test-method> <!-- checkForAdminLogout -->
        <test-method status="SKIP" signature="takeScreenshot(org.testng.ITestResult)[pri:0, instance:org.collective.testmethods.CollectiveSanityTestCustomer@1f57539]" name="takeScreenshot" is-config="true" duration-ms="0" started-at="2016-02-10T02:05:34Z" finished-at="2016-02-10T02:05:34Z">
          <reporter-output>
          </reporter-output>
        </test-method> <!-- takeScreenshot -->
      </class> <!-- org.collective.testmethods.CollectiveSanityTestCustomer -->
      <class name="org.collective.testmethods.CollectiveSanityTestURL">
        <test-method status="FAIL" signature="tc023_PageURLsStaging()[pri:0, instance:org.collective.testmethods.CollectiveSanityTestURL@76f2b07d]" name="tc023_PageURLsStaging" duration-ms="152466" started-at="2016-02-10T02:05:34Z" finished-at="2016-02-10T02:08:06Z">
          <exception class="java.lang.AssertionError">
            <message>
              <![CDATA[/static_pages/press failed  with status 500
/store_locator failed  with status 500
/static_pages/shippingpolicy failed  with status 500
/static_pages/about failed  with status 500
/events failed  with status 500
/static_pages/privacypolicy failed  with status 500
/prive failed  with status 500
/static_pages/faqs failed  with status 500
/static_pages/returnpolicy failed  with status 500
/static_pages/careers failed  with status 500
 expected [/static_pages/press failed  with status 500
/store_locator failed  with status 500
/static_pages/shippingpolicy failed  with status 500
/static_pages/about failed  with status 500
/events failed  with status 500
/static_pages/privacypolicy failed  with status 500
/prive failed  with status 500
/static_pages/faqs failed  with status 500
/static_pages/returnpolicy failed  with status 500
/static_pages/careers failed  with status 500
] but found []]]>
            </message>
            <full-stacktrace>
              <![CDATA[java.lang.AssertionError: /static_pages/press failed  with status 500
/store_locator failed  with status 500
/static_pages/shippingpolicy failed  with status 500
/static_pages/about failed  with status 500
/events failed  with status 500
/static_pages/privacypolicy failed  with status 500
/prive failed  with status 500
/static_pages/faqs failed  with status 500
/static_pages/returnpolicy failed  with status 500
/static_pages/careers failed  with status 500
 expected [/static_pages/press failed  with status 500
/store_locator failed  with status 500
/static_pages/shippingpolicy failed  with status 500
/static_pages/about failed  with status 500
/events failed  with status 500
/static_pages/privacypolicy failed  with status 500
/prive failed  with status 500
/static_pages/faqs failed  with status 500
/static_pages/returnpolicy failed  with status 500
/static_pages/careers failed  with status 500
] but found []
	at org.testng.Assert.fail(Assert.java:94)
	at org.testng.Assert.failNotEquals(Assert.java:496)
	at org.testng.Assert.assertEquals(Assert.java:125)
	at org.testng.Assert.assertEquals(Assert.java:178)
	at org.collective.testmethods.CollectiveSanityTestURL.tc023_PageURLsStaging(CollectiveSanityTestURL.java:21)
	at sun.reflect.NativeMethodAccessorImpl.invoke0(Native Method)
	at sun.reflect.NativeMethodAccessorImpl.invoke(NativeMethodAccessorImpl.java:62)
	at sun.reflect.DelegatingMethodAccessorImpl.invoke(DelegatingMethodAccessorImpl.java:43)
	at java.lang.reflect.Method.invoke(Method.java:497)
	at org.testng.internal.MethodInvocationHelper.invokeMethod(MethodInvocationHelper.java:85)
	at org.testng.internal.Invoker.invokeMethod(Invoker.java:648)
	at org.testng.internal.Invoker.invokeTestMethod(Invoker.java:834)
	at org.testng.internal.Invoker.invokeTestMethods(Invoker.java:1142)
	at org.testng.internal.TestMethodWorker.invokeTestMethods(TestMethodWorker.java:124)
	at org.testng.internal.TestMethodWorker.run(TestMethodWorker.java:108)
	at org.testng.TestRunner.privateRun(TestRunner.java:771)
	at org.testng.TestRunner.run(TestRunner.java:621)
	at org.testng.SuiteRunner.runTest(SuiteRunner.java:357)
	at org.testng.SuiteRunner.runSequentially(SuiteRunner.java:352)
	at org.testng.SuiteRunner.privateRun(SuiteRunner.java:310)
	at org.testng.SuiteRunner.run(SuiteRunner.java:259)
	at org.testng.SuiteRunnerWorker.runSuite(SuiteRunnerWorker.java:52)
	at org.testng.SuiteRunnerWorker.run(SuiteRunnerWorker.java:86)
	at org.testng.TestNG.runSuitesSequentially(TestNG.java:1176)
	at org.testng.TestNG.runSuitesLocally(TestNG.java:1101)
	at org.testng.TestNG.run(TestNG.java:1009)
	at org.testng.remote.RemoteTestNG.run(RemoteTestNG.java:111)
	at org.testng.remote.RemoteTestNG.initAndRun(RemoteTestNG.java:204)
	at org.testng.remote.RemoteTestNG.main(RemoteTestNG.java:175)
]]>
            </full-stacktrace>
          </exception> <!-- java.lang.AssertionError -->
          <reporter-output>
          </reporter-output>
        </test-method> <!-- tc023_PageURLsStaging -->
      </class> <!-- org.collective.testmethods.CollectiveSanityTestURL -->
      <class name="org.collective.testmethods.CollectiveSanityTestAdmin">
        <test-method status="PASS" signature="beforeSuite()[pri:0, instance:org.collective.testmethods.CollectiveSanityTestAdmin@15d0c81b]" name="beforeSuite" is-config="true" duration-ms="63" started-at="2016-02-10T02:03:35Z" finished-at="2016-02-10T02:03:35Z">
          <reporter-output>
          </reporter-output>
        </test-method> <!-- beforeSuite -->
        <test-method status="PASS" signature="beforeTest()[pri:0, instance:org.collective.testmethods.CollectiveSanityTestAdmin@15d0c81b]" name="beforeTest" is-config="true" duration-ms="10333" started-at="2016-02-10T02:03:35Z" finished-at="2016-02-10T02:03:46Z">
          <reporter-output>
          </reporter-output>
        </test-method> <!-- beforeTest -->
        <test-method status="PASS" signature="checkForLogin()[pri:0, instance:org.collective.testmethods.CollectiveSanityTestAdmin@15d0c81b]" name="checkForLogin" is-config="true" duration-ms="79" started-at="2016-02-10T02:03:46Z" finished-at="2016-02-10T02:03:46Z">
          <reporter-output>
          </reporter-output>
        </test-method> <!-- checkForLogin -->
        <test-method status="PASS" signature="setUp()[pri:0, instance:org.collective.testmethods.CollectiveSanityTestAdmin@15d0c81b]" name="setUp" is-config="true" duration-ms="4267" started-at="2016-02-10T02:03:46Z" finished-at="2016-02-10T02:03:50Z">
          <reporter-output>
          </reporter-output>
        </test-method> <!-- setUp -->
        <test-method status="PASS" signature="startRecording(java.lang.reflect.Method)[pri:0, instance:org.collective.testmethods.CollectiveSanityTestAdmin@15d0c81b]" name="startRecording" is-config="true" duration-ms="976" started-at="2016-02-10T02:03:50Z" finished-at="2016-02-10T02:03:51Z">
          <params>
            <param index="0">
              <value>
                <![CDATA[public void org.collective.testmethods.CollectiveSanityTestAdmin.tc012_collective_adminLogin() throws java.io.IOException,java.lang.InterruptedException,java.awt.AWTException]]>
              </value>
            </param>
          </params>
          <reporter-output>
          </reporter-output>
        </test-method> <!-- startRecording -->
        <test-method status="PASS" signature="tc012_collective_adminLogin()[pri:0, instance:org.collective.testmethods.CollectiveSanityTestAdmin@15d0c81b]" name="tc012_collective_adminLogin" duration-ms="5071" started-at="2016-02-10T02:03:51Z" finished-at="2016-02-10T02:03:56Z">
          <reporter-output>
          </reporter-output>
        </test-method> <!-- tc012_collective_adminLogin -->
        <test-method status="PASS" signature="callStopRecording()[pri:0, instance:org.collective.testmethods.CollectiveSanityTestAdmin@15d0c81b]" name="callStopRecording" is-config="true" duration-ms="106" started-at="2016-02-10T02:03:56Z" finished-at="2016-02-10T02:03:56Z">
          <reporter-output>
          </reporter-output>
        </test-method> <!-- callStopRecording -->
        <test-method status="PASS" signature="checkForAdminLogout()[pri:0, instance:org.collective.testmethods.CollectiveSanityTestAdmin@15d0c81b]" name="checkForAdminLogout" is-config="true" duration-ms="1895" started-at="2016-02-10T02:03:56Z" finished-at="2016-02-10T02:03:58Z">
          <reporter-output>
          </reporter-output>
        </test-method> <!-- checkForAdminLogout -->
        <test-method status="PASS" signature="takeScreenshot(org.testng.ITestResult)[pri:0, instance:org.collective.testmethods.CollectiveSanityTestAdmin@15d0c81b]" name="takeScreenshot" is-config="true" duration-ms="0" started-at="2016-02-10T02:03:58Z" finished-at="2016-02-10T02:03:58Z">
          <params>
            <param index="0">
              <value>
                <![CDATA[[TestResult name=tc012_collective_adminLogin status=SUCCESS method=CollectiveSanityTestAdmin.tc012_collective_adminLogin()[pri:0, instance:org.collective.testmethods.CollectiveSanityTestAdmin@15d0c81b] output={null}]]]>
              </value>
            </param>
          </params>
          <reporter-output>
          </reporter-output>
        </test-method> <!-- takeScreenshot -->
        <test-method status="PASS" signature="checkForLogin()[pri:0, instance:org.collective.testmethods.CollectiveSanityTestAdmin@15d0c81b]" name="checkForLogin" is-config="true" duration-ms="41" started-at="2016-02-10T02:03:58Z" finished-at="2016-02-10T02:03:58Z">
          <reporter-output>
          </reporter-output>
        </test-method> <!-- checkForLogin -->
        <test-method status="PASS" signature="setUp()[pri:0, instance:org.collective.testmethods.CollectiveSanityTestAdmin@15d0c81b]" name="setUp" is-config="true" duration-ms="784" started-at="2016-02-10T02:03:58Z" finished-at="2016-02-10T02:03:59Z">
          <reporter-output>
          </reporter-output>
        </test-method> <!-- setUp -->
        <test-method status="PASS" signature="startRecording(java.lang.reflect.Method)[pri:0, instance:org.collective.testmethods.CollectiveSanityTestAdmin@15d0c81b]" name="startRecording" is-config="true" duration-ms="48" started-at="2016-02-10T02:03:59Z" finished-at="2016-02-10T02:03:59Z">
          <params>
            <param index="0">
              <value>
                <![CDATA[public void org.collective.testmethods.CollectiveSanityTestAdmin.tc013_collective_admin_reports_OrderTotalsSheet() throws java.lang.InterruptedException,java.io.IOException]]>
              </value>
            </param>
          </params>
          <reporter-output>
          </reporter-output>
        </test-method> <!-- startRecording -->
        <test-method status="PASS" signature="tc013_collective_admin_reports_OrderTotalsSheet()[pri:0, instance:org.collective.testmethods.CollectiveSanityTestAdmin@15d0c81b]" name="tc013_collective_admin_reports_OrderTotalsSheet" duration-ms="15100" started-at="2016-02-10T02:03:59Z" finished-at="2016-02-10T02:04:14Z">
          <reporter-output>
          </reporter-output>
        </test-method> <!-- tc013_collective_admin_reports_OrderTotalsSheet -->
        <test-method status="PASS" signature="callStopRecording()[pri:0, instance:org.collective.testmethods.CollectiveSanityTestAdmin@15d0c81b]" name="callStopRecording" is-config="true" duration-ms="106" started-at="2016-02-10T02:04:14Z" finished-at="2016-02-10T02:04:14Z">
          <reporter-output>
          </reporter-output>
        </test-method> <!-- callStopRecording -->
        <test-method status="PASS" signature="checkForAdminLogout()[pri:0, instance:org.collective.testmethods.CollectiveSanityTestAdmin@15d0c81b]" name="checkForAdminLogout" is-config="true" duration-ms="1491" started-at="2016-02-10T02:04:14Z" finished-at="2016-02-10T02:04:16Z">
          <reporter-output>
          </reporter-output>
        </test-method> <!-- checkForAdminLogout -->
        <test-method status="PASS" signature="takeScreenshot(org.testng.ITestResult)[pri:0, instance:org.collective.testmethods.CollectiveSanityTestAdmin@15d0c81b]" name="takeScreenshot" is-config="true" duration-ms="1" started-at="2016-02-10T02:04:16Z" finished-at="2016-02-10T02:04:16Z">
          <params>
            <param index="0">
              <value>
                <![CDATA[[TestResult name=tc013_collective_admin_reports_OrderTotalsSheet status=SUCCESS method=CollectiveSanityTestAdmin.tc013_collective_admin_reports_OrderTotalsSheet()[pri:0, instance:org.collective.testmethods.CollectiveSanityTestAdmin@15d0c81b] output={null}]]]>
              </value>
            </param>
          </params>
          <reporter-output>
          </reporter-output>
        </test-method> <!-- takeScreenshot -->
        <test-method status="PASS" signature="checkForLogin()[pri:0, instance:org.collective.testmethods.CollectiveSanityTestAdmin@15d0c81b]" name="checkForLogin" is-config="true" duration-ms="32" started-at="2016-02-10T02:04:16Z" finished-at="2016-02-10T02:04:16Z">
          <reporter-output>
          </reporter-output>
        </test-method> <!-- checkForLogin -->
        <test-method status="PASS" signature="setUp()[pri:0, instance:org.collective.testmethods.CollectiveSanityTestAdmin@15d0c81b]" name="setUp" is-config="true" duration-ms="962" started-at="2016-02-10T02:04:16Z" finished-at="2016-02-10T02:04:17Z">
          <reporter-output>
          </reporter-output>
        </test-method> <!-- setUp -->
        <test-method status="PASS" signature="startRecording(java.lang.reflect.Method)[pri:0, instance:org.collective.testmethods.CollectiveSanityTestAdmin@15d0c81b]" name="startRecording" is-config="true" duration-ms="25" started-at="2016-02-10T02:04:17Z" finished-at="2016-02-10T02:04:17Z">
          <params>
            <param index="0">
              <value>
                <![CDATA[public void org.collective.testmethods.CollectiveSanityTestAdmin.tc014_evaluateAdminTabs_Returns() throws java.io.IOException]]>
              </value>
            </param>
          </params>
          <reporter-output>
          </reporter-output>
        </test-method> <!-- startRecording -->
        <test-method status="PASS" signature="tc014_evaluateAdminTabs_Returns()[pri:0, instance:org.collective.testmethods.CollectiveSanityTestAdmin@15d0c81b]" name="tc014_evaluateAdminTabs_Returns" duration-ms="7808" started-at="2016-02-10T02:04:17Z" finished-at="2016-02-10T02:04:24Z">
          <reporter-output>
          </reporter-output>
        </test-method> <!-- tc014_evaluateAdminTabs_Returns -->
        <test-method status="PASS" signature="callStopRecording()[pri:0, instance:org.collective.testmethods.CollectiveSanityTestAdmin@15d0c81b]" name="callStopRecording" is-config="true" duration-ms="89" started-at="2016-02-10T02:04:24Z" finished-at="2016-02-10T02:04:25Z">
          <reporter-output>
          </reporter-output>
        </test-method> <!-- callStopRecording -->
        <test-method status="PASS" signature="checkForAdminLogout()[pri:0, instance:org.collective.testmethods.CollectiveSanityTestAdmin@15d0c81b]" name="checkForAdminLogout" is-config="true" duration-ms="1433" started-at="2016-02-10T02:04:25Z" finished-at="2016-02-10T02:04:26Z">
          <reporter-output>
          </reporter-output>
        </test-method> <!-- checkForAdminLogout -->
        <test-method status="PASS" signature="takeScreenshot(org.testng.ITestResult)[pri:0, instance:org.collective.testmethods.CollectiveSanityTestAdmin@15d0c81b]" name="takeScreenshot" is-config="true" duration-ms="0" started-at="2016-02-10T02:04:26Z" finished-at="2016-02-10T02:04:26Z">
          <params>
            <param index="0">
              <value>
                <![CDATA[[TestResult name=tc014_evaluateAdminTabs_Returns status=SUCCESS method=CollectiveSanityTestAdmin.tc014_evaluateAdminTabs_Returns()[pri:0, instance:org.collective.testmethods.CollectiveSanityTestAdmin@15d0c81b] output={null}]]]>
              </value>
            </param>
          </params>
          <reporter-output>
          </reporter-output>
        </test-method> <!-- takeScreenshot -->
        <test-method status="PASS" signature="checkForLogin()[pri:0, instance:org.collective.testmethods.CollectiveSanityTestAdmin@15d0c81b]" name="checkForLogin" is-config="true" duration-ms="56" started-at="2016-02-10T02:04:26Z" finished-at="2016-02-10T02:04:26Z">
          <reporter-output>
          </reporter-output>
        </test-method> <!-- checkForLogin -->
        <test-method status="PASS" signature="setUp()[pri:0, instance:org.collective.testmethods.CollectiveSanityTestAdmin@15d0c81b]" name="setUp" is-config="true" duration-ms="1015" started-at="2016-02-10T02:04:26Z" finished-at="2016-02-10T02:04:27Z">
          <reporter-output>
          </reporter-output>
        </test-method> <!-- setUp -->
        <test-method status="PASS" signature="startRecording(java.lang.reflect.Method)[pri:0, instance:org.collective.testmethods.CollectiveSanityTestAdmin@15d0c81b]" name="startRecording" is-config="true" duration-ms="12" started-at="2016-02-10T02:04:27Z" finished-at="2016-02-10T02:04:27Z">
          <params>
            <param index="0">
              <value>
                <![CDATA[public void org.collective.testmethods.CollectiveSanityTestAdmin.tc015_evaluateAdminTabs_Carousel() throws java.io.IOException]]>
              </value>
            </param>
          </params>
          <reporter-output>
          </reporter-output>
        </test-method> <!-- startRecording -->
        <test-method status="PASS" signature="tc015_evaluateAdminTabs_Carousel()[pri:0, instance:org.collective.testmethods.CollectiveSanityTestAdmin@15d0c81b]" name="tc015_evaluateAdminTabs_Carousel" duration-ms="6355" started-at="2016-02-10T02:04:27Z" finished-at="2016-02-10T02:04:33Z">
          <reporter-output>
          </reporter-output>
        </test-method> <!-- tc015_evaluateAdminTabs_Carousel -->
        <test-method status="PASS" signature="callStopRecording()[pri:0, instance:org.collective.testmethods.CollectiveSanityTestAdmin@15d0c81b]" name="callStopRecording" is-config="true" duration-ms="116" started-at="2016-02-10T02:04:33Z" finished-at="2016-02-10T02:04:34Z">
          <reporter-output>
          </reporter-output>
        </test-method> <!-- callStopRecording -->
        <test-method status="PASS" signature="checkForAdminLogout()[pri:0, instance:org.collective.testmethods.CollectiveSanityTestAdmin@15d0c81b]" name="checkForAdminLogout" is-config="true" duration-ms="2978" started-at="2016-02-10T02:04:34Z" finished-at="2016-02-10T02:04:37Z">
          <reporter-output>
          </reporter-output>
        </test-method> <!-- checkForAdminLogout -->
        <test-method status="PASS" signature="takeScreenshot(org.testng.ITestResult)[pri:0, instance:org.collective.testmethods.CollectiveSanityTestAdmin@15d0c81b]" name="takeScreenshot" is-config="true" duration-ms="0" started-at="2016-02-10T02:04:37Z" finished-at="2016-02-10T02:04:37Z">
          <params>
            <param index="0">
              <value>
                <![CDATA[[TestResult name=tc015_evaluateAdminTabs_Carousel status=SUCCESS method=CollectiveSanityTestAdmin.tc015_evaluateAdminTabs_Carousel()[pri:0, instance:org.collective.testmethods.CollectiveSanityTestAdmin@15d0c81b] output={null}]]]>
              </value>
            </param>
          </params>
          <reporter-output>
          </reporter-output>
        </test-method> <!-- takeScreenshot -->
        <test-method status="PASS" signature="checkForLogin()[pri:0, instance:org.collective.testmethods.CollectiveSanityTestAdmin@15d0c81b]" name="checkForLogin" is-config="true" duration-ms="29" started-at="2016-02-10T02:04:37Z" finished-at="2016-02-10T02:04:37Z">
          <reporter-output>
          </reporter-output>
        </test-method> <!-- checkForLogin -->
        <test-method status="PASS" signature="setUp()[pri:0, instance:org.collective.testmethods.CollectiveSanityTestAdmin@15d0c81b]" name="setUp" is-config="true" duration-ms="1180" started-at="2016-02-10T02:04:37Z" finished-at="2016-02-10T02:04:38Z">
          <reporter-output>
          </reporter-output>
        </test-method> <!-- setUp -->
        <test-method status="PASS" signature="startRecording(java.lang.reflect.Method)[pri:0, instance:org.collective.testmethods.CollectiveSanityTestAdmin@15d0c81b]" name="startRecording" is-config="true" duration-ms="16" started-at="2016-02-10T02:04:38Z" finished-at="2016-02-10T02:04:38Z">
          <params>
            <param index="0">
              <value>
                <![CDATA[public void org.collective.testmethods.CollectiveSanityTestAdmin.tc016_evaluateAdminTabs_Orders() throws java.io.IOException]]>
              </value>
            </param>
          </params>
          <reporter-output>
          </reporter-output>
        </test-method> <!-- startRecording -->
        <test-method status="PASS" signature="tc016_evaluateAdminTabs_Orders()[pri:0, instance:org.collective.testmethods.CollectiveSanityTestAdmin@15d0c81b]" name="tc016_evaluateAdminTabs_Orders" duration-ms="7237" started-at="2016-02-10T02:04:38Z" finished-at="2016-02-10T02:04:45Z">
          <reporter-output>
          </reporter-output>
        </test-method> <!-- tc016_evaluateAdminTabs_Orders -->
        <test-method status="PASS" signature="callStopRecording()[pri:0, instance:org.collective.testmethods.CollectiveSanityTestAdmin@15d0c81b]" name="callStopRecording" is-config="true" duration-ms="68" started-at="2016-02-10T02:04:45Z" finished-at="2016-02-10T02:04:45Z">
          <reporter-output>
          </reporter-output>
        </test-method> <!-- callStopRecording -->
        <test-method status="PASS" signature="checkForAdminLogout()[pri:0, instance:org.collective.testmethods.CollectiveSanityTestAdmin@15d0c81b]" name="checkForAdminLogout" is-config="true" duration-ms="1511" started-at="2016-02-10T02:04:45Z" finished-at="2016-02-10T02:04:47Z">
          <reporter-output>
          </reporter-output>
        </test-method> <!-- checkForAdminLogout -->
        <test-method status="PASS" signature="takeScreenshot(org.testng.ITestResult)[pri:0, instance:org.collective.testmethods.CollectiveSanityTestAdmin@15d0c81b]" name="takeScreenshot" is-config="true" duration-ms="1" started-at="2016-02-10T02:04:47Z" finished-at="2016-02-10T02:04:47Z">
          <params>
            <param index="0">
              <value>
                <![CDATA[[TestResult name=tc016_evaluateAdminTabs_Orders status=SUCCESS method=CollectiveSanityTestAdmin.tc016_evaluateAdminTabs_Orders()[pri:0, instance:org.collective.testmethods.CollectiveSanityTestAdmin@15d0c81b] output={null}]]]>
              </value>
            </param>
          </params>
          <reporter-output>
          </reporter-output>
        </test-method> <!-- takeScreenshot -->
        <test-method status="PASS" signature="checkForLogin()[pri:0, instance:org.collective.testmethods.CollectiveSanityTestAdmin@15d0c81b]" name="checkForLogin" is-config="true" duration-ms="31" started-at="2016-02-10T02:04:47Z" finished-at="2016-02-10T02:04:47Z">
          <reporter-output>
          </reporter-output>
        </test-method> <!-- checkForLogin -->
        <test-method status="PASS" signature="setUp()[pri:0, instance:org.collective.testmethods.CollectiveSanityTestAdmin@15d0c81b]" name="setUp" is-config="true" duration-ms="1012" started-at="2016-02-10T02:04:47Z" finished-at="2016-02-10T02:04:48Z">
          <reporter-output>
          </reporter-output>
        </test-method> <!-- setUp -->
        <test-method status="PASS" signature="startRecording(java.lang.reflect.Method)[pri:0, instance:org.collective.testmethods.CollectiveSanityTestAdmin@15d0c81b]" name="startRecording" is-config="true" duration-ms="18" started-at="2016-02-10T02:04:48Z" finished-at="2016-02-10T02:04:48Z">
          <params>
            <param index="0">
              <value>
                <![CDATA[public void org.collective.testmethods.CollectiveSanityTestAdmin.tc017_evaluateAdminTabs_Products() throws java.io.IOException]]>
              </value>
            </param>
          </params>
          <reporter-output>
          </reporter-output>
        </test-method> <!-- startRecording -->
        <test-method status="PASS" signature="tc017_evaluateAdminTabs_Products()[pri:0, instance:org.collective.testmethods.CollectiveSanityTestAdmin@15d0c81b]" name="tc017_evaluateAdminTabs_Products" duration-ms="6238" started-at="2016-02-10T02:04:48Z" finished-at="2016-02-10T02:04:54Z">
          <reporter-output>
          </reporter-output>
        </test-method> <!-- tc017_evaluateAdminTabs_Products -->
        <test-method status="PASS" signature="callStopRecording()[pri:0, instance:org.collective.testmethods.CollectiveSanityTestAdmin@15d0c81b]" name="callStopRecording" is-config="true" duration-ms="74" started-at="2016-02-10T02:04:54Z" finished-at="2016-02-10T02:04:54Z">
          <reporter-output>
          </reporter-output>
        </test-method> <!-- callStopRecording -->
        <test-method status="PASS" signature="checkForAdminLogout()[pri:0, instance:org.collective.testmethods.CollectiveSanityTestAdmin@15d0c81b]" name="checkForAdminLogout" is-config="true" duration-ms="1462" started-at="2016-02-10T02:04:54Z" finished-at="2016-02-10T02:04:55Z">
          <reporter-output>
          </reporter-output>
        </test-method> <!-- checkForAdminLogout -->
        <test-method status="PASS" signature="takeScreenshot(org.testng.ITestResult)[pri:0, instance:org.collective.testmethods.CollectiveSanityTestAdmin@15d0c81b]" name="takeScreenshot" is-config="true" duration-ms="0" started-at="2016-02-10T02:04:55Z" finished-at="2016-02-10T02:04:55Z">
          <params>
            <param index="0">
              <value>
                <![CDATA[[TestResult name=tc017_evaluateAdminTabs_Products status=SUCCESS method=CollectiveSanityTestAdmin.tc017_evaluateAdminTabs_Products()[pri:0, instance:org.collective.testmethods.CollectiveSanityTestAdmin@15d0c81b] output={null}]]]>
              </value>
            </param>
          </params>
          <reporter-output>
          </reporter-output>
        </test-method> <!-- takeScreenshot -->
        <test-method status="PASS" signature="checkForLogin()[pri:0, instance:org.collective.testmethods.CollectiveSanityTestAdmin@15d0c81b]" name="checkForLogin" is-config="true" duration-ms="32" started-at="2016-02-10T02:04:55Z" finished-at="2016-02-10T02:04:55Z">
          <reporter-output>
          </reporter-output>
        </test-method> <!-- checkForLogin -->
        <test-method status="PASS" signature="setUp()[pri:0, instance:org.collective.testmethods.CollectiveSanityTestAdmin@15d0c81b]" name="setUp" is-config="true" duration-ms="1657" started-at="2016-02-10T02:04:55Z" finished-at="2016-02-10T02:04:57Z">
          <reporter-output>
          </reporter-output>
        </test-method> <!-- setUp -->
        <test-method status="PASS" signature="startRecording(java.lang.reflect.Method)[pri:0, instance:org.collective.testmethods.CollectiveSanityTestAdmin@15d0c81b]" name="startRecording" is-config="true" duration-ms="18" started-at="2016-02-10T02:04:57Z" finished-at="2016-02-10T02:04:57Z">
          <params>
            <param index="0">
              <value>
                <![CDATA[public void org.collective.testmethods.CollectiveSanityTestAdmin.tc018_evaluateAdminTabs_Settings() throws java.io.IOException]]>
              </value>
            </param>
          </params>
          <reporter-output>
          </reporter-output>
        </test-method> <!-- startRecording -->
        <test-method status="PASS" signature="tc018_evaluateAdminTabs_Settings()[pri:0, instance:org.collective.testmethods.CollectiveSanityTestAdmin@15d0c81b]" name="tc018_evaluateAdminTabs_Settings" duration-ms="6642" started-at="2016-02-10T02:04:57Z" finished-at="2016-02-10T02:05:04Z">
          <reporter-output>
          </reporter-output>
        </test-method> <!-- tc018_evaluateAdminTabs_Settings -->
        <test-method status="PASS" signature="callStopRecording()[pri:0, instance:org.collective.testmethods.CollectiveSanityTestAdmin@15d0c81b]" name="callStopRecording" is-config="true" duration-ms="81" started-at="2016-02-10T02:05:04Z" finished-at="2016-02-10T02:05:04Z">
          <reporter-output>
          </reporter-output>
        </test-method> <!-- callStopRecording -->
        <test-method status="PASS" signature="checkForAdminLogout()[pri:0, instance:org.collective.testmethods.CollectiveSanityTestAdmin@15d0c81b]" name="checkForAdminLogout" is-config="true" duration-ms="2395" started-at="2016-02-10T02:05:04Z" finished-at="2016-02-10T02:05:06Z">
          <reporter-output>
          </reporter-output>
        </test-method> <!-- checkForAdminLogout -->
        <test-method status="PASS" signature="takeScreenshot(org.testng.ITestResult)[pri:0, instance:org.collective.testmethods.CollectiveSanityTestAdmin@15d0c81b]" name="takeScreenshot" is-config="true" duration-ms="0" started-at="2016-02-10T02:05:06Z" finished-at="2016-02-10T02:05:06Z">
          <params>
            <param index="0">
              <value>
                <![CDATA[[TestResult name=tc018_evaluateAdminTabs_Settings status=SUCCESS method=CollectiveSanityTestAdmin.tc018_evaluateAdminTabs_Settings()[pri:0, instance:org.collective.testmethods.CollectiveSanityTestAdmin@15d0c81b] output={null}]]]>
              </value>
            </param>
          </params>
          <reporter-output>
          </reporter-output>
        </test-method> <!-- takeScreenshot -->
        <test-method status="PASS" signature="checkForLogin()[pri:0, instance:org.collective.testmethods.CollectiveSanityTestAdmin@15d0c81b]" name="checkForLogin" is-config="true" duration-ms="32" started-at="2016-02-10T02:05:06Z" finished-at="2016-02-10T02:05:06Z">
          <reporter-output>
          </reporter-output>
        </test-method> <!-- checkForLogin -->
        <test-method status="PASS" signature="setUp()[pri:0, instance:org.collective.testmethods.CollectiveSanityTestAdmin@15d0c81b]" name="setUp" is-config="true" duration-ms="1046" started-at="2016-02-10T02:05:06Z" finished-at="2016-02-10T02:05:07Z">
          <reporter-output>
          </reporter-output>
        </test-method> <!-- setUp -->
        <test-method status="PASS" signature="startRecording(java.lang.reflect.Method)[pri:0, instance:org.collective.testmethods.CollectiveSanityTestAdmin@15d0c81b]" name="startRecording" is-config="true" duration-ms="12" started-at="2016-02-10T02:05:07Z" finished-at="2016-02-10T02:05:07Z">
          <params>
            <param index="0">
              <value>
                <![CDATA[public void org.collective.testmethods.CollectiveSanityTestAdmin.tc019_evaluateAdminTabs_Promotions() throws java.io.IOException]]>
              </value>
            </param>
          </params>
          <reporter-output>
          </reporter-output>
        </test-method> <!-- startRecording -->
        <test-method status="PASS" signature="tc019_evaluateAdminTabs_Promotions()[pri:0, instance:org.collective.testmethods.CollectiveSanityTestAdmin@15d0c81b]" name="tc019_evaluateAdminTabs_Promotions" duration-ms="6474" started-at="2016-02-10T02:05:07Z" finished-at="2016-02-10T02:05:14Z">
          <reporter-output>
          </reporter-output>
        </test-method> <!-- tc019_evaluateAdminTabs_Promotions -->
        <test-method status="PASS" signature="callStopRecording()[pri:0, instance:org.collective.testmethods.CollectiveSanityTestAdmin@15d0c81b]" name="callStopRecording" is-config="true" duration-ms="74" started-at="2016-02-10T02:05:14Z" finished-at="2016-02-10T02:05:14Z">
          <reporter-output>
          </reporter-output>
        </test-method> <!-- callStopRecording -->
        <test-method status="PASS" signature="checkForAdminLogout()[pri:0, instance:org.collective.testmethods.CollectiveSanityTestAdmin@15d0c81b]" name="checkForAdminLogout" is-config="true" duration-ms="1591" started-at="2016-02-10T02:05:14Z" finished-at="2016-02-10T02:05:15Z">
          <reporter-output>
          </reporter-output>
        </test-method> <!-- checkForAdminLogout -->
        <test-method status="PASS" signature="takeScreenshot(org.testng.ITestResult)[pri:0, instance:org.collective.testmethods.CollectiveSanityTestAdmin@15d0c81b]" name="takeScreenshot" is-config="true" duration-ms="0" started-at="2016-02-10T02:05:15Z" finished-at="2016-02-10T02:05:15Z">
          <params>
            <param index="0">
              <value>
                <![CDATA[[TestResult name=tc019_evaluateAdminTabs_Promotions status=SUCCESS method=CollectiveSanityTestAdmin.tc019_evaluateAdminTabs_Promotions()[pri:0, instance:org.collective.testmethods.CollectiveSanityTestAdmin@15d0c81b] output={null}]]]>
              </value>
            </param>
          </params>
          <reporter-output>
          </reporter-output>
        </test-method> <!-- takeScreenshot -->
        <test-method status="PASS" signature="checkForLogin()[pri:0, instance:org.collective.testmethods.CollectiveSanityTestAdmin@15d0c81b]" name="checkForLogin" is-config="true" duration-ms="33" started-at="2016-02-10T02:05:15Z" finished-at="2016-02-10T02:05:16Z">
          <reporter-output>
          </reporter-output>
        </test-method> <!-- checkForLogin -->
        <test-method status="PASS" signature="setUp()[pri:0, instance:org.collective.testmethods.CollectiveSanityTestAdmin@15d0c81b]" name="setUp" is-config="true" duration-ms="898" started-at="2016-02-10T02:05:16Z" finished-at="2016-02-10T02:05:16Z">
          <reporter-output>
          </reporter-output>
        </test-method> <!-- setUp -->
        <test-method status="PASS" signature="startRecording(java.lang.reflect.Method)[pri:0, instance:org.collective.testmethods.CollectiveSanityTestAdmin@15d0c81b]" name="startRecording" is-config="true" duration-ms="7" started-at="2016-02-10T02:05:16Z" finished-at="2016-02-10T02:05:16Z">
          <params>
            <param index="0">
              <value>
                <![CDATA[public void org.collective.testmethods.CollectiveSanityTestAdmin.tc020_evaluateAdminTabs_Users() throws java.io.IOException]]>
              </value>
            </param>
          </params>
          <reporter-output>
          </reporter-output>
        </test-method> <!-- startRecording -->
        <test-method status="PASS" signature="tc020_evaluateAdminTabs_Users()[pri:0, instance:org.collective.testmethods.CollectiveSanityTestAdmin@15d0c81b]" name="tc020_evaluateAdminTabs_Users" duration-ms="5752" started-at="2016-02-10T02:05:16Z" finished-at="2016-02-10T02:05:22Z">
          <reporter-output>
          </reporter-output>
        </test-method> <!-- tc020_evaluateAdminTabs_Users -->
        <test-method status="PASS" signature="callStopRecording()[pri:0, instance:org.collective.testmethods.CollectiveSanityTestAdmin@15d0c81b]" name="callStopRecording" is-config="true" duration-ms="94" started-at="2016-02-10T02:05:22Z" finished-at="2016-02-10T02:05:22Z">
          <reporter-output>
          </reporter-output>
        </test-method> <!-- callStopRecording -->
        <test-method status="PASS" signature="checkForAdminLogout()[pri:0, instance:org.collective.testmethods.CollectiveSanityTestAdmin@15d0c81b]" name="checkForAdminLogout" is-config="true" duration-ms="1317" started-at="2016-02-10T02:05:22Z" finished-at="2016-02-10T02:05:24Z">
          <reporter-output>
          </reporter-output>
        </test-method> <!-- checkForAdminLogout -->
        <test-method status="PASS" signature="checkForLogin()[pri:0, instance:org.collective.testmethods.CollectiveSanityTestAdmin@15d0c81b]" name="checkForLogin" is-config="true" duration-ms="27" started-at="2016-02-10T02:05:24Z" finished-at="2016-02-10T02:05:24Z">
          <reporter-output>
          </reporter-output>
        </test-method> <!-- checkForLogin -->
        <test-method status="PASS" signature="takeScreenshot(org.testng.ITestResult)[pri:0, instance:org.collective.testmethods.CollectiveSanityTestAdmin@15d0c81b]" name="takeScreenshot" is-config="true" duration-ms="0" started-at="2016-02-10T02:05:24Z" finished-at="2016-02-10T02:05:24Z">
          <params>
            <param index="0">
              <value>
                <![CDATA[[TestResult name=tc020_evaluateAdminTabs_Users status=SUCCESS method=CollectiveSanityTestAdmin.tc020_evaluateAdminTabs_Users()[pri:0, instance:org.collective.testmethods.CollectiveSanityTestAdmin@15d0c81b] output={null}]]]>
              </value>
            </param>
          </params>
          <reporter-output>
          </reporter-output>
        </test-method> <!-- takeScreenshot -->
        <test-method status="PASS" signature="setUp()[pri:0, instance:org.collective.testmethods.CollectiveSanityTestAdmin@15d0c81b]" name="setUp" is-config="true" duration-ms="1543" started-at="2016-02-10T02:05:24Z" finished-at="2016-02-10T02:05:25Z">
          <reporter-output>
          </reporter-output>
        </test-method> <!-- setUp -->
        <test-method status="PASS" signature="startRecording(java.lang.reflect.Method)[pri:0, instance:org.collective.testmethods.CollectiveSanityTestAdmin@15d0c81b]" name="startRecording" is-config="true" duration-ms="9" started-at="2016-02-10T02:05:25Z" finished-at="2016-02-10T02:05:25Z">
          <params>
            <param index="0">
              <value>
                <![CDATA[public void org.collective.testmethods.CollectiveSanityTestAdmin.tc021_evaluateAdminTabs_Blog() throws java.io.IOException]]>
              </value>
            </param>
          </params>
          <reporter-output>
          </reporter-output>
        </test-method> <!-- startRecording -->
        <test-method status="FAIL" signature="tc021_evaluateAdminTabs_Blog()[pri:0, instance:org.collective.testmethods.CollectiveSanityTestAdmin@15d0c81b]" name="tc021_evaluateAdminTabs_Blog" duration-ms="8494" started-at="2016-02-10T02:05:25Z" finished-at="2016-02-10T02:05:34Z">
          <exception class="org.openqa.selenium.NoSuchWindowException">
            <message>
              <![CDATA[no such window: target window already closed
from unknown error: web view not found
  (Session info: chrome=48.0.2564.103)
  (Driver info: chromedriver=2.20.353145 (343b531d31eeb933ec778dbcf7081628a1396067),platform=Windows NT 6.3 x86_64) (WARNING: The server did not provide any stacktrace information)
Command duration or timeout: 4 milliseconds
Build info: version: '2.44.0', revision: '76d78cf323ce037c5f92db6c1bba601c2ac43ad8', time: '2014-10-23 13:11:40'
System info: host: 'codebrahma', ip: '192.168.56.1', os.name: 'Windows 8.1', os.arch: 'amd64', os.version: '6.3', java.version: '1.8.0_60'
Driver info: org.openqa.selenium.chrome.ChromeDriver
Capabilities [{applicationCacheEnabled=false, rotatable=false, mobileEmulationEnabled=false, chrome={userDataDir=C:\Users\codeb\AppData\Local\Temp\scoped_dir6776_9289}, takesHeapSnapshot=true, databaseEnabled=false, handlesAlerts=true, hasTouchScreen=false, version=48.0.2564.103, platform=WIN8_1, browserConnectionEnabled=false, nativeEvents=true, acceptSslCerts=true, locationContextEnabled=true, webStorageEnabled=true, browserName=chrome, takesScreenshot=true, javascriptEnabled=true, cssSelectorsEnabled=true}]
Session ID: cca4d373769882616b6b8c783ab86754]]>
            </message>
            <full-stacktrace>
              <![CDATA[org.openqa.selenium.NoSuchWindowException: no such window: target window already closed
from unknown error: web view not found
  (Session info: chrome=48.0.2564.103)
  (Driver info: chromedriver=2.20.353145 (343b531d31eeb933ec778dbcf7081628a1396067),platform=Windows NT 6.3 x86_64) (WARNING: The server did not provide any stacktrace information)
Command duration or timeout: 4 milliseconds
Build info: version: '2.44.0', revision: '76d78cf323ce037c5f92db6c1bba601c2ac43ad8', time: '2014-10-23 13:11:40'
System info: host: 'codebrahma', ip: '192.168.56.1', os.name: 'Windows 8.1', os.arch: 'amd64', os.version: '6.3', java.version: '1.8.0_60'
Driver info: org.openqa.selenium.chrome.ChromeDriver
Capabilities [{applicationCacheEnabled=false, rotatable=false, mobileEmulationEnabled=false, chrome={userDataDir=C:\Users\codeb\AppData\Local\Temp\scoped_dir6776_9289}, takesHeapSnapshot=true, databaseEnabled=false, handlesAlerts=true, hasTouchScreen=false, version=48.0.2564.103, platform=WIN8_1, browserConnectionEnabled=false, nativeEvents=true, acceptSslCerts=true, locationContextEnabled=true, webStorageEnabled=true, browserName=chrome, takesScreenshot=true, javascriptEnabled=true, cssSelectorsEnabled=true}]
Session ID: cca4d373769882616b6b8c783ab86754
	at sun.reflect.NativeConstructorAccessorImpl.newInstance0(Native Method)
	at sun.reflect.NativeConstructorAccessorImpl.newInstance(NativeConstructorAccessorImpl.java:62)
	at sun.reflect.DelegatingConstructorAccessorImpl.newInstance(DelegatingConstructorAccessorImpl.java:45)
	at java.lang.reflect.Constructor.newInstance(Constructor.java:422)
	at org.openqa.selenium.remote.ErrorHandler.createThrowable(ErrorHandler.java:204)
	at org.openqa.selenium.remote.ErrorHandler.throwIfResponseFailed(ErrorHandler.java:156)
	at org.openqa.selenium.remote.RemoteWebDriver.execute(RemoteWebDriver.java:599)
	at org.openqa.selenium.remote.RemoteWebDriver.findElement(RemoteWebDriver.java:352)
	at org.openqa.selenium.remote.RemoteWebDriver.findElementByXPath(RemoteWebDriver.java:449)
	at org.openqa.selenium.By$ByXPath.findElement(By.java:357)
	at org.openqa.selenium.remote.RemoteWebDriver.findElement(RemoteWebDriver.java:344)
	at org.openqa.selenium.support.pagefactory.DefaultElementLocator.findElement(DefaultElementLocator.java:59)
	at org.openqa.selenium.support.pagefactory.internal.LocatingElementHandler.invoke(LocatingElementHandler.java:37)
	at com.sun.proxy.$Proxy11.toString(Unknown Source)
	at java.lang.String.valueOf(String.java:2994)
	at java.lang.StringBuilder.append(StringBuilder.java:131)
	at org.openqa.selenium.support.ui.ExpectedConditions$7.toString(ExpectedConditions.java:218)
	at org.openqa.selenium.support.ui.FluentWait.until(FluentWait.java:223)
	at org.collective.utils.Waiting.explicitWaitVisibilityOfElement(Waiting.java:36)
	at org.collective.customer.pageobjects.CollectiveLoginPageObjects.verifyAdminLoginMsg(CollectiveLoginPageObjects.java:55)
	at org.collective.testmethods.CollectiveSanityTestAdmin.tc021_evaluateAdminTabs_Blog(CollectiveSanityTestAdmin.java:174)
	at sun.reflect.NativeMethodAccessorImpl.invoke0(Native Method)
	at sun.reflect.NativeMethodAccessorImpl.invoke(NativeMethodAccessorImpl.java:62)
	at sun.reflect.DelegatingMethodAccessorImpl.invoke(DelegatingMethodAccessorImpl.java:43)
	at java.lang.reflect.Method.invoke(Method.java:497)
	at org.testng.internal.MethodInvocationHelper.invokeMethod(MethodInvocationHelper.java:85)
	at org.testng.internal.Invoker.invokeMethod(Invoker.java:648)
	at org.testng.internal.Invoker.invokeTestMethod(Invoker.java:834)
	at org.testng.internal.Invoker.invokeTestMethods(Invoker.java:1142)
	at org.testng.internal.TestMethodWorker.invokeTestMethods(TestMethodWorker.java:124)
	at org.testng.internal.TestMethodWorker.run(TestMethodWorker.java:108)
	at org.testng.TestRunner.privateRun(TestRunner.java:771)
	at org.testng.TestRunner.run(TestRunner.java:621)
	at org.testng.SuiteRunner.runTest(SuiteRunner.java:357)
	at org.testng.SuiteRunner.runSequentially(SuiteRunner.java:352)
	at org.testng.SuiteRunner.privateRun(SuiteRunner.java:310)
	at org.testng.SuiteRunner.run(SuiteRunner.java:259)
	at org.testng.SuiteRunnerWorker.runSuite(SuiteRunnerWorker.java:52)
	at org.testng.SuiteRunnerWorker.run(SuiteRunnerWorker.java:86)
	at org.testng.TestNG.runSuitesSequentially(TestNG.java:1176)
	at org.testng.TestNG.runSuitesLocally(TestNG.java:1101)
	at org.testng.TestNG.run(TestNG.java:1009)
	at org.testng.remote.RemoteTestNG.run(RemoteTestNG.java:111)
	at org.testng.remote.RemoteTestNG.initAndRun(RemoteTestNG.java:204)
	at org.testng.remote.RemoteTestNG.main(RemoteTestNG.java:175)
]]>
            </full-stacktrace>
          </exception> <!-- org.openqa.selenium.NoSuchWindowException -->
          <reporter-output>
          </reporter-output>
        </test-method> <!-- tc021_evaluateAdminTabs_Blog -->
        <test-method status="PASS" signature="callStopRecording()[pri:0, instance:org.collective.testmethods.CollectiveSanityTestAdmin@15d0c81b]" name="callStopRecording" is-config="true" duration-ms="73" started-at="2016-02-10T02:05:34Z" finished-at="2016-02-10T02:05:34Z">
          <reporter-output>
          </reporter-output>
        </test-method> <!-- callStopRecording -->
        <test-method status="PASS" signature="checkForAdminLogout()[pri:0, instance:org.collective.testmethods.CollectiveSanityTestAdmin@15d0c81b]" name="checkForAdminLogout" is-config="true" duration-ms="7" started-at="2016-02-10T02:05:34Z" finished-at="2016-02-10T02:05:34Z">
          <reporter-output>
          </reporter-output>
        </test-method> <!-- checkForAdminLogout -->
        <test-method status="FAIL" signature="takeScreenshot(org.testng.ITestResult)[pri:0, instance:org.collective.testmethods.CollectiveSanityTestAdmin@15d0c81b]" name="takeScreenshot" is-config="true" duration-ms="0" started-at="2016-02-10T02:05:34Z" finished-at="2016-02-10T02:05:34Z">
          <params>
            <param index="0">
              <value>
                <![CDATA[[TestResult name=tc021_evaluateAdminTabs_Blog status=FAILURE method=CollectiveSanityTestAdmin.tc021_evaluateAdminTabs_Blog()[pri:0, instance:org.collective.testmethods.CollectiveSanityTestAdmin@15d0c81b] output={null}]]]>
              </value>
            </param>
          </params>
          <exception class="org.openqa.selenium.NoSuchWindowException">
            <message>
              <![CDATA[no such window: target window already closed
from unknown error: web view not found
  (Session info: chrome=48.0.2564.103)
  (Driver info: chromedriver=2.20.353145 (343b531d31eeb933ec778dbcf7081628a1396067),platform=Windows NT 6.3 x86_64) (WARNING: The server did not provide any stacktrace information)
Command duration or timeout: 2 milliseconds
Build info: version: '2.44.0', revision: '76d78cf323ce037c5f92db6c1bba601c2ac43ad8', time: '2014-10-23 13:11:40'
System info: host: 'codebrahma', ip: '192.168.56.1', os.name: 'Windows 8.1', os.arch: 'amd64', os.version: '6.3', java.version: '1.8.0_60'
Driver info: org.openqa.selenium.chrome.ChromeDriver
Capabilities [{applicationCacheEnabled=false, rotatable=false, mobileEmulationEnabled=false, chrome={userDataDir=C:\Users\codeb\AppData\Local\Temp\scoped_dir6776_9289}, takesHeapSnapshot=true, databaseEnabled=false, handlesAlerts=true, hasTouchScreen=false, version=48.0.2564.103, platform=WIN8_1, browserConnectionEnabled=false, nativeEvents=true, acceptSslCerts=true, locationContextEnabled=true, webStorageEnabled=true, browserName=chrome, takesScreenshot=true, javascriptEnabled=true, cssSelectorsEnabled=true}]
Session ID: cca4d373769882616b6b8c783ab86754]]>
            </message>
            <full-stacktrace>
              <![CDATA[org.openqa.selenium.NoSuchWindowException: no such window: target window already closed
from unknown error: web view not found
  (Session info: chrome=48.0.2564.103)
  (Driver info: chromedriver=2.20.353145 (343b531d31eeb933ec778dbcf7081628a1396067),platform=Windows NT 6.3 x86_64) (WARNING: The server did not provide any stacktrace information)
Command duration or timeout: 2 milliseconds
Build info: version: '2.44.0', revision: '76d78cf323ce037c5f92db6c1bba601c2ac43ad8', time: '2014-10-23 13:11:40'
System info: host: 'codebrahma', ip: '192.168.56.1', os.name: 'Windows 8.1', os.arch: 'amd64', os.version: '6.3', java.version: '1.8.0_60'
Driver info: org.openqa.selenium.chrome.ChromeDriver
Capabilities [{applicationCacheEnabled=false, rotatable=false, mobileEmulationEnabled=false, chrome={userDataDir=C:\Users\codeb\AppData\Local\Temp\scoped_dir6776_9289}, takesHeapSnapshot=true, databaseEnabled=false, handlesAlerts=true, hasTouchScreen=false, version=48.0.2564.103, platform=WIN8_1, browserConnectionEnabled=false, nativeEvents=true, acceptSslCerts=true, locationContextEnabled=true, webStorageEnabled=true, browserName=chrome, takesScreenshot=true, javascriptEnabled=true, cssSelectorsEnabled=true}]
Session ID: cca4d373769882616b6b8c783ab86754
	at sun.reflect.NativeConstructorAccessorImpl.newInstance0(Native Method)
	at sun.reflect.NativeConstructorAccessorImpl.newInstance(NativeConstructorAccessorImpl.java:62)
	at sun.reflect.DelegatingConstructorAccessorImpl.newInstance(DelegatingConstructorAccessorImpl.java:45)
	at java.lang.reflect.Constructor.newInstance(Constructor.java:422)
	at org.openqa.selenium.remote.ErrorHandler.createThrowable(ErrorHandler.java:204)
	at org.openqa.selenium.remote.ErrorHandler.throwIfResponseFailed(ErrorHandler.java:156)
	at org.openqa.selenium.remote.RemoteWebDriver.execute(RemoteWebDriver.java:599)
	at org.openqa.selenium.remote.RemoteWebDriver.execute(RemoteWebDriver.java:614)
	at org.openqa.selenium.remote.RemoteWebDriver.getScreenshotAs(RemoteWebDriver.java:324)
	at org.collective.utils.Screenshot.captureScreenShot(Screenshot.java:20)
	at org.collective.maincontroller.MainController.takeScreenshot(MainController.java:188)
	at sun.reflect.NativeMethodAccessorImpl.invoke0(Native Method)
	at sun.reflect.NativeMethodAccessorImpl.invoke(NativeMethodAccessorImpl.java:62)
	at sun.reflect.DelegatingMethodAccessorImpl.invoke(DelegatingMethodAccessorImpl.java:43)
	at java.lang.reflect.Method.invoke(Method.java:497)
	at org.testng.internal.MethodInvocationHelper.invokeMethod(MethodInvocationHelper.java:85)
	at org.testng.internal.Invoker.invokeConfigurationMethod(Invoker.java:515)
	at org.testng.internal.Invoker.invokeConfigurations(Invoker.java:213)
	at org.testng.internal.Invoker.invokeMethod(Invoker.java:721)
	at org.testng.internal.Invoker.invokeTestMethod(Invoker.java:834)
	at org.testng.internal.Invoker.invokeTestMethods(Invoker.java:1142)
	at org.testng.internal.TestMethodWorker.invokeTestMethods(TestMethodWorker.java:124)
	at org.testng.internal.TestMethodWorker.run(TestMethodWorker.java:108)
	at org.testng.TestRunner.privateRun(TestRunner.java:771)
	at org.testng.TestRunner.run(TestRunner.java:621)
	at org.testng.SuiteRunner.runTest(SuiteRunner.java:357)
	at org.testng.SuiteRunner.runSequentially(SuiteRunner.java:352)
	at org.testng.SuiteRunner.privateRun(SuiteRunner.java:310)
	at org.testng.SuiteRunner.run(SuiteRunner.java:259)
	at org.testng.SuiteRunnerWorker.runSuite(SuiteRunnerWorker.java:52)
	at org.testng.SuiteRunnerWorker.run(SuiteRunnerWorker.java:86)
	at org.testng.TestNG.runSuitesSequentially(TestNG.java:1176)
	at org.testng.TestNG.runSuitesLocally(TestNG.java:1101)
	at org.testng.TestNG.run(TestNG.java:1009)
	at org.testng.remote.RemoteTestNG.run(RemoteTestNG.java:111)
	at org.testng.remote.RemoteTestNG.initAndRun(RemoteTestNG.java:204)
	at org.testng.remote.RemoteTestNG.main(RemoteTestNG.java:175)
]]>
            </full-stacktrace>
          </exception> <!-- org.openqa.selenium.NoSuchWindowException -->
          <reporter-output>
          </reporter-output>
        </test-method> <!-- takeScreenshot -->
        <test-method status="SKIP" signature="setUp()[pri:0, instance:org.collective.testmethods.CollectiveSanityTestAdmin@15d0c81b]" name="setUp" is-config="true" duration-ms="0" started-at="2016-02-10T02:05:34Z" finished-at="2016-02-10T02:05:34Z">
          <reporter-output>
          </reporter-output>
        </test-method> <!-- setUp -->
        <test-method status="SKIP" signature="checkForLogin()[pri:0, instance:org.collective.testmethods.CollectiveSanityTestAdmin@15d0c81b]" name="checkForLogin" is-config="true" duration-ms="0" started-at="2016-02-10T02:05:34Z" finished-at="2016-02-10T02:05:34Z">
          <reporter-output>
          </reporter-output>
        </test-method> <!-- checkForLogin -->
        <test-method status="SKIP" signature="startRecording(java.lang.reflect.Method)[pri:0, instance:org.collective.testmethods.CollectiveSanityTestAdmin@15d0c81b]" name="startRecording" is-config="true" duration-ms="0" started-at="2016-02-10T02:05:34Z" finished-at="2016-02-10T02:05:34Z">
          <reporter-output>
          </reporter-output>
        </test-method> <!-- startRecording -->
        <test-method status="SKIP" signature="tc022_evaluateAdminTabs_Store()[pri:0, instance:org.collective.testmethods.CollectiveSanityTestAdmin@15d0c81b]" name="tc022_evaluateAdminTabs_Store" duration-ms="1" started-at="2016-02-10T02:05:34Z" finished-at="2016-02-10T02:05:34Z">
          <reporter-output>
          </reporter-output>
        </test-method> <!-- tc022_evaluateAdminTabs_Store -->
        <test-method status="SKIP" signature="callStopRecording()[pri:0, instance:org.collective.testmethods.CollectiveSanityTestAdmin@15d0c81b]" name="callStopRecording" is-config="true" duration-ms="0" started-at="2016-02-10T02:05:34Z" finished-at="2016-02-10T02:05:34Z">
          <reporter-output>
          </reporter-output>
        </test-method> <!-- callStopRecording -->
        <test-method status="SKIP" signature="checkForAdminLogout()[pri:0, instance:org.collective.testmethods.CollectiveSanityTestAdmin@15d0c81b]" name="checkForAdminLogout" is-config="true" duration-ms="0" started-at="2016-02-10T02:05:34Z" finished-at="2016-02-10T02:05:34Z">
          <reporter-output>
          </reporter-output>
        </test-method> <!-- checkForAdminLogout -->
        <test-method status="SKIP" signature="takeScreenshot(org.testng.ITestResult)[pri:0, instance:org.collective.testmethods.CollectiveSanityTestAdmin@15d0c81b]" name="takeScreenshot" is-config="true" duration-ms="0" started-at="2016-02-10T02:05:34Z" finished-at="2016-02-10T02:05:34Z">
          <reporter-output>
          </reporter-output>
        </test-method> <!-- takeScreenshot -->
        <test-method status="SKIP" signature="checkForLogin()[pri:0, instance:org.collective.testmethods.CollectiveSanityTestAdmin@15d0c81b]" name="checkForLogin" is-config="true" duration-ms="0" started-at="2016-02-10T02:05:34Z" finished-at="2016-02-10T02:05:34Z">
          <reporter-output>
          </reporter-output>
        </test-method> <!-- checkForLogin -->
        <test-method status="SKIP" signature="setUp()[pri:0, instance:org.collective.testmethods.CollectiveSanityTestAdmin@15d0c81b]" name="setUp" is-config="true" duration-ms="0" started-at="2016-02-10T02:05:34Z" finished-at="2016-02-10T02:05:34Z">
          <reporter-output>
          </reporter-output>
        </test-method> <!-- setUp -->
        <test-method status="SKIP" signature="startRecording(java.lang.reflect.Method)[pri:0, instance:org.collective.testmethods.CollectiveSanityTestAdmin@15d0c81b]" name="startRecording" is-config="true" duration-ms="0" started-at="2016-02-10T02:05:34Z" finished-at="2016-02-10T02:05:34Z">
          <reporter-output>
          </reporter-output>
        </test-method> <!-- startRecording -->
        <test-method status="SKIP" signature="tc023_evaluateAdminTabs_AnalyticScript()[pri:0, instance:org.collective.testmethods.CollectiveSanityTestAdmin@15d0c81b]" name="tc023_evaluateAdminTabs_AnalyticScript" duration-ms="1" started-at="2016-02-10T02:05:34Z" finished-at="2016-02-10T02:05:34Z">
          <reporter-output>
          </reporter-output>
        </test-method> <!-- tc023_evaluateAdminTabs_AnalyticScript -->
        <test-method status="SKIP" signature="callStopRecording()[pri:0, instance:org.collective.testmethods.CollectiveSanityTestAdmin@15d0c81b]" name="callStopRecording" is-config="true" duration-ms="0" started-at="2016-02-10T02:05:34Z" finished-at="2016-02-10T02:05:34Z">
          <reporter-output>
          </reporter-output>
        </test-method> <!-- callStopRecording -->
        <test-method status="SKIP" signature="checkForAdminLogout()[pri:0, instance:org.collective.testmethods.CollectiveSanityTestAdmin@15d0c81b]" name="checkForAdminLogout" is-config="true" duration-ms="0" started-at="2016-02-10T02:05:34Z" finished-at="2016-02-10T02:05:34Z">
          <reporter-output>
          </reporter-output>
        </test-method> <!-- checkForAdminLogout -->
        <test-method status="SKIP" signature="takeScreenshot(org.testng.ITestResult)[pri:0, instance:org.collective.testmethods.CollectiveSanityTestAdmin@15d0c81b]" name="takeScreenshot" is-config="true" duration-ms="0" started-at="2016-02-10T02:05:34Z" finished-at="2016-02-10T02:05:34Z">
          <reporter-output>
          </reporter-output>
        </test-method> <!-- takeScreenshot -->
        <test-method status="SKIP" signature="checkForLogin()[pri:0, instance:org.collective.testmethods.CollectiveSanityTestAdmin@15d0c81b]" name="checkForLogin" is-config="true" duration-ms="0" started-at="2016-02-10T02:05:34Z" finished-at="2016-02-10T02:05:34Z">
          <reporter-output>
          </reporter-output>
        </test-method> <!-- checkForLogin -->
        <test-method status="SKIP" signature="tc024_Reports_UserList()[pri:0, instance:org.collective.testmethods.CollectiveSanityTestAdmin@15d0c81b]" name="tc024_Reports_UserList" duration-ms="1" started-at="2016-02-10T02:05:34Z" finished-at="2016-02-10T02:05:34Z">
          <reporter-output>
          </reporter-output>
        </test-method> <!-- tc024_Reports_UserList -->
        <test-method status="SKIP" signature="startRecording(java.lang.reflect.Method)[pri:0, instance:org.collective.testmethods.CollectiveSanityTestAdmin@15d0c81b]" name="startRecording" is-config="true" duration-ms="0" started-at="2016-02-10T02:05:34Z" finished-at="2016-02-10T02:05:34Z">
          <reporter-output>
          </reporter-output>
        </test-method> <!-- startRecording -->
        <test-method status="SKIP" signature="setUp()[pri:0, instance:org.collective.testmethods.CollectiveSanityTestAdmin@15d0c81b]" name="setUp" is-config="true" duration-ms="0" started-at="2016-02-10T02:05:34Z" finished-at="2016-02-10T02:05:34Z">
          <reporter-output>
          </reporter-output>
        </test-method> <!-- setUp -->
        <test-method status="SKIP" signature="callStopRecording()[pri:0, instance:org.collective.testmethods.CollectiveSanityTestAdmin@15d0c81b]" name="callStopRecording" is-config="true" duration-ms="0" started-at="2016-02-10T02:05:34Z" finished-at="2016-02-10T02:05:34Z">
          <reporter-output>
          </reporter-output>
        </test-method> <!-- callStopRecording -->
        <test-method status="SKIP" signature="checkForAdminLogout()[pri:0, instance:org.collective.testmethods.CollectiveSanityTestAdmin@15d0c81b]" name="checkForAdminLogout" is-config="true" duration-ms="0" started-at="2016-02-10T02:05:34Z" finished-at="2016-02-10T02:05:34Z">
          <reporter-output>
          </reporter-output>
        </test-method> <!-- checkForAdminLogout -->
        <test-method status="SKIP" signature="takeScreenshot(org.testng.ITestResult)[pri:0, instance:org.collective.testmethods.CollectiveSanityTestAdmin@15d0c81b]" name="takeScreenshot" is-config="true" duration-ms="0" started-at="2016-02-10T02:05:34Z" finished-at="2016-02-10T02:05:34Z">
          <reporter-output>
          </reporter-output>
        </test-method> <!-- takeScreenshot -->
        <test-method status="SKIP" signature="checkForLogin()[pri:0, instance:org.collective.testmethods.CollectiveSanityTestAdmin@15d0c81b]" name="checkForLogin" is-config="true" duration-ms="0" started-at="2016-02-10T02:05:34Z" finished-at="2016-02-10T02:05:34Z">
          <reporter-output>
          </reporter-output>
        </test-method> <!-- checkForLogin -->
        <test-method status="SKIP" signature="setUp()[pri:0, instance:org.collective.testmethods.CollectiveSanityTestAdmin@15d0c81b]" name="setUp" is-config="true" duration-ms="0" started-at="2016-02-10T02:05:34Z" finished-at="2016-02-10T02:05:34Z">
          <reporter-output>
          </reporter-output>
        </test-method> <!-- setUp -->
        <test-method status="SKIP" signature="startRecording(java.lang.reflect.Method)[pri:0, instance:org.collective.testmethods.CollectiveSanityTestAdmin@15d0c81b]" name="startRecording" is-config="true" duration-ms="0" started-at="2016-02-10T02:05:34Z" finished-at="2016-02-10T02:05:34Z">
          <reporter-output>
          </reporter-output>
        </test-method> <!-- startRecording -->
        <test-method status="SKIP" signature="tc025_Reports_returnList()[pri:0, instance:org.collective.testmethods.CollectiveSanityTestAdmin@15d0c81b]" name="tc025_Reports_returnList" duration-ms="0" started-at="2016-02-10T02:05:34Z" finished-at="2016-02-10T02:05:34Z">
          <reporter-output>
          </reporter-output>
        </test-method> <!-- tc025_Reports_returnList -->
        <test-method status="SKIP" signature="callStopRecording()[pri:0, instance:org.collective.testmethods.CollectiveSanityTestAdmin@15d0c81b]" name="callStopRecording" is-config="true" duration-ms="0" started-at="2016-02-10T02:05:34Z" finished-at="2016-02-10T02:05:34Z">
          <reporter-output>
          </reporter-output>
        </test-method> <!-- callStopRecording -->
        <test-method status="SKIP" signature="checkForAdminLogout()[pri:0, instance:org.collective.testmethods.CollectiveSanityTestAdmin@15d0c81b]" name="checkForAdminLogout" is-config="true" duration-ms="0" started-at="2016-02-10T02:05:34Z" finished-at="2016-02-10T02:05:34Z">
          <reporter-output>
          </reporter-output>
        </test-method> <!-- checkForAdminLogout -->
        <test-method status="SKIP" signature="takeScreenshot(org.testng.ITestResult)[pri:0, instance:org.collective.testmethods.CollectiveSanityTestAdmin@15d0c81b]" name="takeScreenshot" is-config="true" duration-ms="0" started-at="2016-02-10T02:05:34Z" finished-at="2016-02-10T02:05:34Z">
          <reporter-output>
          </reporter-output>
        </test-method> <!-- takeScreenshot -->
        <test-method status="SKIP" signature="tearDownClass()[pri:0, instance:org.collective.testmethods.CollectiveSanityTestAdmin@15d0c81b]" name="tearDownClass" is-config="true" duration-ms="0" started-at="2016-02-10T02:08:07Z" finished-at="2016-02-10T02:08:07Z">
          <reporter-output>
          </reporter-output>
        </test-method> <!-- tearDownClass -->
      </class> <!-- org.collective.testmethods.CollectiveSanityTestAdmin -->
    </test> <!-- SmokeTesting -->
  </suite> <!-- CollectiveSuite -->
</testng-results>
