<?xml version="1.0" encoding="UTF-8"?>
<testng-results skipped="0" failed="0" total="1" passed="1">
  <reporter-output>
  </reporter-output>
  <suite name="Default suite" duration-ms="27912" started-at="2015-12-24T05:15:57Z" finished-at="2015-12-24T05:16:24Z">
    <groups>
    </groups>
    <test name="Default test" duration-ms="27912" started-at="2015-12-24T05:15:57Z" finished-at="2015-12-24T05:16:24Z">
      <class name="org.collective.testmethods.CollectiveSanityTestCustomer">
        <test-method status="PASS" signature="screenshotCleanUp()[pri:0, instance:org.collective.testmethods.CollectiveSanityTestCustomer@5a1c0542]" name="screenshotCleanUp" is-config="true" duration-ms="85" started-at="2015-12-24T10:45:56Z" finished-at="2015-12-24T10:45:57Z">
          <reporter-output>
          </reporter-output>
        </test-method> <!-- screenshotCleanUp -->
        <test-method status="PASS" signature="beforeTest()[pri:0, instance:org.collective.testmethods.CollectiveSanityTestCustomer@5a1c0542]" name="beforeTest" is-config="true" duration-ms="12770" started-at="2015-12-24T10:45:57Z" finished-at="2015-12-24T10:46:09Z">
          <reporter-output>
          </reporter-output>
        </test-method> <!-- beforeTest -->
        <test-method status="PASS" signature="setUp()[pri:0, instance:org.collective.testmethods.CollectiveSanityTestCustomer@5a1c0542]" name="setUp" is-config="true" duration-ms="12520" started-at="2015-12-24T10:46:09Z" finished-at="2015-12-24T10:46:22Z">
          <reporter-output>
          </reporter-output>
        </test-method> <!-- setUp -->
        <test-method status="PASS" signature="checkForLogin()[pri:0, instance:org.collective.testmethods.CollectiveSanityTestCustomer@5a1c0542]" name="checkForLogin" is-config="true" duration-ms="90" started-at="2015-12-24T10:46:22Z" finished-at="2015-12-24T10:46:22Z">
          <reporter-output>
          </reporter-output>
        </test-method> <!-- checkForLogin -->
        <test-method status="PASS" signature="tc005_collective_accessories_Filter_Brand()[pri:0, instance:org.collective.testmethods.CollectiveSanityTestCustomer@5a1c0542]" name="tc005_collective_accessories_Filter_Brand" duration-ms="2448" started-at="2015-12-24T10:46:22Z" finished-at="2015-12-24T10:46:24Z">
          <reporter-output>
          </reporter-output>
        </test-method> <!-- tc005_collective_accessories_Filter_Brand -->
        <test-method status="PASS" signature="checkForAdminLogout()[pri:0, instance:org.collective.testmethods.CollectiveSanityTestCustomer@5a1c0542]" name="checkForAdminLogout" is-config="true" duration-ms="42" started-at="2015-12-24T10:46:24Z" finished-at="2015-12-24T10:46:24Z">
          <reporter-output>
          </reporter-output>
        </test-method> <!-- checkForAdminLogout -->
        <test-method status="PASS" signature="takeScreenshot(org.testng.ITestResult)[pri:0, instance:org.collective.testmethods.CollectiveSanityTestCustomer@5a1c0542]" name="takeScreenshot" is-config="true" duration-ms="1" started-at="2015-12-24T10:46:24Z" finished-at="2015-12-24T10:46:24Z">
          <params>
            <param index="0">
              <value>
                <![CDATA[[TestResult name=tc005_collective_accessories_Filter_Brand status=SUCCESS method=CollectiveSanityTestCustomer.tc005_collective_accessories_Filter_Brand()[pri:0, instance:org.collective.testmethods.CollectiveSanityTestCustomer@5a1c0542] output={null}]]]>
              </value>
            </param>
          </params>
          <reporter-output>
          </reporter-output>
        </test-method> <!-- takeScreenshot -->
        <test-method status="PASS" signature="tearDownClass()[pri:0, instance:org.collective.testmethods.CollectiveSanityTestCustomer@5a1c0542]" name="tearDownClass" is-config="true" duration-ms="1296" started-at="2015-12-24T10:46:25Z" finished-at="2015-12-24T10:46:26Z">
          <reporter-output>
          </reporter-output>
        </test-method> <!-- tearDownClass -->
      </class> <!-- org.collective.testmethods.CollectiveSanityTestCustomer -->
    </test> <!-- Default test -->
  </suite> <!-- Default suite -->
</testng-results>
